[0.009s] Invoking command in '/home/ilhan/bumperbot_ws/build/bumperbot_firmware': CMAKE_PREFIX_PATH=/opt/ros/humble /usr/bin/cmake /home/ilhan/bumperbot_ws/src/bumperbot_firmware -DCMAKE_INSTALL_PREFIX=/home/ilhan/bumperbot_ws/install/bumperbot_firmware
[0.062s] -- The C compiler identification is GNU 11.4.0
[0.123s] -- The CXX compiler identification is GNU 11.4.0
[0.129s] -- Detecting C compiler ABI info
[0.178s] -- Detecting C compiler ABI info - done
[0.184s] -- Check for working C compiler: /usr/bin/cc - skipped
[0.184s] -- Detecting C compile features
[0.184s] -- Detecting C compile features - done
[0.186s] -- Detecting CXX compiler ABI info
[0.242s] -- Detecting CXX compiler ABI info - done
[0.251s] -- Check for working CXX compiler: /usr/bin/c++ - skipped
[0.251s] -- Detecting CXX compile features
[0.251s] -- Detecting CXX compile features - done
[0.253s] -- Found ament_cmake: 1.3.11 (/opt/ros/humble/share/ament_cmake/cmake)
[0.368s] -- Found Python3: /usr/bin/python3 (found version "3.10.12") found components: Interpreter 
[0.437s] -- Found rclcpp: 16.0.11 (/opt/ros/humble/share/rclcpp/cmake)
[0.459s] -- Found rosidl_generator_c: 3.1.6 (/opt/ros/humble/share/rosidl_generator_c/cmake)
[0.461s] -- Found rosidl_adapter: 3.1.6 (/opt/ros/humble/share/rosidl_adapter/cmake)
[0.466s] -- Found rosidl_generator_cpp: 3.1.6 (/opt/ros/humble/share/rosidl_generator_cpp/cmake)
[0.473s] -- Using all available rosidl_typesupport_c: rosidl_typesupport_fastrtps_c;rosidl_typesupport_introspection_c
[0.482s] -- Using all available rosidl_typesupport_cpp: rosidl_typesupport_fastrtps_cpp;rosidl_typesupport_introspection_cpp
[0.508s] -- Found rmw_implementation_cmake: 6.1.2 (/opt/ros/humble/share/rmw_implementation_cmake/cmake)
[0.509s] -- Found rmw_fastrtps_cpp: 6.2.7 (/opt/ros/humble/share/rmw_fastrtps_cpp/cmake)
[0.573s] -- Found OpenSSL: /usr/lib/x86_64-linux-gnu/libcrypto.so (found version "3.0.2")  
[0.594s] -- Found FastRTPS: /opt/ros/humble/include  
[0.620s] -- Using RMW implementation 'rmw_fastrtps_cpp' as default
[0.624s] -- Looking for pthread.h
[0.682s] -- Looking for pthread.h - found
[0.683s] -- Performing Test CMAKE_HAVE_LIBC_PTHREAD
[0.738s] -- Performing Test CMAKE_HAVE_LIBC_PTHREAD - Success
[0.739s] -- Found Threads: TRUE  
[0.769s] -- Found rclpy: 3.3.15 (/opt/ros/humble/share/rclpy/cmake)
[0.770s] -- Found hardware_interface: 2.48.0 (/opt/ros/humble/share/hardware_interface/cmake)
[0.859s] -- Found PkgConfig: /usr/bin/pkg-config (found version "0.29.2") 
[0.860s] -- Checking for module 'libserial'
[0.871s] --   Found libserial, version 1.0.0
[1.018s] -- Configuring done
[1.033s] -- Generating done
[1.038s] -- Build files have been written to: /home/ilhan/bumperbot_ws/build/bumperbot_firmware
[1.047s] Invoked command in '/home/ilhan/bumperbot_ws/build/bumperbot_firmware' returned '0': CMAKE_PREFIX_PATH=/opt/ros/humble /usr/bin/cmake /home/ilhan/bumperbot_ws/src/bumperbot_firmware -DCMAKE_INSTALL_PREFIX=/home/ilhan/bumperbot_ws/install/bumperbot_firmware
[1.048s] Invoking command in '/home/ilhan/bumperbot_ws/build/bumperbot_firmware': CMAKE_PREFIX_PATH=/opt/ros/humble /usr/bin/cmake --build /home/ilhan/bumperbot_ws/build/bumperbot_firmware -- -j16 -l16
[1.081s] [ 16%] [32mBuilding CXX object CMakeFiles/bumperbot_firmware.dir/src/bumperbot_interface.cpp.o[0m
[1.084s] [ 33%] [32mBuilding CXX object CMakeFiles/simple_serial_transmitter.dir/src/simple_serial_transmitter.cpp.o[0m
[1.087s] [ 33%] Built target ament_cmake_python_copy_bumperbot_firmware
[1.087s] [ 50%] [32mBuilding CXX object CMakeFiles/simple_serial_receiver.dir/src/simple_serial_receiver.cpp.o[0m
[1.273s] running egg_info
[1.274s] creating bumperbot_firmware.egg-info
[1.274s] writing bumperbot_firmware.egg-info/PKG-INFO
[1.274s] writing dependency_links to bumperbot_firmware.egg-info/dependency_links.txt
[1.274s] writing top-level names to bumperbot_firmware.egg-info/top_level.txt
[1.274s] writing manifest file 'bumperbot_firmware.egg-info/SOURCES.txt'
[1.276s] reading manifest file 'bumperbot_firmware.egg-info/SOURCES.txt'
[1.276s] writing manifest file 'bumperbot_firmware.egg-info/SOURCES.txt'
[1.304s] [ 50%] Built target ament_cmake_python_build_bumperbot_firmware_egg
[4.121s] [ 66%] [32m[1mLinking CXX shared library libbumperbot_firmware.so[0m
[4.338s] [ 66%] Built target bumperbot_firmware
[6.563s] [ 83%] [32m[1mLinking CXX executable simple_serial_receiver[0m
[6.853s] [ 83%] Built target simple_serial_receiver
[8.553s] [100%] [32m[1mLinking CXX executable simple_serial_transmitter[0m
[9.111s] [100%] Built target simple_serial_transmitter
[9.128s] Invoked command in '/home/ilhan/bumperbot_ws/build/bumperbot_firmware' returned '0': CMAKE_PREFIX_PATH=/opt/ros/humble /usr/bin/cmake --build /home/ilhan/bumperbot_ws/build/bumperbot_firmware -- -j16 -l16
[9.134s] Invoking command in '/home/ilhan/bumperbot_ws/build/bumperbot_firmware': CMAKE_PREFIX_PATH=/opt/ros/humble /usr/bin/cmake --install /home/ilhan/bumperbot_ws/build/bumperbot_firmware
[9.145s] -- Install configuration: ""
[9.145s] -- Installing: /home/ilhan/bumperbot_ws/install/bumperbot_firmware/share/bumperbot_firmware/environment/pythonpath.sh
[9.145s] -- Installing: /home/ilhan/bumperbot_ws/install/bumperbot_firmware/share/bumperbot_firmware/environment/pythonpath.dsv
[9.145s] -- Installing: /home/ilhan/bumperbot_ws/install/bumperbot_firmware/local/lib/python3.10/dist-packages/bumperbot_firmware-0.0.0-py3.10.egg-info
[9.146s] -- Installing: /home/ilhan/bumperbot_ws/install/bumperbot_firmware/local/lib/python3.10/dist-packages/bumperbot_firmware-0.0.0-py3.10.egg-info/dependency_links.txt
[9.146s] -- Installing: /home/ilhan/bumperbot_ws/install/bumperbot_firmware/local/lib/python3.10/dist-packages/bumperbot_firmware-0.0.0-py3.10.egg-info/SOURCES.txt
[9.146s] -- Installing: /home/ilhan/bumperbot_ws/install/bumperbot_firmware/local/lib/python3.10/dist-packages/bumperbot_firmware-0.0.0-py3.10.egg-info/top_level.txt
[9.146s] -- Installing: /home/ilhan/bumperbot_ws/install/bumperbot_firmware/local/lib/python3.10/dist-packages/bumperbot_firmware-0.0.0-py3.10.egg-info/PKG-INFO
[9.146s] -- Installing: /home/ilhan/bumperbot_ws/install/bumperbot_firmware/local/lib/python3.10/dist-packages/bumperbot_firmware
[9.146s] -- Installing: /home/ilhan/bumperbot_ws/install/bumperbot_firmware/local/lib/python3.10/dist-packages/bumperbot_firmware/simple_serial_receiver.py
[9.146s] -- Installing: /home/ilhan/bumperbot_ws/install/bumperbot_firmware/local/lib/python3.10/dist-packages/bumperbot_firmware/__init__.py
[9.146s] -- Installing: /home/ilhan/bumperbot_ws/install/bumperbot_firmware/local/lib/python3.10/dist-packages/bumperbot_firmware/mpu6050_driver.py
[9.146s] -- Installing: /home/ilhan/bumperbot_ws/install/bumperbot_firmware/local/lib/python3.10/dist-packages/bumperbot_firmware/simple_serial_transmitter.py
[9.188s] Listing '/home/ilhan/bumperbot_ws/install/bumperbot_firmware/local/lib/python3.10/dist-packages/bumperbot_firmware'...
[9.188s] Compiling '/home/ilhan/bumperbot_ws/install/bumperbot_firmware/local/lib/python3.10/dist-packages/bumperbot_firmware/__init__.py'...
[9.189s] Compiling '/home/ilhan/bumperbot_ws/install/bumperbot_firmware/local/lib/python3.10/dist-packages/bumperbot_firmware/mpu6050_driver.py'...
[9.189s] Compiling '/home/ilhan/bumperbot_ws/install/bumperbot_firmware/local/lib/python3.10/dist-packages/bumperbot_firmware/simple_serial_receiver.py'...
[9.189s] Compiling '/home/ilhan/bumperbot_ws/install/bumperbot_firmware/local/lib/python3.10/dist-packages/bumperbot_firmware/simple_serial_transmitter.py'...
[9.201s] -- Installing: /home/ilhan/bumperbot_ws/install/bumperbot_firmware/share/bumperbot_firmware/bumperbot_interface.xml
[9.201s] -- Installing: /home/ilhan/bumperbot_ws/install/bumperbot_firmware/lib/libbumperbot_firmware.so
[9.202s] -- Set runtime path of "/home/ilhan/bumperbot_ws/install/bumperbot_firmware/lib/libbumperbot_firmware.so" to ""
[9.202s] -- Installing: /home/ilhan/bumperbot_ws/install/bumperbot_firmware/include/include
[9.202s] -- Installing: /home/ilhan/bumperbot_ws/install/bumperbot_firmware/include/include/bumperbot_firmware
[9.202s] -- Installing: /home/ilhan/bumperbot_ws/install/bumperbot_firmware/include/include/bumperbot_firmware/bumperbot_interface.hpp
[9.202s] -- Installing: /home/ilhan/bumperbot_ws/install/bumperbot_firmware/share/bumperbot_firmware/launch
[9.202s] -- Installing: /home/ilhan/bumperbot_ws/install/bumperbot_firmware/share/bumperbot_firmware/launch/hardware_interface.launch.py
[9.202s] -- Installing: /home/ilhan/bumperbot_ws/install/bumperbot_firmware/lib/bumperbot_firmware/simple_serial_transmitter.py
[9.202s] -- Installing: /home/ilhan/bumperbot_ws/install/bumperbot_firmware/lib/bumperbot_firmware/simple_serial_receiver.py
[9.202s] -- Installing: /home/ilhan/bumperbot_ws/install/bumperbot_firmware/lib/bumperbot_firmware/mpu6050_driver.py
[9.203s] -- Installing: /home/ilhan/bumperbot_ws/install/bumperbot_firmware/lib/bumperbot_firmware/simple_serial_receiver
[9.203s] -- Set runtime path of "/home/ilhan/bumperbot_ws/install/bumperbot_firmware/lib/bumperbot_firmware/simple_serial_receiver" to ""
[9.203s] -- Installing: /home/ilhan/bumperbot_ws/install/bumperbot_firmware/lib/bumperbot_firmware/simple_serial_transmitter
[9.206s] -- Set runtime path of "/home/ilhan/bumperbot_ws/install/bumperbot_firmware/lib/bumperbot_firmware/simple_serial_transmitter" to ""
[9.207s] -- Installing: /home/ilhan/bumperbot_ws/install/bumperbot_firmware/share/bumperbot_firmware/environment/library_path.sh
[9.207s] -- Installing: /home/ilhan/bumperbot_ws/install/bumperbot_firmware/share/bumperbot_firmware/environment/library_path.dsv
[9.207s] -- Installing: /home/ilhan/bumperbot_ws/install/bumperbot_firmware/share/ament_index/resource_index/package_run_dependencies/bumperbot_firmware
[9.210s] -- Installing: /home/ilhan/bumperbot_ws/install/bumperbot_firmware/share/ament_index/resource_index/parent_prefix_path/bumperbot_firmware
[9.211s] -- Installing: /home/ilhan/bumperbot_ws/install/bumperbot_firmware/share/bumperbot_firmware/environment/ament_prefix_path.sh
[9.211s] -- Installing: /home/ilhan/bumperbot_ws/install/bumperbot_firmware/share/bumperbot_firmware/environment/ament_prefix_path.dsv
[9.212s] -- Installing: /home/ilhan/bumperbot_ws/install/bumperbot_firmware/share/bumperbot_firmware/environment/path.sh
[9.212s] -- Installing: /home/ilhan/bumperbot_ws/install/bumperbot_firmware/share/bumperbot_firmware/environment/path.dsv
[9.212s] -- Installing: /home/ilhan/bumperbot_ws/install/bumperbot_firmware/share/bumperbot_firmware/local_setup.bash
[9.212s] -- Installing: /home/ilhan/bumperbot_ws/install/bumperbot_firmware/share/bumperbot_firmware/local_setup.sh
[9.212s] -- Installing: /home/ilhan/bumperbot_ws/install/bumperbot_firmware/share/bumperbot_firmware/local_setup.zsh
[9.212s] -- Installing: /home/ilhan/bumperbot_ws/install/bumperbot_firmware/share/bumperbot_firmware/local_setup.dsv
[9.212s] -- Installing: /home/ilhan/bumperbot_ws/install/bumperbot_firmware/share/bumperbot_firmware/package.dsv
[9.212s] -- Installing: /home/ilhan/bumperbot_ws/install/bumperbot_firmware/share/ament_index/resource_index/packages/bumperbot_firmware
[9.212s] -- Installing: /home/ilhan/bumperbot_ws/install/bumperbot_firmware/share/ament_index/resource_index/hardware_interface__pluginlib__plugin/bumperbot_firmware
[9.213s] -- Installing: /home/ilhan/bumperbot_ws/install/bumperbot_firmware/share/bumperbot_firmware/cmake/ament_cmake_export_include_directories-extras.cmake
[9.213s] -- Installing: /home/ilhan/bumperbot_ws/install/bumperbot_firmware/share/bumperbot_firmware/cmake/ament_cmake_export_libraries-extras.cmake
[9.213s] -- Installing: /home/ilhan/bumperbot_ws/install/bumperbot_firmware/share/bumperbot_firmware/cmake/ament_cmake_export_dependencies-extras.cmake
[9.213s] -- Installing: /home/ilhan/bumperbot_ws/install/bumperbot_firmware/share/bumperbot_firmware/cmake/bumperbot_firmwareConfig.cmake
[9.213s] -- Installing: /home/ilhan/bumperbot_ws/install/bumperbot_firmware/share/bumperbot_firmware/cmake/bumperbot_firmwareConfig-version.cmake
[9.213s] -- Installing: /home/ilhan/bumperbot_ws/install/bumperbot_firmware/share/bumperbot_firmware/package.xml
[9.213s] Invoked command in '/home/ilhan/bumperbot_ws/build/bumperbot_firmware' returned '0': CMAKE_PREFIX_PATH=/opt/ros/humble /usr/bin/cmake --install /home/ilhan/bumperbot_ws/build/bumperbot_firmware
