[0.014s] Invoking command in '/home/ilhan/bumperbot_ws/build/bumperbot_description': CMAKE_PREFIX_PATH=${CMAKE_PREFIX_PATH}:/home/ilhan/bumperbot_ws/install/bumperbot_py_examples:/opt/ros/humble /usr/bin/cmake --build /home/ilhan/bumperbot_ws/build/bumperbot_description -- -j16 -l16
[0.050s] Invoked command in '/home/ilhan/bumperbot_ws/build/bumperbot_description' returned '0': CMAKE_PREFIX_PATH=${CMAKE_PREFIX_PATH}:/home/ilhan/bumperbot_ws/install/bumperbot_py_examples:/opt/ros/humble /usr/bin/cmake --build /home/ilhan/bumperbot_ws/build/bumperbot_description -- -j16 -l16
[0.052s] Invoking command in '/home/ilhan/bumperbot_ws/build/bumperbot_description': CMAKE_PREFIX_PATH=${CMAKE_PREFIX_PATH}:/home/ilhan/bumperbot_ws/install/bumperbot_py_examples:/opt/ros/humble /usr/bin/cmake --install /home/ilhan/bumperbot_ws/build/bumperbot_description
[0.065s] -- Install configuration: ""
[0.065s] -- Up-to-date: /home/ilhan/bumperbot_ws/install/bumperbot_description/share/bumperbot_description/launch
[0.065s] -- Up-to-date: /home/ilhan/bumperbot_ws/install/bumperbot_description/share/bumperbot_description/launch/display.launch.py
[0.065s] -- Up-to-date: /home/ilhan/bumperbot_ws/install/bumperbot_description/share/bumperbot_description/launch/gazebo.launch.py
[0.065s] -- Up-to-date: /home/ilhan/bumperbot_ws/install/bumperbot_description/share/bumperbot_description/meshes
[0.066s] -- Up-to-date: /home/ilhan/bumperbot_ws/install/bumperbot_description/share/bumperbot_description/meshes/laser_link.STL
[0.066s] -- Up-to-date: /home/ilhan/bumperbot_ws/install/bumperbot_description/share/bumperbot_description/urdf
[0.066s] -- Up-to-date: /home/ilhan/bumperbot_ws/install/bumperbot_description/share/bumperbot_description/urdf/bumperbot.urdf.xacro
[0.066s] -- Up-to-date: /home/ilhan/bumperbot_ws/install/bumperbot_description/share/bumperbot_description/urdf/bumperbot_gazebo.xacro
[0.066s] -- Up-to-date: /home/ilhan/bumperbot_ws/install/bumperbot_description/share/bumperbot_description/urdf/bumperbot_ros2_control.xacro
[0.066s] -- Up-to-date: /home/ilhan/bumperbot_ws/install/bumperbot_description/share/bumperbot_description/rviz
[0.066s] -- Up-to-date: /home/ilhan/bumperbot_ws/install/bumperbot_description/share/bumperbot_description/rviz/display.rviz
[0.066s] -- Up-to-date: /home/ilhan/bumperbot_ws/install/bumperbot_description/share/ament_index/resource_index/package_run_dependencies/bumperbot_description
[0.066s] -- Up-to-date: /home/ilhan/bumperbot_ws/install/bumperbot_description/share/ament_index/resource_index/parent_prefix_path/bumperbot_description
[0.066s] -- Up-to-date: /home/ilhan/bumperbot_ws/install/bumperbot_description/share/bumperbot_description/environment/ament_prefix_path.sh
[0.066s] -- Up-to-date: /home/ilhan/bumperbot_ws/install/bumperbot_description/share/bumperbot_description/environment/ament_prefix_path.dsv
[0.066s] -- Up-to-date: /home/ilhan/bumperbot_ws/install/bumperbot_description/share/bumperbot_description/environment/path.sh
[0.066s] -- Up-to-date: /home/ilhan/bumperbot_ws/install/bumperbot_description/share/bumperbot_description/environment/path.dsv
[0.066s] -- Up-to-date: /home/ilhan/bumperbot_ws/install/bumperbot_description/share/bumperbot_description/local_setup.bash
[0.066s] -- Up-to-date: /home/ilhan/bumperbot_ws/install/bumperbot_description/share/bumperbot_description/local_setup.sh
[0.066s] -- Up-to-date: /home/ilhan/bumperbot_ws/install/bumperbot_description/share/bumperbot_description/local_setup.zsh
[0.066s] -- Up-to-date: /home/ilhan/bumperbot_ws/install/bumperbot_description/share/bumperbot_description/local_setup.dsv
[0.066s] -- Installing: /home/ilhan/bumperbot_ws/install/bumperbot_description/share/bumperbot_description/package.dsv
[0.066s] -- Up-to-date: /home/ilhan/bumperbot_ws/install/bumperbot_description/share/ament_index/resource_index/packages/bumperbot_description
[0.066s] -- Up-to-date: /home/ilhan/bumperbot_ws/install/bumperbot_description/share/bumperbot_description/cmake/bumperbot_descriptionConfig.cmake
[0.066s] -- Up-to-date: /home/ilhan/bumperbot_ws/install/bumperbot_description/share/bumperbot_description/cmake/bumperbot_descriptionConfig-version.cmake
[0.067s] -- Up-to-date: /home/ilhan/bumperbot_ws/install/bumperbot_description/share/bumperbot_description/package.xml
[0.092s] Invoked command in '/home/ilhan/bumperbot_ws/build/bumperbot_description' returned '0': CMAKE_PREFIX_PATH=${CMAKE_PREFIX_PATH}:/home/ilhan/bumperbot_ws/install/bumperbot_py_examples:/opt/ros/humble /usr/bin/cmake --install /home/ilhan/bumperbot_ws/build/bumperbot_description
