[0.035s] Invoking command in '/home/ilhan/bumperbot_ws/build/bumperbot_controller': CMAKE_PREFIX_PATH=${CMAKE_PREFIX_PATH}:/home/ilhan/bumperbot_ws/install/bumperbot_py_examples:/opt/ros/humble /usr/bin/cmake --build /home/ilhan/bumperbot_ws/build/bumperbot_controller -- -j16 -l16
[0.135s] [ 50%] Built target simple_controller
[0.145s] [ 50%] Built target ament_cmake_python_symlink_bumperbot_controller
[0.151s] [100%] Built target noisy_controller
[0.458s] running egg_info
[0.459s] writing bumperbot_controller.egg-info/PKG-INFO
[0.459s] writing dependency_links to bumperbot_controller.egg-info/dependency_links.txt
[0.459s] writing top-level names to bumperbot_controller.egg-info/top_level.txt
[0.464s] reading manifest file 'bumperbot_controller.egg-info/SOURCES.txt'
[0.465s] writing manifest file 'bumperbot_controller.egg-info/SOURCES.txt'
[0.510s] [100%] Built target ament_cmake_python_build_bumperbot_controller_egg
[0.524s] Invoked command in '/home/ilhan/bumperbot_ws/build/bumperbot_controller' returned '0': CMAKE_PREFIX_PATH=${CMAKE_PREFIX_PATH}:/home/ilhan/bumperbot_ws/install/bumperbot_py_examples:/opt/ros/humble /usr/bin/cmake --build /home/ilhan/bumperbot_ws/build/bumperbot_controller -- -j16 -l16
[0.527s] Invoking command in '/home/ilhan/bumperbot_ws/build/bumperbot_controller': CMAKE_PREFIX_PATH=${CMAKE_PREFIX_PATH}:/home/ilhan/bumperbot_ws/install/bumperbot_py_examples:/opt/ros/humble /usr/bin/cmake --install /home/ilhan/bumperbot_ws/build/bumperbot_controller
[0.538s] -- Install configuration: ""
[0.539s] -- Execute custom install script
[0.539s] -- Up-to-date symlink: /home/ilhan/bumperbot_ws/install/bumperbot_controller/share/bumperbot_controller/environment/pythonpath.sh
[0.539s] -- Up-to-date symlink: /home/ilhan/bumperbot_ws/install/bumperbot_controller/share/bumperbot_controller/environment/pythonpath.dsv
[0.540s] -- Up-to-date symlink: /home/ilhan/bumperbot_ws/install/bumperbot_controller/local/lib/python3.10/dist-packages/bumperbot_controller-0.0.0-py3.10.egg-info/PKG-INFO
[0.540s] -- Up-to-date symlink: /home/ilhan/bumperbot_ws/install/bumperbot_controller/local/lib/python3.10/dist-packages/bumperbot_controller-0.0.0-py3.10.egg-info/SOURCES.txt
[0.540s] -- Up-to-date symlink: /home/ilhan/bumperbot_ws/install/bumperbot_controller/local/lib/python3.10/dist-packages/bumperbot_controller-0.0.0-py3.10.egg-info/dependency_links.txt
[0.540s] -- Up-to-date symlink: /home/ilhan/bumperbot_ws/install/bumperbot_controller/local/lib/python3.10/dist-packages/bumperbot_controller-0.0.0-py3.10.egg-info/top_level.txt
[0.540s] -- Up-to-date symlink: /home/ilhan/bumperbot_ws/install/bumperbot_controller/local/lib/python3.10/dist-packages/bumperbot_controller/__init__.py
[0.540s] -- Up-to-date symlink: /home/ilhan/bumperbot_ws/install/bumperbot_controller/local/lib/python3.10/dist-packages/bumperbot_controller/noisy_controller.py
[0.540s] -- Up-to-date symlink: /home/ilhan/bumperbot_ws/install/bumperbot_controller/local/lib/python3.10/dist-packages/bumperbot_controller/simple_controller.py
[0.541s] -- Up-to-date symlink: /home/ilhan/bumperbot_ws/install/bumperbot_controller/local/lib/python3.10/dist-packages/bumperbot_controller/twist_relay.py
[0.541s] -- Up-to-date symlink: /home/ilhan/bumperbot_ws/install/bumperbot_controller/include/include/bumperbot_controller/noisy_controller.hpp
[0.541s] -- Up-to-date symlink: /home/ilhan/bumperbot_ws/install/bumperbot_controller/include/include/bumperbot_controller/simple_controller.hpp
[0.541s] -- Up-to-date symlink: /home/ilhan/bumperbot_ws/install/bumperbot_controller/lib/bumperbot_controller/simple_controller
[0.541s] -- Up-to-date symlink: /home/ilhan/bumperbot_ws/install/bumperbot_controller/lib/bumperbot_controller/noisy_controller
[0.542s] -- Up-to-date symlink: /home/ilhan/bumperbot_ws/install/bumperbot_controller/share/bumperbot_controller/launch/controller.launch.py
[0.542s] -- Up-to-date symlink: /home/ilhan/bumperbot_ws/install/bumperbot_controller/share/bumperbot_controller/launch/joystick_teleop.launch.py
[0.542s] -- Up-to-date symlink: /home/ilhan/bumperbot_ws/install/bumperbot_controller/share/bumperbot_controller/config/bumperbot_controllers.yaml
[0.543s] -- Up-to-date symlink: /home/ilhan/bumperbot_ws/install/bumperbot_controller/share/bumperbot_controller/config/joy_config.yaml
[0.543s] -- Up-to-date symlink: /home/ilhan/bumperbot_ws/install/bumperbot_controller/share/bumperbot_controller/config/joy_teleop.yaml
[0.543s] -- Up-to-date symlink: /home/ilhan/bumperbot_ws/install/bumperbot_controller/share/bumperbot_controller/config/twist_mux_joy.yaml
[0.543s] -- Up-to-date symlink: /home/ilhan/bumperbot_ws/install/bumperbot_controller/share/bumperbot_controller/config/twist_mux_locks.yaml
[0.543s] -- Up-to-date symlink: /home/ilhan/bumperbot_ws/install/bumperbot_controller/share/bumperbot_controller/config/twist_mux_topics.yaml
[0.544s] -- Up-to-date symlink: /home/ilhan/bumperbot_ws/install/bumperbot_controller/lib/bumperbot_controller/simple_controller.py
[0.544s] -- Up-to-date symlink: /home/ilhan/bumperbot_ws/install/bumperbot_controller/lib/bumperbot_controller/noisy_controller.py
[0.544s] -- Up-to-date symlink: /home/ilhan/bumperbot_ws/install/bumperbot_controller/lib/bumperbot_controller/twist_relay.py
[0.544s] -- Up-to-date symlink: /home/ilhan/bumperbot_ws/install/bumperbot_controller/share/ament_index/resource_index/package_run_dependencies/bumperbot_controller
[0.544s] -- Up-to-date symlink: /home/ilhan/bumperbot_ws/install/bumperbot_controller/share/ament_index/resource_index/parent_prefix_path/bumperbot_controller
[0.544s] -- Up-to-date symlink: /home/ilhan/bumperbot_ws/install/bumperbot_controller/share/bumperbot_controller/environment/ament_prefix_path.sh
[0.544s] -- Up-to-date symlink: /home/ilhan/bumperbot_ws/install/bumperbot_controller/share/bumperbot_controller/environment/ament_prefix_path.dsv
[0.544s] -- Up-to-date symlink: /home/ilhan/bumperbot_ws/install/bumperbot_controller/share/bumperbot_controller/environment/path.sh
[0.544s] -- Up-to-date symlink: /home/ilhan/bumperbot_ws/install/bumperbot_controller/share/bumperbot_controller/environment/path.dsv
[0.545s] -- Up-to-date symlink: /home/ilhan/bumperbot_ws/install/bumperbot_controller/share/bumperbot_controller/local_setup.bash
[0.545s] -- Up-to-date symlink: /home/ilhan/bumperbot_ws/install/bumperbot_controller/share/bumperbot_controller/local_setup.sh
[0.545s] -- Up-to-date symlink: /home/ilhan/bumperbot_ws/install/bumperbot_controller/share/bumperbot_controller/local_setup.zsh
[0.545s] -- Up-to-date symlink: /home/ilhan/bumperbot_ws/install/bumperbot_controller/share/bumperbot_controller/local_setup.dsv
[0.546s] -- Symlinking: /home/ilhan/bumperbot_ws/install/bumperbot_controller/share/bumperbot_controller/package.dsv
[0.558s] -- Up-to-date symlink: /home/ilhan/bumperbot_ws/install/bumperbot_controller/share/ament_index/resource_index/packages/bumperbot_controller
[0.558s] -- Up-to-date symlink: /home/ilhan/bumperbot_ws/install/bumperbot_controller/share/bumperbot_controller/cmake/bumperbot_controllerConfig.cmake
[0.558s] -- Up-to-date symlink: /home/ilhan/bumperbot_ws/install/bumperbot_controller/share/bumperbot_controller/cmake/bumperbot_controllerConfig-version.cmake
[0.558s] -- Up-to-date symlink: /home/ilhan/bumperbot_ws/install/bumperbot_controller/share/bumperbot_controller/package.xml
[0.611s] Listing '/home/ilhan/bumperbot_ws/install/bumperbot_controller/local/lib/python3.10/dist-packages/bumperbot_controller'...
[0.622s] Invoked command in '/home/ilhan/bumperbot_ws/build/bumperbot_controller' returned '0': CMAKE_PREFIX_PATH=${CMAKE_PREFIX_PATH}:/home/ilhan/bumperbot_ws/install/bumperbot_py_examples:/opt/ros/humble /usr/bin/cmake --install /home/ilhan/bumperbot_ws/build/bumperbot_controller
