[0.010s] Invoking command in '/home/ilhan/bumperbot_ws/build/bumperbot_description': CMAKE_PREFIX_PATH=/opt/ros/humble /usr/bin/cmake /home/ilhan/bumperbot_ws/src/bumperbot_description -DCMAKE_INSTALL_PREFIX=/home/ilhan/bumperbot_ws/install/bumperbot_description
[0.065s] -- The C compiler identification is GNU 11.4.0
[0.122s] -- The CXX compiler identification is GNU 11.4.0
[0.129s] -- Detecting C compiler ABI info
[0.176s] -- Detecting C compiler ABI info - done
[0.183s] -- Check for working C compiler: /usr/bin/cc - skipped
[0.183s] -- Detecting C compile features
[0.184s] -- Detecting C compile features - done
[0.187s] -- Detecting CXX compiler ABI info
[0.246s] -- Detecting CXX compiler ABI info - done
[0.251s] -- Check for working CXX compiler: /usr/bin/c++ - skipped
[0.251s] -- Detecting CXX compile features
[0.251s] -- Detecting CXX compile features - done
[0.252s] -- Found ament_cmake: 1.3.11 (/opt/ros/humble/share/ament_cmake/cmake)
[0.368s] -- Found Python3: /usr/bin/python3 (found version "3.10.12") found components: Interpreter 
[0.427s] -- Found urdf: 2.6.1 (/opt/ros/humble/share/urdf/cmake)
[0.465s] -- Found ament_lint_auto: 0.12.11 (/opt/ros/humble/share/ament_lint_auto/cmake)
[0.528s] -- Added test 'copyright' to check source files copyright and LICENSE
[0.529s] -- Added test 'flake8' to check Python code syntax and style conventions
[0.529s] -- Added test 'lint_cmake' to check CMake code style
[0.530s] -- Added test 'pep257' to check Python code against some of the docstring style conventions in PEP 257
[0.530s] -- Added test 'xmllint' to check XML markup files
[0.531s] -- Configuring done
[0.533s] -- Generating done
[0.534s] -- Build files have been written to: /home/ilhan/bumperbot_ws/build/bumperbot_description
[0.539s] Invoked command in '/home/ilhan/bumperbot_ws/build/bumperbot_description' returned '0': CMAKE_PREFIX_PATH=/opt/ros/humble /usr/bin/cmake /home/ilhan/bumperbot_ws/src/bumperbot_description -DCMAKE_INSTALL_PREFIX=/home/ilhan/bumperbot_ws/install/bumperbot_description
[0.540s] Invoking command in '/home/ilhan/bumperbot_ws/build/bumperbot_description': CMAKE_PREFIX_PATH=/opt/ros/humble /usr/bin/cmake --build /home/ilhan/bumperbot_ws/build/bumperbot_description -- -j16 -l16
[0.565s] Invoked command in '/home/ilhan/bumperbot_ws/build/bumperbot_description' returned '0': CMAKE_PREFIX_PATH=/opt/ros/humble /usr/bin/cmake --build /home/ilhan/bumperbot_ws/build/bumperbot_description -- -j16 -l16
[0.567s] Invoking command in '/home/ilhan/bumperbot_ws/build/bumperbot_description': CMAKE_PREFIX_PATH=/opt/ros/humble /usr/bin/cmake --install /home/ilhan/bumperbot_ws/build/bumperbot_description
[0.574s] -- Install configuration: ""
[0.574s] -- Installing: /home/ilhan/bumperbot_ws/install/bumperbot_description/share/bumperbot_description/launch
[0.574s] -- Installing: /home/ilhan/bumperbot_ws/install/bumperbot_description/share/bumperbot_description/launch/display.launch.py
[0.575s] -- Installing: /home/ilhan/bumperbot_ws/install/bumperbot_description/share/bumperbot_description/launch/gazebo.launch.py
[0.575s] -- Installing: /home/ilhan/bumperbot_ws/install/bumperbot_description/share/bumperbot_description/meshes
[0.575s] -- Installing: /home/ilhan/bumperbot_ws/install/bumperbot_description/share/bumperbot_description/meshes/wheel_left_link.STL
[0.577s] -- Installing: /home/ilhan/bumperbot_ws/install/bumperbot_description/share/bumperbot_description/meshes/wheel_right_link.STL
[0.578s] -- Installing: /home/ilhan/bumperbot_ws/install/bumperbot_description/share/bumperbot_description/meshes/imu_link.STL
[0.579s] -- Installing: /home/ilhan/bumperbot_ws/install/bumperbot_description/share/bumperbot_description/meshes/laser_link.STL
[0.584s] -- Installing: /home/ilhan/bumperbot_ws/install/bumperbot_description/share/bumperbot_description/meshes/base_link.STL
[0.600s] -- Installing: /home/ilhan/bumperbot_ws/install/bumperbot_description/share/bumperbot_description/meshes/caster_front_link.STL
[0.600s] -- Installing: /home/ilhan/bumperbot_ws/install/bumperbot_description/share/bumperbot_description/meshes/caster_rear_link.STL
[0.601s] -- Installing: /home/ilhan/bumperbot_ws/install/bumperbot_description/share/bumperbot_description/urdf
[0.601s] -- Installing: /home/ilhan/bumperbot_ws/install/bumperbot_description/share/bumperbot_description/urdf/bumperbot.urdf.xacro
[0.601s] -- Installing: /home/ilhan/bumperbot_ws/install/bumperbot_description/share/bumperbot_description/urdf/bumperbot_gazebo.xacro
[0.601s] -- Installing: /home/ilhan/bumperbot_ws/install/bumperbot_description/share/bumperbot_description/urdf/bumperbot_ros2_control.xacro
[0.601s] -- Installing: /home/ilhan/bumperbot_ws/install/bumperbot_description/share/bumperbot_description/rviz
[0.601s] -- Installing: /home/ilhan/bumperbot_ws/install/bumperbot_description/share/bumperbot_description/rviz/display.rviz
[0.601s] -- Installing: /home/ilhan/bumperbot_ws/install/bumperbot_description/share/ament_index/resource_index/package_run_dependencies/bumperbot_description
[0.601s] -- Installing: /home/ilhan/bumperbot_ws/install/bumperbot_description/share/ament_index/resource_index/parent_prefix_path/bumperbot_description
[0.602s] -- Installing: /home/ilhan/bumperbot_ws/install/bumperbot_description/share/bumperbot_description/environment/ament_prefix_path.sh
[0.602s] -- Installing: /home/ilhan/bumperbot_ws/install/bumperbot_description/share/bumperbot_description/environment/ament_prefix_path.dsv
[0.602s] -- Installing: /home/ilhan/bumperbot_ws/install/bumperbot_description/share/bumperbot_description/environment/path.sh
[0.602s] -- Installing: /home/ilhan/bumperbot_ws/install/bumperbot_description/share/bumperbot_description/environment/path.dsv
[0.602s] -- Installing: /home/ilhan/bumperbot_ws/install/bumperbot_description/share/bumperbot_description/local_setup.bash
[0.602s] -- Installing: /home/ilhan/bumperbot_ws/install/bumperbot_description/share/bumperbot_description/local_setup.sh
[0.602s] -- Installing: /home/ilhan/bumperbot_ws/install/bumperbot_description/share/bumperbot_description/local_setup.zsh
[0.602s] -- Installing: /home/ilhan/bumperbot_ws/install/bumperbot_description/share/bumperbot_description/local_setup.dsv
[0.602s] -- Installing: /home/ilhan/bumperbot_ws/install/bumperbot_description/share/bumperbot_description/package.dsv
[0.602s] -- Installing: /home/ilhan/bumperbot_ws/install/bumperbot_description/share/ament_index/resource_index/packages/bumperbot_description
[0.602s] -- Installing: /home/ilhan/bumperbot_ws/install/bumperbot_description/share/bumperbot_description/cmake/bumperbot_descriptionConfig.cmake
[0.602s] -- Installing: /home/ilhan/bumperbot_ws/install/bumperbot_description/share/bumperbot_description/cmake/bumperbot_descriptionConfig-version.cmake
[0.602s] -- Installing: /home/ilhan/bumperbot_ws/install/bumperbot_description/share/bumperbot_description/package.xml
[0.604s] Invoked command in '/home/ilhan/bumperbot_ws/build/bumperbot_description' returned '0': CMAKE_PREFIX_PATH=/opt/ros/humble /usr/bin/cmake --install /home/ilhan/bumperbot_ws/build/bumperbot_description
