[0.022s] Invoking command in '/home/ilhan/bumperbot_ws/build/bumperbot_controller': CMAKE_PREFIX_PATH=/opt/ros/humble /usr/bin/cmake --build /home/ilhan/bumperbot_ws/build/bumperbot_controller -- -j16 -l16
[0.090s] [  0%] Built target ament_cmake_python_symlink_bumperbot_controller
[0.104s] [ 50%] Built target noisy_controller
[0.104s] [100%] Built target simple_controller
[0.403s] running egg_info
[0.404s] writing bumperbot_controller.egg-info/PKG-INFO
[0.404s] writing dependency_links to bumperbot_controller.egg-info/dependency_links.txt
[0.404s] writing top-level names to bumperbot_controller.egg-info/top_level.txt
[0.406s] reading manifest file 'bumperbot_controller.egg-info/SOURCES.txt'
[0.407s] writing manifest file 'bumperbot_controller.egg-info/SOURCES.txt'
[0.454s] [100%] Built target ament_cmake_python_build_bumperbot_controller_egg
[0.464s] Invoked command in '/home/ilhan/bumperbot_ws/build/bumperbot_controller' returned '0': CMAKE_PREFIX_PATH=/opt/ros/humble /usr/bin/cmake --build /home/ilhan/bumperbot_ws/build/bumperbot_controller -- -j16 -l16
[0.469s] Invoking command in '/home/ilhan/bumperbot_ws/build/bumperbot_controller': CMAKE_PREFIX_PATH=/opt/ros/humble /usr/bin/cmake --install /home/ilhan/bumperbot_ws/build/bumperbot_controller
[0.475s] -- Install configuration: ""
[0.476s] -- Execute custom install script
[0.476s] -- Up-to-date symlink: /home/ilhan/bumperbot_ws/install/bumperbot_controller/share/bumperbot_controller/environment/pythonpath.sh
[0.477s] -- Up-to-date symlink: /home/ilhan/bumperbot_ws/install/bumperbot_controller/share/bumperbot_controller/environment/pythonpath.dsv
[0.477s] -- Up-to-date symlink: /home/ilhan/bumperbot_ws/install/bumperbot_controller/local/lib/python3.10/dist-packages/bumperbot_controller-0.0.0-py3.10.egg-info/PKG-INFO
[0.478s] -- Up-to-date symlink: /home/ilhan/bumperbot_ws/install/bumperbot_controller/local/lib/python3.10/dist-packages/bumperbot_controller-0.0.0-py3.10.egg-info/SOURCES.txt
[0.479s] -- Up-to-date symlink: /home/ilhan/bumperbot_ws/install/bumperbot_controller/local/lib/python3.10/dist-packages/bumperbot_controller-0.0.0-py3.10.egg-info/dependency_links.txt
[0.479s] -- Up-to-date symlink: /home/ilhan/bumperbot_ws/install/bumperbot_controller/local/lib/python3.10/dist-packages/bumperbot_controller-0.0.0-py3.10.egg-info/top_level.txt
[0.479s] -- Up-to-date symlink: /home/ilhan/bumperbot_ws/install/bumperbot_controller/local/lib/python3.10/dist-packages/bumperbot_controller/__init__.py
[0.479s] -- Up-to-date symlink: /home/ilhan/bumperbot_ws/install/bumperbot_controller/local/lib/python3.10/dist-packages/bumperbot_controller/noisy_controller.py
[0.479s] -- Up-to-date symlink: /home/ilhan/bumperbot_ws/install/bumperbot_controller/local/lib/python3.10/dist-packages/bumperbot_controller/simple_controller.py
[0.479s] -- Up-to-date symlink: /home/ilhan/bumperbot_ws/install/bumperbot_controller/local/lib/python3.10/dist-packages/bumperbot_controller/twist_relay.py
[0.480s] -- Up-to-date symlink: /home/ilhan/bumperbot_ws/install/bumperbot_controller/include/include/bumperbot_controller/noisy_controller.hpp
[0.480s] -- Up-to-date symlink: /home/ilhan/bumperbot_ws/install/bumperbot_controller/include/include/bumperbot_controller/simple_controller.hpp
[0.480s] -- Up-to-date symlink: /home/ilhan/bumperbot_ws/install/bumperbot_controller/lib/bumperbot_controller/simple_controller
[0.480s] -- Up-to-date symlink: /home/ilhan/bumperbot_ws/install/bumperbot_controller/lib/bumperbot_controller/noisy_controller
[0.480s] -- Up-to-date symlink: /home/ilhan/bumperbot_ws/install/bumperbot_controller/share/bumperbot_controller/launch/controller.launch.py
[0.480s] -- Up-to-date symlink: /home/ilhan/bumperbot_ws/install/bumperbot_controller/share/bumperbot_controller/launch/joystick_teleop.launch.py
[0.480s] -- Up-to-date symlink: /home/ilhan/bumperbot_ws/install/bumperbot_controller/share/bumperbot_controller/config/bumperbot_controllers.yaml
[0.480s] -- Up-to-date symlink: /home/ilhan/bumperbot_ws/install/bumperbot_controller/share/bumperbot_controller/config/joy_config.yaml
[0.481s] -- Up-to-date symlink: /home/ilhan/bumperbot_ws/install/bumperbot_controller/share/bumperbot_controller/config/joy_teleop.yaml
[0.481s] -- Up-to-date symlink: /home/ilhan/bumperbot_ws/install/bumperbot_controller/share/bumperbot_controller/config/twist_mux_joy.yaml
[0.481s] -- Up-to-date symlink: /home/ilhan/bumperbot_ws/install/bumperbot_controller/share/bumperbot_controller/config/twist_mux_locks.yaml
[0.481s] -- Up-to-date symlink: /home/ilhan/bumperbot_ws/install/bumperbot_controller/share/bumperbot_controller/config/twist_mux_topics.yaml
[0.481s] -- Up-to-date symlink: /home/ilhan/bumperbot_ws/install/bumperbot_controller/lib/bumperbot_controller/simple_controller.py
[0.481s] -- Up-to-date symlink: /home/ilhan/bumperbot_ws/install/bumperbot_controller/lib/bumperbot_controller/noisy_controller.py
[0.482s] -- Up-to-date symlink: /home/ilhan/bumperbot_ws/install/bumperbot_controller/lib/bumperbot_controller/twist_relay.py
[0.482s] -- Up-to-date symlink: /home/ilhan/bumperbot_ws/install/bumperbot_controller/share/ament_index/resource_index/package_run_dependencies/bumperbot_controller
[0.482s] -- Up-to-date symlink: /home/ilhan/bumperbot_ws/install/bumperbot_controller/share/ament_index/resource_index/parent_prefix_path/bumperbot_controller
[0.482s] -- Up-to-date symlink: /home/ilhan/bumperbot_ws/install/bumperbot_controller/share/bumperbot_controller/environment/ament_prefix_path.sh
[0.482s] -- Up-to-date symlink: /home/ilhan/bumperbot_ws/install/bumperbot_controller/share/bumperbot_controller/environment/ament_prefix_path.dsv
[0.482s] -- Up-to-date symlink: /home/ilhan/bumperbot_ws/install/bumperbot_controller/share/bumperbot_controller/environment/path.sh
[0.482s] -- Up-to-date symlink: /home/ilhan/bumperbot_ws/install/bumperbot_controller/share/bumperbot_controller/environment/path.dsv
[0.482s] -- Up-to-date symlink: /home/ilhan/bumperbot_ws/install/bumperbot_controller/share/bumperbot_controller/local_setup.bash
[0.482s] -- Up-to-date symlink: /home/ilhan/bumperbot_ws/install/bumperbot_controller/share/bumperbot_controller/local_setup.sh
[0.482s] -- Up-to-date symlink: /home/ilhan/bumperbot_ws/install/bumperbot_controller/share/bumperbot_controller/local_setup.zsh
[0.482s] -- Up-to-date symlink: /home/ilhan/bumperbot_ws/install/bumperbot_controller/share/bumperbot_controller/local_setup.dsv
[0.482s] -- Symlinking: /home/ilhan/bumperbot_ws/install/bumperbot_controller/share/bumperbot_controller/package.dsv
[0.492s] -- Up-to-date symlink: /home/ilhan/bumperbot_ws/install/bumperbot_controller/share/ament_index/resource_index/packages/bumperbot_controller
[0.492s] -- Up-to-date symlink: /home/ilhan/bumperbot_ws/install/bumperbot_controller/share/bumperbot_controller/cmake/bumperbot_controllerConfig.cmake
[0.492s] -- Up-to-date symlink: /home/ilhan/bumperbot_ws/install/bumperbot_controller/share/bumperbot_controller/cmake/bumperbot_controllerConfig-version.cmake
[0.492s] -- Up-to-date symlink: /home/ilhan/bumperbot_ws/install/bumperbot_controller/share/bumperbot_controller/package.xml
[0.530s] Listing '/home/ilhan/bumperbot_ws/install/bumperbot_controller/local/lib/python3.10/dist-packages/bumperbot_controller'...
[0.555s] Invoked command in '/home/ilhan/bumperbot_ws/build/bumperbot_controller' returned '0': CMAKE_PREFIX_PATH=/opt/ros/humble /usr/bin/cmake --install /home/ilhan/bumperbot_ws/build/bumperbot_controller
