[0.038s] Invoking command in '/home/ilhan/bumperbot_ws/build/bumperbot_bringup': CMAKE_PREFIX_PATH=${CMAKE_PREFIX_PATH}:/home/ilhan/bumperbot_ws/install/bumperbot_py_examples:/opt/ros/humble /usr/bin/cmake --build /home/ilhan/bumperbot_ws/build/bumperbot_bringup -- -j16 -l16
[0.094s] Invoked command in '/home/ilhan/bumperbot_ws/build/bumperbot_bringup' returned '0': CMAKE_PREFIX_PATH=${CMAKE_PREFIX_PATH}:/home/ilhan/bumperbot_ws/install/bumperbot_py_examples:/opt/ros/humble /usr/bin/cmake --build /home/ilhan/bumperbot_ws/build/bumperbot_bringup -- -j16 -l16
[0.110s] Invoking command in '/home/ilhan/bumperbot_ws/build/bumperbot_bringup': CMAKE_PREFIX_PATH=${CMAKE_PREFIX_PATH}:/home/ilhan/bumperbot_ws/install/bumperbot_py_examples:/opt/ros/humble /usr/bin/cmake --install /home/ilhan/bumperbot_ws/build/bumperbot_bringup
[0.126s] -- Install configuration: ""
[0.126s] -- Execute custom install script
[0.127s] -- Up-to-date symlink: /home/ilhan/bumperbot_ws/install/bumperbot_bringup/share/bumperbot_bringup/launch/real_robot.launch.py
[0.127s] -- Up-to-date symlink: /home/ilhan/bumperbot_ws/install/bumperbot_bringup/share/bumperbot_bringup/launch/simulated_robot.launch.py
[0.127s] -- Up-to-date symlink: /home/ilhan/bumperbot_ws/install/bumperbot_bringup/share/bumperbot_bringup/worlds/empty_test.world
[0.127s] -- Up-to-date symlink: /home/ilhan/bumperbot_ws/install/bumperbot_bringup/share/bumperbot_bringup/worlds/test_world.sdf
[0.128s] -- Up-to-date symlink: /home/ilhan/bumperbot_ws/install/bumperbot_bringup/share/ament_index/resource_index/package_run_dependencies/bumperbot_bringup
[0.128s] -- Up-to-date symlink: /home/ilhan/bumperbot_ws/install/bumperbot_bringup/share/ament_index/resource_index/parent_prefix_path/bumperbot_bringup
[0.128s] -- Up-to-date symlink: /home/ilhan/bumperbot_ws/install/bumperbot_bringup/share/bumperbot_bringup/environment/ament_prefix_path.sh
[0.129s] -- Up-to-date symlink: /home/ilhan/bumperbot_ws/install/bumperbot_bringup/share/bumperbot_bringup/environment/ament_prefix_path.dsv
[0.129s] -- Up-to-date symlink: /home/ilhan/bumperbot_ws/install/bumperbot_bringup/share/bumperbot_bringup/environment/path.sh
[0.129s] -- Up-to-date symlink: /home/ilhan/bumperbot_ws/install/bumperbot_bringup/share/bumperbot_bringup/environment/path.dsv
[0.129s] -- Up-to-date symlink: /home/ilhan/bumperbot_ws/install/bumperbot_bringup/share/bumperbot_bringup/local_setup.bash
[0.129s] -- Up-to-date symlink: /home/ilhan/bumperbot_ws/install/bumperbot_bringup/share/bumperbot_bringup/local_setup.sh
[0.130s] -- Up-to-date symlink: /home/ilhan/bumperbot_ws/install/bumperbot_bringup/share/bumperbot_bringup/local_setup.zsh
[0.130s] -- Up-to-date symlink: /home/ilhan/bumperbot_ws/install/bumperbot_bringup/share/bumperbot_bringup/local_setup.dsv
[0.130s] -- Symlinking: /home/ilhan/bumperbot_ws/install/bumperbot_bringup/share/bumperbot_bringup/package.dsv
[0.157s] -- Up-to-date symlink: /home/ilhan/bumperbot_ws/install/bumperbot_bringup/share/ament_index/resource_index/packages/bumperbot_bringup
[0.158s] -- Up-to-date symlink: /home/ilhan/bumperbot_ws/install/bumperbot_bringup/share/bumperbot_bringup/cmake/bumperbot_bringupConfig.cmake
[0.158s] -- Up-to-date symlink: /home/ilhan/bumperbot_ws/install/bumperbot_bringup/share/bumperbot_bringup/cmake/bumperbot_bringupConfig-version.cmake
[0.158s] -- Up-to-date symlink: /home/ilhan/bumperbot_ws/install/bumperbot_bringup/share/bumperbot_bringup/package.xml
[0.166s] Invoked command in '/home/ilhan/bumperbot_ws/build/bumperbot_bringup' returned '0': CMAKE_PREFIX_PATH=${CMAKE_PREFIX_PATH}:/home/ilhan/bumperbot_ws/install/bumperbot_py_examples:/opt/ros/humble /usr/bin/cmake --install /home/ilhan/bumperbot_ws/build/bumperbot_bringup
