[0.012s] Invoking command in '/home/ilhan/bumperbot_ws/build/bumperbot_description': CMAKE_PREFIX_PATH=${CMAKE_PREFIX_PATH}:/home/ilhan/bumperbot_ws/install/bumperbot_py_examples:/opt/ros/humble /usr/bin/cmake /home/ilhan/bumperbot_ws/src/bumperbot_description -DAMENT_CMAKE_SYMLINK_INSTALL=1 -DCMAKE_INSTALL_PREFIX=/home/ilhan/bumperbot_ws/install/bumperbot_description
[0.052s] -- The C compiler identification is GNU 11.4.0
[0.101s] -- The CXX compiler identification is GNU 11.4.0
[0.108s] -- Detecting C compiler ABI info
[0.171s] -- Detecting C compiler ABI info - done
[0.177s] -- Check for working C compiler: /usr/bin/cc - skipped
[0.177s] -- Detecting C compile features
[0.177s] -- Detecting C compile features - done
[0.180s] -- Detecting CXX compiler ABI info
[0.251s] -- Detecting CXX compiler ABI info - done
[0.257s] -- Check for working CXX compiler: /usr/bin/c++ - skipped
[0.257s] -- Detecting CXX compile features
[0.258s] -- Detecting CXX compile features - done
[0.259s] -- Found ament_cmake: 1.3.11 (/opt/ros/humble/share/ament_cmake/cmake)
[0.396s] -- Found Python3: /usr/bin/python3 (found version "3.10.12") found components: Interpreter 
[0.445s] -- Override CMake install command with custom implementation using symlinks instead of copying resources
[0.466s] -- Found urdf: 2.6.1 (/opt/ros/humble/share/urdf/cmake)
[0.507s] -- Found ament_lint_auto: 0.12.11 (/opt/ros/humble/share/ament_lint_auto/cmake)
[0.593s] -- Added test 'copyright' to check source files copyright and LICENSE
[0.594s] -- Added test 'flake8' to check Python code syntax and style conventions
[0.595s] -- Added test 'lint_cmake' to check CMake code style
[0.595s] -- Added test 'pep257' to check Python code against some of the docstring style conventions in PEP 257
[0.596s] -- Added test 'xmllint' to check XML markup files
[0.597s] -- Configuring done
[0.598s] -- Generating done
[0.599s] -- Build files have been written to: /home/ilhan/bumperbot_ws/build/bumperbot_description
[0.612s] Invoked command in '/home/ilhan/bumperbot_ws/build/bumperbot_description' returned '0': CMAKE_PREFIX_PATH=${CMAKE_PREFIX_PATH}:/home/ilhan/bumperbot_ws/install/bumperbot_py_examples:/opt/ros/humble /usr/bin/cmake /home/ilhan/bumperbot_ws/src/bumperbot_description -DAMENT_CMAKE_SYMLINK_INSTALL=1 -DCMAKE_INSTALL_PREFIX=/home/ilhan/bumperbot_ws/install/bumperbot_description
[0.613s] Invoking command in '/home/ilhan/bumperbot_ws/build/bumperbot_description': CMAKE_PREFIX_PATH=${CMAKE_PREFIX_PATH}:/home/ilhan/bumperbot_ws/install/bumperbot_py_examples:/opt/ros/humble /usr/bin/cmake --build /home/ilhan/bumperbot_ws/build/bumperbot_description -- -j16 -l16
[0.643s] Invoked command in '/home/ilhan/bumperbot_ws/build/bumperbot_description' returned '0': CMAKE_PREFIX_PATH=${CMAKE_PREFIX_PATH}:/home/ilhan/bumperbot_ws/install/bumperbot_py_examples:/opt/ros/humble /usr/bin/cmake --build /home/ilhan/bumperbot_ws/build/bumperbot_description -- -j16 -l16
[0.645s] Invoking command in '/home/ilhan/bumperbot_ws/build/bumperbot_description': CMAKE_PREFIX_PATH=${CMAKE_PREFIX_PATH}:/home/ilhan/bumperbot_ws/install/bumperbot_py_examples:/opt/ros/humble /usr/bin/cmake --install /home/ilhan/bumperbot_ws/build/bumperbot_description
[0.652s] -- Install configuration: ""
[0.652s] -- Execute custom install script
[0.652s] -- Symlinking: /home/ilhan/bumperbot_ws/install/bumperbot_description/share/bumperbot_description/launch/display.launch.py
[0.658s] -- Symlinking: /home/ilhan/bumperbot_ws/install/bumperbot_description/share/bumperbot_description/launch/gazebo.launch.py
[0.664s] -- Symlinking: /home/ilhan/bumperbot_ws/install/bumperbot_description/share/bumperbot_description/meshes/base_link.STL
[0.669s] -- Symlinking: /home/ilhan/bumperbot_ws/install/bumperbot_description/share/bumperbot_description/meshes/caster_front_link.STL
[0.675s] -- Symlinking: /home/ilhan/bumperbot_ws/install/bumperbot_description/share/bumperbot_description/meshes/caster_rear_link.STL
[0.681s] -- Symlinking: /home/ilhan/bumperbot_ws/install/bumperbot_description/share/bumperbot_description/meshes/imu_link.STL
[0.686s] -- Symlinking: /home/ilhan/bumperbot_ws/install/bumperbot_description/share/bumperbot_description/meshes/laser_link.STL
[0.695s] -- Symlinking: /home/ilhan/bumperbot_ws/install/bumperbot_description/share/bumperbot_description/meshes/wheel_left_link.STL
[0.701s] -- Symlinking: /home/ilhan/bumperbot_ws/install/bumperbot_description/share/bumperbot_description/meshes/wheel_right_link.STL
[0.707s] -- Symlinking: /home/ilhan/bumperbot_ws/install/bumperbot_description/share/bumperbot_description/urdf/bumperbot.urdf.xacro
[0.714s] -- Symlinking: /home/ilhan/bumperbot_ws/install/bumperbot_description/share/bumperbot_description/urdf/bumperbot_gazebo.xacro
[0.721s] -- Symlinking: /home/ilhan/bumperbot_ws/install/bumperbot_description/share/bumperbot_description/urdf/bumperbot_ros2_control.xacro
[0.731s] -- Symlinking: /home/ilhan/bumperbot_ws/install/bumperbot_description/share/bumperbot_description/rviz/display.rviz
[0.741s] -- Symlinking: /home/ilhan/bumperbot_ws/install/bumperbot_description/share/ament_index/resource_index/package_run_dependencies/bumperbot_description
[0.745s] -- Symlinking: /home/ilhan/bumperbot_ws/install/bumperbot_description/share/ament_index/resource_index/parent_prefix_path/bumperbot_description
[0.753s] -- Symlinking: /home/ilhan/bumperbot_ws/install/bumperbot_description/share/bumperbot_description/environment/ament_prefix_path.sh
[0.763s] -- Symlinking: /home/ilhan/bumperbot_ws/install/bumperbot_description/share/bumperbot_description/environment/ament_prefix_path.dsv
[0.770s] -- Symlinking: /home/ilhan/bumperbot_ws/install/bumperbot_description/share/bumperbot_description/environment/path.sh
[0.777s] -- Symlinking: /home/ilhan/bumperbot_ws/install/bumperbot_description/share/bumperbot_description/environment/path.dsv
[0.787s] -- Symlinking: /home/ilhan/bumperbot_ws/install/bumperbot_description/share/bumperbot_description/local_setup.bash
[0.798s] -- Symlinking: /home/ilhan/bumperbot_ws/install/bumperbot_description/share/bumperbot_description/local_setup.sh
[0.803s] -- Symlinking: /home/ilhan/bumperbot_ws/install/bumperbot_description/share/bumperbot_description/local_setup.zsh
[0.813s] -- Symlinking: /home/ilhan/bumperbot_ws/install/bumperbot_description/share/bumperbot_description/local_setup.dsv
[0.822s] -- Symlinking: /home/ilhan/bumperbot_ws/install/bumperbot_description/share/bumperbot_description/package.dsv
[0.830s] -- Symlinking: /home/ilhan/bumperbot_ws/install/bumperbot_description/share/ament_index/resource_index/packages/bumperbot_description
[0.837s] -- Symlinking: /home/ilhan/bumperbot_ws/install/bumperbot_description/share/bumperbot_description/cmake/bumperbot_descriptionConfig.cmake
[0.843s] -- Symlinking: /home/ilhan/bumperbot_ws/install/bumperbot_description/share/bumperbot_description/cmake/bumperbot_descriptionConfig-version.cmake
[0.851s] -- Symlinking: /home/ilhan/bumperbot_ws/install/bumperbot_description/share/bumperbot_description/package.xml
[0.859s] Invoked command in '/home/ilhan/bumperbot_ws/build/bumperbot_description' returned '0': CMAKE_PREFIX_PATH=${CMAKE_PREFIX_PATH}:/home/ilhan/bumperbot_ws/install/bumperbot_py_examples:/opt/ros/humble /usr/bin/cmake --install /home/ilhan/bumperbot_ws/build/bumperbot_description
