[0.027s] Invoking command in '/home/ilhan/bumperbot_ws/build/bumperbot_utils': CMAKE_PREFIX_PATH=${CMAKE_PREFIX_PATH}:/home/ilhan/bumperbot_ws/install/bumperbot_py_examples:/opt/ros/humble /usr/bin/cmake --build /home/ilhan/bumperbot_ws/build/bumperbot_utils -- -j16 -l16
[0.089s] Built target ament_cmake_python_symlink_bumperbot_utils
[0.233s] running egg_info
[0.234s] writing bumperbot_utils.egg-info/PKG-INFO
[0.234s] writing dependency_links to bumperbot_utils.egg-info/dependency_links.txt
[0.234s] writing top-level names to bumperbot_utils.egg-info/top_level.txt
[0.235s] reading manifest file 'bumperbot_utils.egg-info/SOURCES.txt'
[0.235s] writing manifest file 'bumperbot_utils.egg-info/SOURCES.txt'
[0.257s] Built target ament_cmake_python_build_bumperbot_utils_egg
[0.264s] Invoked command in '/home/ilhan/bumperbot_ws/build/bumperbot_utils' returned '0': CMAKE_PREFIX_PATH=${CMAKE_PREFIX_PATH}:/home/ilhan/bumperbot_ws/install/bumperbot_py_examples:/opt/ros/humble /usr/bin/cmake --build /home/ilhan/bumperbot_ws/build/bumperbot_utils -- -j16 -l16
[0.266s] Invoking command in '/home/ilhan/bumperbot_ws/build/bumperbot_utils': CMAKE_PREFIX_PATH=${CMAKE_PREFIX_PATH}:/home/ilhan/bumperbot_ws/install/bumperbot_py_examples:/opt/ros/humble /usr/bin/cmake --install /home/ilhan/bumperbot_ws/build/bumperbot_utils
[0.270s] -- Install configuration: ""
[0.270s] -- Execute custom install script
[0.270s] -- Up-to-date symlink: /home/ilhan/bumperbot_ws/install/bumperbot_utils/share/bumperbot_utils/environment/pythonpath.sh
[0.270s] -- Up-to-date symlink: /home/ilhan/bumperbot_ws/install/bumperbot_utils/share/bumperbot_utils/environment/pythonpath.dsv
[0.271s] -- Up-to-date symlink: /home/ilhan/bumperbot_ws/install/bumperbot_utils/local/lib/python3.10/dist-packages/bumperbot_utils-0.0.0-py3.10.egg-info/PKG-INFO
[0.271s] -- Up-to-date symlink: /home/ilhan/bumperbot_ws/install/bumperbot_utils/local/lib/python3.10/dist-packages/bumperbot_utils-0.0.0-py3.10.egg-info/SOURCES.txt
[0.271s] -- Up-to-date symlink: /home/ilhan/bumperbot_ws/install/bumperbot_utils/local/lib/python3.10/dist-packages/bumperbot_utils-0.0.0-py3.10.egg-info/dependency_links.txt
[0.271s] -- Up-to-date symlink: /home/ilhan/bumperbot_ws/install/bumperbot_utils/local/lib/python3.10/dist-packages/bumperbot_utils-0.0.0-py3.10.egg-info/top_level.txt
[0.272s] -- Up-to-date symlink: /home/ilhan/bumperbot_ws/install/bumperbot_utils/local/lib/python3.10/dist-packages/bumperbot_utils/__init__.py
[0.272s] -- Up-to-date symlink: /home/ilhan/bumperbot_ws/install/bumperbot_utils/local/lib/python3.10/dist-packages/bumperbot_utils/safety_stop.py
[0.272s] -- Up-to-date symlink: /home/ilhan/bumperbot_ws/install/bumperbot_utils/lib/bumperbot_utils/safety_stop.py
[0.272s] -- Up-to-date symlink: /home/ilhan/bumperbot_ws/install/bumperbot_utils/share/ament_index/resource_index/package_run_dependencies/bumperbot_utils
[0.272s] -- Up-to-date symlink: /home/ilhan/bumperbot_ws/install/bumperbot_utils/share/ament_index/resource_index/parent_prefix_path/bumperbot_utils
[0.272s] -- Up-to-date symlink: /home/ilhan/bumperbot_ws/install/bumperbot_utils/share/bumperbot_utils/environment/ament_prefix_path.sh
[0.272s] -- Up-to-date symlink: /home/ilhan/bumperbot_ws/install/bumperbot_utils/share/bumperbot_utils/environment/ament_prefix_path.dsv
[0.272s] -- Up-to-date symlink: /home/ilhan/bumperbot_ws/install/bumperbot_utils/share/bumperbot_utils/environment/path.sh
[0.272s] -- Up-to-date symlink: /home/ilhan/bumperbot_ws/install/bumperbot_utils/share/bumperbot_utils/environment/path.dsv
[0.272s] -- Up-to-date symlink: /home/ilhan/bumperbot_ws/install/bumperbot_utils/share/bumperbot_utils/local_setup.bash
[0.272s] -- Up-to-date symlink: /home/ilhan/bumperbot_ws/install/bumperbot_utils/share/bumperbot_utils/local_setup.sh
[0.272s] -- Up-to-date symlink: /home/ilhan/bumperbot_ws/install/bumperbot_utils/share/bumperbot_utils/local_setup.zsh
[0.273s] -- Up-to-date symlink: /home/ilhan/bumperbot_ws/install/bumperbot_utils/share/bumperbot_utils/local_setup.dsv
[0.273s] -- Symlinking: /home/ilhan/bumperbot_ws/install/bumperbot_utils/share/bumperbot_utils/package.dsv
[0.278s] -- Up-to-date symlink: /home/ilhan/bumperbot_ws/install/bumperbot_utils/share/ament_index/resource_index/packages/bumperbot_utils
[0.278s] -- Up-to-date symlink: /home/ilhan/bumperbot_ws/install/bumperbot_utils/share/bumperbot_utils/cmake/bumperbot_utilsConfig.cmake
[0.278s] -- Up-to-date symlink: /home/ilhan/bumperbot_ws/install/bumperbot_utils/share/bumperbot_utils/cmake/bumperbot_utilsConfig-version.cmake
[0.279s] -- Up-to-date symlink: /home/ilhan/bumperbot_ws/install/bumperbot_utils/share/bumperbot_utils/package.xml
[0.318s] Listing '/home/ilhan/bumperbot_ws/install/bumperbot_utils/local/lib/python3.10/dist-packages/bumperbot_utils'...
[0.343s] Invoked command in '/home/ilhan/bumperbot_ws/build/bumperbot_utils' returned '0': CMAKE_PREFIX_PATH=${CMAKE_PREFIX_PATH}:/home/ilhan/bumperbot_ws/install/bumperbot_py_examples:/opt/ros/humble /usr/bin/cmake --install /home/ilhan/bumperbot_ws/build/bumperbot_utils
