[0.020s] Invoking command in '/home/ilhan/bumperbot_ws/build/bumperbot_localization': CMAKE_PREFIX_PATH=${CMAKE_PREFIX_PATH}:/home/ilhan/bumperbot_ws/install/bumperbot_py_examples:/opt/ros/humble /usr/bin/cmake --build /home/ilhan/bumperbot_ws/build/bumperbot_localization -- -j16 -l16
[0.044s] -- Found ament_cmake: 1.3.11 (/opt/ros/humble/share/ament_cmake/cmake)
[0.199s] -- Override CMake install command with custom implementation using symlinks instead of copying resources
[0.207s] -- Found rclcpp: 16.0.11 (/opt/ros/humble/share/rclcpp/cmake)
[0.230s] -- Found rosidl_generator_c: 3.1.6 (/opt/ros/humble/share/rosidl_generator_c/cmake)
[0.232s] -- Found rosidl_adapter: 3.1.6 (/opt/ros/humble/share/rosidl_adapter/cmake)
[0.238s] -- Found rosidl_generator_cpp: 3.1.6 (/opt/ros/humble/share/rosidl_generator_cpp/cmake)
[0.251s] -- Using all available rosidl_typesupport_c: rosidl_typesupport_fastrtps_c;rosidl_typesupport_introspection_c
[0.266s] -- Using all available rosidl_typesupport_cpp: rosidl_typesupport_fastrtps_cpp;rosidl_typesupport_introspection_cpp
[0.306s] -- Found rmw_implementation_cmake: 6.1.2 (/opt/ros/humble/share/rmw_implementation_cmake/cmake)
[0.307s] -- Found rmw_fastrtps_cpp: 6.2.7 (/opt/ros/humble/share/rmw_fastrtps_cpp/cmake)
[0.409s] -- Using RMW implementation 'rmw_fastrtps_cpp' as default
[0.451s] -- Found rclpy: 3.3.15 (/opt/ros/humble/share/rclpy/cmake)
[0.451s] -- Found nav_msgs: 4.2.4 (/opt/ros/humble/share/nav_msgs/cmake)
[0.477s] -- Found sensor_msgs: 4.2.4 (/opt/ros/humble/share/sensor_msgs/cmake)
[0.598s] -- Configuring done
[0.607s] -- Generating done
[0.610s] -- Build files have been written to: /home/ilhan/bumperbot_ws/build/bumperbot_localization
[0.629s] [35m[1mConsolidate compiler generated dependencies of target imu_republisher[0m
[0.633s] [35m[1mConsolidate compiler generated dependencies of target kalman_filter[0m
[0.640s] [ 50%] Built target imu_republisher
[0.645s] [100%] Built target kalman_filter
[0.649s] [100%] Built target ament_cmake_python_symlink_bumperbot_localization
[0.828s] running egg_info
[0.828s] writing bumperbot_localization.egg-info/PKG-INFO
[0.828s] writing dependency_links to bumperbot_localization.egg-info/dependency_links.txt
[0.828s] writing top-level names to bumperbot_localization.egg-info/top_level.txt
[0.830s] reading manifest file 'bumperbot_localization.egg-info/SOURCES.txt'
[0.830s] writing manifest file 'bumperbot_localization.egg-info/SOURCES.txt'
[0.854s] [100%] Built target ament_cmake_python_build_bumperbot_localization_egg
[0.864s] Invoked command in '/home/ilhan/bumperbot_ws/build/bumperbot_localization' returned '0': CMAKE_PREFIX_PATH=${CMAKE_PREFIX_PATH}:/home/ilhan/bumperbot_ws/install/bumperbot_py_examples:/opt/ros/humble /usr/bin/cmake --build /home/ilhan/bumperbot_ws/build/bumperbot_localization -- -j16 -l16
[0.865s] Invoking command in '/home/ilhan/bumperbot_ws/build/bumperbot_localization': CMAKE_PREFIX_PATH=${CMAKE_PREFIX_PATH}:/home/ilhan/bumperbot_ws/install/bumperbot_py_examples:/opt/ros/humble /usr/bin/cmake --install /home/ilhan/bumperbot_ws/build/bumperbot_localization
[0.872s] -- Install configuration: ""
[0.872s] -- Execute custom install script
[0.872s] -- Up-to-date symlink: /home/ilhan/bumperbot_ws/install/bumperbot_localization/share/bumperbot_localization/environment/pythonpath.sh
[0.873s] -- Up-to-date symlink: /home/ilhan/bumperbot_ws/install/bumperbot_localization/share/bumperbot_localization/environment/pythonpath.dsv
[0.873s] -- Up-to-date symlink: /home/ilhan/bumperbot_ws/install/bumperbot_localization/local/lib/python3.10/dist-packages/bumperbot_localization-0.0.0-py3.10.egg-info/PKG-INFO
[0.873s] -- Up-to-date symlink: /home/ilhan/bumperbot_ws/install/bumperbot_localization/local/lib/python3.10/dist-packages/bumperbot_localization-0.0.0-py3.10.egg-info/SOURCES.txt
[0.873s] -- Up-to-date symlink: /home/ilhan/bumperbot_ws/install/bumperbot_localization/local/lib/python3.10/dist-packages/bumperbot_localization-0.0.0-py3.10.egg-info/dependency_links.txt
[0.873s] -- Up-to-date symlink: /home/ilhan/bumperbot_ws/install/bumperbot_localization/local/lib/python3.10/dist-packages/bumperbot_localization-0.0.0-py3.10.egg-info/top_level.txt
[0.874s] -- Up-to-date symlink: /home/ilhan/bumperbot_ws/install/bumperbot_localization/local/lib/python3.10/dist-packages/bumperbot_localization/__init__.py
[0.874s] -- Up-to-date symlink: /home/ilhan/bumperbot_ws/install/bumperbot_localization/local/lib/python3.10/dist-packages/bumperbot_localization/imu_republisher.py
[0.874s] -- Up-to-date symlink: /home/ilhan/bumperbot_ws/install/bumperbot_localization/local/lib/python3.10/dist-packages/bumperbot_localization/kalman_filter.py
[0.874s] -- Up-to-date symlink: /home/ilhan/bumperbot_ws/install/bumperbot_localization/local/lib/python3.10/dist-packages/bumperbot_localization/odometry_motion_model.py
[0.874s] -- Up-to-date symlink: /home/ilhan/bumperbot_ws/install/bumperbot_localization/include/include/bumperbot_localization/kalman_filter.hpp
[0.874s] -- Up-to-date symlink: /home/ilhan/bumperbot_ws/install/bumperbot_localization/lib/bumperbot_localization/kalman_filter
[0.875s] -- Up-to-date symlink: /home/ilhan/bumperbot_ws/install/bumperbot_localization/lib/bumperbot_localization/imu_republisher
[0.875s] -- Symlinking: /home/ilhan/bumperbot_ws/install/bumperbot_localization/share/bumperbot_localization/launch/global_localization.launch.py
[0.881s] -- Up-to-date symlink: /home/ilhan/bumperbot_ws/install/bumperbot_localization/share/bumperbot_localization/launch/local_localization.launch.py
[0.881s] -- Up-to-date symlink: /home/ilhan/bumperbot_ws/install/bumperbot_localization/share/bumperbot_localization/config/ekf.yaml
[0.881s] -- Up-to-date symlink: /home/ilhan/bumperbot_ws/install/bumperbot_localization/lib/bumperbot_localization/kalman_filter.py
[0.881s] -- Up-to-date symlink: /home/ilhan/bumperbot_ws/install/bumperbot_localization/lib/bumperbot_localization/imu_republisher.py
[0.882s] -- Up-to-date symlink: /home/ilhan/bumperbot_ws/install/bumperbot_localization/lib/bumperbot_localization/odometry_motion_model.py
[0.882s] -- Up-to-date symlink: /home/ilhan/bumperbot_ws/install/bumperbot_localization/share/ament_index/resource_index/package_run_dependencies/bumperbot_localization
[0.882s] -- Up-to-date symlink: /home/ilhan/bumperbot_ws/install/bumperbot_localization/share/ament_index/resource_index/parent_prefix_path/bumperbot_localization
[0.882s] -- Up-to-date symlink: /home/ilhan/bumperbot_ws/install/bumperbot_localization/share/bumperbot_localization/environment/ament_prefix_path.sh
[0.882s] -- Up-to-date symlink: /home/ilhan/bumperbot_ws/install/bumperbot_localization/share/bumperbot_localization/environment/ament_prefix_path.dsv
[0.882s] -- Up-to-date symlink: /home/ilhan/bumperbot_ws/install/bumperbot_localization/share/bumperbot_localization/environment/path.sh
[0.882s] -- Up-to-date symlink: /home/ilhan/bumperbot_ws/install/bumperbot_localization/share/bumperbot_localization/environment/path.dsv
[0.882s] -- Up-to-date symlink: /home/ilhan/bumperbot_ws/install/bumperbot_localization/share/bumperbot_localization/local_setup.bash
[0.882s] -- Up-to-date symlink: /home/ilhan/bumperbot_ws/install/bumperbot_localization/share/bumperbot_localization/local_setup.sh
[0.882s] -- Up-to-date symlink: /home/ilhan/bumperbot_ws/install/bumperbot_localization/share/bumperbot_localization/local_setup.zsh
[0.882s] -- Up-to-date symlink: /home/ilhan/bumperbot_ws/install/bumperbot_localization/share/bumperbot_localization/local_setup.dsv
[0.882s] -- Symlinking: /home/ilhan/bumperbot_ws/install/bumperbot_localization/share/bumperbot_localization/package.dsv
[0.888s] -- Up-to-date symlink: /home/ilhan/bumperbot_ws/install/bumperbot_localization/share/ament_index/resource_index/packages/bumperbot_localization
[0.888s] -- Up-to-date symlink: /home/ilhan/bumperbot_ws/install/bumperbot_localization/share/bumperbot_localization/cmake/bumperbot_localizationConfig.cmake
[0.888s] -- Up-to-date symlink: /home/ilhan/bumperbot_ws/install/bumperbot_localization/share/bumperbot_localization/cmake/bumperbot_localizationConfig-version.cmake
[0.888s] -- Up-to-date symlink: /home/ilhan/bumperbot_ws/install/bumperbot_localization/share/bumperbot_localization/package.xml
[0.915s] Listing '/home/ilhan/bumperbot_ws/install/bumperbot_localization/local/lib/python3.10/dist-packages/bumperbot_localization'...
[0.920s] Invoked command in '/home/ilhan/bumperbot_ws/build/bumperbot_localization' returned '0': CMAKE_PREFIX_PATH=${CMAKE_PREFIX_PATH}:/home/ilhan/bumperbot_ws/install/bumperbot_py_examples:/opt/ros/humble /usr/bin/cmake --install /home/ilhan/bumperbot_ws/build/bumperbot_localization
