[0.065s] DEBUG:colcon:Command line arguments: ['/usr/bin/colcon', 'build']
[0.065s] DEBUG:colcon:Parsed command line arguments: Namespace(log_base=None, log_level=None, verb_name='build', build_base='build', install_base='install', merge_install=False, symlink_install=False, test_result_base=None, continue_on_error=False, executor='parallel', parallel_workers=16, event_handlers=None, ignore_user_meta=False, metas=['./colcon.meta'], base_paths=['.'], packages_ignore=None, packages_ignore_regex=None, paths=None, packages_up_to=None, packages_up_to_regex=None, packages_above=None, packages_above_and_dependencies=None, packages_above_depth=None, packages_select_by_dep=None, packages_skip_by_dep=None, packages_skip_up_to=None, packages_select_build_failed=False, packages_skip_build_finished=False, packages_select_test_failures=False, packages_skip_test_passed=False, packages_select=None, packages_skip=None, packages_select_regex=None, packages_skip_regex=None, packages_start=None, packages_end=None, allow_overriding=[], cmake_args=None, cmake_target=None, cmake_target_skip_unavailable=False, cmake_clean_cache=False, cmake_clean_first=False, cmake_force_configure=False, ament_cmake_args=None, catkin_cmake_args=None, catkin_skip_building_tests=False, mixin_files=None, mixin=None, verb_parser=<colcon_mixin.mixin.mixin_argument.MixinArgumentDecorator object at 0x75d30b147520>, verb_extension=<colcon_core.verb.build.BuildVerb object at 0x75d30b252ce0>, main=<bound method BuildVerb.main of <colcon_core.verb.build.BuildVerb object at 0x75d30b252ce0>>, mixin_verb=('build',))
[0.155s] Level 1:colcon.colcon_core.package_discovery:discover_packages(colcon_meta) check parameters
[0.155s] Level 1:colcon.colcon_core.package_discovery:discover_packages(recursive) check parameters
[0.155s] Level 1:colcon.colcon_core.package_discovery:discover_packages(ignore) check parameters
[0.155s] Level 1:colcon.colcon_core.package_discovery:discover_packages(path) check parameters
[0.155s] Level 1:colcon.colcon_core.package_discovery:discover_packages(colcon_meta) discover
[0.155s] Level 1:colcon.colcon_core.package_discovery:discover_packages(recursive) discover
[0.155s] INFO:colcon.colcon_core.package_discovery:Crawling recursively for packages in '/home/ilhan/bumperbot_ws'
[0.155s] Level 1:colcon.colcon_core.package_identification:_identify(.) by extensions ['ignore', 'ignore_ament_install']
[0.155s] Level 1:colcon.colcon_core.package_identification:_identify(.) by extension 'ignore'
[0.155s] Level 1:colcon.colcon_core.package_identification:_identify(.) by extension 'ignore_ament_install'
[0.155s] Level 1:colcon.colcon_core.package_identification:_identify(.) by extensions ['colcon_pkg']
[0.155s] Level 1:colcon.colcon_core.package_identification:_identify(.) by extension 'colcon_pkg'
[0.155s] Level 1:colcon.colcon_core.package_identification:_identify(.) by extensions ['colcon_meta']
[0.155s] Level 1:colcon.colcon_core.package_identification:_identify(.) by extension 'colcon_meta'
[0.155s] Level 1:colcon.colcon_core.package_identification:_identify(.) by extensions ['ros']
[0.155s] Level 1:colcon.colcon_core.package_identification:_identify(.) by extension 'ros'
[0.162s] Level 1:colcon.colcon_core.package_identification:_identify(.) by extensions ['cmake', 'python']
[0.162s] Level 1:colcon.colcon_core.package_identification:_identify(.) by extension 'cmake'
[0.162s] Level 1:colcon.colcon_core.package_identification:_identify(.) by extension 'python'
[0.162s] Level 1:colcon.colcon_core.package_identification:_identify(.) by extensions ['python_setup_py']
[0.162s] Level 1:colcon.colcon_core.package_identification:_identify(.) by extension 'python_setup_py'
[0.162s] Level 1:colcon.colcon_core.package_identification:_identify(build) by extensions ['ignore', 'ignore_ament_install']
[0.162s] Level 1:colcon.colcon_core.package_identification:_identify(build) by extension 'ignore'
[0.162s] Level 1:colcon.colcon_core.package_identification:_identify(build) ignored
[0.162s] Level 1:colcon.colcon_core.package_identification:_identify(install) by extensions ['ignore', 'ignore_ament_install']
[0.162s] Level 1:colcon.colcon_core.package_identification:_identify(install) by extension 'ignore'
[0.162s] Level 1:colcon.colcon_core.package_identification:_identify(install) ignored
[0.162s] Level 1:colcon.colcon_core.package_identification:_identify(log) by extensions ['ignore', 'ignore_ament_install']
[0.162s] Level 1:colcon.colcon_core.package_identification:_identify(log) by extension 'ignore'
[0.162s] Level 1:colcon.colcon_core.package_identification:_identify(log) ignored
[0.162s] Level 1:colcon.colcon_core.package_identification:_identify(src) by extensions ['ignore', 'ignore_ament_install']
[0.162s] Level 1:colcon.colcon_core.package_identification:_identify(src) by extension 'ignore'
[0.162s] Level 1:colcon.colcon_core.package_identification:_identify(src) by extension 'ignore_ament_install'
[0.162s] Level 1:colcon.colcon_core.package_identification:_identify(src) by extensions ['colcon_pkg']
[0.162s] Level 1:colcon.colcon_core.package_identification:_identify(src) by extension 'colcon_pkg'
[0.162s] Level 1:colcon.colcon_core.package_identification:_identify(src) by extensions ['colcon_meta']
[0.162s] Level 1:colcon.colcon_core.package_identification:_identify(src) by extension 'colcon_meta'
[0.162s] Level 1:colcon.colcon_core.package_identification:_identify(src) by extensions ['ros']
[0.162s] Level 1:colcon.colcon_core.package_identification:_identify(src) by extension 'ros'
[0.162s] Level 1:colcon.colcon_core.package_identification:_identify(src) by extensions ['cmake', 'python']
[0.162s] Level 1:colcon.colcon_core.package_identification:_identify(src) by extension 'cmake'
[0.163s] Level 1:colcon.colcon_core.package_identification:_identify(src) by extension 'python'
[0.163s] Level 1:colcon.colcon_core.package_identification:_identify(src) by extensions ['python_setup_py']
[0.163s] Level 1:colcon.colcon_core.package_identification:_identify(src) by extension 'python_setup_py'
[0.163s] Level 1:colcon.colcon_core.package_identification:_identify(src/bumperbot_bringup) by extensions ['ignore', 'ignore_ament_install']
[0.163s] Level 1:colcon.colcon_core.package_identification:_identify(src/bumperbot_bringup) by extension 'ignore'
[0.163s] Level 1:colcon.colcon_core.package_identification:_identify(src/bumperbot_bringup) by extension 'ignore_ament_install'
[0.163s] Level 1:colcon.colcon_core.package_identification:_identify(src/bumperbot_bringup) by extensions ['colcon_pkg']
[0.163s] Level 1:colcon.colcon_core.package_identification:_identify(src/bumperbot_bringup) by extension 'colcon_pkg'
[0.163s] Level 1:colcon.colcon_core.package_identification:_identify(src/bumperbot_bringup) by extensions ['colcon_meta']
[0.163s] Level 1:colcon.colcon_core.package_identification:_identify(src/bumperbot_bringup) by extension 'colcon_meta'
[0.163s] Level 1:colcon.colcon_core.package_identification:_identify(src/bumperbot_bringup) by extensions ['ros']
[0.163s] Level 1:colcon.colcon_core.package_identification:_identify(src/bumperbot_bringup) by extension 'ros'
[0.164s] DEBUG:colcon.colcon_core.package_identification:Package 'src/bumperbot_bringup' with type 'ros.ament_cmake' and name 'bumperbot_bringup'
[0.164s] Level 1:colcon.colcon_core.package_identification:_identify(src/bumperbot_controller) by extensions ['ignore', 'ignore_ament_install']
[0.164s] Level 1:colcon.colcon_core.package_identification:_identify(src/bumperbot_controller) by extension 'ignore'
[0.164s] Level 1:colcon.colcon_core.package_identification:_identify(src/bumperbot_controller) by extension 'ignore_ament_install'
[0.164s] Level 1:colcon.colcon_core.package_identification:_identify(src/bumperbot_controller) by extensions ['colcon_pkg']
[0.164s] Level 1:colcon.colcon_core.package_identification:_identify(src/bumperbot_controller) by extension 'colcon_pkg'
[0.164s] Level 1:colcon.colcon_core.package_identification:_identify(src/bumperbot_controller) by extensions ['colcon_meta']
[0.164s] Level 1:colcon.colcon_core.package_identification:_identify(src/bumperbot_controller) by extension 'colcon_meta'
[0.164s] Level 1:colcon.colcon_core.package_identification:_identify(src/bumperbot_controller) by extensions ['ros']
[0.164s] Level 1:colcon.colcon_core.package_identification:_identify(src/bumperbot_controller) by extension 'ros'
[0.165s] DEBUG:colcon.colcon_core.package_identification:Package 'src/bumperbot_controller' with type 'ros.ament_cmake' and name 'bumperbot_controller'
[0.165s] Level 1:colcon.colcon_core.package_identification:_identify(src/bumperbot_cpp_examples) by extensions ['ignore', 'ignore_ament_install']
[0.165s] Level 1:colcon.colcon_core.package_identification:_identify(src/bumperbot_cpp_examples) by extension 'ignore'
[0.165s] Level 1:colcon.colcon_core.package_identification:_identify(src/bumperbot_cpp_examples) by extension 'ignore_ament_install'
[0.165s] Level 1:colcon.colcon_core.package_identification:_identify(src/bumperbot_cpp_examples) by extensions ['colcon_pkg']
[0.165s] Level 1:colcon.colcon_core.package_identification:_identify(src/bumperbot_cpp_examples) by extension 'colcon_pkg'
[0.165s] Level 1:colcon.colcon_core.package_identification:_identify(src/bumperbot_cpp_examples) by extensions ['colcon_meta']
[0.165s] Level 1:colcon.colcon_core.package_identification:_identify(src/bumperbot_cpp_examples) by extension 'colcon_meta'
[0.166s] Level 1:colcon.colcon_core.package_identification:_identify(src/bumperbot_cpp_examples) by extensions ['ros']
[0.166s] Level 1:colcon.colcon_core.package_identification:_identify(src/bumperbot_cpp_examples) by extension 'ros'
[0.166s] DEBUG:colcon.colcon_core.package_identification:Package 'src/bumperbot_cpp_examples' with type 'ros.ament_cmake' and name 'bumperbot_cpp_examples'
[0.166s] Level 1:colcon.colcon_core.package_identification:_identify(src/bumperbot_description) by extensions ['ignore', 'ignore_ament_install']
[0.166s] Level 1:colcon.colcon_core.package_identification:_identify(src/bumperbot_description) by extension 'ignore'
[0.166s] Level 1:colcon.colcon_core.package_identification:_identify(src/bumperbot_description) by extension 'ignore_ament_install'
[0.166s] Level 1:colcon.colcon_core.package_identification:_identify(src/bumperbot_description) by extensions ['colcon_pkg']
[0.166s] Level 1:colcon.colcon_core.package_identification:_identify(src/bumperbot_description) by extension 'colcon_pkg'
[0.166s] Level 1:colcon.colcon_core.package_identification:_identify(src/bumperbot_description) by extensions ['colcon_meta']
[0.166s] Level 1:colcon.colcon_core.package_identification:_identify(src/bumperbot_description) by extension 'colcon_meta'
[0.166s] Level 1:colcon.colcon_core.package_identification:_identify(src/bumperbot_description) by extensions ['ros']
[0.166s] Level 1:colcon.colcon_core.package_identification:_identify(src/bumperbot_description) by extension 'ros'
[0.168s] DEBUG:colcon.colcon_core.package_identification:Package 'src/bumperbot_description' with type 'ros.ament_cmake' and name 'bumperbot_description'
[0.168s] Level 1:colcon.colcon_core.package_identification:_identify(src/bumperbot_firmware) by extensions ['ignore', 'ignore_ament_install']
[0.168s] Level 1:colcon.colcon_core.package_identification:_identify(src/bumperbot_firmware) by extension 'ignore'
[0.168s] Level 1:colcon.colcon_core.package_identification:_identify(src/bumperbot_firmware) by extension 'ignore_ament_install'
[0.168s] Level 1:colcon.colcon_core.package_identification:_identify(src/bumperbot_firmware) by extensions ['colcon_pkg']
[0.168s] Level 1:colcon.colcon_core.package_identification:_identify(src/bumperbot_firmware) by extension 'colcon_pkg'
[0.168s] Level 1:colcon.colcon_core.package_identification:_identify(src/bumperbot_firmware) by extensions ['colcon_meta']
[0.168s] Level 1:colcon.colcon_core.package_identification:_identify(src/bumperbot_firmware) by extension 'colcon_meta'
[0.168s] Level 1:colcon.colcon_core.package_identification:_identify(src/bumperbot_firmware) by extensions ['ros']
[0.168s] Level 1:colcon.colcon_core.package_identification:_identify(src/bumperbot_firmware) by extension 'ros'
[0.168s] DEBUG:colcon.colcon_core.package_identification:Package 'src/bumperbot_firmware' with type 'ros.ament_cmake' and name 'bumperbot_firmware'
[0.169s] Level 1:colcon.colcon_core.package_identification:_identify(src/bumperbot_localization) by extensions ['ignore', 'ignore_ament_install']
[0.169s] Level 1:colcon.colcon_core.package_identification:_identify(src/bumperbot_localization) by extension 'ignore'
[0.169s] Level 1:colcon.colcon_core.package_identification:_identify(src/bumperbot_localization) by extension 'ignore_ament_install'
[0.169s] Level 1:colcon.colcon_core.package_identification:_identify(src/bumperbot_localization) by extensions ['colcon_pkg']
[0.169s] Level 1:colcon.colcon_core.package_identification:_identify(src/bumperbot_localization) by extension 'colcon_pkg'
[0.169s] Level 1:colcon.colcon_core.package_identification:_identify(src/bumperbot_localization) by extensions ['colcon_meta']
[0.169s] Level 1:colcon.colcon_core.package_identification:_identify(src/bumperbot_localization) by extension 'colcon_meta'
[0.169s] Level 1:colcon.colcon_core.package_identification:_identify(src/bumperbot_localization) by extensions ['ros']
[0.169s] Level 1:colcon.colcon_core.package_identification:_identify(src/bumperbot_localization) by extension 'ros'
[0.170s] DEBUG:colcon.colcon_core.package_identification:Package 'src/bumperbot_localization' with type 'ros.ament_cmake' and name 'bumperbot_localization'
[0.170s] Level 1:colcon.colcon_core.package_identification:_identify(src/bumperbot_msgs) by extensions ['ignore', 'ignore_ament_install']
[0.170s] Level 1:colcon.colcon_core.package_identification:_identify(src/bumperbot_msgs) by extension 'ignore'
[0.170s] Level 1:colcon.colcon_core.package_identification:_identify(src/bumperbot_msgs) by extension 'ignore_ament_install'
[0.170s] Level 1:colcon.colcon_core.package_identification:_identify(src/bumperbot_msgs) by extensions ['colcon_pkg']
[0.170s] Level 1:colcon.colcon_core.package_identification:_identify(src/bumperbot_msgs) by extension 'colcon_pkg'
[0.170s] Level 1:colcon.colcon_core.package_identification:_identify(src/bumperbot_msgs) by extensions ['colcon_meta']
[0.170s] Level 1:colcon.colcon_core.package_identification:_identify(src/bumperbot_msgs) by extension 'colcon_meta'
[0.170s] Level 1:colcon.colcon_core.package_identification:_identify(src/bumperbot_msgs) by extensions ['ros']
[0.170s] Level 1:colcon.colcon_core.package_identification:_identify(src/bumperbot_msgs) by extension 'ros'
[0.170s] DEBUG:colcon.colcon_core.package_identification:Package 'src/bumperbot_msgs' with type 'ros.ament_cmake' and name 'bumperbot_msgs'
[0.171s] Level 1:colcon.colcon_core.package_identification:_identify(src/bumperbot_py_examples) by extensions ['ignore', 'ignore_ament_install']
[0.171s] Level 1:colcon.colcon_core.package_identification:_identify(src/bumperbot_py_examples) by extension 'ignore'
[0.171s] Level 1:colcon.colcon_core.package_identification:_identify(src/bumperbot_py_examples) by extension 'ignore_ament_install'
[0.171s] Level 1:colcon.colcon_core.package_identification:_identify(src/bumperbot_py_examples) by extensions ['colcon_pkg']
[0.171s] Level 1:colcon.colcon_core.package_identification:_identify(src/bumperbot_py_examples) by extension 'colcon_pkg'
[0.171s] Level 1:colcon.colcon_core.package_identification:_identify(src/bumperbot_py_examples) by extensions ['colcon_meta']
[0.171s] Level 1:colcon.colcon_core.package_identification:_identify(src/bumperbot_py_examples) by extension 'colcon_meta'
[0.171s] Level 1:colcon.colcon_core.package_identification:_identify(src/bumperbot_py_examples) by extensions ['ros']
[0.171s] Level 1:colcon.colcon_core.package_identification:_identify(src/bumperbot_py_examples) by extension 'ros'
[0.171s] DEBUG:colcon.colcon_core.package_identification:Package 'src/bumperbot_py_examples' with type 'ros.ament_python' and name 'bumperbot_py_examples'
[0.171s] Level 1:colcon.colcon_core.package_discovery:discover_packages(recursive) using defaults
[0.171s] Level 1:colcon.colcon_core.package_discovery:discover_packages(ignore) discover
[0.171s] Level 1:colcon.colcon_core.package_discovery:discover_packages(ignore) using defaults
[0.171s] Level 1:colcon.colcon_core.package_discovery:discover_packages(path) discover
[0.171s] Level 1:colcon.colcon_core.package_discovery:discover_packages(path) using defaults
[0.191s] Level 1:colcon.colcon_core.package_discovery:discover_packages(prefix_path) check parameters
[0.191s] Level 1:colcon.colcon_core.package_discovery:discover_packages(prefix_path) discover
[0.192s] DEBUG:colcon.colcon_installed_package_information.package_discovery:Found 8 installed packages in /home/ilhan/bumperbot_ws/install
[0.193s] DEBUG:colcon.colcon_installed_package_information.package_discovery:Found 328 installed packages in /opt/ros/humble
[0.194s] Level 1:colcon.colcon_core.package_discovery:discover_packages(prefix_path) using defaults
[0.216s] Level 5:colcon.colcon_core.verb:set package 'bumperbot_bringup' build argument 'cmake_args' from command line to 'None'
[0.216s] Level 5:colcon.colcon_core.verb:set package 'bumperbot_bringup' build argument 'cmake_target' from command line to 'None'
[0.216s] Level 5:colcon.colcon_core.verb:set package 'bumperbot_bringup' build argument 'cmake_target_skip_unavailable' from command line to 'False'
[0.216s] Level 5:colcon.colcon_core.verb:set package 'bumperbot_bringup' build argument 'cmake_clean_cache' from command line to 'False'
[0.216s] Level 5:colcon.colcon_core.verb:set package 'bumperbot_bringup' build argument 'cmake_clean_first' from command line to 'False'
[0.216s] Level 5:colcon.colcon_core.verb:set package 'bumperbot_bringup' build argument 'cmake_force_configure' from command line to 'False'
[0.216s] Level 5:colcon.colcon_core.verb:set package 'bumperbot_bringup' build argument 'ament_cmake_args' from command line to 'None'
[0.216s] Level 5:colcon.colcon_core.verb:set package 'bumperbot_bringup' build argument 'catkin_cmake_args' from command line to 'None'
[0.216s] Level 5:colcon.colcon_core.verb:set package 'bumperbot_bringup' build argument 'catkin_skip_building_tests' from command line to 'False'
[0.216s] DEBUG:colcon.colcon_core.verb:Building package 'bumperbot_bringup' with the following arguments: {'ament_cmake_args': None, 'build_base': '/home/ilhan/bumperbot_ws/build/bumperbot_bringup', 'catkin_cmake_args': None, 'catkin_skip_building_tests': False, 'cmake_args': None, 'cmake_clean_cache': False, 'cmake_clean_first': False, 'cmake_force_configure': False, 'cmake_target': None, 'cmake_target_skip_unavailable': False, 'install_base': '/home/ilhan/bumperbot_ws/install/bumperbot_bringup', 'merge_install': False, 'path': '/home/ilhan/bumperbot_ws/src/bumperbot_bringup', 'symlink_install': False, 'test_result_base': None}
[0.216s] Level 5:colcon.colcon_core.verb:set package 'bumperbot_controller' build argument 'cmake_args' from command line to 'None'
[0.216s] Level 5:colcon.colcon_core.verb:set package 'bumperbot_controller' build argument 'cmake_target' from command line to 'None'
[0.216s] Level 5:colcon.colcon_core.verb:set package 'bumperbot_controller' build argument 'cmake_target_skip_unavailable' from command line to 'False'
[0.216s] Level 5:colcon.colcon_core.verb:set package 'bumperbot_controller' build argument 'cmake_clean_cache' from command line to 'False'
[0.216s] Level 5:colcon.colcon_core.verb:set package 'bumperbot_controller' build argument 'cmake_clean_first' from command line to 'False'
[0.216s] Level 5:colcon.colcon_core.verb:set package 'bumperbot_controller' build argument 'cmake_force_configure' from command line to 'False'
[0.216s] Level 5:colcon.colcon_core.verb:set package 'bumperbot_controller' build argument 'ament_cmake_args' from command line to 'None'
[0.216s] Level 5:colcon.colcon_core.verb:set package 'bumperbot_controller' build argument 'catkin_cmake_args' from command line to 'None'
[0.216s] Level 5:colcon.colcon_core.verb:set package 'bumperbot_controller' build argument 'catkin_skip_building_tests' from command line to 'False'
[0.216s] DEBUG:colcon.colcon_core.verb:Building package 'bumperbot_controller' with the following arguments: {'ament_cmake_args': None, 'build_base': '/home/ilhan/bumperbot_ws/build/bumperbot_controller', 'catkin_cmake_args': None, 'catkin_skip_building_tests': False, 'cmake_args': None, 'cmake_clean_cache': False, 'cmake_clean_first': False, 'cmake_force_configure': False, 'cmake_target': None, 'cmake_target_skip_unavailable': False, 'install_base': '/home/ilhan/bumperbot_ws/install/bumperbot_controller', 'merge_install': False, 'path': '/home/ilhan/bumperbot_ws/src/bumperbot_controller', 'symlink_install': False, 'test_result_base': None}
[0.217s] Level 5:colcon.colcon_core.verb:set package 'bumperbot_description' build argument 'cmake_args' from command line to 'None'
[0.217s] Level 5:colcon.colcon_core.verb:set package 'bumperbot_description' build argument 'cmake_target' from command line to 'None'
[0.217s] Level 5:colcon.colcon_core.verb:set package 'bumperbot_description' build argument 'cmake_target_skip_unavailable' from command line to 'False'
[0.217s] Level 5:colcon.colcon_core.verb:set package 'bumperbot_description' build argument 'cmake_clean_cache' from command line to 'False'
[0.217s] Level 5:colcon.colcon_core.verb:set package 'bumperbot_description' build argument 'cmake_clean_first' from command line to 'False'
[0.217s] Level 5:colcon.colcon_core.verb:set package 'bumperbot_description' build argument 'cmake_force_configure' from command line to 'False'
[0.217s] Level 5:colcon.colcon_core.verb:set package 'bumperbot_description' build argument 'ament_cmake_args' from command line to 'None'
[0.217s] Level 5:colcon.colcon_core.verb:set package 'bumperbot_description' build argument 'catkin_cmake_args' from command line to 'None'
[0.217s] Level 5:colcon.colcon_core.verb:set package 'bumperbot_description' build argument 'catkin_skip_building_tests' from command line to 'False'
[0.217s] DEBUG:colcon.colcon_core.verb:Building package 'bumperbot_description' with the following arguments: {'ament_cmake_args': None, 'build_base': '/home/ilhan/bumperbot_ws/build/bumperbot_description', 'catkin_cmake_args': None, 'catkin_skip_building_tests': False, 'cmake_args': None, 'cmake_clean_cache': False, 'cmake_clean_first': False, 'cmake_force_configure': False, 'cmake_target': None, 'cmake_target_skip_unavailable': False, 'install_base': '/home/ilhan/bumperbot_ws/install/bumperbot_description', 'merge_install': False, 'path': '/home/ilhan/bumperbot_ws/src/bumperbot_description', 'symlink_install': False, 'test_result_base': None}
[0.217s] Level 5:colcon.colcon_core.verb:set package 'bumperbot_firmware' build argument 'cmake_args' from command line to 'None'
[0.217s] Level 5:colcon.colcon_core.verb:set package 'bumperbot_firmware' build argument 'cmake_target' from command line to 'None'
[0.217s] Level 5:colcon.colcon_core.verb:set package 'bumperbot_firmware' build argument 'cmake_target_skip_unavailable' from command line to 'False'
[0.217s] Level 5:colcon.colcon_core.verb:set package 'bumperbot_firmware' build argument 'cmake_clean_cache' from command line to 'False'
[0.217s] Level 5:colcon.colcon_core.verb:set package 'bumperbot_firmware' build argument 'cmake_clean_first' from command line to 'False'
[0.217s] Level 5:colcon.colcon_core.verb:set package 'bumperbot_firmware' build argument 'cmake_force_configure' from command line to 'False'
[0.217s] Level 5:colcon.colcon_core.verb:set package 'bumperbot_firmware' build argument 'ament_cmake_args' from command line to 'None'
[0.217s] Level 5:colcon.colcon_core.verb:set package 'bumperbot_firmware' build argument 'catkin_cmake_args' from command line to 'None'
[0.217s] Level 5:colcon.colcon_core.verb:set package 'bumperbot_firmware' build argument 'catkin_skip_building_tests' from command line to 'False'
[0.217s] DEBUG:colcon.colcon_core.verb:Building package 'bumperbot_firmware' with the following arguments: {'ament_cmake_args': None, 'build_base': '/home/ilhan/bumperbot_ws/build/bumperbot_firmware', 'catkin_cmake_args': None, 'catkin_skip_building_tests': False, 'cmake_args': None, 'cmake_clean_cache': False, 'cmake_clean_first': False, 'cmake_force_configure': False, 'cmake_target': None, 'cmake_target_skip_unavailable': False, 'install_base': '/home/ilhan/bumperbot_ws/install/bumperbot_firmware', 'merge_install': False, 'path': '/home/ilhan/bumperbot_ws/src/bumperbot_firmware', 'symlink_install': False, 'test_result_base': None}
[0.217s] Level 5:colcon.colcon_core.verb:set package 'bumperbot_localization' build argument 'cmake_args' from command line to 'None'
[0.217s] Level 5:colcon.colcon_core.verb:set package 'bumperbot_localization' build argument 'cmake_target' from command line to 'None'
[0.217s] Level 5:colcon.colcon_core.verb:set package 'bumperbot_localization' build argument 'cmake_target_skip_unavailable' from command line to 'False'
[0.217s] Level 5:colcon.colcon_core.verb:set package 'bumperbot_localization' build argument 'cmake_clean_cache' from command line to 'False'
[0.217s] Level 5:colcon.colcon_core.verb:set package 'bumperbot_localization' build argument 'cmake_clean_first' from command line to 'False'
[0.217s] Level 5:colcon.colcon_core.verb:set package 'bumperbot_localization' build argument 'cmake_force_configure' from command line to 'False'
[0.217s] Level 5:colcon.colcon_core.verb:set package 'bumperbot_localization' build argument 'ament_cmake_args' from command line to 'None'
[0.217s] Level 5:colcon.colcon_core.verb:set package 'bumperbot_localization' build argument 'catkin_cmake_args' from command line to 'None'
[0.217s] Level 5:colcon.colcon_core.verb:set package 'bumperbot_localization' build argument 'catkin_skip_building_tests' from command line to 'False'
[0.217s] DEBUG:colcon.colcon_core.verb:Building package 'bumperbot_localization' with the following arguments: {'ament_cmake_args': None, 'build_base': '/home/ilhan/bumperbot_ws/build/bumperbot_localization', 'catkin_cmake_args': None, 'catkin_skip_building_tests': False, 'cmake_args': None, 'cmake_clean_cache': False, 'cmake_clean_first': False, 'cmake_force_configure': False, 'cmake_target': None, 'cmake_target_skip_unavailable': False, 'install_base': '/home/ilhan/bumperbot_ws/install/bumperbot_localization', 'merge_install': False, 'path': '/home/ilhan/bumperbot_ws/src/bumperbot_localization', 'symlink_install': False, 'test_result_base': None}
[0.217s] Level 5:colcon.colcon_core.verb:set package 'bumperbot_msgs' build argument 'cmake_args' from command line to 'None'
[0.217s] Level 5:colcon.colcon_core.verb:set package 'bumperbot_msgs' build argument 'cmake_target' from command line to 'None'
[0.218s] Level 5:colcon.colcon_core.verb:set package 'bumperbot_msgs' build argument 'cmake_target_skip_unavailable' from command line to 'False'
[0.218s] Level 5:colcon.colcon_core.verb:set package 'bumperbot_msgs' build argument 'cmake_clean_cache' from command line to 'False'
[0.218s] Level 5:colcon.colcon_core.verb:set package 'bumperbot_msgs' build argument 'cmake_clean_first' from command line to 'False'
[0.218s] Level 5:colcon.colcon_core.verb:set package 'bumperbot_msgs' build argument 'cmake_force_configure' from command line to 'False'
[0.218s] Level 5:colcon.colcon_core.verb:set package 'bumperbot_msgs' build argument 'ament_cmake_args' from command line to 'None'
[0.218s] Level 5:colcon.colcon_core.verb:set package 'bumperbot_msgs' build argument 'catkin_cmake_args' from command line to 'None'
[0.218s] Level 5:colcon.colcon_core.verb:set package 'bumperbot_msgs' build argument 'catkin_skip_building_tests' from command line to 'False'
[0.218s] DEBUG:colcon.colcon_core.verb:Building package 'bumperbot_msgs' with the following arguments: {'ament_cmake_args': None, 'build_base': '/home/ilhan/bumperbot_ws/build/bumperbot_msgs', 'catkin_cmake_args': None, 'catkin_skip_building_tests': False, 'cmake_args': None, 'cmake_clean_cache': False, 'cmake_clean_first': False, 'cmake_force_configure': False, 'cmake_target': None, 'cmake_target_skip_unavailable': False, 'install_base': '/home/ilhan/bumperbot_ws/install/bumperbot_msgs', 'merge_install': False, 'path': '/home/ilhan/bumperbot_ws/src/bumperbot_msgs', 'symlink_install': False, 'test_result_base': None}
[0.218s] Level 5:colcon.colcon_core.verb:set package 'bumperbot_cpp_examples' build argument 'cmake_args' from command line to 'None'
[0.218s] Level 5:colcon.colcon_core.verb:set package 'bumperbot_cpp_examples' build argument 'cmake_target' from command line to 'None'
[0.218s] Level 5:colcon.colcon_core.verb:set package 'bumperbot_cpp_examples' build argument 'cmake_target_skip_unavailable' from command line to 'False'
[0.218s] Level 5:colcon.colcon_core.verb:set package 'bumperbot_cpp_examples' build argument 'cmake_clean_cache' from command line to 'False'
[0.218s] Level 5:colcon.colcon_core.verb:set package 'bumperbot_cpp_examples' build argument 'cmake_clean_first' from command line to 'False'
[0.218s] Level 5:colcon.colcon_core.verb:set package 'bumperbot_cpp_examples' build argument 'cmake_force_configure' from command line to 'False'
[0.218s] Level 5:colcon.colcon_core.verb:set package 'bumperbot_cpp_examples' build argument 'ament_cmake_args' from command line to 'None'
[0.218s] Level 5:colcon.colcon_core.verb:set package 'bumperbot_cpp_examples' build argument 'catkin_cmake_args' from command line to 'None'
[0.218s] Level 5:colcon.colcon_core.verb:set package 'bumperbot_cpp_examples' build argument 'catkin_skip_building_tests' from command line to 'False'
[0.218s] DEBUG:colcon.colcon_core.verb:Building package 'bumperbot_cpp_examples' with the following arguments: {'ament_cmake_args': None, 'build_base': '/home/ilhan/bumperbot_ws/build/bumperbot_cpp_examples', 'catkin_cmake_args': None, 'catkin_skip_building_tests': False, 'cmake_args': None, 'cmake_clean_cache': False, 'cmake_clean_first': False, 'cmake_force_configure': False, 'cmake_target': None, 'cmake_target_skip_unavailable': False, 'install_base': '/home/ilhan/bumperbot_ws/install/bumperbot_cpp_examples', 'merge_install': False, 'path': '/home/ilhan/bumperbot_ws/src/bumperbot_cpp_examples', 'symlink_install': False, 'test_result_base': None}
[0.218s] Level 5:colcon.colcon_core.verb:set package 'bumperbot_py_examples' build argument 'cmake_args' from command line to 'None'
[0.218s] Level 5:colcon.colcon_core.verb:set package 'bumperbot_py_examples' build argument 'cmake_target' from command line to 'None'
[0.218s] Level 5:colcon.colcon_core.verb:set package 'bumperbot_py_examples' build argument 'cmake_target_skip_unavailable' from command line to 'False'
[0.218s] Level 5:colcon.colcon_core.verb:set package 'bumperbot_py_examples' build argument 'cmake_clean_cache' from command line to 'False'
[0.218s] Level 5:colcon.colcon_core.verb:set package 'bumperbot_py_examples' build argument 'cmake_clean_first' from command line to 'False'
[0.218s] Level 5:colcon.colcon_core.verb:set package 'bumperbot_py_examples' build argument 'cmake_force_configure' from command line to 'False'
[0.218s] Level 5:colcon.colcon_core.verb:set package 'bumperbot_py_examples' build argument 'ament_cmake_args' from command line to 'None'
[0.218s] Level 5:colcon.colcon_core.verb:set package 'bumperbot_py_examples' build argument 'catkin_cmake_args' from command line to 'None'
[0.218s] Level 5:colcon.colcon_core.verb:set package 'bumperbot_py_examples' build argument 'catkin_skip_building_tests' from command line to 'False'
[0.218s] DEBUG:colcon.colcon_core.verb:Building package 'bumperbot_py_examples' with the following arguments: {'ament_cmake_args': None, 'build_base': '/home/ilhan/bumperbot_ws/build/bumperbot_py_examples', 'catkin_cmake_args': None, 'catkin_skip_building_tests': False, 'cmake_args': None, 'cmake_clean_cache': False, 'cmake_clean_first': False, 'cmake_force_configure': False, 'cmake_target': None, 'cmake_target_skip_unavailable': False, 'install_base': '/home/ilhan/bumperbot_ws/install/bumperbot_py_examples', 'merge_install': False, 'path': '/home/ilhan/bumperbot_ws/src/bumperbot_py_examples', 'symlink_install': False, 'test_result_base': None}
[0.218s] INFO:colcon.colcon_core.executor:Executing jobs using 'parallel' executor
[0.219s] DEBUG:colcon.colcon_parallel_executor.executor.parallel:run_until_complete
[0.219s] INFO:colcon.colcon_ros.task.ament_cmake.build:Building ROS package in '/home/ilhan/bumperbot_ws/src/bumperbot_msgs' with build type 'ament_cmake'
[0.219s] INFO:colcon.colcon_cmake.task.cmake.build:Building CMake package in '/home/ilhan/bumperbot_ws/src/bumperbot_msgs'
[0.221s] INFO:colcon.colcon_core.plugin_system:Skipping extension 'colcon_core.shell.bat': Not used on non-Windows systems
[0.221s] INFO:colcon.colcon_core.shell:Skip shell extension 'powershell' for command environment: Not usable outside of PowerShell
[0.221s] DEBUG:colcon.colcon_core.shell:Skip shell extension 'dsv' for command environment
[0.223s] INFO:colcon.colcon_ros.task.ament_cmake.build:Building ROS package in '/home/ilhan/bumperbot_ws/src/bumperbot_bringup' with build type 'ament_cmake'
[0.223s] INFO:colcon.colcon_cmake.task.cmake.build:Building CMake package in '/home/ilhan/bumperbot_ws/src/bumperbot_bringup'
[0.223s] INFO:colcon.colcon_core.shell:Skip shell extension 'powershell' for command environment: Not usable outside of PowerShell
[0.223s] DEBUG:colcon.colcon_core.shell:Skip shell extension 'dsv' for command environment
[0.225s] INFO:colcon.colcon_ros.task.ament_cmake.build:Building ROS package in '/home/ilhan/bumperbot_ws/src/bumperbot_controller' with build type 'ament_cmake'
[0.225s] INFO:colcon.colcon_cmake.task.cmake.build:Building CMake package in '/home/ilhan/bumperbot_ws/src/bumperbot_controller'
[0.226s] INFO:colcon.colcon_core.shell:Skip shell extension 'powershell' for command environment: Not usable outside of PowerShell
[0.226s] DEBUG:colcon.colcon_core.shell:Skip shell extension 'dsv' for command environment
[0.227s] INFO:colcon.colcon_ros.task.ament_cmake.build:Building ROS package in '/home/ilhan/bumperbot_ws/src/bumperbot_description' with build type 'ament_cmake'
[0.227s] INFO:colcon.colcon_cmake.task.cmake.build:Building CMake package in '/home/ilhan/bumperbot_ws/src/bumperbot_description'
[0.227s] INFO:colcon.colcon_core.shell:Skip shell extension 'powershell' for command environment: Not usable outside of PowerShell
[0.227s] DEBUG:colcon.colcon_core.shell:Skip shell extension 'dsv' for command environment
[0.229s] INFO:colcon.colcon_ros.task.ament_cmake.build:Building ROS package in '/home/ilhan/bumperbot_ws/src/bumperbot_firmware' with build type 'ament_cmake'
[0.229s] INFO:colcon.colcon_cmake.task.cmake.build:Building CMake package in '/home/ilhan/bumperbot_ws/src/bumperbot_firmware'
[0.229s] INFO:colcon.colcon_core.shell:Skip shell extension 'powershell' for command environment: Not usable outside of PowerShell
[0.229s] DEBUG:colcon.colcon_core.shell:Skip shell extension 'dsv' for command environment
[0.231s] INFO:colcon.colcon_ros.task.ament_cmake.build:Building ROS package in '/home/ilhan/bumperbot_ws/src/bumperbot_localization' with build type 'ament_cmake'
[0.231s] INFO:colcon.colcon_cmake.task.cmake.build:Building CMake package in '/home/ilhan/bumperbot_ws/src/bumperbot_localization'
[0.231s] INFO:colcon.colcon_core.shell:Skip shell extension 'powershell' for command environment: Not usable outside of PowerShell
[0.232s] DEBUG:colcon.colcon_core.shell:Skip shell extension 'dsv' for command environment
[0.237s] DEBUG:colcon.colcon_core.event_handler.log_command:Invoking command in '/home/ilhan/bumperbot_ws/build/bumperbot_msgs': CMAKE_PREFIX_PATH=${CMAKE_PREFIX_PATH}:/home/ilhan/bumperbot_ws/install/bumperbot_py_examples:/opt/ros/humble /usr/bin/cmake --build /home/ilhan/bumperbot_ws/build/bumperbot_msgs -- -j16 -l16
[0.239s] DEBUG:colcon.colcon_core.event_handler.log_command:Invoking command in '/home/ilhan/bumperbot_ws/build/bumperbot_bringup': CMAKE_PREFIX_PATH=${CMAKE_PREFIX_PATH}:/home/ilhan/bumperbot_ws/install/bumperbot_py_examples:/opt/ros/humble /usr/bin/cmake --build /home/ilhan/bumperbot_ws/build/bumperbot_bringup -- -j16 -l16
[0.240s] DEBUG:colcon.colcon_core.event_handler.log_command:Invoking command in '/home/ilhan/bumperbot_ws/build/bumperbot_controller': CMAKE_PREFIX_PATH=${CMAKE_PREFIX_PATH}:/home/ilhan/bumperbot_ws/install/bumperbot_py_examples:/opt/ros/humble /usr/bin/cmake --build /home/ilhan/bumperbot_ws/build/bumperbot_controller -- -j16 -l16
[0.242s] DEBUG:colcon.colcon_core.event_handler.log_command:Invoking command in '/home/ilhan/bumperbot_ws/build/bumperbot_description': CMAKE_PREFIX_PATH=${CMAKE_PREFIX_PATH}:/home/ilhan/bumperbot_ws/install/bumperbot_py_examples:/opt/ros/humble /usr/bin/cmake --build /home/ilhan/bumperbot_ws/build/bumperbot_description -- -j16 -l16
[0.245s] DEBUG:colcon.colcon_core.event_handler.log_command:Invoking command in '/home/ilhan/bumperbot_ws/build/bumperbot_firmware': CMAKE_PREFIX_PATH=${CMAKE_PREFIX_PATH}:/home/ilhan/bumperbot_ws/install/bumperbot_py_examples:/opt/ros/humble /usr/bin/cmake --build /home/ilhan/bumperbot_ws/build/bumperbot_firmware -- -j16 -l16
[0.251s] DEBUG:colcon.colcon_core.event_handler.log_command:Invoking command in '/home/ilhan/bumperbot_ws/build/bumperbot_localization': CMAKE_PREFIX_PATH=${CMAKE_PREFIX_PATH}:/home/ilhan/bumperbot_ws/install/bumperbot_py_examples:/opt/ros/humble /usr/bin/cmake --build /home/ilhan/bumperbot_ws/build/bumperbot_localization -- -j16 -l16
[0.266s] DEBUG:colcon.colcon_core.event_handler.log_command:Invoked command in '/home/ilhan/bumperbot_ws/build/bumperbot_bringup' returned '0': CMAKE_PREFIX_PATH=${CMAKE_PREFIX_PATH}:/home/ilhan/bumperbot_ws/install/bumperbot_py_examples:/opt/ros/humble /usr/bin/cmake --build /home/ilhan/bumperbot_ws/build/bumperbot_bringup -- -j16 -l16
[0.275s] DEBUG:colcon.colcon_core.event_handler.log_command:Invoking command in '/home/ilhan/bumperbot_ws/build/bumperbot_bringup': CMAKE_PREFIX_PATH=${CMAKE_PREFIX_PATH}:/home/ilhan/bumperbot_ws/install/bumperbot_py_examples:/opt/ros/humble /usr/bin/cmake --install /home/ilhan/bumperbot_ws/build/bumperbot_bringup
[0.276s] DEBUG:colcon.colcon_core.event_handler.log_command:Invoked command in '/home/ilhan/bumperbot_ws/build/bumperbot_description' returned '0': CMAKE_PREFIX_PATH=${CMAKE_PREFIX_PATH}:/home/ilhan/bumperbot_ws/install/bumperbot_py_examples:/opt/ros/humble /usr/bin/cmake --build /home/ilhan/bumperbot_ws/build/bumperbot_description -- -j16 -l16
[0.278s] DEBUG:colcon.colcon_core.event_handler.log_command:Invoking command in '/home/ilhan/bumperbot_ws/build/bumperbot_description': CMAKE_PREFIX_PATH=${CMAKE_PREFIX_PATH}:/home/ilhan/bumperbot_ws/install/bumperbot_py_examples:/opt/ros/humble /usr/bin/cmake --install /home/ilhan/bumperbot_ws/build/bumperbot_description
[0.296s] Level 1:colcon.colcon_core.environment:create_environment_scripts_only(bumperbot_description)
[0.298s] DEBUG:colcon.colcon_core.event_handler.log_command:Invoked command in '/home/ilhan/bumperbot_ws/build/bumperbot_description' returned '0': CMAKE_PREFIX_PATH=${CMAKE_PREFIX_PATH}:/home/ilhan/bumperbot_ws/install/bumperbot_py_examples:/opt/ros/humble /usr/bin/cmake --install /home/ilhan/bumperbot_ws/build/bumperbot_description
[0.301s] Level 1:colcon.colcon_core.environment:checking '/home/ilhan/bumperbot_ws/install/bumperbot_description' for CMake module files
[0.302s] Level 1:colcon.colcon_core.environment:checking '/home/ilhan/bumperbot_ws/install/bumperbot_description' for CMake config files
[0.303s] Level 1:colcon.colcon_core.shell:create_environment_hook('bumperbot_description', 'cmake_prefix_path')
[0.303s] INFO:colcon.colcon_core.shell:Creating environment hook '/home/ilhan/bumperbot_ws/install/bumperbot_description/share/bumperbot_description/hook/cmake_prefix_path.ps1'
[0.305s] INFO:colcon.colcon_core.shell:Creating environment descriptor '/home/ilhan/bumperbot_ws/install/bumperbot_description/share/bumperbot_description/hook/cmake_prefix_path.dsv'
[0.306s] INFO:colcon.colcon_core.shell:Creating environment hook '/home/ilhan/bumperbot_ws/install/bumperbot_description/share/bumperbot_description/hook/cmake_prefix_path.sh'
[0.307s] Level 1:colcon.colcon_core.environment:checking '/home/ilhan/bumperbot_ws/install/bumperbot_description/bin'
[0.307s] Level 1:colcon.colcon_core.environment:checking '/home/ilhan/bumperbot_ws/install/bumperbot_description/lib/pkgconfig/bumperbot_description.pc'
[0.308s] Level 1:colcon.colcon_core.environment:checking '/home/ilhan/bumperbot_ws/install/bumperbot_description/lib/python3.10/site-packages'
[0.308s] Level 1:colcon.colcon_core.environment:checking '/home/ilhan/bumperbot_ws/install/bumperbot_description/bin'
[0.308s] INFO:colcon.colcon_core.shell:Creating package script '/home/ilhan/bumperbot_ws/install/bumperbot_description/share/bumperbot_description/package.ps1'
[0.309s] INFO:colcon.colcon_core.shell:Creating package descriptor '/home/ilhan/bumperbot_ws/install/bumperbot_description/share/bumperbot_description/package.dsv'
[0.310s] INFO:colcon.colcon_core.shell:Creating package script '/home/ilhan/bumperbot_ws/install/bumperbot_description/share/bumperbot_description/package.sh'
[0.311s] INFO:colcon.colcon_core.shell:Creating package script '/home/ilhan/bumperbot_ws/install/bumperbot_description/share/bumperbot_description/package.bash'
[0.312s] INFO:colcon.colcon_core.shell:Creating package script '/home/ilhan/bumperbot_ws/install/bumperbot_description/share/bumperbot_description/package.zsh'
[0.313s] Level 1:colcon.colcon_core.environment:create_file_with_runtime_dependencies(/home/ilhan/bumperbot_ws/install/bumperbot_description/share/colcon-core/packages/bumperbot_description)
[0.314s] Level 1:colcon.colcon_core.environment:create_environment_scripts_only(bumperbot_description)
[0.314s] Level 1:colcon.colcon_core.environment:checking '/home/ilhan/bumperbot_ws/install/bumperbot_description' for CMake module files
[0.315s] Level 1:colcon.colcon_core.environment:checking '/home/ilhan/bumperbot_ws/install/bumperbot_description' for CMake config files
[0.315s] Level 1:colcon.colcon_core.shell:create_environment_hook('bumperbot_description', 'cmake_prefix_path')
[0.315s] INFO:colcon.colcon_core.shell:Creating environment hook '/home/ilhan/bumperbot_ws/install/bumperbot_description/share/bumperbot_description/hook/cmake_prefix_path.ps1'
[0.316s] INFO:colcon.colcon_core.shell:Creating environment descriptor '/home/ilhan/bumperbot_ws/install/bumperbot_description/share/bumperbot_description/hook/cmake_prefix_path.dsv'
[0.316s] INFO:colcon.colcon_core.shell:Creating environment hook '/home/ilhan/bumperbot_ws/install/bumperbot_description/share/bumperbot_description/hook/cmake_prefix_path.sh'
[0.317s] Level 1:colcon.colcon_core.environment:checking '/home/ilhan/bumperbot_ws/install/bumperbot_description/bin'
[0.317s] Level 1:colcon.colcon_core.environment:checking '/home/ilhan/bumperbot_ws/install/bumperbot_description/lib/pkgconfig/bumperbot_description.pc'
[0.317s] Level 1:colcon.colcon_core.environment:checking '/home/ilhan/bumperbot_ws/install/bumperbot_description/lib/python3.10/site-packages'
[0.317s] Level 1:colcon.colcon_core.environment:checking '/home/ilhan/bumperbot_ws/install/bumperbot_description/bin'
[0.317s] INFO:colcon.colcon_core.shell:Creating package script '/home/ilhan/bumperbot_ws/install/bumperbot_description/share/bumperbot_description/package.ps1'
[0.318s] INFO:colcon.colcon_core.shell:Creating package descriptor '/home/ilhan/bumperbot_ws/install/bumperbot_description/share/bumperbot_description/package.dsv'
[0.319s] INFO:colcon.colcon_core.shell:Creating package script '/home/ilhan/bumperbot_ws/install/bumperbot_description/share/bumperbot_description/package.sh'
[0.319s] INFO:colcon.colcon_core.shell:Creating package script '/home/ilhan/bumperbot_ws/install/bumperbot_description/share/bumperbot_description/package.bash'
[0.320s] INFO:colcon.colcon_core.shell:Creating package script '/home/ilhan/bumperbot_ws/install/bumperbot_description/share/bumperbot_description/package.zsh'
[0.320s] Level 1:colcon.colcon_core.environment:create_file_with_runtime_dependencies(/home/ilhan/bumperbot_ws/install/bumperbot_description/share/colcon-core/packages/bumperbot_description)
[0.320s] Level 1:colcon.colcon_core.environment:create_environment_scripts_only(bumperbot_bringup)
[0.321s] Level 1:colcon.colcon_core.environment:checking '/home/ilhan/bumperbot_ws/install/bumperbot_bringup' for CMake module files
[0.322s] DEBUG:colcon.colcon_core.event_handler.log_command:Invoked command in '/home/ilhan/bumperbot_ws/build/bumperbot_bringup' returned '0': CMAKE_PREFIX_PATH=${CMAKE_PREFIX_PATH}:/home/ilhan/bumperbot_ws/install/bumperbot_py_examples:/opt/ros/humble /usr/bin/cmake --install /home/ilhan/bumperbot_ws/build/bumperbot_bringup
[0.322s] Level 1:colcon.colcon_core.environment:checking '/home/ilhan/bumperbot_ws/install/bumperbot_bringup' for CMake config files
[0.323s] Level 1:colcon.colcon_core.shell:create_environment_hook('bumperbot_bringup', 'cmake_prefix_path')
[0.323s] INFO:colcon.colcon_core.shell:Creating environment hook '/home/ilhan/bumperbot_ws/install/bumperbot_bringup/share/bumperbot_bringup/hook/cmake_prefix_path.ps1'
[0.324s] INFO:colcon.colcon_core.shell:Creating environment descriptor '/home/ilhan/bumperbot_ws/install/bumperbot_bringup/share/bumperbot_bringup/hook/cmake_prefix_path.dsv'
[0.324s] INFO:colcon.colcon_core.shell:Creating environment hook '/home/ilhan/bumperbot_ws/install/bumperbot_bringup/share/bumperbot_bringup/hook/cmake_prefix_path.sh'
[0.325s] Level 1:colcon.colcon_core.environment:checking '/home/ilhan/bumperbot_ws/install/bumperbot_bringup/bin'
[0.325s] Level 1:colcon.colcon_core.environment:checking '/home/ilhan/bumperbot_ws/install/bumperbot_bringup/lib/pkgconfig/bumperbot_bringup.pc'
[0.325s] Level 1:colcon.colcon_core.environment:checking '/home/ilhan/bumperbot_ws/install/bumperbot_bringup/lib/python3.10/site-packages'
[0.325s] Level 1:colcon.colcon_core.environment:checking '/home/ilhan/bumperbot_ws/install/bumperbot_bringup/bin'
[0.326s] INFO:colcon.colcon_core.shell:Creating package script '/home/ilhan/bumperbot_ws/install/bumperbot_bringup/share/bumperbot_bringup/package.ps1'
[0.326s] INFO:colcon.colcon_core.shell:Creating package descriptor '/home/ilhan/bumperbot_ws/install/bumperbot_bringup/share/bumperbot_bringup/package.dsv'
[0.327s] INFO:colcon.colcon_core.shell:Creating package script '/home/ilhan/bumperbot_ws/install/bumperbot_bringup/share/bumperbot_bringup/package.sh'
[0.327s] INFO:colcon.colcon_core.shell:Creating package script '/home/ilhan/bumperbot_ws/install/bumperbot_bringup/share/bumperbot_bringup/package.bash'
[0.328s] INFO:colcon.colcon_core.shell:Creating package script '/home/ilhan/bumperbot_ws/install/bumperbot_bringup/share/bumperbot_bringup/package.zsh'
[0.328s] Level 1:colcon.colcon_core.environment:create_file_with_runtime_dependencies(/home/ilhan/bumperbot_ws/install/bumperbot_bringup/share/colcon-core/packages/bumperbot_bringup)
[0.328s] Level 1:colcon.colcon_core.environment:create_environment_scripts_only(bumperbot_bringup)
[0.328s] Level 1:colcon.colcon_core.environment:checking '/home/ilhan/bumperbot_ws/install/bumperbot_bringup' for CMake module files
[0.328s] Level 1:colcon.colcon_core.environment:checking '/home/ilhan/bumperbot_ws/install/bumperbot_bringup' for CMake config files
[0.329s] Level 1:colcon.colcon_core.shell:create_environment_hook('bumperbot_bringup', 'cmake_prefix_path')
[0.329s] INFO:colcon.colcon_core.shell:Creating environment hook '/home/ilhan/bumperbot_ws/install/bumperbot_bringup/share/bumperbot_bringup/hook/cmake_prefix_path.ps1'
[0.329s] INFO:colcon.colcon_core.shell:Creating environment descriptor '/home/ilhan/bumperbot_ws/install/bumperbot_bringup/share/bumperbot_bringup/hook/cmake_prefix_path.dsv'
[0.329s] INFO:colcon.colcon_core.shell:Creating environment hook '/home/ilhan/bumperbot_ws/install/bumperbot_bringup/share/bumperbot_bringup/hook/cmake_prefix_path.sh'
[0.329s] Level 1:colcon.colcon_core.environment:checking '/home/ilhan/bumperbot_ws/install/bumperbot_bringup/bin'
[0.329s] Level 1:colcon.colcon_core.environment:checking '/home/ilhan/bumperbot_ws/install/bumperbot_bringup/lib/pkgconfig/bumperbot_bringup.pc'
[0.330s] Level 1:colcon.colcon_core.environment:checking '/home/ilhan/bumperbot_ws/install/bumperbot_bringup/lib/python3.10/site-packages'
[0.330s] Level 1:colcon.colcon_core.environment:checking '/home/ilhan/bumperbot_ws/install/bumperbot_bringup/bin'
[0.330s] INFO:colcon.colcon_core.shell:Creating package script '/home/ilhan/bumperbot_ws/install/bumperbot_bringup/share/bumperbot_bringup/package.ps1'
[0.330s] INFO:colcon.colcon_core.shell:Creating package descriptor '/home/ilhan/bumperbot_ws/install/bumperbot_bringup/share/bumperbot_bringup/package.dsv'
[0.330s] INFO:colcon.colcon_core.shell:Creating package script '/home/ilhan/bumperbot_ws/install/bumperbot_bringup/share/bumperbot_bringup/package.sh'
[0.331s] INFO:colcon.colcon_core.shell:Creating package script '/home/ilhan/bumperbot_ws/install/bumperbot_bringup/share/bumperbot_bringup/package.bash'
[0.331s] INFO:colcon.colcon_core.shell:Creating package script '/home/ilhan/bumperbot_ws/install/bumperbot_bringup/share/bumperbot_bringup/package.zsh'
[0.331s] Level 1:colcon.colcon_core.environment:create_file_with_runtime_dependencies(/home/ilhan/bumperbot_ws/install/bumperbot_bringup/share/colcon-core/packages/bumperbot_bringup)
[0.493s] DEBUG:colcon.colcon_core.event_handler.log_command:Invoked command in '/home/ilhan/bumperbot_ws/build/bumperbot_msgs' returned '0': CMAKE_PREFIX_PATH=${CMAKE_PREFIX_PATH}:/home/ilhan/bumperbot_ws/install/bumperbot_py_examples:/opt/ros/humble /usr/bin/cmake --build /home/ilhan/bumperbot_ws/build/bumperbot_msgs -- -j16 -l16
[0.494s] DEBUG:colcon.colcon_core.event_handler.log_command:Invoking command in '/home/ilhan/bumperbot_ws/build/bumperbot_msgs': CMAKE_PREFIX_PATH=${CMAKE_PREFIX_PATH}:/home/ilhan/bumperbot_ws/install/bumperbot_py_examples:/opt/ros/humble /usr/bin/cmake --install /home/ilhan/bumperbot_ws/build/bumperbot_msgs
[0.495s] DEBUG:colcon.colcon_core.event_handler.log_command:Invoked command in '/home/ilhan/bumperbot_ws/build/bumperbot_controller' returned '0': CMAKE_PREFIX_PATH=${CMAKE_PREFIX_PATH}:/home/ilhan/bumperbot_ws/install/bumperbot_py_examples:/opt/ros/humble /usr/bin/cmake --build /home/ilhan/bumperbot_ws/build/bumperbot_controller -- -j16 -l16
[0.497s] DEBUG:colcon.colcon_core.event_handler.log_command:Invoking command in '/home/ilhan/bumperbot_ws/build/bumperbot_controller': CMAKE_PREFIX_PATH=${CMAKE_PREFIX_PATH}:/home/ilhan/bumperbot_ws/install/bumperbot_py_examples:/opt/ros/humble /usr/bin/cmake --install /home/ilhan/bumperbot_ws/build/bumperbot_controller
[0.499s] DEBUG:colcon.colcon_core.event_handler.log_command:Invoked command in '/home/ilhan/bumperbot_ws/build/bumperbot_firmware' returned '0': CMAKE_PREFIX_PATH=${CMAKE_PREFIX_PATH}:/home/ilhan/bumperbot_ws/install/bumperbot_py_examples:/opt/ros/humble /usr/bin/cmake --build /home/ilhan/bumperbot_ws/build/bumperbot_firmware -- -j16 -l16
[0.501s] DEBUG:colcon.colcon_core.event_handler.log_command:Invoking command in '/home/ilhan/bumperbot_ws/build/bumperbot_firmware': CMAKE_PREFIX_PATH=${CMAKE_PREFIX_PATH}:/home/ilhan/bumperbot_ws/install/bumperbot_py_examples:/opt/ros/humble /usr/bin/cmake --install /home/ilhan/bumperbot_ws/build/bumperbot_firmware
[0.531s] Level 1:colcon.colcon_core.environment:create_environment_scripts_only(bumperbot_controller)
[0.531s] Level 1:colcon.colcon_core.environment:checking '/home/ilhan/bumperbot_ws/install/bumperbot_controller' for CMake module files
[0.532s] DEBUG:colcon.colcon_core.event_handler.log_command:Invoked command in '/home/ilhan/bumperbot_ws/build/bumperbot_controller' returned '0': CMAKE_PREFIX_PATH=${CMAKE_PREFIX_PATH}:/home/ilhan/bumperbot_ws/install/bumperbot_py_examples:/opt/ros/humble /usr/bin/cmake --install /home/ilhan/bumperbot_ws/build/bumperbot_controller
[0.533s] Level 1:colcon.colcon_core.environment:checking '/home/ilhan/bumperbot_ws/install/bumperbot_controller' for CMake config files
[0.536s] Level 1:colcon.colcon_core.shell:create_environment_hook('bumperbot_controller', 'cmake_prefix_path')
[0.536s] INFO:colcon.colcon_core.shell:Creating environment hook '/home/ilhan/bumperbot_ws/install/bumperbot_controller/share/bumperbot_controller/hook/cmake_prefix_path.ps1'
[0.536s] INFO:colcon.colcon_core.shell:Creating environment descriptor '/home/ilhan/bumperbot_ws/install/bumperbot_controller/share/bumperbot_controller/hook/cmake_prefix_path.dsv'
[0.536s] INFO:colcon.colcon_core.shell:Creating environment hook '/home/ilhan/bumperbot_ws/install/bumperbot_controller/share/bumperbot_controller/hook/cmake_prefix_path.sh'
[0.537s] Level 1:colcon.colcon_core.environment:checking '/home/ilhan/bumperbot_ws/install/bumperbot_controller/lib'
[0.537s] Level 1:colcon.colcon_core.environment:checking '/home/ilhan/bumperbot_ws/install/bumperbot_controller/bin'
[0.537s] Level 1:colcon.colcon_core.environment:checking '/home/ilhan/bumperbot_ws/install/bumperbot_controller/lib/pkgconfig/bumperbot_controller.pc'
[0.537s] Level 1:colcon.colcon_core.environment:checking '/home/ilhan/bumperbot_ws/install/bumperbot_controller/lib/python3.10/site-packages'
[0.537s] Level 1:colcon.colcon_core.environment:checking '/home/ilhan/bumperbot_ws/install/bumperbot_controller/bin'
[0.537s] INFO:colcon.colcon_core.shell:Creating package script '/home/ilhan/bumperbot_ws/install/bumperbot_controller/share/bumperbot_controller/package.ps1'
[0.538s] INFO:colcon.colcon_core.shell:Creating package descriptor '/home/ilhan/bumperbot_ws/install/bumperbot_controller/share/bumperbot_controller/package.dsv'
[0.538s] INFO:colcon.colcon_core.shell:Creating package script '/home/ilhan/bumperbot_ws/install/bumperbot_controller/share/bumperbot_controller/package.sh'
[0.538s] INFO:colcon.colcon_core.shell:Creating package script '/home/ilhan/bumperbot_ws/install/bumperbot_controller/share/bumperbot_controller/package.bash'
[0.538s] INFO:colcon.colcon_core.shell:Creating package script '/home/ilhan/bumperbot_ws/install/bumperbot_controller/share/bumperbot_controller/package.zsh'
[0.539s] Level 1:colcon.colcon_core.environment:create_file_with_runtime_dependencies(/home/ilhan/bumperbot_ws/install/bumperbot_controller/share/colcon-core/packages/bumperbot_controller)
[0.539s] Level 1:colcon.colcon_core.environment:create_environment_scripts_only(bumperbot_controller)
[0.539s] Level 1:colcon.colcon_core.environment:checking '/home/ilhan/bumperbot_ws/install/bumperbot_controller' for CMake module files
[0.539s] Level 1:colcon.colcon_core.environment:checking '/home/ilhan/bumperbot_ws/install/bumperbot_controller' for CMake config files
[0.539s] Level 1:colcon.colcon_core.shell:create_environment_hook('bumperbot_controller', 'cmake_prefix_path')
[0.539s] INFO:colcon.colcon_core.shell:Creating environment hook '/home/ilhan/bumperbot_ws/install/bumperbot_controller/share/bumperbot_controller/hook/cmake_prefix_path.ps1'
[0.540s] INFO:colcon.colcon_core.shell:Creating environment descriptor '/home/ilhan/bumperbot_ws/install/bumperbot_controller/share/bumperbot_controller/hook/cmake_prefix_path.dsv'
[0.540s] INFO:colcon.colcon_core.shell:Creating environment hook '/home/ilhan/bumperbot_ws/install/bumperbot_controller/share/bumperbot_controller/hook/cmake_prefix_path.sh'
[0.540s] Level 1:colcon.colcon_core.environment:checking '/home/ilhan/bumperbot_ws/install/bumperbot_controller/lib'
[0.540s] Level 1:colcon.colcon_core.environment:checking '/home/ilhan/bumperbot_ws/install/bumperbot_controller/bin'
[0.540s] Level 1:colcon.colcon_core.environment:checking '/home/ilhan/bumperbot_ws/install/bumperbot_controller/lib/pkgconfig/bumperbot_controller.pc'
[0.540s] Level 1:colcon.colcon_core.environment:checking '/home/ilhan/bumperbot_ws/install/bumperbot_controller/lib/python3.10/site-packages'
[0.540s] Level 1:colcon.colcon_core.environment:checking '/home/ilhan/bumperbot_ws/install/bumperbot_controller/bin'
[0.541s] INFO:colcon.colcon_core.shell:Creating package script '/home/ilhan/bumperbot_ws/install/bumperbot_controller/share/bumperbot_controller/package.ps1'
[0.541s] INFO:colcon.colcon_core.shell:Creating package descriptor '/home/ilhan/bumperbot_ws/install/bumperbot_controller/share/bumperbot_controller/package.dsv'
[0.541s] INFO:colcon.colcon_core.shell:Creating package script '/home/ilhan/bumperbot_ws/install/bumperbot_controller/share/bumperbot_controller/package.sh'
[0.541s] INFO:colcon.colcon_core.shell:Creating package script '/home/ilhan/bumperbot_ws/install/bumperbot_controller/share/bumperbot_controller/package.bash'
[0.542s] INFO:colcon.colcon_core.shell:Creating package script '/home/ilhan/bumperbot_ws/install/bumperbot_controller/share/bumperbot_controller/package.zsh'
[0.542s] Level 1:colcon.colcon_core.environment:create_file_with_runtime_dependencies(/home/ilhan/bumperbot_ws/install/bumperbot_controller/share/colcon-core/packages/bumperbot_controller)
[0.543s] DEBUG:colcon.colcon_core.event_handler.log_command:Invoked command in '/home/ilhan/bumperbot_ws/build/bumperbot_localization' returned '0': CMAKE_PREFIX_PATH=${CMAKE_PREFIX_PATH}:/home/ilhan/bumperbot_ws/install/bumperbot_py_examples:/opt/ros/humble /usr/bin/cmake --build /home/ilhan/bumperbot_ws/build/bumperbot_localization -- -j16 -l16
[0.544s] DEBUG:colcon.colcon_core.event_handler.log_command:Invoking command in '/home/ilhan/bumperbot_ws/build/bumperbot_localization': CMAKE_PREFIX_PATH=${CMAKE_PREFIX_PATH}:/home/ilhan/bumperbot_ws/install/bumperbot_py_examples:/opt/ros/humble /usr/bin/cmake --install /home/ilhan/bumperbot_ws/build/bumperbot_localization
[0.544s] Level 1:colcon.colcon_core.environment:create_environment_scripts_only(bumperbot_firmware)
[0.544s] Level 1:colcon.colcon_core.environment:checking '/home/ilhan/bumperbot_ws/install/bumperbot_firmware' for CMake module files
[0.544s] DEBUG:colcon.colcon_core.event_handler.log_command:Invoked command in '/home/ilhan/bumperbot_ws/build/bumperbot_firmware' returned '0': CMAKE_PREFIX_PATH=${CMAKE_PREFIX_PATH}:/home/ilhan/bumperbot_ws/install/bumperbot_py_examples:/opt/ros/humble /usr/bin/cmake --install /home/ilhan/bumperbot_ws/build/bumperbot_firmware
[0.545s] Level 1:colcon.colcon_core.environment:checking '/home/ilhan/bumperbot_ws/install/bumperbot_firmware' for CMake config files
[0.545s] Level 1:colcon.colcon_core.shell:create_environment_hook('bumperbot_firmware', 'cmake_prefix_path')
[0.545s] INFO:colcon.colcon_core.shell:Creating environment hook '/home/ilhan/bumperbot_ws/install/bumperbot_firmware/share/bumperbot_firmware/hook/cmake_prefix_path.ps1'
[0.545s] INFO:colcon.colcon_core.shell:Creating environment descriptor '/home/ilhan/bumperbot_ws/install/bumperbot_firmware/share/bumperbot_firmware/hook/cmake_prefix_path.dsv'
[0.545s] INFO:colcon.colcon_core.shell:Creating environment hook '/home/ilhan/bumperbot_ws/install/bumperbot_firmware/share/bumperbot_firmware/hook/cmake_prefix_path.sh'
[0.546s] Level 1:colcon.colcon_core.environment:checking '/home/ilhan/bumperbot_ws/install/bumperbot_firmware/lib'
[0.546s] Level 1:colcon.colcon_core.shell:create_environment_hook('bumperbot_firmware', 'ld_library_path_lib')
[0.546s] INFO:colcon.colcon_core.shell:Creating environment hook '/home/ilhan/bumperbot_ws/install/bumperbot_firmware/share/bumperbot_firmware/hook/ld_library_path_lib.ps1'
[0.546s] INFO:colcon.colcon_core.shell:Creating environment descriptor '/home/ilhan/bumperbot_ws/install/bumperbot_firmware/share/bumperbot_firmware/hook/ld_library_path_lib.dsv'
[0.546s] INFO:colcon.colcon_core.shell:Creating environment hook '/home/ilhan/bumperbot_ws/install/bumperbot_firmware/share/bumperbot_firmware/hook/ld_library_path_lib.sh'
[0.546s] Level 1:colcon.colcon_core.environment:checking '/home/ilhan/bumperbot_ws/install/bumperbot_firmware/bin'
[0.546s] Level 1:colcon.colcon_core.environment:checking '/home/ilhan/bumperbot_ws/install/bumperbot_firmware/lib/pkgconfig/bumperbot_firmware.pc'
[0.546s] Level 1:colcon.colcon_core.environment:checking '/home/ilhan/bumperbot_ws/install/bumperbot_firmware/lib/python3.10/site-packages'
[0.547s] Level 1:colcon.colcon_core.environment:checking '/home/ilhan/bumperbot_ws/install/bumperbot_firmware/bin'
[0.547s] INFO:colcon.colcon_core.shell:Creating package script '/home/ilhan/bumperbot_ws/install/bumperbot_firmware/share/bumperbot_firmware/package.ps1'
[0.547s] INFO:colcon.colcon_core.shell:Creating package descriptor '/home/ilhan/bumperbot_ws/install/bumperbot_firmware/share/bumperbot_firmware/package.dsv'
[0.547s] INFO:colcon.colcon_core.shell:Creating package script '/home/ilhan/bumperbot_ws/install/bumperbot_firmware/share/bumperbot_firmware/package.sh'
[0.547s] INFO:colcon.colcon_core.shell:Creating package script '/home/ilhan/bumperbot_ws/install/bumperbot_firmware/share/bumperbot_firmware/package.bash'
[0.548s] INFO:colcon.colcon_core.shell:Creating package script '/home/ilhan/bumperbot_ws/install/bumperbot_firmware/share/bumperbot_firmware/package.zsh'
[0.548s] Level 1:colcon.colcon_core.environment:create_file_with_runtime_dependencies(/home/ilhan/bumperbot_ws/install/bumperbot_firmware/share/colcon-core/packages/bumperbot_firmware)
[0.548s] Level 1:colcon.colcon_core.environment:create_environment_scripts_only(bumperbot_firmware)
[0.548s] Level 1:colcon.colcon_core.environment:checking '/home/ilhan/bumperbot_ws/install/bumperbot_firmware' for CMake module files
[0.548s] Level 1:colcon.colcon_core.environment:checking '/home/ilhan/bumperbot_ws/install/bumperbot_firmware' for CMake config files
[0.549s] Level 1:colcon.colcon_core.shell:create_environment_hook('bumperbot_firmware', 'cmake_prefix_path')
[0.549s] INFO:colcon.colcon_core.shell:Creating environment hook '/home/ilhan/bumperbot_ws/install/bumperbot_firmware/share/bumperbot_firmware/hook/cmake_prefix_path.ps1'
[0.549s] INFO:colcon.colcon_core.shell:Creating environment descriptor '/home/ilhan/bumperbot_ws/install/bumperbot_firmware/share/bumperbot_firmware/hook/cmake_prefix_path.dsv'
[0.549s] INFO:colcon.colcon_core.shell:Creating environment hook '/home/ilhan/bumperbot_ws/install/bumperbot_firmware/share/bumperbot_firmware/hook/cmake_prefix_path.sh'
[0.549s] Level 1:colcon.colcon_core.environment:checking '/home/ilhan/bumperbot_ws/install/bumperbot_firmware/lib'
[0.549s] Level 1:colcon.colcon_core.shell:create_environment_hook('bumperbot_firmware', 'ld_library_path_lib')
[0.550s] INFO:colcon.colcon_core.shell:Creating environment hook '/home/ilhan/bumperbot_ws/install/bumperbot_firmware/share/bumperbot_firmware/hook/ld_library_path_lib.ps1'
[0.550s] INFO:colcon.colcon_core.shell:Creating environment descriptor '/home/ilhan/bumperbot_ws/install/bumperbot_firmware/share/bumperbot_firmware/hook/ld_library_path_lib.dsv'
[0.550s] INFO:colcon.colcon_core.shell:Creating environment hook '/home/ilhan/bumperbot_ws/install/bumperbot_firmware/share/bumperbot_firmware/hook/ld_library_path_lib.sh'
[0.550s] Level 1:colcon.colcon_core.environment:checking '/home/ilhan/bumperbot_ws/install/bumperbot_firmware/bin'
[0.550s] Level 1:colcon.colcon_core.environment:checking '/home/ilhan/bumperbot_ws/install/bumperbot_firmware/lib/pkgconfig/bumperbot_firmware.pc'
[0.550s] Level 1:colcon.colcon_core.environment:checking '/home/ilhan/bumperbot_ws/install/bumperbot_firmware/lib/python3.10/site-packages'
[0.550s] Level 1:colcon.colcon_core.environment:checking '/home/ilhan/bumperbot_ws/install/bumperbot_firmware/bin'
[0.551s] INFO:colcon.colcon_core.shell:Creating package script '/home/ilhan/bumperbot_ws/install/bumperbot_firmware/share/bumperbot_firmware/package.ps1'
[0.551s] INFO:colcon.colcon_core.shell:Creating package descriptor '/home/ilhan/bumperbot_ws/install/bumperbot_firmware/share/bumperbot_firmware/package.dsv'
[0.551s] INFO:colcon.colcon_core.shell:Creating package script '/home/ilhan/bumperbot_ws/install/bumperbot_firmware/share/bumperbot_firmware/package.sh'
[0.551s] INFO:colcon.colcon_core.shell:Creating package script '/home/ilhan/bumperbot_ws/install/bumperbot_firmware/share/bumperbot_firmware/package.bash'
[0.551s] INFO:colcon.colcon_core.shell:Creating package script '/home/ilhan/bumperbot_ws/install/bumperbot_firmware/share/bumperbot_firmware/package.zsh'
[0.552s] Level 1:colcon.colcon_core.environment:create_file_with_runtime_dependencies(/home/ilhan/bumperbot_ws/install/bumperbot_firmware/share/colcon-core/packages/bumperbot_firmware)
[0.552s] Level 1:colcon.colcon_core.environment:create_environment_scripts_only(bumperbot_msgs)
[0.552s] Level 1:colcon.colcon_core.environment:checking '/home/ilhan/bumperbot_ws/install/bumperbot_msgs' for CMake module files
[0.553s] Level 1:colcon.colcon_core.environment:checking '/home/ilhan/bumperbot_ws/install/bumperbot_msgs' for CMake config files
[0.553s] DEBUG:colcon.colcon_core.event_handler.log_command:Invoked command in '/home/ilhan/bumperbot_ws/build/bumperbot_msgs' returned '0': CMAKE_PREFIX_PATH=${CMAKE_PREFIX_PATH}:/home/ilhan/bumperbot_ws/install/bumperbot_py_examples:/opt/ros/humble /usr/bin/cmake --install /home/ilhan/bumperbot_ws/build/bumperbot_msgs
[0.553s] Level 1:colcon.colcon_core.shell:create_environment_hook('bumperbot_msgs', 'cmake_prefix_path')
[0.553s] INFO:colcon.colcon_core.shell:Creating environment hook '/home/ilhan/bumperbot_ws/install/bumperbot_msgs/share/bumperbot_msgs/hook/cmake_prefix_path.ps1'
[0.553s] INFO:colcon.colcon_core.shell:Creating environment descriptor '/home/ilhan/bumperbot_ws/install/bumperbot_msgs/share/bumperbot_msgs/hook/cmake_prefix_path.dsv'
[0.553s] INFO:colcon.colcon_core.shell:Creating environment hook '/home/ilhan/bumperbot_ws/install/bumperbot_msgs/share/bumperbot_msgs/hook/cmake_prefix_path.sh'
[0.554s] Level 1:colcon.colcon_core.environment:checking '/home/ilhan/bumperbot_ws/install/bumperbot_msgs/lib'
[0.554s] Level 1:colcon.colcon_core.shell:create_environment_hook('bumperbot_msgs', 'ld_library_path_lib')
[0.554s] INFO:colcon.colcon_core.shell:Creating environment hook '/home/ilhan/bumperbot_ws/install/bumperbot_msgs/share/bumperbot_msgs/hook/ld_library_path_lib.ps1'
[0.554s] INFO:colcon.colcon_core.shell:Creating environment descriptor '/home/ilhan/bumperbot_ws/install/bumperbot_msgs/share/bumperbot_msgs/hook/ld_library_path_lib.dsv'
[0.554s] INFO:colcon.colcon_core.shell:Creating environment hook '/home/ilhan/bumperbot_ws/install/bumperbot_msgs/share/bumperbot_msgs/hook/ld_library_path_lib.sh'
[0.554s] Level 1:colcon.colcon_core.environment:checking '/home/ilhan/bumperbot_ws/install/bumperbot_msgs/bin'
[0.554s] Level 1:colcon.colcon_core.environment:checking '/home/ilhan/bumperbot_ws/install/bumperbot_msgs/lib/pkgconfig/bumperbot_msgs.pc'
[0.554s] Level 1:colcon.colcon_core.environment:checking '/home/ilhan/bumperbot_ws/install/bumperbot_msgs/lib/python3.10/site-packages'
[0.555s] Level 1:colcon.colcon_core.environment:checking '/home/ilhan/bumperbot_ws/install/bumperbot_msgs/bin'
[0.555s] INFO:colcon.colcon_core.shell:Creating package script '/home/ilhan/bumperbot_ws/install/bumperbot_msgs/share/bumperbot_msgs/package.ps1'
[0.555s] INFO:colcon.colcon_core.shell:Creating package descriptor '/home/ilhan/bumperbot_ws/install/bumperbot_msgs/share/bumperbot_msgs/package.dsv'
[0.555s] INFO:colcon.colcon_core.shell:Creating package script '/home/ilhan/bumperbot_ws/install/bumperbot_msgs/share/bumperbot_msgs/package.sh'
[0.556s] INFO:colcon.colcon_core.shell:Creating package script '/home/ilhan/bumperbot_ws/install/bumperbot_msgs/share/bumperbot_msgs/package.bash'
[0.556s] INFO:colcon.colcon_core.shell:Creating package script '/home/ilhan/bumperbot_ws/install/bumperbot_msgs/share/bumperbot_msgs/package.zsh'
[0.556s] Level 1:colcon.colcon_core.environment:create_file_with_runtime_dependencies(/home/ilhan/bumperbot_ws/install/bumperbot_msgs/share/colcon-core/packages/bumperbot_msgs)
[0.556s] Level 1:colcon.colcon_core.environment:create_environment_scripts_only(bumperbot_msgs)
[0.556s] Level 1:colcon.colcon_core.environment:checking '/home/ilhan/bumperbot_ws/install/bumperbot_msgs' for CMake module files
[0.557s] Level 1:colcon.colcon_core.environment:checking '/home/ilhan/bumperbot_ws/install/bumperbot_msgs' for CMake config files
[0.557s] Level 1:colcon.colcon_core.shell:create_environment_hook('bumperbot_msgs', 'cmake_prefix_path')
[0.557s] INFO:colcon.colcon_core.shell:Creating environment hook '/home/ilhan/bumperbot_ws/install/bumperbot_msgs/share/bumperbot_msgs/hook/cmake_prefix_path.ps1'
[0.557s] INFO:colcon.colcon_core.shell:Creating environment descriptor '/home/ilhan/bumperbot_ws/install/bumperbot_msgs/share/bumperbot_msgs/hook/cmake_prefix_path.dsv'
[0.557s] INFO:colcon.colcon_core.shell:Creating environment hook '/home/ilhan/bumperbot_ws/install/bumperbot_msgs/share/bumperbot_msgs/hook/cmake_prefix_path.sh'
[0.557s] Level 1:colcon.colcon_core.environment:checking '/home/ilhan/bumperbot_ws/install/bumperbot_msgs/lib'
[0.557s] Level 1:colcon.colcon_core.shell:create_environment_hook('bumperbot_msgs', 'ld_library_path_lib')
[0.558s] INFO:colcon.colcon_core.shell:Creating environment hook '/home/ilhan/bumperbot_ws/install/bumperbot_msgs/share/bumperbot_msgs/hook/ld_library_path_lib.ps1'
[0.558s] INFO:colcon.colcon_core.shell:Creating environment descriptor '/home/ilhan/bumperbot_ws/install/bumperbot_msgs/share/bumperbot_msgs/hook/ld_library_path_lib.dsv'
[0.558s] INFO:colcon.colcon_core.shell:Creating environment hook '/home/ilhan/bumperbot_ws/install/bumperbot_msgs/share/bumperbot_msgs/hook/ld_library_path_lib.sh'
[0.558s] Level 1:colcon.colcon_core.environment:checking '/home/ilhan/bumperbot_ws/install/bumperbot_msgs/bin'
[0.558s] Level 1:colcon.colcon_core.environment:checking '/home/ilhan/bumperbot_ws/install/bumperbot_msgs/lib/pkgconfig/bumperbot_msgs.pc'
[0.558s] Level 1:colcon.colcon_core.environment:checking '/home/ilhan/bumperbot_ws/install/bumperbot_msgs/lib/python3.10/site-packages'
[0.558s] Level 1:colcon.colcon_core.environment:checking '/home/ilhan/bumperbot_ws/install/bumperbot_msgs/bin'
[0.559s] INFO:colcon.colcon_core.shell:Creating package script '/home/ilhan/bumperbot_ws/install/bumperbot_msgs/share/bumperbot_msgs/package.ps1'
[0.559s] INFO:colcon.colcon_core.shell:Creating package descriptor '/home/ilhan/bumperbot_ws/install/bumperbot_msgs/share/bumperbot_msgs/package.dsv'
[0.559s] INFO:colcon.colcon_core.shell:Creating package script '/home/ilhan/bumperbot_ws/install/bumperbot_msgs/share/bumperbot_msgs/package.sh'
[0.559s] INFO:colcon.colcon_core.shell:Creating package script '/home/ilhan/bumperbot_ws/install/bumperbot_msgs/share/bumperbot_msgs/package.bash'
[0.559s] INFO:colcon.colcon_core.shell:Creating package script '/home/ilhan/bumperbot_ws/install/bumperbot_msgs/share/bumperbot_msgs/package.zsh'
[0.560s] Level 1:colcon.colcon_core.environment:create_file_with_runtime_dependencies(/home/ilhan/bumperbot_ws/install/bumperbot_msgs/share/colcon-core/packages/bumperbot_msgs)
[0.560s] INFO:colcon.colcon_ros.task.ament_cmake.build:Building ROS package in '/home/ilhan/bumperbot_ws/src/bumperbot_cpp_examples' with build type 'ament_cmake'
[0.560s] INFO:colcon.colcon_cmake.task.cmake.build:Building CMake package in '/home/ilhan/bumperbot_ws/src/bumperbot_cpp_examples'
[0.560s] INFO:colcon.colcon_core.shell:Skip shell extension 'powershell' for command environment: Not usable outside of PowerShell
[0.560s] DEBUG:colcon.colcon_core.shell:Skip shell extension 'dsv' for command environment
[0.563s] INFO:colcon.colcon_ros.task.ament_python.build:Building ROS package in '/home/ilhan/bumperbot_ws/src/bumperbot_py_examples' with build type 'ament_python'
[0.563s] Level 1:colcon.colcon_core.shell:create_environment_hook('bumperbot_py_examples', 'ament_prefix_path')
[0.563s] INFO:colcon.colcon_core.shell:Creating environment hook '/home/ilhan/bumperbot_ws/install/bumperbot_py_examples/share/bumperbot_py_examples/hook/ament_prefix_path.ps1'
[0.564s] INFO:colcon.colcon_core.shell:Creating environment descriptor '/home/ilhan/bumperbot_ws/install/bumperbot_py_examples/share/bumperbot_py_examples/hook/ament_prefix_path.dsv'
[0.564s] INFO:colcon.colcon_core.shell:Creating environment hook '/home/ilhan/bumperbot_ws/install/bumperbot_py_examples/share/bumperbot_py_examples/hook/ament_prefix_path.sh'
[0.564s] INFO:colcon.colcon_core.shell:Skip shell extension 'powershell' for command environment: Not usable outside of PowerShell
[0.564s] DEBUG:colcon.colcon_core.shell:Skip shell extension 'dsv' for command environment
[0.568s] DEBUG:colcon.colcon_core.event_handler.log_command:Invoking command in '/home/ilhan/bumperbot_ws/build/bumperbot_cpp_examples': CMAKE_PREFIX_PATH=/home/ilhan/bumperbot_ws/install/bumperbot_msgs:/home/ilhan/bumperbot_ws/install/bumperbot_cpp_examples:/home/ilhan/bumperbot_ws/install/bumperbot_localization:/home/ilhan/bumperbot_ws/install/bumperbot_firmware:/home/ilhan/bumperbot_ws/install/bumperbot_description:/home/ilhan/bumperbot_ws/install/bumperbot_controller:/home/ilhan/bumperbot_ws/install/bumperbot_bringup:/home/ilhan/bumperbot_ws/install/bumperbot_py_examples:/opt/ros/humble /usr/bin/cmake --build /home/ilhan/bumperbot_ws/build/bumperbot_cpp_examples -- -j16 -l16
[0.725s] INFO:colcon.colcon_core.task.python.build:Building Python package in '/home/ilhan/bumperbot_ws/src/bumperbot_py_examples'
[0.725s] INFO:colcon.colcon_core.shell:Skip shell extension 'powershell' for command environment: Not usable outside of PowerShell
[0.725s] DEBUG:colcon.colcon_core.shell:Skip shell extension 'dsv' for command environment
[0.728s] Level 1:colcon.colcon_core.environment:create_environment_scripts_only(bumperbot_localization)
[0.729s] Level 1:colcon.colcon_core.environment:checking '/home/ilhan/bumperbot_ws/install/bumperbot_localization' for CMake module files
[0.729s] DEBUG:colcon.colcon_core.event_handler.log_command:Invoked command in '/home/ilhan/bumperbot_ws/build/bumperbot_localization' returned '0': CMAKE_PREFIX_PATH=${CMAKE_PREFIX_PATH}:/home/ilhan/bumperbot_ws/install/bumperbot_py_examples:/opt/ros/humble /usr/bin/cmake --install /home/ilhan/bumperbot_ws/build/bumperbot_localization
[0.730s] Level 1:colcon.colcon_core.environment:checking '/home/ilhan/bumperbot_ws/install/bumperbot_localization' for CMake config files
[0.730s] Level 1:colcon.colcon_core.shell:create_environment_hook('bumperbot_localization', 'cmake_prefix_path')
[0.730s] INFO:colcon.colcon_core.shell:Creating environment hook '/home/ilhan/bumperbot_ws/install/bumperbot_localization/share/bumperbot_localization/hook/cmake_prefix_path.ps1'
[0.731s] INFO:colcon.colcon_core.shell:Creating environment descriptor '/home/ilhan/bumperbot_ws/install/bumperbot_localization/share/bumperbot_localization/hook/cmake_prefix_path.dsv'
[0.731s] INFO:colcon.colcon_core.shell:Creating environment hook '/home/ilhan/bumperbot_ws/install/bumperbot_localization/share/bumperbot_localization/hook/cmake_prefix_path.sh'
[0.731s] Level 1:colcon.colcon_core.environment:checking '/home/ilhan/bumperbot_ws/install/bumperbot_localization/lib'
[0.731s] Level 1:colcon.colcon_core.environment:checking '/home/ilhan/bumperbot_ws/install/bumperbot_localization/bin'
[0.731s] Level 1:colcon.colcon_core.environment:checking '/home/ilhan/bumperbot_ws/install/bumperbot_localization/lib/pkgconfig/bumperbot_localization.pc'
[0.732s] Level 1:colcon.colcon_core.environment:checking '/home/ilhan/bumperbot_ws/install/bumperbot_localization/lib/python3.10/site-packages'
[0.732s] Level 1:colcon.colcon_core.environment:checking '/home/ilhan/bumperbot_ws/install/bumperbot_localization/bin'
[0.732s] INFO:colcon.colcon_core.shell:Creating package script '/home/ilhan/bumperbot_ws/install/bumperbot_localization/share/bumperbot_localization/package.ps1'
[0.732s] INFO:colcon.colcon_core.shell:Creating package descriptor '/home/ilhan/bumperbot_ws/install/bumperbot_localization/share/bumperbot_localization/package.dsv'
[0.732s] INFO:colcon.colcon_core.shell:Creating package script '/home/ilhan/bumperbot_ws/install/bumperbot_localization/share/bumperbot_localization/package.sh'
[0.732s] INFO:colcon.colcon_core.shell:Creating package script '/home/ilhan/bumperbot_ws/install/bumperbot_localization/share/bumperbot_localization/package.bash'
[0.733s] INFO:colcon.colcon_core.shell:Creating package script '/home/ilhan/bumperbot_ws/install/bumperbot_localization/share/bumperbot_localization/package.zsh'
[0.733s] Level 1:colcon.colcon_core.environment:create_file_with_runtime_dependencies(/home/ilhan/bumperbot_ws/install/bumperbot_localization/share/colcon-core/packages/bumperbot_localization)
[0.733s] Level 1:colcon.colcon_core.environment:create_environment_scripts_only(bumperbot_localization)
[0.733s] Level 1:colcon.colcon_core.environment:checking '/home/ilhan/bumperbot_ws/install/bumperbot_localization' for CMake module files
[0.733s] Level 1:colcon.colcon_core.environment:checking '/home/ilhan/bumperbot_ws/install/bumperbot_localization' for CMake config files
[0.733s] Level 1:colcon.colcon_core.shell:create_environment_hook('bumperbot_localization', 'cmake_prefix_path')
[0.733s] INFO:colcon.colcon_core.shell:Creating environment hook '/home/ilhan/bumperbot_ws/install/bumperbot_localization/share/bumperbot_localization/hook/cmake_prefix_path.ps1'
[0.734s] INFO:colcon.colcon_core.shell:Creating environment descriptor '/home/ilhan/bumperbot_ws/install/bumperbot_localization/share/bumperbot_localization/hook/cmake_prefix_path.dsv'
[0.734s] INFO:colcon.colcon_core.shell:Creating environment hook '/home/ilhan/bumperbot_ws/install/bumperbot_localization/share/bumperbot_localization/hook/cmake_prefix_path.sh'
[0.734s] Level 1:colcon.colcon_core.environment:checking '/home/ilhan/bumperbot_ws/install/bumperbot_localization/lib'
[0.734s] Level 1:colcon.colcon_core.environment:checking '/home/ilhan/bumperbot_ws/install/bumperbot_localization/bin'
[0.734s] Level 1:colcon.colcon_core.environment:checking '/home/ilhan/bumperbot_ws/install/bumperbot_localization/lib/pkgconfig/bumperbot_localization.pc'
[0.734s] Level 1:colcon.colcon_core.environment:checking '/home/ilhan/bumperbot_ws/install/bumperbot_localization/lib/python3.10/site-packages'
[0.734s] Level 1:colcon.colcon_core.environment:checking '/home/ilhan/bumperbot_ws/install/bumperbot_localization/bin'
[0.735s] INFO:colcon.colcon_core.shell:Creating package script '/home/ilhan/bumperbot_ws/install/bumperbot_localization/share/bumperbot_localization/package.ps1'
[0.735s] INFO:colcon.colcon_core.shell:Creating package descriptor '/home/ilhan/bumperbot_ws/install/bumperbot_localization/share/bumperbot_localization/package.dsv'
[0.735s] INFO:colcon.colcon_core.shell:Creating package script '/home/ilhan/bumperbot_ws/install/bumperbot_localization/share/bumperbot_localization/package.sh'
[0.735s] INFO:colcon.colcon_core.shell:Creating package script '/home/ilhan/bumperbot_ws/install/bumperbot_localization/share/bumperbot_localization/package.bash'
[0.735s] INFO:colcon.colcon_core.shell:Creating package script '/home/ilhan/bumperbot_ws/install/bumperbot_localization/share/bumperbot_localization/package.zsh'
[0.736s] Level 1:colcon.colcon_core.environment:create_file_with_runtime_dependencies(/home/ilhan/bumperbot_ws/install/bumperbot_localization/share/colcon-core/packages/bumperbot_localization)
[0.737s] DEBUG:colcon.colcon_core.event_handler.log_command:Invoked command in '/home/ilhan/bumperbot_ws/build/bumperbot_cpp_examples' returned '0': CMAKE_PREFIX_PATH=/home/ilhan/bumperbot_ws/install/bumperbot_msgs:/home/ilhan/bumperbot_ws/install/bumperbot_cpp_examples:/home/ilhan/bumperbot_ws/install/bumperbot_localization:/home/ilhan/bumperbot_ws/install/bumperbot_firmware:/home/ilhan/bumperbot_ws/install/bumperbot_description:/home/ilhan/bumperbot_ws/install/bumperbot_controller:/home/ilhan/bumperbot_ws/install/bumperbot_bringup:/home/ilhan/bumperbot_ws/install/bumperbot_py_examples:/opt/ros/humble /usr/bin/cmake --build /home/ilhan/bumperbot_ws/build/bumperbot_cpp_examples -- -j16 -l16
[0.737s] DEBUG:colcon.colcon_core.event_handler.log_command:Invoking command in '/home/ilhan/bumperbot_ws/build/bumperbot_cpp_examples': CMAKE_PREFIX_PATH=/home/ilhan/bumperbot_ws/install/bumperbot_msgs:/home/ilhan/bumperbot_ws/install/bumperbot_cpp_examples:/home/ilhan/bumperbot_ws/install/bumperbot_localization:/home/ilhan/bumperbot_ws/install/bumperbot_firmware:/home/ilhan/bumperbot_ws/install/bumperbot_description:/home/ilhan/bumperbot_ws/install/bumperbot_controller:/home/ilhan/bumperbot_ws/install/bumperbot_bringup:/home/ilhan/bumperbot_ws/install/bumperbot_py_examples:/opt/ros/humble /usr/bin/cmake --install /home/ilhan/bumperbot_ws/build/bumperbot_cpp_examples
[0.746s] Level 1:colcon.colcon_core.environment:create_environment_scripts_only(bumperbot_cpp_examples)
[0.746s] Level 1:colcon.colcon_core.environment:checking '/home/ilhan/bumperbot_ws/install/bumperbot_cpp_examples' for CMake module files
[0.747s] DEBUG:colcon.colcon_core.event_handler.log_command:Invoked command in '/home/ilhan/bumperbot_ws/build/bumperbot_cpp_examples' returned '0': CMAKE_PREFIX_PATH=/home/ilhan/bumperbot_ws/install/bumperbot_msgs:/home/ilhan/bumperbot_ws/install/bumperbot_cpp_examples:/home/ilhan/bumperbot_ws/install/bumperbot_localization:/home/ilhan/bumperbot_ws/install/bumperbot_firmware:/home/ilhan/bumperbot_ws/install/bumperbot_description:/home/ilhan/bumperbot_ws/install/bumperbot_controller:/home/ilhan/bumperbot_ws/install/bumperbot_bringup:/home/ilhan/bumperbot_ws/install/bumperbot_py_examples:/opt/ros/humble /usr/bin/cmake --install /home/ilhan/bumperbot_ws/build/bumperbot_cpp_examples
[0.747s] Level 1:colcon.colcon_core.environment:checking '/home/ilhan/bumperbot_ws/install/bumperbot_cpp_examples' for CMake config files
[0.747s] Level 1:colcon.colcon_core.shell:create_environment_hook('bumperbot_cpp_examples', 'cmake_prefix_path')
[0.747s] INFO:colcon.colcon_core.shell:Creating environment hook '/home/ilhan/bumperbot_ws/install/bumperbot_cpp_examples/share/bumperbot_cpp_examples/hook/cmake_prefix_path.ps1'
[0.748s] INFO:colcon.colcon_core.shell:Creating environment descriptor '/home/ilhan/bumperbot_ws/install/bumperbot_cpp_examples/share/bumperbot_cpp_examples/hook/cmake_prefix_path.dsv'
[0.748s] INFO:colcon.colcon_core.shell:Creating environment hook '/home/ilhan/bumperbot_ws/install/bumperbot_cpp_examples/share/bumperbot_cpp_examples/hook/cmake_prefix_path.sh'
[0.748s] Level 1:colcon.colcon_core.environment:checking '/home/ilhan/bumperbot_ws/install/bumperbot_cpp_examples/lib'
[0.748s] Level 1:colcon.colcon_core.environment:checking '/home/ilhan/bumperbot_ws/install/bumperbot_cpp_examples/bin'
[0.748s] Level 1:colcon.colcon_core.environment:checking '/home/ilhan/bumperbot_ws/install/bumperbot_cpp_examples/lib/pkgconfig/bumperbot_cpp_examples.pc'
[0.748s] Level 1:colcon.colcon_core.environment:checking '/home/ilhan/bumperbot_ws/install/bumperbot_cpp_examples/lib/python3.10/site-packages'
[0.749s] Level 1:colcon.colcon_core.environment:checking '/home/ilhan/bumperbot_ws/install/bumperbot_cpp_examples/bin'
[0.749s] INFO:colcon.colcon_core.shell:Creating package script '/home/ilhan/bumperbot_ws/install/bumperbot_cpp_examples/share/bumperbot_cpp_examples/package.ps1'
[0.749s] INFO:colcon.colcon_core.shell:Creating package descriptor '/home/ilhan/bumperbot_ws/install/bumperbot_cpp_examples/share/bumperbot_cpp_examples/package.dsv'
[0.749s] INFO:colcon.colcon_core.shell:Creating package script '/home/ilhan/bumperbot_ws/install/bumperbot_cpp_examples/share/bumperbot_cpp_examples/package.sh'
[0.749s] INFO:colcon.colcon_core.shell:Creating package script '/home/ilhan/bumperbot_ws/install/bumperbot_cpp_examples/share/bumperbot_cpp_examples/package.bash'
[0.750s] INFO:colcon.colcon_core.shell:Creating package script '/home/ilhan/bumperbot_ws/install/bumperbot_cpp_examples/share/bumperbot_cpp_examples/package.zsh'
[0.750s] Level 1:colcon.colcon_core.environment:create_file_with_runtime_dependencies(/home/ilhan/bumperbot_ws/install/bumperbot_cpp_examples/share/colcon-core/packages/bumperbot_cpp_examples)
[0.750s] Level 1:colcon.colcon_core.environment:create_environment_scripts_only(bumperbot_cpp_examples)
[0.750s] Level 1:colcon.colcon_core.environment:checking '/home/ilhan/bumperbot_ws/install/bumperbot_cpp_examples' for CMake module files
[0.750s] Level 1:colcon.colcon_core.environment:checking '/home/ilhan/bumperbot_ws/install/bumperbot_cpp_examples' for CMake config files
[0.750s] Level 1:colcon.colcon_core.shell:create_environment_hook('bumperbot_cpp_examples', 'cmake_prefix_path')
[0.751s] INFO:colcon.colcon_core.shell:Creating environment hook '/home/ilhan/bumperbot_ws/install/bumperbot_cpp_examples/share/bumperbot_cpp_examples/hook/cmake_prefix_path.ps1'
[0.751s] INFO:colcon.colcon_core.shell:Creating environment descriptor '/home/ilhan/bumperbot_ws/install/bumperbot_cpp_examples/share/bumperbot_cpp_examples/hook/cmake_prefix_path.dsv'
[0.751s] INFO:colcon.colcon_core.shell:Creating environment hook '/home/ilhan/bumperbot_ws/install/bumperbot_cpp_examples/share/bumperbot_cpp_examples/hook/cmake_prefix_path.sh'
[0.751s] Level 1:colcon.colcon_core.environment:checking '/home/ilhan/bumperbot_ws/install/bumperbot_cpp_examples/lib'
[0.751s] Level 1:colcon.colcon_core.environment:checking '/home/ilhan/bumperbot_ws/install/bumperbot_cpp_examples/bin'
[0.751s] Level 1:colcon.colcon_core.environment:checking '/home/ilhan/bumperbot_ws/install/bumperbot_cpp_examples/lib/pkgconfig/bumperbot_cpp_examples.pc'
[0.751s] Level 1:colcon.colcon_core.environment:checking '/home/ilhan/bumperbot_ws/install/bumperbot_cpp_examples/lib/python3.10/site-packages'
[0.752s] Level 1:colcon.colcon_core.environment:checking '/home/ilhan/bumperbot_ws/install/bumperbot_cpp_examples/bin'
[0.752s] INFO:colcon.colcon_core.shell:Creating package script '/home/ilhan/bumperbot_ws/install/bumperbot_cpp_examples/share/bumperbot_cpp_examples/package.ps1'
[0.752s] INFO:colcon.colcon_core.shell:Creating package descriptor '/home/ilhan/bumperbot_ws/install/bumperbot_cpp_examples/share/bumperbot_cpp_examples/package.dsv'
[0.752s] INFO:colcon.colcon_core.shell:Creating package script '/home/ilhan/bumperbot_ws/install/bumperbot_cpp_examples/share/bumperbot_cpp_examples/package.sh'
[0.753s] INFO:colcon.colcon_core.shell:Creating package script '/home/ilhan/bumperbot_ws/install/bumperbot_cpp_examples/share/bumperbot_cpp_examples/package.bash'
[0.753s] INFO:colcon.colcon_core.shell:Creating package script '/home/ilhan/bumperbot_ws/install/bumperbot_cpp_examples/share/bumperbot_cpp_examples/package.zsh'
[0.753s] Level 1:colcon.colcon_core.environment:create_file_with_runtime_dependencies(/home/ilhan/bumperbot_ws/install/bumperbot_cpp_examples/share/colcon-core/packages/bumperbot_cpp_examples)
[0.941s] DEBUG:colcon.colcon_core.event_handler.log_command:Invoking command in '/home/ilhan/bumperbot_ws/src/bumperbot_py_examples': CMAKE_PREFIX_PATH=/home/ilhan/bumperbot_ws/install/bumperbot_msgs:/home/ilhan/bumperbot_ws/install/bumperbot_cpp_examples:/home/ilhan/bumperbot_ws/install/bumperbot_localization:/home/ilhan/bumperbot_ws/install/bumperbot_firmware:/home/ilhan/bumperbot_ws/install/bumperbot_description:/home/ilhan/bumperbot_ws/install/bumperbot_controller:/home/ilhan/bumperbot_ws/install/bumperbot_bringup PYTHONPATH=/home/ilhan/bumperbot_ws/build/bumperbot_py_examples/prefix_override:/usr/lib/python3/dist-packages/colcon_core/task/python/colcon_distutils_commands:/home/ilhan/bumperbot_ws/install/bumperbot_py_examples/lib/python3.10/site-packages:${PYTHONPATH} /usr/bin/python3 -W ignore:setup.py install is deprecated -W ignore:easy_install command is deprecated setup.py egg_info --egg-base ../../build/bumperbot_py_examples build --build-base /home/ilhan/bumperbot_ws/build/bumperbot_py_examples/build install --record /home/ilhan/bumperbot_ws/build/bumperbot_py_examples/install.log --single-version-externally-managed install_data
[1.109s] Level 1:colcon.colcon_core.environment:checking '/home/ilhan/bumperbot_ws/install/bumperbot_py_examples' for CMake module files
[1.109s] DEBUG:colcon.colcon_core.event_handler.log_command:Invoked command in '/home/ilhan/bumperbot_ws/src/bumperbot_py_examples' returned '0': CMAKE_PREFIX_PATH=/home/ilhan/bumperbot_ws/install/bumperbot_msgs:/home/ilhan/bumperbot_ws/install/bumperbot_cpp_examples:/home/ilhan/bumperbot_ws/install/bumperbot_localization:/home/ilhan/bumperbot_ws/install/bumperbot_firmware:/home/ilhan/bumperbot_ws/install/bumperbot_description:/home/ilhan/bumperbot_ws/install/bumperbot_controller:/home/ilhan/bumperbot_ws/install/bumperbot_bringup PYTHONPATH=/home/ilhan/bumperbot_ws/build/bumperbot_py_examples/prefix_override:/usr/lib/python3/dist-packages/colcon_core/task/python/colcon_distutils_commands:/home/ilhan/bumperbot_ws/install/bumperbot_py_examples/lib/python3.10/site-packages:${PYTHONPATH} /usr/bin/python3 -W ignore:setup.py install is deprecated -W ignore:easy_install command is deprecated setup.py egg_info --egg-base ../../build/bumperbot_py_examples build --build-base /home/ilhan/bumperbot_ws/build/bumperbot_py_examples/build install --record /home/ilhan/bumperbot_ws/build/bumperbot_py_examples/install.log --single-version-externally-managed install_data
[1.109s] Level 1:colcon.colcon_core.environment:checking '/home/ilhan/bumperbot_ws/install/bumperbot_py_examples' for CMake config files
[1.109s] Level 1:colcon.colcon_core.environment:checking '/home/ilhan/bumperbot_ws/install/bumperbot_py_examples/lib'
[1.110s] Level 1:colcon.colcon_core.environment:checking '/home/ilhan/bumperbot_ws/install/bumperbot_py_examples/bin'
[1.110s] Level 1:colcon.colcon_core.environment:checking '/home/ilhan/bumperbot_ws/install/bumperbot_py_examples/lib/pkgconfig/bumperbot_py_examples.pc'
[1.110s] Level 1:colcon.colcon_core.environment:checking '/home/ilhan/bumperbot_ws/install/bumperbot_py_examples/lib/python3.10/site-packages'
[1.110s] Level 1:colcon.colcon_core.shell:create_environment_hook('bumperbot_py_examples', 'pythonpath')
[1.110s] INFO:colcon.colcon_core.shell:Creating environment hook '/home/ilhan/bumperbot_ws/install/bumperbot_py_examples/share/bumperbot_py_examples/hook/pythonpath.ps1'
[1.110s] INFO:colcon.colcon_core.shell:Creating environment descriptor '/home/ilhan/bumperbot_ws/install/bumperbot_py_examples/share/bumperbot_py_examples/hook/pythonpath.dsv'
[1.110s] INFO:colcon.colcon_core.shell:Creating environment hook '/home/ilhan/bumperbot_ws/install/bumperbot_py_examples/share/bumperbot_py_examples/hook/pythonpath.sh'
[1.111s] Level 1:colcon.colcon_core.environment:checking '/home/ilhan/bumperbot_ws/install/bumperbot_py_examples/bin'
[1.111s] Level 1:colcon.colcon_core.environment:create_environment_scripts_only(bumperbot_py_examples)
[1.111s] INFO:colcon.colcon_core.shell:Creating package script '/home/ilhan/bumperbot_ws/install/bumperbot_py_examples/share/bumperbot_py_examples/package.ps1'
[1.111s] INFO:colcon.colcon_core.shell:Creating package descriptor '/home/ilhan/bumperbot_ws/install/bumperbot_py_examples/share/bumperbot_py_examples/package.dsv'
[1.111s] INFO:colcon.colcon_core.shell:Creating package script '/home/ilhan/bumperbot_ws/install/bumperbot_py_examples/share/bumperbot_py_examples/package.sh'
[1.112s] INFO:colcon.colcon_core.shell:Creating package script '/home/ilhan/bumperbot_ws/install/bumperbot_py_examples/share/bumperbot_py_examples/package.bash'
[1.112s] INFO:colcon.colcon_core.shell:Creating package script '/home/ilhan/bumperbot_ws/install/bumperbot_py_examples/share/bumperbot_py_examples/package.zsh'
[1.112s] Level 1:colcon.colcon_core.environment:create_file_with_runtime_dependencies(/home/ilhan/bumperbot_ws/install/bumperbot_py_examples/share/colcon-core/packages/bumperbot_py_examples)
[1.112s] DEBUG:colcon.colcon_parallel_executor.executor.parallel:closing loop
[1.112s] DEBUG:colcon.colcon_parallel_executor.executor.parallel:loop closed
[1.112s] DEBUG:colcon.colcon_parallel_executor.executor.parallel:run_until_complete finished with '0'
[1.112s] DEBUG:colcon.colcon_core.event_reactor:joining thread
[1.116s] INFO:colcon.colcon_core.plugin_system:Skipping extension 'colcon_notification.desktop_notification.terminal_notifier': Not used on non-Darwin systems
[1.116s] INFO:colcon.colcon_core.plugin_system:Skipping extension 'colcon_notification.desktop_notification.win32': Not used on non-Windows systems
[1.116s] INFO:colcon.colcon_notification.desktop_notification:Sending desktop notification using 'notify2'
[1.123s] DEBUG:colcon.colcon_core.event_reactor:joined thread
[1.124s] INFO:colcon.colcon_core.shell:Creating prefix script '/home/ilhan/bumperbot_ws/install/local_setup.ps1'
[1.125s] INFO:colcon.colcon_core.shell:Creating prefix util module '/home/ilhan/bumperbot_ws/install/_local_setup_util_ps1.py'
[1.126s] INFO:colcon.colcon_core.shell:Creating prefix chain script '/home/ilhan/bumperbot_ws/install/setup.ps1'
[1.126s] INFO:colcon.colcon_core.shell:Creating prefix script '/home/ilhan/bumperbot_ws/install/local_setup.sh'
[1.127s] INFO:colcon.colcon_core.shell:Creating prefix util module '/home/ilhan/bumperbot_ws/install/_local_setup_util_sh.py'
[1.127s] INFO:colcon.colcon_core.shell:Creating prefix chain script '/home/ilhan/bumperbot_ws/install/setup.sh'
[1.128s] INFO:colcon.colcon_core.shell:Creating prefix script '/home/ilhan/bumperbot_ws/install/local_setup.bash'
[1.128s] INFO:colcon.colcon_core.shell:Creating prefix chain script '/home/ilhan/bumperbot_ws/install/setup.bash'
[1.129s] INFO:colcon.colcon_core.shell:Creating prefix script '/home/ilhan/bumperbot_ws/install/local_setup.zsh'
[1.129s] INFO:colcon.colcon_core.shell:Creating prefix chain script '/home/ilhan/bumperbot_ws/install/setup.zsh'
