[0.021s] Invoking command in '/home/ilhan/bumperbot_ws/build/bumperbot_controller': CMAKE_PREFIX_PATH=${CMAKE_PREFIX_PATH}:/home/ilhan/bumperbot_ws/install/bumperbot_py_examples:/opt/ros/humble /usr/bin/cmake --build /home/ilhan/bumperbot_ws/build/bumperbot_controller -- -j16 -l16
[0.078s] [ 50%] Built target noisy_controller
[0.086s] [100%] Built target simple_controller
[0.086s] [100%] Built target ament_cmake_python_symlink_bumperbot_controller
[0.270s] running egg_info
[0.271s] writing bumperbot_controller.egg-info/PKG-INFO
[0.272s] writing dependency_links to bumperbot_controller.egg-info/dependency_links.txt
[0.272s] writing top-level names to bumperbot_controller.egg-info/top_level.txt
[0.273s] reading manifest file 'bumperbot_controller.egg-info/SOURCES.txt'
[0.273s] writing manifest file 'bumperbot_controller.egg-info/SOURCES.txt'
[0.298s] [100%] Built target ament_cmake_python_build_bumperbot_controller_egg
[0.306s] Invoked command in '/home/ilhan/bumperbot_ws/build/bumperbot_controller' returned '0': CMAKE_PREFIX_PATH=${CMAKE_PREFIX_PATH}:/home/ilhan/bumperbot_ws/install/bumperbot_py_examples:/opt/ros/humble /usr/bin/cmake --build /home/ilhan/bumperbot_ws/build/bumperbot_controller -- -j16 -l16
[0.307s] Invoking command in '/home/ilhan/bumperbot_ws/build/bumperbot_controller': CMAKE_PREFIX_PATH=${CMAKE_PREFIX_PATH}:/home/ilhan/bumperbot_ws/install/bumperbot_py_examples:/opt/ros/humble /usr/bin/cmake --install /home/ilhan/bumperbot_ws/build/bumperbot_controller
[0.313s] -- Install configuration: ""
[0.313s] -- Execute custom install script
[0.314s] -- Up-to-date symlink: /home/ilhan/bumperbot_ws/install/bumperbot_controller/share/bumperbot_controller/environment/pythonpath.sh
[0.314s] -- Up-to-date symlink: /home/ilhan/bumperbot_ws/install/bumperbot_controller/share/bumperbot_controller/environment/pythonpath.dsv
[0.314s] -- Up-to-date symlink: /home/ilhan/bumperbot_ws/install/bumperbot_controller/local/lib/python3.10/dist-packages/bumperbot_controller-0.0.0-py3.10.egg-info/PKG-INFO
[0.314s] -- Up-to-date symlink: /home/ilhan/bumperbot_ws/install/bumperbot_controller/local/lib/python3.10/dist-packages/bumperbot_controller-0.0.0-py3.10.egg-info/SOURCES.txt
[0.314s] -- Up-to-date symlink: /home/ilhan/bumperbot_ws/install/bumperbot_controller/local/lib/python3.10/dist-packages/bumperbot_controller-0.0.0-py3.10.egg-info/dependency_links.txt
[0.314s] -- Up-to-date symlink: /home/ilhan/bumperbot_ws/install/bumperbot_controller/local/lib/python3.10/dist-packages/bumperbot_controller-0.0.0-py3.10.egg-info/top_level.txt
[0.314s] -- Up-to-date symlink: /home/ilhan/bumperbot_ws/install/bumperbot_controller/local/lib/python3.10/dist-packages/bumperbot_controller/__init__.py
[0.314s] -- Up-to-date symlink: /home/ilhan/bumperbot_ws/install/bumperbot_controller/local/lib/python3.10/dist-packages/bumperbot_controller/noisy_controller.py
[0.315s] -- Up-to-date symlink: /home/ilhan/bumperbot_ws/install/bumperbot_controller/local/lib/python3.10/dist-packages/bumperbot_controller/simple_controller.py
[0.315s] -- Up-to-date symlink: /home/ilhan/bumperbot_ws/install/bumperbot_controller/local/lib/python3.10/dist-packages/bumperbot_controller/twist_relay.py
[0.315s] -- Up-to-date symlink: /home/ilhan/bumperbot_ws/install/bumperbot_controller/include/include/bumperbot_controller/noisy_controller.hpp
[0.315s] -- Up-to-date symlink: /home/ilhan/bumperbot_ws/install/bumperbot_controller/include/include/bumperbot_controller/simple_controller.hpp
[0.315s] -- Up-to-date symlink: /home/ilhan/bumperbot_ws/install/bumperbot_controller/lib/bumperbot_controller/simple_controller
[0.315s] -- Up-to-date symlink: /home/ilhan/bumperbot_ws/install/bumperbot_controller/lib/bumperbot_controller/noisy_controller
[0.315s] -- Up-to-date symlink: /home/ilhan/bumperbot_ws/install/bumperbot_controller/share/bumperbot_controller/launch/controller.launch.py
[0.315s] -- Up-to-date symlink: /home/ilhan/bumperbot_ws/install/bumperbot_controller/share/bumperbot_controller/launch/joystick_teleop.launch.py
[0.315s] -- Up-to-date symlink: /home/ilhan/bumperbot_ws/install/bumperbot_controller/share/bumperbot_controller/config/bumperbot_controllers.yaml
[0.316s] -- Up-to-date symlink: /home/ilhan/bumperbot_ws/install/bumperbot_controller/share/bumperbot_controller/config/joy_config.yaml
[0.316s] -- Up-to-date symlink: /home/ilhan/bumperbot_ws/install/bumperbot_controller/share/bumperbot_controller/config/joy_teleop.yaml
[0.316s] -- Up-to-date symlink: /home/ilhan/bumperbot_ws/install/bumperbot_controller/share/bumperbot_controller/config/twist_mux_joy.yaml
[0.316s] -- Up-to-date symlink: /home/ilhan/bumperbot_ws/install/bumperbot_controller/share/bumperbot_controller/config/twist_mux_locks.yaml
[0.316s] -- Up-to-date symlink: /home/ilhan/bumperbot_ws/install/bumperbot_controller/share/bumperbot_controller/config/twist_mux_topics.yaml
[0.316s] -- Up-to-date symlink: /home/ilhan/bumperbot_ws/install/bumperbot_controller/lib/bumperbot_controller/simple_controller.py
[0.316s] -- Up-to-date symlink: /home/ilhan/bumperbot_ws/install/bumperbot_controller/lib/bumperbot_controller/noisy_controller.py
[0.316s] -- Up-to-date symlink: /home/ilhan/bumperbot_ws/install/bumperbot_controller/lib/bumperbot_controller/twist_relay.py
[0.317s] -- Up-to-date symlink: /home/ilhan/bumperbot_ws/install/bumperbot_controller/share/ament_index/resource_index/package_run_dependencies/bumperbot_controller
[0.317s] -- Up-to-date symlink: /home/ilhan/bumperbot_ws/install/bumperbot_controller/share/ament_index/resource_index/parent_prefix_path/bumperbot_controller
[0.317s] -- Up-to-date symlink: /home/ilhan/bumperbot_ws/install/bumperbot_controller/share/bumperbot_controller/environment/ament_prefix_path.sh
[0.317s] -- Up-to-date symlink: /home/ilhan/bumperbot_ws/install/bumperbot_controller/share/bumperbot_controller/environment/ament_prefix_path.dsv
[0.317s] -- Up-to-date symlink: /home/ilhan/bumperbot_ws/install/bumperbot_controller/share/bumperbot_controller/environment/path.sh
[0.317s] -- Up-to-date symlink: /home/ilhan/bumperbot_ws/install/bumperbot_controller/share/bumperbot_controller/environment/path.dsv
[0.317s] -- Up-to-date symlink: /home/ilhan/bumperbot_ws/install/bumperbot_controller/share/bumperbot_controller/local_setup.bash
[0.317s] -- Up-to-date symlink: /home/ilhan/bumperbot_ws/install/bumperbot_controller/share/bumperbot_controller/local_setup.sh
[0.317s] -- Up-to-date symlink: /home/ilhan/bumperbot_ws/install/bumperbot_controller/share/bumperbot_controller/local_setup.zsh
[0.318s] -- Up-to-date symlink: /home/ilhan/bumperbot_ws/install/bumperbot_controller/share/bumperbot_controller/local_setup.dsv
[0.318s] -- Symlinking: /home/ilhan/bumperbot_ws/install/bumperbot_controller/share/bumperbot_controller/package.dsv
[0.323s] -- Up-to-date symlink: /home/ilhan/bumperbot_ws/install/bumperbot_controller/share/ament_index/resource_index/packages/bumperbot_controller
[0.323s] -- Up-to-date symlink: /home/ilhan/bumperbot_ws/install/bumperbot_controller/share/bumperbot_controller/cmake/bumperbot_controllerConfig.cmake
[0.323s] -- Up-to-date symlink: /home/ilhan/bumperbot_ws/install/bumperbot_controller/share/bumperbot_controller/cmake/bumperbot_controllerConfig-version.cmake
[0.323s] -- Up-to-date symlink: /home/ilhan/bumperbot_ws/install/bumperbot_controller/share/bumperbot_controller/package.xml
[0.366s] Listing '/home/ilhan/bumperbot_ws/install/bumperbot_controller/local/lib/python3.10/dist-packages/bumperbot_controller'...
[0.397s] Invoked command in '/home/ilhan/bumperbot_ws/build/bumperbot_controller' returned '0': CMAKE_PREFIX_PATH=${CMAKE_PREFIX_PATH}:/home/ilhan/bumperbot_ws/install/bumperbot_py_examples:/opt/ros/humble /usr/bin/cmake --install /home/ilhan/bumperbot_ws/build/bumperbot_controller
