[0.015s] Invoking command in '/home/ilhan/bumperbot_ws/build/bumperbot_utils': CMAKE_PREFIX_PATH=${CMAKE_PREFIX_PATH}:/home/ilhan/bumperbot_ws/install/bumperbot_py_examples:/opt/ros/humble /usr/bin/cmake /home/ilhan/bumperbot_ws/src/bumperbot_utils -DAMENT_CMAKE_SYMLINK_INSTALL=1 -DCMAKE_INSTALL_PREFIX=/home/ilhan/bumperbot_ws/install/bumperbot_utils
[0.058s] -- The C compiler identification is GNU 11.4.0
[0.108s] -- The CXX compiler identification is GNU 11.4.0
[0.113s] -- Detecting C compiler ABI info
[0.159s] -- Detecting C compiler ABI info - done
[0.168s] -- Check for working C compiler: /usr/bin/cc - skipped
[0.168s] -- Detecting C compile features
[0.168s] -- Detecting C compile features - done
[0.172s] -- Detecting CXX compiler ABI info
[0.235s] -- Detecting CXX compiler ABI info - done
[0.240s] -- Check for working CXX compiler: /usr/bin/c++ - skipped
[0.241s] -- Detecting CXX compile features
[0.241s] -- Detecting CXX compile features - done
[0.242s] -- Found ament_cmake: 1.3.11 (/opt/ros/humble/share/ament_cmake/cmake)
[0.363s] -- Found Python3: /usr/bin/python3 (found version "3.10.12") found components: Interpreter 
[0.424s] -- Override CMake install command with custom implementation using symlinks instead of copying resources
[0.449s] -- Found rclpy: 3.3.15 (/opt/ros/humble/share/rclpy/cmake)
[0.450s] -- Found std_msgs: 4.2.4 (/opt/ros/humble/share/std_msgs/cmake)
[0.473s] -- Found rosidl_generator_c: 3.1.6 (/opt/ros/humble/share/rosidl_generator_c/cmake)
[0.476s] -- Found rosidl_adapter: 3.1.6 (/opt/ros/humble/share/rosidl_adapter/cmake)
[0.482s] -- Found rosidl_generator_cpp: 3.1.6 (/opt/ros/humble/share/rosidl_generator_cpp/cmake)
[0.490s] -- Using all available rosidl_typesupport_c: rosidl_typesupport_fastrtps_c;rosidl_typesupport_introspection_c
[0.502s] -- Using all available rosidl_typesupport_cpp: rosidl_typesupport_fastrtps_cpp;rosidl_typesupport_introspection_cpp
[0.521s] -- Found sensor_msgs: 4.2.4 (/opt/ros/humble/share/sensor_msgs/cmake)
[0.542s] -- Found twist_mux_msgs: 3.0.1 (/opt/ros/humble/share/twist_mux_msgs/cmake)
[0.665s] -- Found ament_lint_auto: 0.12.11 (/opt/ros/humble/share/ament_lint_auto/cmake)
[0.720s] -- Added test 'flake8' to check Python code syntax and style conventions
[0.720s] -- Added test 'lint_cmake' to check CMake code style
[0.721s] -- Added test 'pep257' to check Python code against some of the docstring style conventions in PEP 257
[0.721s] -- Added test 'xmllint' to check XML markup files
[0.722s] -- Configuring done
[0.725s] -- Generating done
[0.727s] -- Build files have been written to: /home/ilhan/bumperbot_ws/build/bumperbot_utils
[0.733s] Invoked command in '/home/ilhan/bumperbot_ws/build/bumperbot_utils' returned '0': CMAKE_PREFIX_PATH=${CMAKE_PREFIX_PATH}:/home/ilhan/bumperbot_ws/install/bumperbot_py_examples:/opt/ros/humble /usr/bin/cmake /home/ilhan/bumperbot_ws/src/bumperbot_utils -DAMENT_CMAKE_SYMLINK_INSTALL=1 -DCMAKE_INSTALL_PREFIX=/home/ilhan/bumperbot_ws/install/bumperbot_utils
[0.735s] Invoking command in '/home/ilhan/bumperbot_ws/build/bumperbot_utils': CMAKE_PREFIX_PATH=${CMAKE_PREFIX_PATH}:/home/ilhan/bumperbot_ws/install/bumperbot_py_examples:/opt/ros/humble /usr/bin/cmake --build /home/ilhan/bumperbot_ws/build/bumperbot_utils -- -j16 -l16
[0.778s] Built target ament_cmake_python_symlink_bumperbot_utils
[0.948s] running egg_info
[0.948s] creating bumperbot_utils.egg-info
[0.948s] writing bumperbot_utils.egg-info/PKG-INFO
[0.948s] writing dependency_links to bumperbot_utils.egg-info/dependency_links.txt
[0.949s] writing top-level names to bumperbot_utils.egg-info/top_level.txt
[0.949s] writing manifest file 'bumperbot_utils.egg-info/SOURCES.txt'
[0.950s] reading manifest file 'bumperbot_utils.egg-info/SOURCES.txt'
[0.950s] writing manifest file 'bumperbot_utils.egg-info/SOURCES.txt'
[0.973s] Built target ament_cmake_python_build_bumperbot_utils_egg
[0.981s] Invoked command in '/home/ilhan/bumperbot_ws/build/bumperbot_utils' returned '0': CMAKE_PREFIX_PATH=${CMAKE_PREFIX_PATH}:/home/ilhan/bumperbot_ws/install/bumperbot_py_examples:/opt/ros/humble /usr/bin/cmake --build /home/ilhan/bumperbot_ws/build/bumperbot_utils -- -j16 -l16
[0.982s] Invoking command in '/home/ilhan/bumperbot_ws/build/bumperbot_utils': CMAKE_PREFIX_PATH=${CMAKE_PREFIX_PATH}:/home/ilhan/bumperbot_ws/install/bumperbot_py_examples:/opt/ros/humble /usr/bin/cmake --install /home/ilhan/bumperbot_ws/build/bumperbot_utils
[0.990s] -- Install configuration: ""
[0.990s] -- Execute custom install script
[0.990s] -- Symlinking: /home/ilhan/bumperbot_ws/install/bumperbot_utils/share/bumperbot_utils/environment/pythonpath.sh
[0.996s] -- Symlinking: /home/ilhan/bumperbot_ws/install/bumperbot_utils/share/bumperbot_utils/environment/pythonpath.dsv
[1.006s] -- Symlinking: /home/ilhan/bumperbot_ws/install/bumperbot_utils/local/lib/python3.10/dist-packages/bumperbot_utils-0.0.0-py3.10.egg-info/PKG-INFO
[1.012s] -- Symlinking: /home/ilhan/bumperbot_ws/install/bumperbot_utils/local/lib/python3.10/dist-packages/bumperbot_utils-0.0.0-py3.10.egg-info/SOURCES.txt
[1.020s] -- Symlinking: /home/ilhan/bumperbot_ws/install/bumperbot_utils/local/lib/python3.10/dist-packages/bumperbot_utils-0.0.0-py3.10.egg-info/dependency_links.txt
[1.027s] -- Symlinking: /home/ilhan/bumperbot_ws/install/bumperbot_utils/local/lib/python3.10/dist-packages/bumperbot_utils-0.0.0-py3.10.egg-info/top_level.txt
[1.034s] -- Symlinking: /home/ilhan/bumperbot_ws/install/bumperbot_utils/local/lib/python3.10/dist-packages/bumperbot_utils/__init__.py
[1.043s] -- Symlinking: /home/ilhan/bumperbot_ws/install/bumperbot_utils/local/lib/python3.10/dist-packages/bumperbot_utils/safety_stop.py
[1.052s] -- Symlinking: /home/ilhan/bumperbot_ws/install/bumperbot_utils/lib/bumperbot_utils/safety_stop.py
[1.060s] -- Symlinking: /home/ilhan/bumperbot_ws/install/bumperbot_utils/share/ament_index/resource_index/package_run_dependencies/bumperbot_utils
[1.069s] -- Symlinking: /home/ilhan/bumperbot_ws/install/bumperbot_utils/share/ament_index/resource_index/parent_prefix_path/bumperbot_utils
[1.077s] -- Symlinking: /home/ilhan/bumperbot_ws/install/bumperbot_utils/share/bumperbot_utils/environment/ament_prefix_path.sh
[1.086s] -- Symlinking: /home/ilhan/bumperbot_ws/install/bumperbot_utils/share/bumperbot_utils/environment/ament_prefix_path.dsv
[1.094s] -- Symlinking: /home/ilhan/bumperbot_ws/install/bumperbot_utils/share/bumperbot_utils/environment/path.sh
[1.103s] -- Symlinking: /home/ilhan/bumperbot_ws/install/bumperbot_utils/share/bumperbot_utils/environment/path.dsv
[1.111s] -- Symlinking: /home/ilhan/bumperbot_ws/install/bumperbot_utils/share/bumperbot_utils/local_setup.bash
[1.118s] -- Symlinking: /home/ilhan/bumperbot_ws/install/bumperbot_utils/share/bumperbot_utils/local_setup.sh
[1.123s] -- Symlinking: /home/ilhan/bumperbot_ws/install/bumperbot_utils/share/bumperbot_utils/local_setup.zsh
[1.130s] -- Symlinking: /home/ilhan/bumperbot_ws/install/bumperbot_utils/share/bumperbot_utils/local_setup.dsv
[1.138s] -- Symlinking: /home/ilhan/bumperbot_ws/install/bumperbot_utils/share/bumperbot_utils/package.dsv
[1.148s] -- Symlinking: /home/ilhan/bumperbot_ws/install/bumperbot_utils/share/ament_index/resource_index/packages/bumperbot_utils
[1.157s] -- Symlinking: /home/ilhan/bumperbot_ws/install/bumperbot_utils/share/bumperbot_utils/cmake/bumperbot_utilsConfig.cmake
[1.164s] -- Symlinking: /home/ilhan/bumperbot_ws/install/bumperbot_utils/share/bumperbot_utils/cmake/bumperbot_utilsConfig-version.cmake
[1.171s] -- Symlinking: /home/ilhan/bumperbot_ws/install/bumperbot_utils/share/bumperbot_utils/package.xml
[1.206s] Listing '/home/ilhan/bumperbot_ws/install/bumperbot_utils/local/lib/python3.10/dist-packages/bumperbot_utils'...
[1.206s] Compiling '/home/ilhan/bumperbot_ws/install/bumperbot_utils/local/lib/python3.10/dist-packages/bumperbot_utils/__init__.py'...
[1.207s] Compiling '/home/ilhan/bumperbot_ws/install/bumperbot_utils/local/lib/python3.10/dist-packages/bumperbot_utils/safety_stop.py'...
[1.213s] Invoked command in '/home/ilhan/bumperbot_ws/build/bumperbot_utils' returned '0': CMAKE_PREFIX_PATH=${CMAKE_PREFIX_PATH}:/home/ilhan/bumperbot_ws/install/bumperbot_py_examples:/opt/ros/humble /usr/bin/cmake --install /home/ilhan/bumperbot_ws/build/bumperbot_utils
