[0.033s] Invoking command in '/home/ilhan/bumperbot_ws/build/bumperbot_mapping': CMAKE_PREFIX_PATH=${CMAKE_PREFIX_PATH}:/home/ilhan/bumperbot_ws/install/bumperbot_py_examples:/opt/ros/humble /usr/bin/cmake --build /home/ilhan/bumperbot_ws/build/bumperbot_mapping -- -j16 -l16
[0.174s] Built target ament_cmake_python_symlink_bumperbot_mapping
[0.581s] running egg_info
[0.582s] writing bumperbot_mapping.egg-info/PKG-INFO
[0.583s] writing dependency_links to bumperbot_mapping.egg-info/dependency_links.txt
[0.583s] writing top-level names to bumperbot_mapping.egg-info/top_level.txt
[0.588s] reading manifest file 'bumperbot_mapping.egg-info/SOURCES.txt'
[0.589s] writing manifest file 'bumperbot_mapping.egg-info/SOURCES.txt'
[0.641s] Built target ament_cmake_python_build_bumperbot_mapping_egg
[0.684s] Invoked command in '/home/ilhan/bumperbot_ws/build/bumperbot_mapping' returned '0': CMAKE_PREFIX_PATH=${CMAKE_PREFIX_PATH}:/home/ilhan/bumperbot_ws/install/bumperbot_py_examples:/opt/ros/humble /usr/bin/cmake --build /home/ilhan/bumperbot_ws/build/bumperbot_mapping -- -j16 -l16
[0.686s] Invoking command in '/home/ilhan/bumperbot_ws/build/bumperbot_mapping': CMAKE_PREFIX_PATH=${CMAKE_PREFIX_PATH}:/home/ilhan/bumperbot_ws/install/bumperbot_py_examples:/opt/ros/humble /usr/bin/cmake --install /home/ilhan/bumperbot_ws/build/bumperbot_mapping
[0.692s] -- Install configuration: ""
[0.692s] -- Execute custom install script
[0.692s] -- Up-to-date symlink: /home/ilhan/bumperbot_ws/install/bumperbot_mapping/share/bumperbot_mapping/environment/pythonpath.sh
[0.693s] -- Up-to-date symlink: /home/ilhan/bumperbot_ws/install/bumperbot_mapping/share/bumperbot_mapping/environment/pythonpath.dsv
[0.693s] -- Up-to-date symlink: /home/ilhan/bumperbot_ws/install/bumperbot_mapping/local/lib/python3.10/dist-packages/bumperbot_mapping-0.0.0-py3.10.egg-info/PKG-INFO
[0.693s] -- Up-to-date symlink: /home/ilhan/bumperbot_ws/install/bumperbot_mapping/local/lib/python3.10/dist-packages/bumperbot_mapping-0.0.0-py3.10.egg-info/SOURCES.txt
[0.693s] -- Up-to-date symlink: /home/ilhan/bumperbot_ws/install/bumperbot_mapping/local/lib/python3.10/dist-packages/bumperbot_mapping-0.0.0-py3.10.egg-info/dependency_links.txt
[0.693s] -- Up-to-date symlink: /home/ilhan/bumperbot_ws/install/bumperbot_mapping/local/lib/python3.10/dist-packages/bumperbot_mapping-0.0.0-py3.10.egg-info/top_level.txt
[0.693s] -- Up-to-date symlink: /home/ilhan/bumperbot_ws/install/bumperbot_mapping/local/lib/python3.10/dist-packages/bumperbot_mapping/__init__.py
[0.693s] -- Up-to-date symlink: /home/ilhan/bumperbot_ws/install/bumperbot_mapping/local/lib/python3.10/dist-packages/bumperbot_mapping/mapping_with_known_poses.py
[0.694s] -- Up-to-date symlink: /home/ilhan/bumperbot_ws/install/bumperbot_mapping/share/bumperbot_mapping/maps/small_house/map.pgm
[0.694s] -- Up-to-date symlink: /home/ilhan/bumperbot_ws/install/bumperbot_mapping/share/bumperbot_mapping/maps/small_house/map.yaml
[0.694s] -- Up-to-date symlink: /home/ilhan/bumperbot_ws/install/bumperbot_mapping/lib/bumperbot_mapping/mapping_with_known_poses.py
[0.694s] -- Up-to-date symlink: /home/ilhan/bumperbot_ws/install/bumperbot_mapping/share/ament_index/resource_index/package_run_dependencies/bumperbot_mapping
[0.694s] -- Up-to-date symlink: /home/ilhan/bumperbot_ws/install/bumperbot_mapping/share/ament_index/resource_index/parent_prefix_path/bumperbot_mapping
[0.694s] -- Up-to-date symlink: /home/ilhan/bumperbot_ws/install/bumperbot_mapping/share/bumperbot_mapping/environment/ament_prefix_path.sh
[0.694s] -- Up-to-date symlink: /home/ilhan/bumperbot_ws/install/bumperbot_mapping/share/bumperbot_mapping/environment/ament_prefix_path.dsv
[0.694s] -- Up-to-date symlink: /home/ilhan/bumperbot_ws/install/bumperbot_mapping/share/bumperbot_mapping/environment/path.sh
[0.694s] -- Up-to-date symlink: /home/ilhan/bumperbot_ws/install/bumperbot_mapping/share/bumperbot_mapping/environment/path.dsv
[0.694s] -- Up-to-date symlink: /home/ilhan/bumperbot_ws/install/bumperbot_mapping/share/bumperbot_mapping/local_setup.bash
[0.694s] -- Up-to-date symlink: /home/ilhan/bumperbot_ws/install/bumperbot_mapping/share/bumperbot_mapping/local_setup.sh
[0.695s] -- Up-to-date symlink: /home/ilhan/bumperbot_ws/install/bumperbot_mapping/share/bumperbot_mapping/local_setup.zsh
[0.695s] -- Up-to-date symlink: /home/ilhan/bumperbot_ws/install/bumperbot_mapping/share/bumperbot_mapping/local_setup.dsv
[0.695s] -- Symlinking: /home/ilhan/bumperbot_ws/install/bumperbot_mapping/share/bumperbot_mapping/package.dsv
[0.706s] -- Up-to-date symlink: /home/ilhan/bumperbot_ws/install/bumperbot_mapping/share/ament_index/resource_index/packages/bumperbot_mapping
[0.706s] -- Up-to-date symlink: /home/ilhan/bumperbot_ws/install/bumperbot_mapping/share/bumperbot_mapping/cmake/bumperbot_mappingConfig.cmake
[0.707s] -- Up-to-date symlink: /home/ilhan/bumperbot_ws/install/bumperbot_mapping/share/bumperbot_mapping/cmake/bumperbot_mappingConfig-version.cmake
[0.707s] -- Up-to-date symlink: /home/ilhan/bumperbot_ws/install/bumperbot_mapping/share/bumperbot_mapping/package.xml
[0.744s] Listing '/home/ilhan/bumperbot_ws/install/bumperbot_mapping/local/lib/python3.10/dist-packages/bumperbot_mapping'...
[0.960s] Invoked command in '/home/ilhan/bumperbot_ws/build/bumperbot_mapping' returned '0': CMAKE_PREFIX_PATH=${CMAKE_PREFIX_PATH}:/home/ilhan/bumperbot_ws/install/bumperbot_py_examples:/opt/ros/humble /usr/bin/cmake --install /home/ilhan/bumperbot_ws/build/bumperbot_mapping
