[0.038s] Invoking command in '/home/ilhan/bumperbot_ws/build/bumperbot_mapping': CMAKE_PREFIX_PATH=${CMAKE_PREFIX_PATH}:/home/ilhan/bumperbot_ws/install/bumperbot_py_examples:/opt/ros/humble /usr/bin/cmake --build /home/ilhan/bumperbot_ws/build/bumperbot_mapping -- -j16 -l16
[0.194s] Built target ament_cmake_python_symlink_bumperbot_mapping
[0.475s] running egg_info
[0.475s] writing bumperbot_mapping.egg-info/PKG-INFO
[0.476s] writing dependency_links to bumperbot_mapping.egg-info/dependency_links.txt
[0.476s] writing top-level names to bumperbot_mapping.egg-info/top_level.txt
[0.479s] reading manifest file 'bumperbot_mapping.egg-info/SOURCES.txt'
[0.481s] writing manifest file 'bumperbot_mapping.egg-info/SOURCES.txt'
[0.531s] Built target ament_cmake_python_build_bumperbot_mapping_egg
[0.544s] Invoked command in '/home/ilhan/bumperbot_ws/build/bumperbot_mapping' returned '0': CMAKE_PREFIX_PATH=${CMAKE_PREFIX_PATH}:/home/ilhan/bumperbot_ws/install/bumperbot_py_examples:/opt/ros/humble /usr/bin/cmake --build /home/ilhan/bumperbot_ws/build/bumperbot_mapping -- -j16 -l16
[0.546s] Invoking command in '/home/ilhan/bumperbot_ws/build/bumperbot_mapping': CMAKE_PREFIX_PATH=${CMAKE_PREFIX_PATH}:/home/ilhan/bumperbot_ws/install/bumperbot_py_examples:/opt/ros/humble /usr/bin/cmake --install /home/ilhan/bumperbot_ws/build/bumperbot_mapping
[0.555s] -- Install configuration: ""
[0.556s] -- Execute custom install script
[0.556s] -- Up-to-date symlink: /home/ilhan/bumperbot_ws/install/bumperbot_mapping/share/bumperbot_mapping/environment/pythonpath.sh
[0.556s] -- Up-to-date symlink: /home/ilhan/bumperbot_ws/install/bumperbot_mapping/share/bumperbot_mapping/environment/pythonpath.dsv
[0.556s] -- Up-to-date symlink: /home/ilhan/bumperbot_ws/install/bumperbot_mapping/local/lib/python3.10/dist-packages/bumperbot_mapping-0.0.0-py3.10.egg-info/PKG-INFO
[0.556s] -- Up-to-date symlink: /home/ilhan/bumperbot_ws/install/bumperbot_mapping/local/lib/python3.10/dist-packages/bumperbot_mapping-0.0.0-py3.10.egg-info/SOURCES.txt
[0.557s] -- Up-to-date symlink: /home/ilhan/bumperbot_ws/install/bumperbot_mapping/local/lib/python3.10/dist-packages/bumperbot_mapping-0.0.0-py3.10.egg-info/dependency_links.txt
[0.557s] -- Up-to-date symlink: /home/ilhan/bumperbot_ws/install/bumperbot_mapping/local/lib/python3.10/dist-packages/bumperbot_mapping-0.0.0-py3.10.egg-info/top_level.txt
[0.557s] -- Up-to-date symlink: /home/ilhan/bumperbot_ws/install/bumperbot_mapping/local/lib/python3.10/dist-packages/bumperbot_mapping/__init__.py
[0.557s] -- Up-to-date symlink: /home/ilhan/bumperbot_ws/install/bumperbot_mapping/local/lib/python3.10/dist-packages/bumperbot_mapping/mapping_with_known_poses.py
[0.557s] -- Up-to-date symlink: /home/ilhan/bumperbot_ws/install/bumperbot_mapping/share/bumperbot_mapping/maps/small_house/map.pgm
[0.558s] -- Up-to-date symlink: /home/ilhan/bumperbot_ws/install/bumperbot_mapping/share/bumperbot_mapping/maps/small_house/map.yaml
[0.558s] -- Up-to-date symlink: /home/ilhan/bumperbot_ws/install/bumperbot_mapping/lib/bumperbot_mapping/mapping_with_known_poses.py
[0.558s] -- Up-to-date symlink: /home/ilhan/bumperbot_ws/install/bumperbot_mapping/share/ament_index/resource_index/package_run_dependencies/bumperbot_mapping
[0.558s] -- Up-to-date symlink: /home/ilhan/bumperbot_ws/install/bumperbot_mapping/share/ament_index/resource_index/parent_prefix_path/bumperbot_mapping
[0.559s] -- Up-to-date symlink: /home/ilhan/bumperbot_ws/install/bumperbot_mapping/share/bumperbot_mapping/environment/ament_prefix_path.sh
[0.559s] -- Up-to-date symlink: /home/ilhan/bumperbot_ws/install/bumperbot_mapping/share/bumperbot_mapping/environment/ament_prefix_path.dsv
[0.559s] -- Up-to-date symlink: /home/ilhan/bumperbot_ws/install/bumperbot_mapping/share/bumperbot_mapping/environment/path.sh
[0.559s] -- Up-to-date symlink: /home/ilhan/bumperbot_ws/install/bumperbot_mapping/share/bumperbot_mapping/environment/path.dsv
[0.559s] -- Up-to-date symlink: /home/ilhan/bumperbot_ws/install/bumperbot_mapping/share/bumperbot_mapping/local_setup.bash
[0.560s] -- Up-to-date symlink: /home/ilhan/bumperbot_ws/install/bumperbot_mapping/share/bumperbot_mapping/local_setup.sh
[0.560s] -- Up-to-date symlink: /home/ilhan/bumperbot_ws/install/bumperbot_mapping/share/bumperbot_mapping/local_setup.zsh
[0.560s] -- Up-to-date symlink: /home/ilhan/bumperbot_ws/install/bumperbot_mapping/share/bumperbot_mapping/local_setup.dsv
[0.560s] -- Symlinking: /home/ilhan/bumperbot_ws/install/bumperbot_mapping/share/bumperbot_mapping/package.dsv
[0.573s] -- Up-to-date symlink: /home/ilhan/bumperbot_ws/install/bumperbot_mapping/share/ament_index/resource_index/packages/bumperbot_mapping
[0.573s] -- Up-to-date symlink: /home/ilhan/bumperbot_ws/install/bumperbot_mapping/share/bumperbot_mapping/cmake/bumperbot_mappingConfig.cmake
[0.573s] -- Up-to-date symlink: /home/ilhan/bumperbot_ws/install/bumperbot_mapping/share/bumperbot_mapping/cmake/bumperbot_mappingConfig-version.cmake
[0.573s] -- Up-to-date symlink: /home/ilhan/bumperbot_ws/install/bumperbot_mapping/share/bumperbot_mapping/package.xml
[0.617s] Listing '/home/ilhan/bumperbot_ws/install/bumperbot_mapping/local/lib/python3.10/dist-packages/bumperbot_mapping'...
[0.657s] Invoked command in '/home/ilhan/bumperbot_ws/build/bumperbot_mapping' returned '0': CMAKE_PREFIX_PATH=${CMAKE_PREFIX_PATH}:/home/ilhan/bumperbot_ws/install/bumperbot_py_examples:/opt/ros/humble /usr/bin/cmake --install /home/ilhan/bumperbot_ws/build/bumperbot_mapping
