[0.021s] Invoking command in '/home/ilhan/bumperbot_ws/build/bumperbot_mapping': CMAKE_PREFIX_PATH=${CMAKE_PREFIX_PATH}:/home/ilhan/bumperbot_ws/install/bumperbot_py_examples:/opt/ros/humble /usr/bin/cmake --build /home/ilhan/bumperbot_ws/build/bumperbot_mapping -- -j16 -l16
[0.040s] -- Found ament_cmake: 1.3.11 (/opt/ros/humble/share/ament_cmake/cmake)
[0.181s] -- Override CMake install command with custom implementation using symlinks instead of copying resources
[0.190s] -- Found rclcpp: 16.0.11 (/opt/ros/humble/share/rclcpp/cmake)
[0.223s] -- Found rosidl_generator_c: 3.1.6 (/opt/ros/humble/share/rosidl_generator_c/cmake)
[0.225s] -- Found rosidl_adapter: 3.1.6 (/opt/ros/humble/share/rosidl_adapter/cmake)
[0.229s] -- Found rosidl_generator_cpp: 3.1.6 (/opt/ros/humble/share/rosidl_generator_cpp/cmake)
[0.236s] -- Using all available rosidl_typesupport_c: rosidl_typesupport_fastrtps_c;rosidl_typesupport_introspection_c
[0.246s] -- Using all available rosidl_typesupport_cpp: rosidl_typesupport_fastrtps_cpp;rosidl_typesupport_introspection_cpp
[0.276s] -- Found rmw_implementation_cmake: 6.1.2 (/opt/ros/humble/share/rmw_implementation_cmake/cmake)
[0.277s] -- Found rmw_fastrtps_cpp: 6.2.7 (/opt/ros/humble/share/rmw_fastrtps_cpp/cmake)
[0.390s] -- Using RMW implementation 'rmw_fastrtps_cpp' as default
[0.425s] -- Found rclpy: 3.3.15 (/opt/ros/humble/share/rclpy/cmake)
[0.425s] -- Found sensor_msgs: 4.2.4 (/opt/ros/humble/share/sensor_msgs/cmake)
[0.447s] -- Found nav_msgs: 4.2.4 (/opt/ros/humble/share/nav_msgs/cmake)
[0.459s] -- Found tf2_ros: 0.25.12 (/opt/ros/humble/share/tf2_ros/cmake)
[0.628s] -- Configuring done
[0.631s] -- Generating done
[0.633s] -- Build files have been written to: /home/ilhan/bumperbot_ws/build/bumperbot_mapping
[0.673s] Built target ament_cmake_python_symlink_bumperbot_mapping
[0.846s] running egg_info
[0.846s] creating bumperbot_mapping.egg-info
[0.846s] writing bumperbot_mapping.egg-info/PKG-INFO
[0.846s] writing dependency_links to bumperbot_mapping.egg-info/dependency_links.txt
[0.846s] writing top-level names to bumperbot_mapping.egg-info/top_level.txt
[0.846s] writing manifest file 'bumperbot_mapping.egg-info/SOURCES.txt'
[0.848s] reading manifest file 'bumperbot_mapping.egg-info/SOURCES.txt'
[0.848s] writing manifest file 'bumperbot_mapping.egg-info/SOURCES.txt'
[0.868s] Built target ament_cmake_python_build_bumperbot_mapping_egg
[0.878s] Invoked command in '/home/ilhan/bumperbot_ws/build/bumperbot_mapping' returned '0': CMAKE_PREFIX_PATH=${CMAKE_PREFIX_PATH}:/home/ilhan/bumperbot_ws/install/bumperbot_py_examples:/opt/ros/humble /usr/bin/cmake --build /home/ilhan/bumperbot_ws/build/bumperbot_mapping -- -j16 -l16
[0.880s] Invoking command in '/home/ilhan/bumperbot_ws/build/bumperbot_mapping': CMAKE_PREFIX_PATH=${CMAKE_PREFIX_PATH}:/home/ilhan/bumperbot_ws/install/bumperbot_py_examples:/opt/ros/humble /usr/bin/cmake --install /home/ilhan/bumperbot_ws/build/bumperbot_mapping
[0.886s] -- Install configuration: ""
[0.886s] -- Execute custom install script
[0.886s] -- Symlinking: /home/ilhan/bumperbot_ws/install/bumperbot_mapping/share/bumperbot_mapping/environment/pythonpath.sh
[0.894s] -- Symlinking: /home/ilhan/bumperbot_ws/install/bumperbot_mapping/share/bumperbot_mapping/environment/pythonpath.dsv
[0.902s] -- Symlinking: /home/ilhan/bumperbot_ws/install/bumperbot_mapping/local/lib/python3.10/dist-packages/bumperbot_mapping-0.0.0-py3.10.egg-info/PKG-INFO
[0.911s] -- Symlinking: /home/ilhan/bumperbot_ws/install/bumperbot_mapping/local/lib/python3.10/dist-packages/bumperbot_mapping-0.0.0-py3.10.egg-info/SOURCES.txt
[0.918s] -- Symlinking: /home/ilhan/bumperbot_ws/install/bumperbot_mapping/local/lib/python3.10/dist-packages/bumperbot_mapping-0.0.0-py3.10.egg-info/dependency_links.txt
[0.926s] -- Symlinking: /home/ilhan/bumperbot_ws/install/bumperbot_mapping/local/lib/python3.10/dist-packages/bumperbot_mapping-0.0.0-py3.10.egg-info/top_level.txt
[0.934s] -- Symlinking: /home/ilhan/bumperbot_ws/install/bumperbot_mapping/local/lib/python3.10/dist-packages/bumperbot_mapping/__init__.py
[0.943s] -- Symlinking: /home/ilhan/bumperbot_ws/install/bumperbot_mapping/local/lib/python3.10/dist-packages/bumperbot_mapping/mapping_with_known_poses.py
[0.951s] -- Up-to-date symlink: /home/ilhan/bumperbot_ws/install/bumperbot_mapping/share/bumperbot_mapping/maps/small_house/map.pgm
[0.951s] -- Up-to-date symlink: /home/ilhan/bumperbot_ws/install/bumperbot_mapping/share/bumperbot_mapping/maps/small_house/map.yaml
[0.951s] -- Symlinking: /home/ilhan/bumperbot_ws/install/bumperbot_mapping/lib/bumperbot_mapping/mapping_with_known_poses.py
[0.957s] -- Up-to-date symlink: /home/ilhan/bumperbot_ws/install/bumperbot_mapping/share/ament_index/resource_index/package_run_dependencies/bumperbot_mapping
[0.957s] -- Up-to-date symlink: /home/ilhan/bumperbot_ws/install/bumperbot_mapping/share/ament_index/resource_index/parent_prefix_path/bumperbot_mapping
[0.957s] -- Up-to-date symlink: /home/ilhan/bumperbot_ws/install/bumperbot_mapping/share/bumperbot_mapping/environment/ament_prefix_path.sh
[0.957s] -- Up-to-date symlink: /home/ilhan/bumperbot_ws/install/bumperbot_mapping/share/bumperbot_mapping/environment/ament_prefix_path.dsv
[0.957s] -- Up-to-date symlink: /home/ilhan/bumperbot_ws/install/bumperbot_mapping/share/bumperbot_mapping/environment/path.sh
[0.957s] -- Up-to-date symlink: /home/ilhan/bumperbot_ws/install/bumperbot_mapping/share/bumperbot_mapping/environment/path.dsv
[0.958s] -- Up-to-date symlink: /home/ilhan/bumperbot_ws/install/bumperbot_mapping/share/bumperbot_mapping/local_setup.bash
[0.958s] -- Up-to-date symlink: /home/ilhan/bumperbot_ws/install/bumperbot_mapping/share/bumperbot_mapping/local_setup.sh
[0.958s] -- Up-to-date symlink: /home/ilhan/bumperbot_ws/install/bumperbot_mapping/share/bumperbot_mapping/local_setup.zsh
[0.958s] -- Up-to-date symlink: /home/ilhan/bumperbot_ws/install/bumperbot_mapping/share/bumperbot_mapping/local_setup.dsv
[0.958s] -- Symlinking: /home/ilhan/bumperbot_ws/install/bumperbot_mapping/share/bumperbot_mapping/package.dsv
[0.964s] -- Up-to-date symlink: /home/ilhan/bumperbot_ws/install/bumperbot_mapping/share/ament_index/resource_index/packages/bumperbot_mapping
[0.964s] -- Up-to-date symlink: /home/ilhan/bumperbot_ws/install/bumperbot_mapping/share/bumperbot_mapping/cmake/bumperbot_mappingConfig.cmake
[0.964s] -- Up-to-date symlink: /home/ilhan/bumperbot_ws/install/bumperbot_mapping/share/bumperbot_mapping/cmake/bumperbot_mappingConfig-version.cmake
[0.964s] -- Up-to-date symlink: /home/ilhan/bumperbot_ws/install/bumperbot_mapping/share/bumperbot_mapping/package.xml
[0.989s] Listing '/home/ilhan/bumperbot_ws/install/bumperbot_mapping/local/lib/python3.10/dist-packages/bumperbot_mapping'...
[0.989s] Compiling '/home/ilhan/bumperbot_ws/install/bumperbot_mapping/local/lib/python3.10/dist-packages/bumperbot_mapping/__init__.py'...
[0.989s] Compiling '/home/ilhan/bumperbot_ws/install/bumperbot_mapping/local/lib/python3.10/dist-packages/bumperbot_mapping/mapping_with_known_poses.py'...
[0.995s] Invoked command in '/home/ilhan/bumperbot_ws/build/bumperbot_mapping' returned '0': CMAKE_PREFIX_PATH=${CMAKE_PREFIX_PATH}:/home/ilhan/bumperbot_ws/install/bumperbot_py_examples:/opt/ros/humble /usr/bin/cmake --install /home/ilhan/bumperbot_ws/build/bumperbot_mapping
