[0.016s] Invoking command in '/home/ilhan/bumperbot_ws/build/bumperbot_firmware': CMAKE_PREFIX_PATH=/opt/ros/humble /usr/bin/cmake --build /home/ilhan/bumperbot_ws/build/bumperbot_firmware -- -j16 -l16
[0.071s] [ 16%] Built target ament_cmake_python_symlink_bumperbot_firmware
[0.071s] [ 33%] Built target simple_serial_receiver
[0.072s] [ 66%] Built target bumperbot_firmware
[0.074s] [100%] Built target simple_serial_transmitter
[0.285s] running egg_info
[0.286s] writing bumperbot_firmware.egg-info/PKG-INFO
[0.287s] writing dependency_links to bumperbot_firmware.egg-info/dependency_links.txt
[0.287s] writing top-level names to bumperbot_firmware.egg-info/top_level.txt
[0.289s] reading manifest file 'bumperbot_firmware.egg-info/SOURCES.txt'
[0.290s] writing manifest file 'bumperbot_firmware.egg-info/SOURCES.txt'
[0.319s] [100%] Built target ament_cmake_python_build_bumperbot_firmware_egg
[0.329s] Invoked command in '/home/ilhan/bumperbot_ws/build/bumperbot_firmware' returned '0': CMAKE_PREFIX_PATH=/opt/ros/humble /usr/bin/cmake --build /home/ilhan/bumperbot_ws/build/bumperbot_firmware -- -j16 -l16
[0.329s] Invoking command in '/home/ilhan/bumperbot_ws/build/bumperbot_firmware': CMAKE_PREFIX_PATH=/opt/ros/humble /usr/bin/cmake --install /home/ilhan/bumperbot_ws/build/bumperbot_firmware
[0.335s] -- Install configuration: ""
[0.336s] -- Execute custom install script
[0.336s] -- Up-to-date symlink: /home/ilhan/bumperbot_ws/install/bumperbot_firmware/share/bumperbot_firmware/environment/pythonpath.sh
[0.336s] -- Up-to-date symlink: /home/ilhan/bumperbot_ws/install/bumperbot_firmware/share/bumperbot_firmware/environment/pythonpath.dsv
[0.336s] -- Up-to-date symlink: /home/ilhan/bumperbot_ws/install/bumperbot_firmware/local/lib/python3.10/dist-packages/bumperbot_firmware-0.0.0-py3.10.egg-info/PKG-INFO
[0.336s] -- Up-to-date symlink: /home/ilhan/bumperbot_ws/install/bumperbot_firmware/local/lib/python3.10/dist-packages/bumperbot_firmware-0.0.0-py3.10.egg-info/SOURCES.txt
[0.336s] -- Up-to-date symlink: /home/ilhan/bumperbot_ws/install/bumperbot_firmware/local/lib/python3.10/dist-packages/bumperbot_firmware-0.0.0-py3.10.egg-info/dependency_links.txt
[0.336s] -- Up-to-date symlink: /home/ilhan/bumperbot_ws/install/bumperbot_firmware/local/lib/python3.10/dist-packages/bumperbot_firmware-0.0.0-py3.10.egg-info/top_level.txt
[0.336s] -- Up-to-date symlink: /home/ilhan/bumperbot_ws/install/bumperbot_firmware/local/lib/python3.10/dist-packages/bumperbot_firmware/__init__.py
[0.337s] -- Up-to-date symlink: /home/ilhan/bumperbot_ws/install/bumperbot_firmware/local/lib/python3.10/dist-packages/bumperbot_firmware/mpu6050_driver.py
[0.337s] -- Up-to-date symlink: /home/ilhan/bumperbot_ws/install/bumperbot_firmware/local/lib/python3.10/dist-packages/bumperbot_firmware/simple_serial_receiver.py
[0.337s] -- Up-to-date symlink: /home/ilhan/bumperbot_ws/install/bumperbot_firmware/local/lib/python3.10/dist-packages/bumperbot_firmware/simple_serial_transmitter.py
[0.337s] -- Up-to-date symlink: /home/ilhan/bumperbot_ws/install/bumperbot_firmware/share/bumperbot_firmware//bumperbot_interface.xml
[0.337s] -- Up-to-date symlink: /home/ilhan/bumperbot_ws/install/bumperbot_firmware/lib/libbumperbot_firmware.so
[0.337s] -- Up-to-date symlink: /home/ilhan/bumperbot_ws/install/bumperbot_firmware/include/include/bumperbot_firmware/bumperbot_interface.hpp
[0.337s] -- Up-to-date symlink: /home/ilhan/bumperbot_ws/install/bumperbot_firmware/share/bumperbot_firmware/launch/hardware_interface.launch.py
[0.337s] -- Up-to-date symlink: /home/ilhan/bumperbot_ws/install/bumperbot_firmware/lib/bumperbot_firmware/simple_serial_transmitter.py
[0.337s] -- Up-to-date symlink: /home/ilhan/bumperbot_ws/install/bumperbot_firmware/lib/bumperbot_firmware/simple_serial_receiver.py
[0.337s] -- Up-to-date symlink: /home/ilhan/bumperbot_ws/install/bumperbot_firmware/lib/bumperbot_firmware/mpu6050_driver.py
[0.337s] -- Up-to-date symlink: /home/ilhan/bumperbot_ws/install/bumperbot_firmware/bin/simple_serial_receiver
[0.337s] -- Up-to-date symlink: /home/ilhan/bumperbot_ws/install/bumperbot_firmware/bin/simple_serial_transmitter
[0.338s] -- Up-to-date symlink: /home/ilhan/bumperbot_ws/install/bumperbot_firmware/share/bumperbot_firmware/environment/library_path.sh
[0.338s] -- Up-to-date symlink: /home/ilhan/bumperbot_ws/install/bumperbot_firmware/share/bumperbot_firmware/environment/library_path.dsv
[0.338s] -- Up-to-date symlink: /home/ilhan/bumperbot_ws/install/bumperbot_firmware/share/ament_index/resource_index/package_run_dependencies/bumperbot_firmware
[0.338s] -- Up-to-date symlink: /home/ilhan/bumperbot_ws/install/bumperbot_firmware/share/ament_index/resource_index/parent_prefix_path/bumperbot_firmware
[0.338s] -- Up-to-date symlink: /home/ilhan/bumperbot_ws/install/bumperbot_firmware/share/bumperbot_firmware/environment/ament_prefix_path.sh
[0.338s] -- Up-to-date symlink: /home/ilhan/bumperbot_ws/install/bumperbot_firmware/share/bumperbot_firmware/environment/ament_prefix_path.dsv
[0.338s] -- Up-to-date symlink: /home/ilhan/bumperbot_ws/install/bumperbot_firmware/share/bumperbot_firmware/environment/path.sh
[0.338s] -- Up-to-date symlink: /home/ilhan/bumperbot_ws/install/bumperbot_firmware/share/bumperbot_firmware/environment/path.dsv
[0.338s] -- Up-to-date symlink: /home/ilhan/bumperbot_ws/install/bumperbot_firmware/share/bumperbot_firmware/local_setup.bash
[0.338s] -- Up-to-date symlink: /home/ilhan/bumperbot_ws/install/bumperbot_firmware/share/bumperbot_firmware/local_setup.sh
[0.338s] -- Up-to-date symlink: /home/ilhan/bumperbot_ws/install/bumperbot_firmware/share/bumperbot_firmware/local_setup.zsh
[0.338s] -- Up-to-date symlink: /home/ilhan/bumperbot_ws/install/bumperbot_firmware/share/bumperbot_firmware/local_setup.dsv
[0.338s] -- Symlinking: /home/ilhan/bumperbot_ws/install/bumperbot_firmware/share/bumperbot_firmware/package.dsv
[0.344s] -- Up-to-date symlink: /home/ilhan/bumperbot_ws/install/bumperbot_firmware/share/ament_index/resource_index/packages/bumperbot_firmware
[0.344s] -- Up-to-date symlink: /home/ilhan/bumperbot_ws/install/bumperbot_firmware/share/ament_index/resource_index/hardware_interface__pluginlib__plugin/bumperbot_firmware
[0.344s] -- Up-to-date symlink: /home/ilhan/bumperbot_ws/install/bumperbot_firmware/share/bumperbot_firmware/cmake/ament_cmake_export_include_directories-extras.cmake
[0.344s] -- Up-to-date symlink: /home/ilhan/bumperbot_ws/install/bumperbot_firmware/share/bumperbot_firmware/cmake/ament_cmake_export_libraries-extras.cmake
[0.345s] -- Up-to-date symlink: /home/ilhan/bumperbot_ws/install/bumperbot_firmware/share/bumperbot_firmware/cmake/ament_cmake_export_dependencies-extras.cmake
[0.345s] -- Up-to-date symlink: /home/ilhan/bumperbot_ws/install/bumperbot_firmware/share/bumperbot_firmware/cmake/bumperbot_firmwareConfig.cmake
[0.345s] -- Up-to-date symlink: /home/ilhan/bumperbot_ws/install/bumperbot_firmware/share/bumperbot_firmware/cmake/bumperbot_firmwareConfig-version.cmake
[0.345s] -- Up-to-date symlink: /home/ilhan/bumperbot_ws/install/bumperbot_firmware/share/bumperbot_firmware/package.xml
[0.367s] Listing '/home/ilhan/bumperbot_ws/install/bumperbot_firmware/local/lib/python3.10/dist-packages/bumperbot_firmware'...
[0.375s] Invoked command in '/home/ilhan/bumperbot_ws/build/bumperbot_firmware' returned '0': CMAKE_PREFIX_PATH=/opt/ros/humble /usr/bin/cmake --install /home/ilhan/bumperbot_ws/build/bumperbot_firmware
