[0.024s] Invoking command in '/home/ilhan/bumperbot_ws/build/bumperbot_cpp_examples': AMENT_PREFIX_PATH=/home/ilhan/bumperbot_ws/install/bumperbot_msgs:${AMENT_PREFIX_PATH} CMAKE_PREFIX_PATH=/home/ilhan/bumperbot_ws/install/bumperbot_msgs:/opt/ros/humble LD_LIBRARY_PATH=/home/ilhan/bumperbot_ws/install/bumperbot_msgs/lib:${LD_LIBRARY_PATH} PYTHONPATH=/home/ilhan/bumperbot_ws/install/bumperbot_msgs/local/lib/python3.10/dist-packages:${PYTHONPATH} /usr/bin/cmake --build /home/ilhan/bumperbot_ws/build/bumperbot_cpp_examples -- -j16 -l16
[0.065s] [ 12%] Built target simple_publisher
[0.065s] [ 50%] Built target simple_service_client
[0.066s] [ 50%] Built target simple_subscriber
[0.066s] [ 50%] Built target simple_tf_kinematics
[0.067s] [ 75%] Built target simple_parameter
[0.067s] [ 75%] Built target simple_lifecycle_node
[0.068s] [ 87%] Built target simple_service_server
[0.069s] [100%] Built target simple_turtlesim_kinematics
[0.206s] Invoked command in '/home/ilhan/bumperbot_ws/build/bumperbot_cpp_examples' returned '0': AMENT_PREFIX_PATH=/home/ilhan/bumperbot_ws/install/bumperbot_msgs:${AMENT_PREFIX_PATH} CMAKE_PREFIX_PATH=/home/ilhan/bumperbot_ws/install/bumperbot_msgs:/opt/ros/humble LD_LIBRARY_PATH=/home/ilhan/bumperbot_ws/install/bumperbot_msgs/lib:${LD_LIBRARY_PATH} PYTHONPATH=/home/ilhan/bumperbot_ws/install/bumperbot_msgs/local/lib/python3.10/dist-packages:${PYTHONPATH} /usr/bin/cmake --build /home/ilhan/bumperbot_ws/build/bumperbot_cpp_examples -- -j16 -l16
[0.207s] Invoking command in '/home/ilhan/bumperbot_ws/build/bumperbot_cpp_examples': AMENT_PREFIX_PATH=/home/ilhan/bumperbot_ws/install/bumperbot_msgs:${AMENT_PREFIX_PATH} CMAKE_PREFIX_PATH=/home/ilhan/bumperbot_ws/install/bumperbot_msgs:/opt/ros/humble LD_LIBRARY_PATH=/home/ilhan/bumperbot_ws/install/bumperbot_msgs/lib:${LD_LIBRARY_PATH} PYTHONPATH=/home/ilhan/bumperbot_ws/install/bumperbot_msgs/local/lib/python3.10/dist-packages:${PYTHONPATH} /usr/bin/cmake --install /home/ilhan/bumperbot_ws/build/bumperbot_cpp_examples
[0.212s] -- Install configuration: ""
[0.212s] -- Execute custom install script
[0.212s] -- Up-to-date symlink: /home/ilhan/bumperbot_ws/install/bumperbot_cpp_examples/include/include/bumperbot_cpp_examples/simple_tf_kinematics.hpp
[0.212s] -- Up-to-date symlink: /home/ilhan/bumperbot_ws/install/bumperbot_cpp_examples/include/include/bumperbot_cpp_examples/simple_turtlesim_kinematics.hpp
[0.213s] -- Up-to-date symlink: /home/ilhan/bumperbot_ws/install/bumperbot_cpp_examples/lib/bumperbot_cpp_examples/simple_publisher
[0.213s] -- Up-to-date symlink: /home/ilhan/bumperbot_ws/install/bumperbot_cpp_examples/lib/bumperbot_cpp_examples/simple_subscriber
[0.213s] -- Up-to-date symlink: /home/ilhan/bumperbot_ws/install/bumperbot_cpp_examples/lib/bumperbot_cpp_examples/simple_parameter
[0.213s] -- Up-to-date symlink: /home/ilhan/bumperbot_ws/install/bumperbot_cpp_examples/lib/bumperbot_cpp_examples/simple_turtlesim_kinematics
[0.213s] -- Up-to-date symlink: /home/ilhan/bumperbot_ws/install/bumperbot_cpp_examples/lib/bumperbot_cpp_examples/simple_service_server
[0.213s] -- Up-to-date symlink: /home/ilhan/bumperbot_ws/install/bumperbot_cpp_examples/lib/bumperbot_cpp_examples/simple_service_client
[0.214s] -- Up-to-date symlink: /home/ilhan/bumperbot_ws/install/bumperbot_cpp_examples/lib/bumperbot_cpp_examples/simple_tf_kinematics
[0.214s] -- Up-to-date symlink: /home/ilhan/bumperbot_ws/install/bumperbot_cpp_examples/lib/bumperbot_cpp_examples/simple_lifecycle_node
[0.214s] -- Up-to-date symlink: /home/ilhan/bumperbot_ws/install/bumperbot_cpp_examples/share/ament_index/resource_index/package_run_dependencies/bumperbot_cpp_examples
[0.214s] -- Up-to-date symlink: /home/ilhan/bumperbot_ws/install/bumperbot_cpp_examples/share/ament_index/resource_index/parent_prefix_path/bumperbot_cpp_examples
[0.214s] -- Up-to-date symlink: /home/ilhan/bumperbot_ws/install/bumperbot_cpp_examples/share/bumperbot_cpp_examples/environment/ament_prefix_path.sh
[0.214s] -- Up-to-date symlink: /home/ilhan/bumperbot_ws/install/bumperbot_cpp_examples/share/bumperbot_cpp_examples/environment/ament_prefix_path.dsv
[0.215s] -- Up-to-date symlink: /home/ilhan/bumperbot_ws/install/bumperbot_cpp_examples/share/bumperbot_cpp_examples/environment/path.sh
[0.215s] -- Up-to-date symlink: /home/ilhan/bumperbot_ws/install/bumperbot_cpp_examples/share/bumperbot_cpp_examples/environment/path.dsv
[0.215s] -- Up-to-date symlink: /home/ilhan/bumperbot_ws/install/bumperbot_cpp_examples/share/bumperbot_cpp_examples/local_setup.bash
[0.215s] -- Up-to-date symlink: /home/ilhan/bumperbot_ws/install/bumperbot_cpp_examples/share/bumperbot_cpp_examples/local_setup.sh
[0.215s] -- Up-to-date symlink: /home/ilhan/bumperbot_ws/install/bumperbot_cpp_examples/share/bumperbot_cpp_examples/local_setup.zsh
[0.216s] -- Up-to-date symlink: /home/ilhan/bumperbot_ws/install/bumperbot_cpp_examples/share/bumperbot_cpp_examples/local_setup.dsv
[0.216s] -- Symlinking: /home/ilhan/bumperbot_ws/install/bumperbot_cpp_examples/share/bumperbot_cpp_examples/package.dsv
[0.221s] -- Up-to-date symlink: /home/ilhan/bumperbot_ws/install/bumperbot_cpp_examples/share/ament_index/resource_index/packages/bumperbot_cpp_examples
[0.222s] -- Up-to-date symlink: /home/ilhan/bumperbot_ws/install/bumperbot_cpp_examples/share/bumperbot_cpp_examples/cmake/bumperbot_cpp_examplesConfig.cmake
[0.222s] -- Up-to-date symlink: /home/ilhan/bumperbot_ws/install/bumperbot_cpp_examples/share/bumperbot_cpp_examples/cmake/bumperbot_cpp_examplesConfig-version.cmake
[0.222s] -- Up-to-date symlink: /home/ilhan/bumperbot_ws/install/bumperbot_cpp_examples/share/bumperbot_cpp_examples/package.xml
[0.224s] Invoked command in '/home/ilhan/bumperbot_ws/build/bumperbot_cpp_examples' returned '0': AMENT_PREFIX_PATH=/home/ilhan/bumperbot_ws/install/bumperbot_msgs:${AMENT_PREFIX_PATH} CMAKE_PREFIX_PATH=/home/ilhan/bumperbot_ws/install/bumperbot_msgs:/opt/ros/humble LD_LIBRARY_PATH=/home/ilhan/bumperbot_ws/install/bumperbot_msgs/lib:${LD_LIBRARY_PATH} PYTHONPATH=/home/ilhan/bumperbot_ws/install/bumperbot_msgs/local/lib/python3.10/dist-packages:${PYTHONPATH} /usr/bin/cmake --install /home/ilhan/bumperbot_ws/build/bumperbot_cpp_examples
