[0.661s] Invoking command in '/home/ilhan/bumperbot_ws/build/bumperbot_py_examples': CMAKE_PREFIX_PATH=/home/ilhan/bumperbot_ws/install/bumperbot_msgs:/home/ilhan/bumperbot_ws/install/bumperbot_utils:/home/ilhan/bumperbot_ws/install/bumperbot_cpp_examples:/home/ilhan/bumperbot_ws/install/bumperbot_mapping:/home/ilhan/bumperbot_ws/install/bumperbot_localization:/home/ilhan/bumperbot_ws/install/bumperbot_firmware:/home/ilhan/bumperbot_ws/install/bumperbot_description:/home/ilhan/bumperbot_ws/install/bumperbot_controller:/home/ilhan/bumperbot_ws/install/bumperbot_bringup PYTHONPATH=/home/ilhan/bumperbot_ws/build/bumperbot_py_examples/prefix_override:/usr/lib/python3/dist-packages/colcon_core/task/python/colcon_distutils_commands:/home/ilhan/bumperbot_ws/install/bumperbot_py_examples/lib/python3.10/site-packages:${PYTHONPATH} /usr/bin/python3 -W ignore:setup.py install is deprecated -W ignore:easy_install command is deprecated setup.py develop --editable --build-directory /home/ilhan/bumperbot_ws/build/bumperbot_py_examples/build --no-deps symlink_data
[0.899s] running develop
[1.039s] running egg_info
[1.039s] writing bumperbot_py_examples.egg-info/PKG-INFO
[1.039s] writing dependency_links to bumperbot_py_examples.egg-info/dependency_links.txt
[1.039s] writing entry points to bumperbot_py_examples.egg-info/entry_points.txt
[1.039s] writing requirements to bumperbot_py_examples.egg-info/requires.txt
[1.039s] writing top-level names to bumperbot_py_examples.egg-info/top_level.txt
[1.041s] reading manifest file 'bumperbot_py_examples.egg-info/SOURCES.txt'
[1.042s] writing manifest file 'bumperbot_py_examples.egg-info/SOURCES.txt'
[1.043s] running build_ext
[1.043s] Creating /home/ilhan/bumperbot_ws/install/bumperbot_py_examples/lib/python3.10/site-packages/bumperbot-py-examples.egg-link (link to .)
[1.044s] Installing simple_lifecycle_node script to /home/ilhan/bumperbot_ws/install/bumperbot_py_examples/lib/bumperbot_py_examples
[1.044s] Installing simple_parameter script to /home/ilhan/bumperbot_ws/install/bumperbot_py_examples/lib/bumperbot_py_examples
[1.044s] Installing simple_publisher script to /home/ilhan/bumperbot_ws/install/bumperbot_py_examples/lib/bumperbot_py_examples
[1.044s] Installing simple_service_client script to /home/ilhan/bumperbot_ws/install/bumperbot_py_examples/lib/bumperbot_py_examples
[1.044s] Installing simple_service_server script to /home/ilhan/bumperbot_ws/install/bumperbot_py_examples/lib/bumperbot_py_examples
[1.044s] Installing simple_subscriber script to /home/ilhan/bumperbot_ws/install/bumperbot_py_examples/lib/bumperbot_py_examples
[1.044s] Installing simple_tf_kinematics script to /home/ilhan/bumperbot_ws/install/bumperbot_py_examples/lib/bumperbot_py_examples
[1.044s] Installing simple_turtlesim_kinematics script to /home/ilhan/bumperbot_ws/install/bumperbot_py_examples/lib/bumperbot_py_examples
[1.044s] 
[1.044s] Installed /home/ilhan/bumperbot_ws/build/bumperbot_py_examples
[1.044s] running symlink_data
[1.073s] Invoked command in '/home/ilhan/bumperbot_ws/build/bumperbot_py_examples' returned '0': CMAKE_PREFIX_PATH=/home/ilhan/bumperbot_ws/install/bumperbot_msgs:/home/ilhan/bumperbot_ws/install/bumperbot_utils:/home/ilhan/bumperbot_ws/install/bumperbot_cpp_examples:/home/ilhan/bumperbot_ws/install/bumperbot_mapping:/home/ilhan/bumperbot_ws/install/bumperbot_localization:/home/ilhan/bumperbot_ws/install/bumperbot_firmware:/home/ilhan/bumperbot_ws/install/bumperbot_description:/home/ilhan/bumperbot_ws/install/bumperbot_controller:/home/ilhan/bumperbot_ws/install/bumperbot_bringup PYTHONPATH=/home/ilhan/bumperbot_ws/build/bumperbot_py_examples/prefix_override:/usr/lib/python3/dist-packages/colcon_core/task/python/colcon_distutils_commands:/home/ilhan/bumperbot_ws/install/bumperbot_py_examples/lib/python3.10/site-packages:${PYTHONPATH} /usr/bin/python3 -W ignore:setup.py install is deprecated -W ignore:easy_install command is deprecated setup.py develop --editable --build-directory /home/ilhan/bumperbot_ws/build/bumperbot_py_examples/build --no-deps symlink_data
