[0.012s] Invoking command in '/home/ilhan/bumperbot_ws/build/bumperbot_localization': CMAKE_PREFIX_PATH=/opt/ros/humble /usr/bin/cmake /home/ilhan/bumperbot_ws/src/bumperbot_localization -DCMAKE_INSTALL_PREFIX=/home/ilhan/bumperbot_ws/install/bumperbot_localization
[0.065s] -- The C compiler identification is GNU 11.4.0
[0.112s] -- The CXX compiler identification is GNU 11.4.0
[0.117s] -- Detecting C compiler ABI info
[0.170s] -- Detecting C compiler ABI info - done
[0.174s] -- Check for working C compiler: /usr/bin/cc - skipped
[0.174s] -- Detecting C compile features
[0.175s] -- Detecting C compile features - done
[0.177s] -- Detecting CXX compiler ABI info
[0.242s] -- Detecting CXX compiler ABI info - done
[0.250s] -- Check for working CXX compiler: /usr/bin/c++ - skipped
[0.250s] -- Detecting CXX compile features
[0.250s] -- Detecting CXX compile features - done
[0.252s] -- Found ament_cmake: 1.3.11 (/opt/ros/humble/share/ament_cmake/cmake)
[0.357s] -- Found Python3: /usr/bin/python3 (found version "3.10.12") found components: Interpreter 
[0.423s] -- Found rclcpp: 16.0.11 (/opt/ros/humble/share/rclcpp/cmake)
[0.446s] -- Found rosidl_generator_c: 3.1.6 (/opt/ros/humble/share/rosidl_generator_c/cmake)
[0.449s] -- Found rosidl_adapter: 3.1.6 (/opt/ros/humble/share/rosidl_adapter/cmake)
[0.453s] -- Found rosidl_generator_cpp: 3.1.6 (/opt/ros/humble/share/rosidl_generator_cpp/cmake)
[0.460s] -- Using all available rosidl_typesupport_c: rosidl_typesupport_fastrtps_c;rosidl_typesupport_introspection_c
[0.469s] -- Using all available rosidl_typesupport_cpp: rosidl_typesupport_fastrtps_cpp;rosidl_typesupport_introspection_cpp
[0.494s] -- Found rmw_implementation_cmake: 6.1.2 (/opt/ros/humble/share/rmw_implementation_cmake/cmake)
[0.496s] -- Found rmw_fastrtps_cpp: 6.2.7 (/opt/ros/humble/share/rmw_fastrtps_cpp/cmake)
[0.559s] -- Found OpenSSL: /usr/lib/x86_64-linux-gnu/libcrypto.so (found version "3.0.2")  
[0.580s] -- Found FastRTPS: /opt/ros/humble/include  
[0.616s] -- Using RMW implementation 'rmw_fastrtps_cpp' as default
[0.620s] -- Looking for pthread.h
[0.682s] -- Looking for pthread.h - found
[0.682s] -- Performing Test CMAKE_HAVE_LIBC_PTHREAD
[0.733s] -- Performing Test CMAKE_HAVE_LIBC_PTHREAD - Success
[0.734s] -- Found Threads: TRUE  
[0.764s] -- Found rclpy: 3.3.15 (/opt/ros/humble/share/rclpy/cmake)
[0.764s] -- Found nav_msgs: 4.2.4 (/opt/ros/humble/share/nav_msgs/cmake)
[0.782s] -- Found sensor_msgs: 4.2.4 (/opt/ros/humble/share/sensor_msgs/cmake)
[0.906s] -- Configuring done
[0.914s] -- Generating done
[0.917s] -- Build files have been written to: /home/ilhan/bumperbot_ws/build/bumperbot_localization
[0.924s] Invoked command in '/home/ilhan/bumperbot_ws/build/bumperbot_localization' returned '0': CMAKE_PREFIX_PATH=/opt/ros/humble /usr/bin/cmake /home/ilhan/bumperbot_ws/src/bumperbot_localization -DCMAKE_INSTALL_PREFIX=/home/ilhan/bumperbot_ws/install/bumperbot_localization
[0.925s] Invoking command in '/home/ilhan/bumperbot_ws/build/bumperbot_localization': CMAKE_PREFIX_PATH=/opt/ros/humble /usr/bin/cmake --build /home/ilhan/bumperbot_ws/build/bumperbot_localization -- -j16 -l16
[0.962s] [ 25%] [32mBuilding CXX object CMakeFiles/imu_republisher.dir/src/imu_republisher.cpp.o[0m
[0.964s] [ 50%] [32mBuilding CXX object CMakeFiles/kalman_filter.dir/src/kalman_filter.cpp.o[0m
[0.969s] [ 50%] Built target ament_cmake_python_copy_bumperbot_localization
[1.237s] running egg_info
[1.238s] creating bumperbot_localization.egg-info
[1.238s] writing bumperbot_localization.egg-info/PKG-INFO
[1.238s] writing dependency_links to bumperbot_localization.egg-info/dependency_links.txt
[1.239s] writing top-level names to bumperbot_localization.egg-info/top_level.txt
[1.239s] writing manifest file 'bumperbot_localization.egg-info/SOURCES.txt'
[1.241s] reading manifest file 'bumperbot_localization.egg-info/SOURCES.txt'
[1.242s] writing manifest file 'bumperbot_localization.egg-info/SOURCES.txt'
[1.281s] [ 50%] Built target ament_cmake_python_build_bumperbot_localization_egg
[9.342s] [ 75%] [32m[1mLinking CXX executable imu_republisher[0m
[10.024s] [ 75%] Built target imu_republisher
[11.254s] [100%] [32m[1mLinking CXX executable kalman_filter[0m
[11.689s] [100%] Built target kalman_filter
[11.700s] Invoked command in '/home/ilhan/bumperbot_ws/build/bumperbot_localization' returned '0': CMAKE_PREFIX_PATH=/opt/ros/humble /usr/bin/cmake --build /home/ilhan/bumperbot_ws/build/bumperbot_localization -- -j16 -l16
[11.702s] Invoking command in '/home/ilhan/bumperbot_ws/build/bumperbot_localization': CMAKE_PREFIX_PATH=/opt/ros/humble /usr/bin/cmake --install /home/ilhan/bumperbot_ws/build/bumperbot_localization
[11.711s] -- Install configuration: ""
[11.711s] -- Installing: /home/ilhan/bumperbot_ws/install/bumperbot_localization/share/bumperbot_localization/environment/pythonpath.sh
[11.711s] -- Installing: /home/ilhan/bumperbot_ws/install/bumperbot_localization/share/bumperbot_localization/environment/pythonpath.dsv
[11.711s] -- Installing: /home/ilhan/bumperbot_ws/install/bumperbot_localization/local/lib/python3.10/dist-packages/bumperbot_localization-0.0.0-py3.10.egg-info
[11.712s] -- Installing: /home/ilhan/bumperbot_ws/install/bumperbot_localization/local/lib/python3.10/dist-packages/bumperbot_localization-0.0.0-py3.10.egg-info/dependency_links.txt
[11.712s] -- Installing: /home/ilhan/bumperbot_ws/install/bumperbot_localization/local/lib/python3.10/dist-packages/bumperbot_localization-0.0.0-py3.10.egg-info/SOURCES.txt
[11.712s] -- Installing: /home/ilhan/bumperbot_ws/install/bumperbot_localization/local/lib/python3.10/dist-packages/bumperbot_localization-0.0.0-py3.10.egg-info/top_level.txt
[11.712s] -- Installing: /home/ilhan/bumperbot_ws/install/bumperbot_localization/local/lib/python3.10/dist-packages/bumperbot_localization-0.0.0-py3.10.egg-info/PKG-INFO
[11.712s] -- Installing: /home/ilhan/bumperbot_ws/install/bumperbot_localization/local/lib/python3.10/dist-packages/bumperbot_localization
[11.712s] -- Installing: /home/ilhan/bumperbot_ws/install/bumperbot_localization/local/lib/python3.10/dist-packages/bumperbot_localization/kalman_filter.py
[11.712s] -- Installing: /home/ilhan/bumperbot_ws/install/bumperbot_localization/local/lib/python3.10/dist-packages/bumperbot_localization/imu_republisher.py
[11.712s] -- Installing: /home/ilhan/bumperbot_ws/install/bumperbot_localization/local/lib/python3.10/dist-packages/bumperbot_localization/__init__.py
[11.713s] -- Installing: /home/ilhan/bumperbot_ws/install/bumperbot_localization/local/lib/python3.10/dist-packages/bumperbot_localization/odometry_motion_model.py
[11.754s] Listing '/home/ilhan/bumperbot_ws/install/bumperbot_localization/local/lib/python3.10/dist-packages/bumperbot_localization'...
[11.754s] Compiling '/home/ilhan/bumperbot_ws/install/bumperbot_localization/local/lib/python3.10/dist-packages/bumperbot_localization/__init__.py'...
[11.754s] Compiling '/home/ilhan/bumperbot_ws/install/bumperbot_localization/local/lib/python3.10/dist-packages/bumperbot_localization/imu_republisher.py'...
[11.754s] Compiling '/home/ilhan/bumperbot_ws/install/bumperbot_localization/local/lib/python3.10/dist-packages/bumperbot_localization/kalman_filter.py'...
[11.754s] Compiling '/home/ilhan/bumperbot_ws/install/bumperbot_localization/local/lib/python3.10/dist-packages/bumperbot_localization/odometry_motion_model.py'...
[11.760s] -- Installing: /home/ilhan/bumperbot_ws/install/bumperbot_localization/include/include
[11.760s] -- Installing: /home/ilhan/bumperbot_ws/install/bumperbot_localization/include/include/bumperbot_localization
[11.760s] -- Installing: /home/ilhan/bumperbot_ws/install/bumperbot_localization/include/include/bumperbot_localization/kalman_filter.hpp
[11.760s] -- Installing: /home/ilhan/bumperbot_ws/install/bumperbot_localization/lib/bumperbot_localization/kalman_filter
[11.765s] -- Set runtime path of "/home/ilhan/bumperbot_ws/install/bumperbot_localization/lib/bumperbot_localization/kalman_filter" to ""
[11.766s] -- Installing: /home/ilhan/bumperbot_ws/install/bumperbot_localization/lib/bumperbot_localization/imu_republisher
[11.769s] -- Set runtime path of "/home/ilhan/bumperbot_ws/install/bumperbot_localization/lib/bumperbot_localization/imu_republisher" to ""
[11.770s] -- Installing: /home/ilhan/bumperbot_ws/install/bumperbot_localization/share/bumperbot_localization/launch
[11.770s] -- Installing: /home/ilhan/bumperbot_ws/install/bumperbot_localization/share/bumperbot_localization/launch/local_localization.launch.py
[11.770s] -- Installing: /home/ilhan/bumperbot_ws/install/bumperbot_localization/share/bumperbot_localization/config
[11.770s] -- Installing: /home/ilhan/bumperbot_ws/install/bumperbot_localization/share/bumperbot_localization/config/ekf.yaml
[11.770s] -- Installing: /home/ilhan/bumperbot_ws/install/bumperbot_localization/lib/bumperbot_localization/kalman_filter.py
[11.771s] -- Installing: /home/ilhan/bumperbot_ws/install/bumperbot_localization/lib/bumperbot_localization/imu_republisher.py
[11.771s] -- Installing: /home/ilhan/bumperbot_ws/install/bumperbot_localization/lib/bumperbot_localization/odometry_motion_model.py
[11.771s] -- Installing: /home/ilhan/bumperbot_ws/install/bumperbot_localization/share/ament_index/resource_index/package_run_dependencies/bumperbot_localization
[11.771s] -- Installing: /home/ilhan/bumperbot_ws/install/bumperbot_localization/share/ament_index/resource_index/parent_prefix_path/bumperbot_localization
[11.771s] -- Installing: /home/ilhan/bumperbot_ws/install/bumperbot_localization/share/bumperbot_localization/environment/ament_prefix_path.sh
[11.771s] -- Installing: /home/ilhan/bumperbot_ws/install/bumperbot_localization/share/bumperbot_localization/environment/ament_prefix_path.dsv
[11.771s] -- Installing: /home/ilhan/bumperbot_ws/install/bumperbot_localization/share/bumperbot_localization/environment/path.sh
[11.771s] -- Installing: /home/ilhan/bumperbot_ws/install/bumperbot_localization/share/bumperbot_localization/environment/path.dsv
[11.771s] -- Installing: /home/ilhan/bumperbot_ws/install/bumperbot_localization/share/bumperbot_localization/local_setup.bash
[11.772s] -- Installing: /home/ilhan/bumperbot_ws/install/bumperbot_localization/share/bumperbot_localization/local_setup.sh
[11.772s] -- Installing: /home/ilhan/bumperbot_ws/install/bumperbot_localization/share/bumperbot_localization/local_setup.zsh
[11.772s] -- Installing: /home/ilhan/bumperbot_ws/install/bumperbot_localization/share/bumperbot_localization/local_setup.dsv
[11.772s] -- Installing: /home/ilhan/bumperbot_ws/install/bumperbot_localization/share/bumperbot_localization/package.dsv
[11.772s] -- Installing: /home/ilhan/bumperbot_ws/install/bumperbot_localization/share/ament_index/resource_index/packages/bumperbot_localization
[11.772s] -- Installing: /home/ilhan/bumperbot_ws/install/bumperbot_localization/share/bumperbot_localization/cmake/bumperbot_localizationConfig.cmake
[11.772s] -- Installing: /home/ilhan/bumperbot_ws/install/bumperbot_localization/share/bumperbot_localization/cmake/bumperbot_localizationConfig-version.cmake
[11.773s] -- Installing: /home/ilhan/bumperbot_ws/install/bumperbot_localization/share/bumperbot_localization/package.xml
[11.775s] Invoked command in '/home/ilhan/bumperbot_ws/build/bumperbot_localization' returned '0': CMAKE_PREFIX_PATH=/opt/ros/humble /usr/bin/cmake --install /home/ilhan/bumperbot_ws/build/bumperbot_localization
