[0.018s] Invoking command in '/home/ilhan/bumperbot_ws/build/bumperbot_controller': CMAKE_PREFIX_PATH=/opt/ros/humble /usr/bin/cmake --build /home/ilhan/bumperbot_ws/build/bumperbot_controller -- -j16 -l16
[0.062s] [ 50%] Built target simple_controller
[0.062s] [100%] Built target noisy_controller
[0.068s] [100%] Built target ament_cmake_python_symlink_bumperbot_controller
[0.363s] running egg_info
[0.363s] writing bumperbot_controller.egg-info/PKG-INFO
[0.363s] writing dependency_links to bumperbot_controller.egg-info/dependency_links.txt
[0.363s] writing top-level names to bumperbot_controller.egg-info/top_level.txt
[0.363s] reading manifest file 'bumperbot_controller.egg-info/SOURCES.txt'
[0.364s] writing manifest file 'bumperbot_controller.egg-info/SOURCES.txt'
[0.387s] [100%] Built target ament_cmake_python_build_bumperbot_controller_egg
[0.561s] Invoked command in '/home/ilhan/bumperbot_ws/build/bumperbot_controller' returned '0': CMAKE_PREFIX_PATH=/opt/ros/humble /usr/bin/cmake --build /home/ilhan/bumperbot_ws/build/bumperbot_controller -- -j16 -l16
[0.561s] Invoking command in '/home/ilhan/bumperbot_ws/build/bumperbot_controller': CMAKE_PREFIX_PATH=/opt/ros/humble /usr/bin/cmake --install /home/ilhan/bumperbot_ws/build/bumperbot_controller
[0.567s] -- Install configuration: ""
[0.567s] -- Execute custom install script
[0.567s] -- Up-to-date symlink: /home/ilhan/bumperbot_ws/install/bumperbot_controller/share/bumperbot_controller/environment/pythonpath.sh
[0.568s] -- Up-to-date symlink: /home/ilhan/bumperbot_ws/install/bumperbot_controller/share/bumperbot_controller/environment/pythonpath.dsv
[0.568s] -- Up-to-date symlink: /home/ilhan/bumperbot_ws/install/bumperbot_controller/local/lib/python3.10/dist-packages/bumperbot_controller-0.0.0-py3.10.egg-info/PKG-INFO
[0.568s] -- Up-to-date symlink: /home/ilhan/bumperbot_ws/install/bumperbot_controller/local/lib/python3.10/dist-packages/bumperbot_controller-0.0.0-py3.10.egg-info/SOURCES.txt
[0.568s] -- Up-to-date symlink: /home/ilhan/bumperbot_ws/install/bumperbot_controller/local/lib/python3.10/dist-packages/bumperbot_controller-0.0.0-py3.10.egg-info/dependency_links.txt
[0.568s] -- Up-to-date symlink: /home/ilhan/bumperbot_ws/install/bumperbot_controller/local/lib/python3.10/dist-packages/bumperbot_controller-0.0.0-py3.10.egg-info/top_level.txt
[0.569s] -- Up-to-date symlink: /home/ilhan/bumperbot_ws/install/bumperbot_controller/local/lib/python3.10/dist-packages/bumperbot_controller/__init__.py
[0.569s] -- Up-to-date symlink: /home/ilhan/bumperbot_ws/install/bumperbot_controller/local/lib/python3.10/dist-packages/bumperbot_controller/noisy_controller.py
[0.569s] -- Up-to-date symlink: /home/ilhan/bumperbot_ws/install/bumperbot_controller/local/lib/python3.10/dist-packages/bumperbot_controller/simple_controller.py
[0.569s] -- Up-to-date symlink: /home/ilhan/bumperbot_ws/install/bumperbot_controller/local/lib/python3.10/dist-packages/bumperbot_controller/twist_relay.py
[0.569s] -- Up-to-date symlink: /home/ilhan/bumperbot_ws/install/bumperbot_controller/include/include/bumperbot_controller/noisy_controller.hpp
[0.569s] -- Up-to-date symlink: /home/ilhan/bumperbot_ws/install/bumperbot_controller/include/include/bumperbot_controller/simple_controller.hpp
[0.570s] -- Up-to-date symlink: /home/ilhan/bumperbot_ws/install/bumperbot_controller/lib/bumperbot_controller/simple_controller
[0.570s] -- Up-to-date symlink: /home/ilhan/bumperbot_ws/install/bumperbot_controller/lib/bumperbot_controller/noisy_controller
[0.570s] -- Up-to-date symlink: /home/ilhan/bumperbot_ws/install/bumperbot_controller/share/bumperbot_controller/launch/controller.launch.py
[0.570s] -- Up-to-date symlink: /home/ilhan/bumperbot_ws/install/bumperbot_controller/share/bumperbot_controller/launch/joystick_teleop.launch.py
[0.570s] -- Up-to-date symlink: /home/ilhan/bumperbot_ws/install/bumperbot_controller/share/bumperbot_controller/config/bumperbot_controllers.yaml
[0.570s] -- Up-to-date symlink: /home/ilhan/bumperbot_ws/install/bumperbot_controller/share/bumperbot_controller/config/joy_config.yaml
[0.570s] -- Up-to-date symlink: /home/ilhan/bumperbot_ws/install/bumperbot_controller/share/bumperbot_controller/config/joy_teleop.yaml
[0.571s] -- Up-to-date symlink: /home/ilhan/bumperbot_ws/install/bumperbot_controller/share/bumperbot_controller/config/twist_mux_joy.yaml
[0.571s] -- Up-to-date symlink: /home/ilhan/bumperbot_ws/install/bumperbot_controller/share/bumperbot_controller/config/twist_mux_locks.yaml
[0.571s] -- Up-to-date symlink: /home/ilhan/bumperbot_ws/install/bumperbot_controller/share/bumperbot_controller/config/twist_mux_topics.yaml
[0.571s] -- Up-to-date symlink: /home/ilhan/bumperbot_ws/install/bumperbot_controller/lib/bumperbot_controller/simple_controller.py
[0.571s] -- Up-to-date symlink: /home/ilhan/bumperbot_ws/install/bumperbot_controller/lib/bumperbot_controller/noisy_controller.py
[0.571s] -- Up-to-date symlink: /home/ilhan/bumperbot_ws/install/bumperbot_controller/lib/bumperbot_controller/twist_relay.py
[0.571s] -- Up-to-date symlink: /home/ilhan/bumperbot_ws/install/bumperbot_controller/share/ament_index/resource_index/package_run_dependencies/bumperbot_controller
[0.571s] -- Up-to-date symlink: /home/ilhan/bumperbot_ws/install/bumperbot_controller/share/ament_index/resource_index/parent_prefix_path/bumperbot_controller
[0.572s] -- Up-to-date symlink: /home/ilhan/bumperbot_ws/install/bumperbot_controller/share/bumperbot_controller/environment/ament_prefix_path.sh
[0.572s] -- Up-to-date symlink: /home/ilhan/bumperbot_ws/install/bumperbot_controller/share/bumperbot_controller/environment/ament_prefix_path.dsv
[0.572s] -- Up-to-date symlink: /home/ilhan/bumperbot_ws/install/bumperbot_controller/share/bumperbot_controller/environment/path.sh
[0.572s] -- Up-to-date symlink: /home/ilhan/bumperbot_ws/install/bumperbot_controller/share/bumperbot_controller/environment/path.dsv
[0.572s] -- Up-to-date symlink: /home/ilhan/bumperbot_ws/install/bumperbot_controller/share/bumperbot_controller/local_setup.bash
[0.572s] -- Up-to-date symlink: /home/ilhan/bumperbot_ws/install/bumperbot_controller/share/bumperbot_controller/local_setup.sh
[0.572s] -- Up-to-date symlink: /home/ilhan/bumperbot_ws/install/bumperbot_controller/share/bumperbot_controller/local_setup.zsh
[0.572s] -- Up-to-date symlink: /home/ilhan/bumperbot_ws/install/bumperbot_controller/share/bumperbot_controller/local_setup.dsv
[0.572s] -- Symlinking: /home/ilhan/bumperbot_ws/install/bumperbot_controller/share/bumperbot_controller/package.dsv
[0.577s] -- Up-to-date symlink: /home/ilhan/bumperbot_ws/install/bumperbot_controller/share/ament_index/resource_index/packages/bumperbot_controller
[0.577s] -- Up-to-date symlink: /home/ilhan/bumperbot_ws/install/bumperbot_controller/share/bumperbot_controller/cmake/bumperbot_controllerConfig.cmake
[0.577s] -- Up-to-date symlink: /home/ilhan/bumperbot_ws/install/bumperbot_controller/share/bumperbot_controller/cmake/bumperbot_controllerConfig-version.cmake
[0.578s] -- Up-to-date symlink: /home/ilhan/bumperbot_ws/install/bumperbot_controller/share/bumperbot_controller/package.xml
[0.597s] Listing '/home/ilhan/bumperbot_ws/install/bumperbot_controller/local/lib/python3.10/dist-packages/bumperbot_controller'...
[0.603s] Invoked command in '/home/ilhan/bumperbot_ws/build/bumperbot_controller' returned '0': CMAKE_PREFIX_PATH=/opt/ros/humble /usr/bin/cmake --install /home/ilhan/bumperbot_ws/build/bumperbot_controller
