[0.028s] Invoking command in '/home/ilhan/bumperbot_ws/build/bumperbot_utils': CMAKE_PREFIX_PATH=${CMAKE_PREFIX_PATH}:/home/ilhan/bumperbot_ws/install/bumperbot_py_examples:/opt/ros/humble /usr/bin/cmake --build /home/ilhan/bumperbot_ws/build/bumperbot_utils -- -j16 -l16
[0.107s] Built target ament_cmake_python_symlink_bumperbot_utils
[0.443s] running egg_info
[0.444s] writing bumperbot_utils.egg-info/PKG-INFO
[0.444s] writing dependency_links to bumperbot_utils.egg-info/dependency_links.txt
[0.444s] writing top-level names to bumperbot_utils.egg-info/top_level.txt
[0.447s] reading manifest file 'bumperbot_utils.egg-info/SOURCES.txt'
[0.447s] writing manifest file 'bumperbot_utils.egg-info/SOURCES.txt'
[0.470s] Built target ament_cmake_python_build_bumperbot_utils_egg
[0.663s] Invoked command in '/home/ilhan/bumperbot_ws/build/bumperbot_utils' returned '0': CMAKE_PREFIX_PATH=${CMAKE_PREFIX_PATH}:/home/ilhan/bumperbot_ws/install/bumperbot_py_examples:/opt/ros/humble /usr/bin/cmake --build /home/ilhan/bumperbot_ws/build/bumperbot_utils -- -j16 -l16
[0.663s] Invoking command in '/home/ilhan/bumperbot_ws/build/bumperbot_utils': CMAKE_PREFIX_PATH=${CMAKE_PREFIX_PATH}:/home/ilhan/bumperbot_ws/install/bumperbot_py_examples:/opt/ros/humble /usr/bin/cmake --install /home/ilhan/bumperbot_ws/build/bumperbot_utils
[0.667s] -- Install configuration: ""
[0.667s] -- Execute custom install script
[0.667s] -- Up-to-date symlink: /home/ilhan/bumperbot_ws/install/bumperbot_utils/share/bumperbot_utils/environment/pythonpath.sh
[0.668s] -- Up-to-date symlink: /home/ilhan/bumperbot_ws/install/bumperbot_utils/share/bumperbot_utils/environment/pythonpath.dsv
[0.668s] -- Up-to-date symlink: /home/ilhan/bumperbot_ws/install/bumperbot_utils/local/lib/python3.10/dist-packages/bumperbot_utils-0.0.0-py3.10.egg-info/PKG-INFO
[0.668s] -- Up-to-date symlink: /home/ilhan/bumperbot_ws/install/bumperbot_utils/local/lib/python3.10/dist-packages/bumperbot_utils-0.0.0-py3.10.egg-info/SOURCES.txt
[0.668s] -- Up-to-date symlink: /home/ilhan/bumperbot_ws/install/bumperbot_utils/local/lib/python3.10/dist-packages/bumperbot_utils-0.0.0-py3.10.egg-info/dependency_links.txt
[0.668s] -- Up-to-date symlink: /home/ilhan/bumperbot_ws/install/bumperbot_utils/local/lib/python3.10/dist-packages/bumperbot_utils-0.0.0-py3.10.egg-info/top_level.txt
[0.668s] -- Up-to-date symlink: /home/ilhan/bumperbot_ws/install/bumperbot_utils/local/lib/python3.10/dist-packages/bumperbot_utils/__init__.py
[0.668s] -- Up-to-date symlink: /home/ilhan/bumperbot_ws/install/bumperbot_utils/local/lib/python3.10/dist-packages/bumperbot_utils/safety_stop.py
[0.668s] -- Up-to-date symlink: /home/ilhan/bumperbot_ws/install/bumperbot_utils/lib/bumperbot_utils/safety_stop.py
[0.668s] -- Up-to-date symlink: /home/ilhan/bumperbot_ws/install/bumperbot_utils/share/ament_index/resource_index/package_run_dependencies/bumperbot_utils
[0.668s] -- Up-to-date symlink: /home/ilhan/bumperbot_ws/install/bumperbot_utils/share/ament_index/resource_index/parent_prefix_path/bumperbot_utils
[0.668s] -- Up-to-date symlink: /home/ilhan/bumperbot_ws/install/bumperbot_utils/share/bumperbot_utils/environment/ament_prefix_path.sh
[0.668s] -- Up-to-date symlink: /home/ilhan/bumperbot_ws/install/bumperbot_utils/share/bumperbot_utils/environment/ament_prefix_path.dsv
[0.668s] -- Up-to-date symlink: /home/ilhan/bumperbot_ws/install/bumperbot_utils/share/bumperbot_utils/environment/path.sh
[0.669s] -- Up-to-date symlink: /home/ilhan/bumperbot_ws/install/bumperbot_utils/share/bumperbot_utils/environment/path.dsv
[0.669s] -- Up-to-date symlink: /home/ilhan/bumperbot_ws/install/bumperbot_utils/share/bumperbot_utils/local_setup.bash
[0.669s] -- Up-to-date symlink: /home/ilhan/bumperbot_ws/install/bumperbot_utils/share/bumperbot_utils/local_setup.sh
[0.669s] -- Up-to-date symlink: /home/ilhan/bumperbot_ws/install/bumperbot_utils/share/bumperbot_utils/local_setup.zsh
[0.669s] -- Up-to-date symlink: /home/ilhan/bumperbot_ws/install/bumperbot_utils/share/bumperbot_utils/local_setup.dsv
[0.669s] -- Symlinking: /home/ilhan/bumperbot_ws/install/bumperbot_utils/share/bumperbot_utils/package.dsv
[0.678s] -- Up-to-date symlink: /home/ilhan/bumperbot_ws/install/bumperbot_utils/share/ament_index/resource_index/packages/bumperbot_utils
[0.678s] -- Up-to-date symlink: /home/ilhan/bumperbot_ws/install/bumperbot_utils/share/bumperbot_utils/cmake/bumperbot_utilsConfig.cmake
[0.678s] -- Up-to-date symlink: /home/ilhan/bumperbot_ws/install/bumperbot_utils/share/bumperbot_utils/cmake/bumperbot_utilsConfig-version.cmake
[0.678s] -- Up-to-date symlink: /home/ilhan/bumperbot_ws/install/bumperbot_utils/share/bumperbot_utils/package.xml
[0.705s] Listing '/home/ilhan/bumperbot_ws/install/bumperbot_utils/local/lib/python3.10/dist-packages/bumperbot_utils'...
[0.711s] Invoked command in '/home/ilhan/bumperbot_ws/build/bumperbot_utils' returned '0': CMAKE_PREFIX_PATH=${CMAKE_PREFIX_PATH}:/home/ilhan/bumperbot_ws/install/bumperbot_py_examples:/opt/ros/humble /usr/bin/cmake --install /home/ilhan/bumperbot_ws/build/bumperbot_utils
