[0.424s] Invoking command in '/home/ilhan/bumperbot_ws/build/bumperbot_py_examples': CMAKE_PREFIX_PATH=/home/ilhan/bumperbot_ws/install/bumperbot_msgs:/home/ilhan/bumperbot_ws/install/bumperbot_utils:/home/ilhan/bumperbot_ws/install/bumperbot_cpp_examples:/home/ilhan/bumperbot_ws/install/bumperbot_localization:/home/ilhan/bumperbot_ws/install/bumperbot_firmware:/home/ilhan/bumperbot_ws/install/bumperbot_description:/home/ilhan/bumperbot_ws/install/bumperbot_controller:/home/ilhan/bumperbot_ws/install/bumperbot_bringup PYTHONPATH=/home/ilhan/bumperbot_ws/build/bumperbot_py_examples/prefix_override:/usr/lib/python3/dist-packages/colcon_core/task/python/colcon_distutils_commands:/home/ilhan/bumperbot_ws/install/bumperbot_py_examples/lib/python3.10/site-packages:${PYTHONPATH} /usr/bin/python3 -W ignore:setup.py install is deprecated -W ignore:easy_install command is deprecated setup.py develop --editable --build-directory /home/ilhan/bumperbot_ws/build/bumperbot_py_examples/build --no-deps symlink_data
[0.568s] running develop
[0.654s] running egg_info
[0.654s] writing bumperbot_py_examples.egg-info/PKG-INFO
[0.655s] writing dependency_links to bumperbot_py_examples.egg-info/dependency_links.txt
[0.655s] writing entry points to bumperbot_py_examples.egg-info/entry_points.txt
[0.655s] writing requirements to bumperbot_py_examples.egg-info/requires.txt
[0.655s] writing top-level names to bumperbot_py_examples.egg-info/top_level.txt
[0.656s] reading manifest file 'bumperbot_py_examples.egg-info/SOURCES.txt'
[0.656s] writing manifest file 'bumperbot_py_examples.egg-info/SOURCES.txt'
[0.657s] running build_ext
[0.657s] Creating /home/ilhan/bumperbot_ws/install/bumperbot_py_examples/lib/python3.10/site-packages/bumperbot-py-examples.egg-link (link to .)
[0.657s] Installing simple_lifecycle_node script to /home/ilhan/bumperbot_ws/install/bumperbot_py_examples/lib/bumperbot_py_examples
[0.658s] Installing simple_parameter script to /home/ilhan/bumperbot_ws/install/bumperbot_py_examples/lib/bumperbot_py_examples
[0.658s] Installing simple_publisher script to /home/ilhan/bumperbot_ws/install/bumperbot_py_examples/lib/bumperbot_py_examples
[0.658s] Installing simple_service_client script to /home/ilhan/bumperbot_ws/install/bumperbot_py_examples/lib/bumperbot_py_examples
[0.658s] Installing simple_service_server script to /home/ilhan/bumperbot_ws/install/bumperbot_py_examples/lib/bumperbot_py_examples
[0.658s] Installing simple_subscriber script to /home/ilhan/bumperbot_ws/install/bumperbot_py_examples/lib/bumperbot_py_examples
[0.658s] Installing simple_tf_kinematics script to /home/ilhan/bumperbot_ws/install/bumperbot_py_examples/lib/bumperbot_py_examples
[0.658s] Installing simple_turtlesim_kinematics script to /home/ilhan/bumperbot_ws/install/bumperbot_py_examples/lib/bumperbot_py_examples
[0.658s] 
[0.658s] Installed /home/ilhan/bumperbot_ws/build/bumperbot_py_examples
[0.658s] running symlink_data
[0.675s] Invoked command in '/home/ilhan/bumperbot_ws/build/bumperbot_py_examples' returned '0': CMAKE_PREFIX_PATH=/home/ilhan/bumperbot_ws/install/bumperbot_msgs:/home/ilhan/bumperbot_ws/install/bumperbot_utils:/home/ilhan/bumperbot_ws/install/bumperbot_cpp_examples:/home/ilhan/bumperbot_ws/install/bumperbot_localization:/home/ilhan/bumperbot_ws/install/bumperbot_firmware:/home/ilhan/bumperbot_ws/install/bumperbot_description:/home/ilhan/bumperbot_ws/install/bumperbot_controller:/home/ilhan/bumperbot_ws/install/bumperbot_bringup PYTHONPATH=/home/ilhan/bumperbot_ws/build/bumperbot_py_examples/prefix_override:/usr/lib/python3/dist-packages/colcon_core/task/python/colcon_distutils_commands:/home/ilhan/bumperbot_ws/install/bumperbot_py_examples/lib/python3.10/site-packages:${PYTHONPATH} /usr/bin/python3 -W ignore:setup.py install is deprecated -W ignore:easy_install command is deprecated setup.py develop --editable --build-directory /home/ilhan/bumperbot_ws/build/bumperbot_py_examples/build --no-deps symlink_data
