Built target ament_cmake_python_symlink_bumperbot_mapping
running egg_info
writing bumperbot_mapping.egg-info/PKG-INFO
writing dependency_links to bumperbot_mapping.egg-info/dependency_links.txt
writing top-level names to bumperbot_mapping.egg-info/top_level.txt
reading manifest file 'bumperbot_mapping.egg-info/SOURCES.txt'
writing manifest file 'bumperbot_mapping.egg-info/SOURCES.txt'
Built target ament_cmake_python_build_bumperbot_mapping_egg
-- Install configuration: ""
-- Execute custom install script
-- Up-to-date symlink: /home/ilhan/bumperbot_ws/install/bumperbot_mapping/share/bumperbot_mapping/environment/pythonpath.sh
-- Up-to-date symlink: /home/ilhan/bumperbot_ws/install/bumperbot_mapping/share/bumperbot_mapping/environment/pythonpath.dsv
-- Up-to-date symlink: /home/ilhan/bumperbot_ws/install/bumperbot_mapping/local/lib/python3.10/dist-packages/bumperbot_mapping-0.0.0-py3.10.egg-info/PKG-INFO
-- Up-to-date symlink: /home/ilhan/bumperbot_ws/install/bumperbot_mapping/local/lib/python3.10/dist-packages/bumperbot_mapping-0.0.0-py3.10.egg-info/SOURCES.txt
-- Up-to-date symlink: /home/ilhan/bumperbot_ws/install/bumperbot_mapping/local/lib/python3.10/dist-packages/bumperbot_mapping-0.0.0-py3.10.egg-info/dependency_links.txt
-- Up-to-date symlink: /home/ilhan/bumperbot_ws/install/bumperbot_mapping/local/lib/python3.10/dist-packages/bumperbot_mapping-0.0.0-py3.10.egg-info/top_level.txt
-- Up-to-date symlink: /home/ilhan/bumperbot_ws/install/bumperbot_mapping/local/lib/python3.10/dist-packages/bumperbot_mapping/__init__.py
-- Up-to-date symlink: /home/ilhan/bumperbot_ws/install/bumperbot_mapping/local/lib/python3.10/dist-packages/bumperbot_mapping/mapping_with_known_poses.py
-- Up-to-date symlink: /home/ilhan/bumperbot_ws/install/bumperbot_mapping/share/bumperbot_mapping/maps/small_house/map.pgm
-- Up-to-date symlink: /home/ilhan/bumperbot_ws/install/bumperbot_mapping/share/bumperbot_mapping/maps/small_house/map.yaml
-- Up-to-date symlink: /home/ilhan/bumperbot_ws/install/bumperbot_mapping/lib/bumperbot_mapping/mapping_with_known_poses.py
-- Up-to-date symlink: /home/ilhan/bumperbot_ws/install/bumperbot_mapping/share/ament_index/resource_index/package_run_dependencies/bumperbot_mapping
-- Up-to-date symlink: /home/ilhan/bumperbot_ws/install/bumperbot_mapping/share/ament_index/resource_index/parent_prefix_path/bumperbot_mapping
-- Up-to-date symlink: /home/ilhan/bumperbot_ws/install/bumperbot_mapping/share/bumperbot_mapping/environment/ament_prefix_path.sh
-- Up-to-date symlink: /home/ilhan/bumperbot_ws/install/bumperbot_mapping/share/bumperbot_mapping/environment/ament_prefix_path.dsv
-- Up-to-date symlink: /home/ilhan/bumperbot_ws/install/bumperbot_mapping/share/bumperbot_mapping/environment/path.sh
-- Up-to-date symlink: /home/ilhan/bumperbot_ws/install/bumperbot_mapping/share/bumperbot_mapping/environment/path.dsv
-- Up-to-date symlink: /home/ilhan/bumperbot_ws/install/bumperbot_mapping/share/bumperbot_mapping/local_setup.bash
-- Up-to-date symlink: /home/ilhan/bumperbot_ws/install/bumperbot_mapping/share/bumperbot_mapping/local_setup.sh
-- Up-to-date symlink: /home/ilhan/bumperbot_ws/install/bumperbot_mapping/share/bumperbot_mapping/local_setup.zsh
-- Up-to-date symlink: /home/ilhan/bumperbot_ws/install/bumperbot_mapping/share/bumperbot_mapping/local_setup.dsv
-- Symlinking: /home/ilhan/bumperbot_ws/install/bumperbot_mapping/share/bumperbot_mapping/package.dsv
-- Up-to-date symlink: /home/ilhan/bumperbot_ws/install/bumperbot_mapping/share/ament_index/resource_index/packages/bumperbot_mapping
-- Up-to-date symlink: /home/ilhan/bumperbot_ws/install/bumperbot_mapping/share/bumperbot_mapping/cmake/bumperbot_mappingConfig.cmake
-- Up-to-date symlink: /home/ilhan/bumperbot_ws/install/bumperbot_mapping/share/bumperbot_mapping/cmake/bumperbot_mappingConfig-version.cmake
-- Up-to-date symlink: /home/ilhan/bumperbot_ws/install/bumperbot_mapping/share/bumperbot_mapping/package.xml
Listing '/home/ilhan/bumperbot_ws/install/bumperbot_mapping/local/lib/python3.10/dist-packages/bumperbot_mapping'...
