[0.027s] Invoking command in '/home/ilhan/bumperbot_ws/build/bumperbot_bringup': CMAKE_PREFIX_PATH=${CMAKE_PREFIX_PATH}:/home/ilhan/bumperbot_ws/install/bumperbot_py_examples:/opt/ros/humble /usr/bin/cmake --build /home/ilhan/bumperbot_ws/build/bumperbot_bringup -- -j16 -l16
[0.097s] Invoked command in '/home/ilhan/bumperbot_ws/build/bumperbot_bringup' returned '0': CMAKE_PREFIX_PATH=${CMAKE_PREFIX_PATH}:/home/ilhan/bumperbot_ws/install/bumperbot_py_examples:/opt/ros/humble /usr/bin/cmake --build /home/ilhan/bumperbot_ws/build/bumperbot_bringup -- -j16 -l16
[0.098s] Invoking command in '/home/ilhan/bumperbot_ws/build/bumperbot_bringup': CMAKE_PREFIX_PATH=${CMAKE_PREFIX_PATH}:/home/ilhan/bumperbot_ws/install/bumperbot_py_examples:/opt/ros/humble /usr/bin/cmake --install /home/ilhan/bumperbot_ws/build/bumperbot_bringup
[0.111s] -- Install configuration: ""
[0.111s] -- Up-to-date: /home/ilhan/bumperbot_ws/install/bumperbot_bringup/share/bumperbot_bringup/launch
[0.111s] -- Up-to-date: /home/ilhan/bumperbot_ws/install/bumperbot_bringup/share/bumperbot_bringup/launch/real_robot.launch.py
[0.111s] -- Up-to-date: /home/ilhan/bumperbot_ws/install/bumperbot_bringup/share/bumperbot_bringup/launch/simulated_robot.launch.py
[0.111s] -- Up-to-date: /home/ilhan/bumperbot_ws/install/bumperbot_bringup/share/bumperbot_bringup/worlds
[0.111s] -- Up-to-date: /home/ilhan/bumperbot_ws/install/bumperbot_bringup/share/bumperbot_bringup/worlds/test_world.sdf
[0.111s] -- Up-to-date: /home/ilhan/bumperbot_ws/install/bumperbot_bringup/share/bumperbot_bringup/worlds/empty_test.world
[0.111s] -- Up-to-date: /home/ilhan/bumperbot_ws/install/bumperbot_bringup/share/ament_index/resource_index/package_run_dependencies/bumperbot_bringup
[0.112s] -- Up-to-date: /home/ilhan/bumperbot_ws/install/bumperbot_bringup/share/ament_index/resource_index/parent_prefix_path/bumperbot_bringup
[0.112s] -- Up-to-date: /home/ilhan/bumperbot_ws/install/bumperbot_bringup/share/bumperbot_bringup/environment/ament_prefix_path.sh
[0.112s] -- Up-to-date: /home/ilhan/bumperbot_ws/install/bumperbot_bringup/share/bumperbot_bringup/environment/ament_prefix_path.dsv
[0.112s] -- Up-to-date: /home/ilhan/bumperbot_ws/install/bumperbot_bringup/share/bumperbot_bringup/environment/path.sh
[0.112s] -- Up-to-date: /home/ilhan/bumperbot_ws/install/bumperbot_bringup/share/bumperbot_bringup/environment/path.dsv
[0.112s] -- Up-to-date: /home/ilhan/bumperbot_ws/install/bumperbot_bringup/share/bumperbot_bringup/local_setup.bash
[0.112s] -- Up-to-date: /home/ilhan/bumperbot_ws/install/bumperbot_bringup/share/bumperbot_bringup/local_setup.sh
[0.112s] -- Up-to-date: /home/ilhan/bumperbot_ws/install/bumperbot_bringup/share/bumperbot_bringup/local_setup.zsh
[0.114s] -- Up-to-date: /home/ilhan/bumperbot_ws/install/bumperbot_bringup/share/bumperbot_bringup/local_setup.dsv
[0.115s] -- Installing: /home/ilhan/bumperbot_ws/install/bumperbot_bringup/share/bumperbot_bringup/package.dsv
[0.115s] -- Up-to-date: /home/ilhan/bumperbot_ws/install/bumperbot_bringup/share/ament_index/resource_index/packages/bumperbot_bringup
[0.115s] -- Up-to-date: /home/ilhan/bumperbot_ws/install/bumperbot_bringup/share/bumperbot_bringup/cmake/bumperbot_bringupConfig.cmake
[0.115s] -- Up-to-date: /home/ilhan/bumperbot_ws/install/bumperbot_bringup/share/bumperbot_bringup/cmake/bumperbot_bringupConfig-version.cmake
[0.115s] -- Up-to-date: /home/ilhan/bumperbot_ws/install/bumperbot_bringup/share/bumperbot_bringup/package.xml
[0.144s] Invoked command in '/home/ilhan/bumperbot_ws/build/bumperbot_bringup' returned '0': CMAKE_PREFIX_PATH=${CMAKE_PREFIX_PATH}:/home/ilhan/bumperbot_ws/install/bumperbot_py_examples:/opt/ros/humble /usr/bin/cmake --install /home/ilhan/bumperbot_ws/build/bumperbot_bringup
