[0.037s] Invoking command in '/home/ilhan/bumperbot_ws/build/bumperbot_localization': CMAKE_PREFIX_PATH=${CMAKE_PREFIX_PATH}:/home/ilhan/bumperbot_ws/install/bumperbot_py_examples:/opt/ros/humble /usr/bin/cmake --build /home/ilhan/bumperbot_ws/build/bumperbot_localization -- -j16 -l16
[0.124s] [ 50%] Built target imu_republisher
[0.156s] [100%] Built target kalman_filter
[0.165s] [100%] Built target ament_cmake_python_symlink_bumperbot_localization
[0.557s] running egg_info
[0.558s] writing bumperbot_localization.egg-info/PKG-INFO
[0.559s] writing dependency_links to bumperbot_localization.egg-info/dependency_links.txt
[0.560s] writing top-level names to bumperbot_localization.egg-info/top_level.txt
[0.564s] reading manifest file 'bumperbot_localization.egg-info/SOURCES.txt'
[0.565s] writing manifest file 'bumperbot_localization.egg-info/SOURCES.txt'
[0.625s] [100%] Built target ament_cmake_python_build_bumperbot_localization_egg
[0.674s] Invoked command in '/home/ilhan/bumperbot_ws/build/bumperbot_localization' returned '0': CMAKE_PREFIX_PATH=${CMAKE_PREFIX_PATH}:/home/ilhan/bumperbot_ws/install/bumperbot_py_examples:/opt/ros/humble /usr/bin/cmake --build /home/ilhan/bumperbot_ws/build/bumperbot_localization -- -j16 -l16
[0.674s] Invoking command in '/home/ilhan/bumperbot_ws/build/bumperbot_localization': CMAKE_PREFIX_PATH=${CMAKE_PREFIX_PATH}:/home/ilhan/bumperbot_ws/install/bumperbot_py_examples:/opt/ros/humble /usr/bin/cmake --install /home/ilhan/bumperbot_ws/build/bumperbot_localization
[0.689s] -- Install configuration: ""
[0.689s] -- Execute custom install script
[0.690s] -- Up-to-date symlink: /home/ilhan/bumperbot_ws/install/bumperbot_localization/share/bumperbot_localization/environment/pythonpath.sh
[0.690s] -- Up-to-date symlink: /home/ilhan/bumperbot_ws/install/bumperbot_localization/share/bumperbot_localization/environment/pythonpath.dsv
[0.690s] -- Up-to-date symlink: /home/ilhan/bumperbot_ws/install/bumperbot_localization/local/lib/python3.10/dist-packages/bumperbot_localization-0.0.0-py3.10.egg-info/PKG-INFO
[0.690s] -- Up-to-date symlink: /home/ilhan/bumperbot_ws/install/bumperbot_localization/local/lib/python3.10/dist-packages/bumperbot_localization-0.0.0-py3.10.egg-info/SOURCES.txt
[0.690s] -- Up-to-date symlink: /home/ilhan/bumperbot_ws/install/bumperbot_localization/local/lib/python3.10/dist-packages/bumperbot_localization-0.0.0-py3.10.egg-info/dependency_links.txt
[0.690s] -- Up-to-date symlink: /home/ilhan/bumperbot_ws/install/bumperbot_localization/local/lib/python3.10/dist-packages/bumperbot_localization-0.0.0-py3.10.egg-info/top_level.txt
[0.690s] -- Up-to-date symlink: /home/ilhan/bumperbot_ws/install/bumperbot_localization/local/lib/python3.10/dist-packages/bumperbot_localization/__init__.py
[0.690s] -- Up-to-date symlink: /home/ilhan/bumperbot_ws/install/bumperbot_localization/local/lib/python3.10/dist-packages/bumperbot_localization/imu_republisher.py
[0.690s] -- Up-to-date symlink: /home/ilhan/bumperbot_ws/install/bumperbot_localization/local/lib/python3.10/dist-packages/bumperbot_localization/kalman_filter.py
[0.690s] -- Up-to-date symlink: /home/ilhan/bumperbot_ws/install/bumperbot_localization/local/lib/python3.10/dist-packages/bumperbot_localization/odometry_motion_model.py
[0.690s] -- Up-to-date symlink: /home/ilhan/bumperbot_ws/install/bumperbot_localization/include/include/bumperbot_localization/kalman_filter.hpp
[0.690s] -- Up-to-date symlink: /home/ilhan/bumperbot_ws/install/bumperbot_localization/lib/bumperbot_localization/kalman_filter
[0.690s] -- Up-to-date symlink: /home/ilhan/bumperbot_ws/install/bumperbot_localization/lib/bumperbot_localization/imu_republisher
[0.690s] -- Up-to-date symlink: /home/ilhan/bumperbot_ws/install/bumperbot_localization/share/bumperbot_localization/launch/global_localization.launch.py
[0.690s] -- Up-to-date symlink: /home/ilhan/bumperbot_ws/install/bumperbot_localization/share/bumperbot_localization/launch/local_localization.launch.py
[0.690s] -- Up-to-date symlink: /home/ilhan/bumperbot_ws/install/bumperbot_localization/share/bumperbot_localization/config/ekf.yaml
[0.690s] -- Up-to-date symlink: /home/ilhan/bumperbot_ws/install/bumperbot_localization/lib/bumperbot_localization/kalman_filter.py
[0.690s] -- Up-to-date symlink: /home/ilhan/bumperbot_ws/install/bumperbot_localization/lib/bumperbot_localization/imu_republisher.py
[0.691s] -- Up-to-date symlink: /home/ilhan/bumperbot_ws/install/bumperbot_localization/lib/bumperbot_localization/odometry_motion_model.py
[0.691s] -- Up-to-date symlink: /home/ilhan/bumperbot_ws/install/bumperbot_localization/share/ament_index/resource_index/package_run_dependencies/bumperbot_localization
[0.691s] -- Up-to-date symlink: /home/ilhan/bumperbot_ws/install/bumperbot_localization/share/ament_index/resource_index/parent_prefix_path/bumperbot_localization
[0.691s] -- Up-to-date symlink: /home/ilhan/bumperbot_ws/install/bumperbot_localization/share/bumperbot_localization/environment/ament_prefix_path.sh
[0.691s] -- Up-to-date symlink: /home/ilhan/bumperbot_ws/install/bumperbot_localization/share/bumperbot_localization/environment/ament_prefix_path.dsv
[0.691s] -- Up-to-date symlink: /home/ilhan/bumperbot_ws/install/bumperbot_localization/share/bumperbot_localization/environment/path.sh
[0.691s] -- Up-to-date symlink: /home/ilhan/bumperbot_ws/install/bumperbot_localization/share/bumperbot_localization/environment/path.dsv
[0.691s] -- Up-to-date symlink: /home/ilhan/bumperbot_ws/install/bumperbot_localization/share/bumperbot_localization/local_setup.bash
[0.691s] -- Up-to-date symlink: /home/ilhan/bumperbot_ws/install/bumperbot_localization/share/bumperbot_localization/local_setup.sh
[0.691s] -- Up-to-date symlink: /home/ilhan/bumperbot_ws/install/bumperbot_localization/share/bumperbot_localization/local_setup.zsh
[0.691s] -- Up-to-date symlink: /home/ilhan/bumperbot_ws/install/bumperbot_localization/share/bumperbot_localization/local_setup.dsv
[0.691s] -- Symlinking: /home/ilhan/bumperbot_ws/install/bumperbot_localization/share/bumperbot_localization/package.dsv
[0.698s] -- Up-to-date symlink: /home/ilhan/bumperbot_ws/install/bumperbot_localization/share/ament_index/resource_index/packages/bumperbot_localization
[0.698s] -- Up-to-date symlink: /home/ilhan/bumperbot_ws/install/bumperbot_localization/share/bumperbot_localization/cmake/bumperbot_localizationConfig.cmake
[0.698s] -- Up-to-date symlink: /home/ilhan/bumperbot_ws/install/bumperbot_localization/share/bumperbot_localization/cmake/bumperbot_localizationConfig-version.cmake
[0.698s] -- Up-to-date symlink: /home/ilhan/bumperbot_ws/install/bumperbot_localization/share/bumperbot_localization/package.xml
[0.735s] Listing '/home/ilhan/bumperbot_ws/install/bumperbot_localization/local/lib/python3.10/dist-packages/bumperbot_localization'...
[0.979s] Invoked command in '/home/ilhan/bumperbot_ws/build/bumperbot_localization' returned '0': CMAKE_PREFIX_PATH=${CMAKE_PREFIX_PATH}:/home/ilhan/bumperbot_ws/install/bumperbot_py_examples:/opt/ros/humble /usr/bin/cmake --install /home/ilhan/bumperbot_ws/build/bumperbot_localization
