[0.013s] Invoking command in '/home/ilhan/bumperbot_ws/build/bumperbot_controller': CMAKE_PREFIX_PATH=${CMAKE_PREFIX_PATH}:/home/ilhan/bumperbot_ws/install/bumperbot_py_examples:/opt/ros/humble /usr/bin/cmake /home/ilhan/bumperbot_ws/src/bumperbot_controller -DAMENT_CMAKE_SYMLINK_INSTALL=1 -DCMAKE_INSTALL_PREFIX=/home/ilhan/bumperbot_ws/install/bumperbot_controller
[0.056s] -- The C compiler identification is GNU 11.4.0
[0.108s] -- The CXX compiler identification is GNU 11.4.0
[0.116s] -- Detecting C compiler ABI info
[0.175s] -- Detecting C compiler ABI info - done
[0.180s] -- Check for working C compiler: /usr/bin/cc - skipped
[0.180s] -- Detecting C compile features
[0.180s] -- Detecting C compile features - done
[0.182s] -- Detecting CXX compiler ABI info
[0.244s] -- Detecting CXX compiler ABI info - done
[0.253s] -- Check for working CXX compiler: /usr/bin/c++ - skipped
[0.254s] -- Detecting CXX compile features
[0.254s] -- Detecting CXX compile features - done
[0.256s] -- Found ament_cmake: 1.3.11 (/opt/ros/humble/share/ament_cmake/cmake)
[0.383s] -- Found Python3: /usr/bin/python3 (found version "3.10.12") found components: Interpreter 
[0.440s] -- Override CMake install command with custom implementation using symlinks instead of copying resources
[0.467s] -- Found rclcpp: 16.0.11 (/opt/ros/humble/share/rclcpp/cmake)
[0.495s] -- Found rosidl_generator_c: 3.1.6 (/opt/ros/humble/share/rosidl_generator_c/cmake)
[0.498s] -- Found rosidl_adapter: 3.1.6 (/opt/ros/humble/share/rosidl_adapter/cmake)
[0.504s] -- Found rosidl_generator_cpp: 3.1.6 (/opt/ros/humble/share/rosidl_generator_cpp/cmake)
[0.513s] -- Using all available rosidl_typesupport_c: rosidl_typesupport_fastrtps_c;rosidl_typesupport_introspection_c
[0.524s] -- Using all available rosidl_typesupport_cpp: rosidl_typesupport_fastrtps_cpp;rosidl_typesupport_introspection_cpp
[0.553s] -- Found rmw_implementation_cmake: 6.1.2 (/opt/ros/humble/share/rmw_implementation_cmake/cmake)
[0.555s] -- Found rmw_fastrtps_cpp: 6.2.7 (/opt/ros/humble/share/rmw_fastrtps_cpp/cmake)
[0.624s] -- Found OpenSSL: /usr/lib/x86_64-linux-gnu/libcrypto.so (found version "3.0.2")  
[0.649s] -- Found FastRTPS: /opt/ros/humble/include  
[0.687s] -- Using RMW implementation 'rmw_fastrtps_cpp' as default
[0.696s] -- Looking for pthread.h
[0.765s] -- Looking for pthread.h - found
[0.765s] -- Performing Test CMAKE_HAVE_LIBC_PTHREAD
[0.833s] -- Performing Test CMAKE_HAVE_LIBC_PTHREAD - Success
[0.834s] -- Found Threads: TRUE  
[0.880s] -- Found rclpy: 3.3.15 (/opt/ros/humble/share/rclpy/cmake)
[0.881s] -- Found geometry_msgs: 4.2.4 (/opt/ros/humble/share/geometry_msgs/cmake)
[0.891s] -- Found sensor_msgs: 4.2.4 (/opt/ros/humble/share/sensor_msgs/cmake)
[0.905s] -- Found nav_msgs: 4.2.4 (/opt/ros/humble/share/nav_msgs/cmake)
[0.919s] -- Found tf2_ros: 0.25.12 (/opt/ros/humble/share/tf2_ros/cmake)
[1.125s] -- Configuring done
[1.135s] -- Generating done
[1.139s] -- Build files have been written to: /home/ilhan/bumperbot_ws/build/bumperbot_controller
[1.149s] Invoked command in '/home/ilhan/bumperbot_ws/build/bumperbot_controller' returned '0': CMAKE_PREFIX_PATH=${CMAKE_PREFIX_PATH}:/home/ilhan/bumperbot_ws/install/bumperbot_py_examples:/opt/ros/humble /usr/bin/cmake /home/ilhan/bumperbot_ws/src/bumperbot_controller -DAMENT_CMAKE_SYMLINK_INSTALL=1 -DCMAKE_INSTALL_PREFIX=/home/ilhan/bumperbot_ws/install/bumperbot_controller
[1.150s] Invoking command in '/home/ilhan/bumperbot_ws/build/bumperbot_controller': CMAKE_PREFIX_PATH=${CMAKE_PREFIX_PATH}:/home/ilhan/bumperbot_ws/install/bumperbot_py_examples:/opt/ros/humble /usr/bin/cmake --build /home/ilhan/bumperbot_ws/build/bumperbot_controller -- -j16 -l16
[1.186s] [ 25%] [32mBuilding CXX object CMakeFiles/simple_controller.dir/src/simple_controller.cpp.o[0m
[1.190s] [ 50%] [32mBuilding CXX object CMakeFiles/noisy_controller.dir/src/noisy_controller.cpp.o[0m
[1.192s] [ 50%] Built target ament_cmake_python_symlink_bumperbot_controller
[1.434s] running egg_info
[1.435s] creating bumperbot_controller.egg-info
[1.435s] writing bumperbot_controller.egg-info/PKG-INFO
[1.435s] writing dependency_links to bumperbot_controller.egg-info/dependency_links.txt
[1.436s] writing top-level names to bumperbot_controller.egg-info/top_level.txt
[1.436s] writing manifest file 'bumperbot_controller.egg-info/SOURCES.txt'
[1.438s] reading manifest file 'bumperbot_controller.egg-info/SOURCES.txt'
[1.439s] writing manifest file 'bumperbot_controller.egg-info/SOURCES.txt'
[1.474s] [ 50%] Built target ament_cmake_python_build_bumperbot_controller_egg
[9.971s] [ 75%] [32m[1mLinking CXX executable noisy_controller[0m
[10.538s] [ 75%] Built target noisy_controller
[16.562s] [100%] [32m[1mLinking CXX executable simple_controller[0m
[17.045s] [100%] Built target simple_controller
[17.052s] Invoked command in '/home/ilhan/bumperbot_ws/build/bumperbot_controller' returned '0': CMAKE_PREFIX_PATH=${CMAKE_PREFIX_PATH}:/home/ilhan/bumperbot_ws/install/bumperbot_py_examples:/opt/ros/humble /usr/bin/cmake --build /home/ilhan/bumperbot_ws/build/bumperbot_controller -- -j16 -l16
[17.054s] Invoking command in '/home/ilhan/bumperbot_ws/build/bumperbot_controller': CMAKE_PREFIX_PATH=${CMAKE_PREFIX_PATH}:/home/ilhan/bumperbot_ws/install/bumperbot_py_examples:/opt/ros/humble /usr/bin/cmake --install /home/ilhan/bumperbot_ws/build/bumperbot_controller
[17.058s] -- Install configuration: ""
[17.059s] -- Execute custom install script
[17.059s] -- Symlinking: /home/ilhan/bumperbot_ws/install/bumperbot_controller/share/bumperbot_controller/environment/pythonpath.sh
[17.064s] -- Symlinking: /home/ilhan/bumperbot_ws/install/bumperbot_controller/share/bumperbot_controller/environment/pythonpath.dsv
[17.070s] -- Symlinking: /home/ilhan/bumperbot_ws/install/bumperbot_controller/local/lib/python3.10/dist-packages/bumperbot_controller-0.0.0-py3.10.egg-info/PKG-INFO
[17.075s] -- Symlinking: /home/ilhan/bumperbot_ws/install/bumperbot_controller/local/lib/python3.10/dist-packages/bumperbot_controller-0.0.0-py3.10.egg-info/SOURCES.txt
[17.080s] -- Symlinking: /home/ilhan/bumperbot_ws/install/bumperbot_controller/local/lib/python3.10/dist-packages/bumperbot_controller-0.0.0-py3.10.egg-info/dependency_links.txt
[17.085s] -- Symlinking: /home/ilhan/bumperbot_ws/install/bumperbot_controller/local/lib/python3.10/dist-packages/bumperbot_controller-0.0.0-py3.10.egg-info/top_level.txt
[17.092s] -- Symlinking: /home/ilhan/bumperbot_ws/install/bumperbot_controller/local/lib/python3.10/dist-packages/bumperbot_controller/__init__.py
[17.099s] -- Symlinking: /home/ilhan/bumperbot_ws/install/bumperbot_controller/local/lib/python3.10/dist-packages/bumperbot_controller/noisy_controller.py
[17.105s] -- Symlinking: /home/ilhan/bumperbot_ws/install/bumperbot_controller/local/lib/python3.10/dist-packages/bumperbot_controller/simple_controller.py
[17.112s] -- Symlinking: /home/ilhan/bumperbot_ws/install/bumperbot_controller/local/lib/python3.10/dist-packages/bumperbot_controller/twist_relay.py
[17.118s] -- Symlinking: /home/ilhan/bumperbot_ws/install/bumperbot_controller/include/include/bumperbot_controller/noisy_controller.hpp
[17.124s] -- Symlinking: /home/ilhan/bumperbot_ws/install/bumperbot_controller/include/include/bumperbot_controller/simple_controller.hpp
[17.129s] -- Symlinking: /home/ilhan/bumperbot_ws/install/bumperbot_controller/lib/bumperbot_controller/simple_controller
[17.134s] -- Symlinking: /home/ilhan/bumperbot_ws/install/bumperbot_controller/lib/bumperbot_controller/noisy_controller
[17.140s] -- Symlinking: /home/ilhan/bumperbot_ws/install/bumperbot_controller/share/bumperbot_controller/launch/controller.launch.py
[17.147s] -- Symlinking: /home/ilhan/bumperbot_ws/install/bumperbot_controller/share/bumperbot_controller/launch/joystick_teleop.launch.py
[17.154s] -- Symlinking: /home/ilhan/bumperbot_ws/install/bumperbot_controller/share/bumperbot_controller/config/bumperbot_controllers.yaml
[17.160s] -- Symlinking: /home/ilhan/bumperbot_ws/install/bumperbot_controller/share/bumperbot_controller/config/joy_config.yaml
[17.165s] -- Symlinking: /home/ilhan/bumperbot_ws/install/bumperbot_controller/share/bumperbot_controller/config/joy_teleop.yaml
[17.170s] -- Symlinking: /home/ilhan/bumperbot_ws/install/bumperbot_controller/share/bumperbot_controller/config/twist_mux_joy.yaml
[17.176s] -- Symlinking: /home/ilhan/bumperbot_ws/install/bumperbot_controller/share/bumperbot_controller/config/twist_mux_locks.yaml
[17.182s] -- Symlinking: /home/ilhan/bumperbot_ws/install/bumperbot_controller/share/bumperbot_controller/config/twist_mux_topics.yaml
[17.187s] -- Symlinking: /home/ilhan/bumperbot_ws/install/bumperbot_controller/lib/bumperbot_controller/simple_controller.py
[17.194s] -- Symlinking: /home/ilhan/bumperbot_ws/install/bumperbot_controller/lib/bumperbot_controller/noisy_controller.py
[17.201s] -- Symlinking: /home/ilhan/bumperbot_ws/install/bumperbot_controller/lib/bumperbot_controller/twist_relay.py
[17.206s] -- Symlinking: /home/ilhan/bumperbot_ws/install/bumperbot_controller/share/ament_index/resource_index/package_run_dependencies/bumperbot_controller
[17.213s] -- Symlinking: /home/ilhan/bumperbot_ws/install/bumperbot_controller/share/ament_index/resource_index/parent_prefix_path/bumperbot_controller
[17.220s] -- Symlinking: /home/ilhan/bumperbot_ws/install/bumperbot_controller/share/bumperbot_controller/environment/ament_prefix_path.sh
[17.228s] -- Symlinking: /home/ilhan/bumperbot_ws/install/bumperbot_controller/share/bumperbot_controller/environment/ament_prefix_path.dsv
[17.233s] -- Symlinking: /home/ilhan/bumperbot_ws/install/bumperbot_controller/share/bumperbot_controller/environment/path.sh
[17.240s] -- Symlinking: /home/ilhan/bumperbot_ws/install/bumperbot_controller/share/bumperbot_controller/environment/path.dsv
[17.251s] -- Symlinking: /home/ilhan/bumperbot_ws/install/bumperbot_controller/share/bumperbot_controller/local_setup.bash
[17.259s] -- Symlinking: /home/ilhan/bumperbot_ws/install/bumperbot_controller/share/bumperbot_controller/local_setup.sh
[17.266s] -- Symlinking: /home/ilhan/bumperbot_ws/install/bumperbot_controller/share/bumperbot_controller/local_setup.zsh
[17.271s] -- Symlinking: /home/ilhan/bumperbot_ws/install/bumperbot_controller/share/bumperbot_controller/local_setup.dsv
[17.278s] -- Symlinking: /home/ilhan/bumperbot_ws/install/bumperbot_controller/share/bumperbot_controller/package.dsv
[17.283s] -- Symlinking: /home/ilhan/bumperbot_ws/install/bumperbot_controller/share/ament_index/resource_index/packages/bumperbot_controller
[17.289s] -- Symlinking: /home/ilhan/bumperbot_ws/install/bumperbot_controller/share/bumperbot_controller/cmake/bumperbot_controllerConfig.cmake
[17.295s] -- Symlinking: /home/ilhan/bumperbot_ws/install/bumperbot_controller/share/bumperbot_controller/cmake/bumperbot_controllerConfig-version.cmake
[17.301s] -- Symlinking: /home/ilhan/bumperbot_ws/install/bumperbot_controller/share/bumperbot_controller/package.xml
[17.330s] Listing '/home/ilhan/bumperbot_ws/install/bumperbot_controller/local/lib/python3.10/dist-packages/bumperbot_controller'...
[17.330s] Compiling '/home/ilhan/bumperbot_ws/install/bumperbot_controller/local/lib/python3.10/dist-packages/bumperbot_controller/__init__.py'...
[17.330s] Compiling '/home/ilhan/bumperbot_ws/install/bumperbot_controller/local/lib/python3.10/dist-packages/bumperbot_controller/noisy_controller.py'...
[17.330s] Compiling '/home/ilhan/bumperbot_ws/install/bumperbot_controller/local/lib/python3.10/dist-packages/bumperbot_controller/simple_controller.py'...
[17.330s] Compiling '/home/ilhan/bumperbot_ws/install/bumperbot_controller/local/lib/python3.10/dist-packages/bumperbot_controller/twist_relay.py'...
[17.335s] Invoked command in '/home/ilhan/bumperbot_ws/build/bumperbot_controller' returned '0': CMAKE_PREFIX_PATH=${CMAKE_PREFIX_PATH}:/home/ilhan/bumperbot_ws/install/bumperbot_py_examples:/opt/ros/humble /usr/bin/cmake --install /home/ilhan/bumperbot_ws/build/bumperbot_controller
