[0.018s] Invoking command in '/home/ilhan/bumperbot_ws/build/bumperbot_cpp_examples': CMAKE_PREFIX_PATH=/home/ilhan/bumperbot_ws/install/bumperbot_msgs:/home/ilhan/bumperbot_ws/install/bumperbot_cpp_examples:/home/ilhan/bumperbot_ws/install/bumperbot_localization:/home/ilhan/bumperbot_ws/install/bumperbot_firmware:/home/ilhan/bumperbot_ws/install/bumperbot_description:/home/ilhan/bumperbot_ws/install/bumperbot_controller:/home/ilhan/bumperbot_ws/install/bumperbot_bringup:/home/ilhan/bumperbot_ws/install/bumperbot_py_examples:/opt/ros/humble /usr/bin/cmake --build /home/ilhan/bumperbot_ws/build/bumperbot_cpp_examples -- -j16 -l16
[0.069s] [ 12%] Built target simple_service_client
[0.069s] [ 25%] Built target simple_service_server
[0.070s] [ 37%] Built target simple_subscriber
[0.072s] [ 50%] Built target simple_turtlesim_kinematics
[0.073s] [ 62%] Built target simple_publisher
[0.074s] [ 81%] Built target simple_parameter
[0.074s] [ 87%] Built target simple_lifecycle_node
[0.075s] [100%] Built target simple_tf_kinematics
[0.226s] Invoked command in '/home/ilhan/bumperbot_ws/build/bumperbot_cpp_examples' returned '0': CMAKE_PREFIX_PATH=/home/ilhan/bumperbot_ws/install/bumperbot_msgs:/home/ilhan/bumperbot_ws/install/bumperbot_cpp_examples:/home/ilhan/bumperbot_ws/install/bumperbot_localization:/home/ilhan/bumperbot_ws/install/bumperbot_firmware:/home/ilhan/bumperbot_ws/install/bumperbot_description:/home/ilhan/bumperbot_ws/install/bumperbot_controller:/home/ilhan/bumperbot_ws/install/bumperbot_bringup:/home/ilhan/bumperbot_ws/install/bumperbot_py_examples:/opt/ros/humble /usr/bin/cmake --build /home/ilhan/bumperbot_ws/build/bumperbot_cpp_examples -- -j16 -l16
[0.228s] Invoking command in '/home/ilhan/bumperbot_ws/build/bumperbot_cpp_examples': CMAKE_PREFIX_PATH=/home/ilhan/bumperbot_ws/install/bumperbot_msgs:/home/ilhan/bumperbot_ws/install/bumperbot_cpp_examples:/home/ilhan/bumperbot_ws/install/bumperbot_localization:/home/ilhan/bumperbot_ws/install/bumperbot_firmware:/home/ilhan/bumperbot_ws/install/bumperbot_description:/home/ilhan/bumperbot_ws/install/bumperbot_controller:/home/ilhan/bumperbot_ws/install/bumperbot_bringup:/home/ilhan/bumperbot_ws/install/bumperbot_py_examples:/opt/ros/humble /usr/bin/cmake --install /home/ilhan/bumperbot_ws/build/bumperbot_cpp_examples
[0.237s] -- Install configuration: ""
[0.237s] -- Up-to-date: /home/ilhan/bumperbot_ws/install/bumperbot_cpp_examples/include/include
[0.238s] -- Up-to-date: /home/ilhan/bumperbot_ws/install/bumperbot_cpp_examples/include/include/bumperbot_cpp_examples
[0.238s] -- Up-to-date: /home/ilhan/bumperbot_ws/install/bumperbot_cpp_examples/include/include/bumperbot_cpp_examples/simple_tf_kinematics.hpp
[0.238s] -- Up-to-date: /home/ilhan/bumperbot_ws/install/bumperbot_cpp_examples/include/include/bumperbot_cpp_examples/simple_turtlesim_kinematics.hpp
[0.238s] -- Up-to-date: /home/ilhan/bumperbot_ws/install/bumperbot_cpp_examples/lib/bumperbot_cpp_examples/simple_publisher
[0.238s] -- Up-to-date: /home/ilhan/bumperbot_ws/install/bumperbot_cpp_examples/lib/bumperbot_cpp_examples/simple_subscriber
[0.238s] -- Up-to-date: /home/ilhan/bumperbot_ws/install/bumperbot_cpp_examples/lib/bumperbot_cpp_examples/simple_parameter
[0.238s] -- Up-to-date: /home/ilhan/bumperbot_ws/install/bumperbot_cpp_examples/lib/bumperbot_cpp_examples/simple_turtlesim_kinematics
[0.238s] -- Up-to-date: /home/ilhan/bumperbot_ws/install/bumperbot_cpp_examples/lib/bumperbot_cpp_examples/simple_service_server
[0.238s] -- Up-to-date: /home/ilhan/bumperbot_ws/install/bumperbot_cpp_examples/lib/bumperbot_cpp_examples/simple_service_client
[0.238s] -- Up-to-date: /home/ilhan/bumperbot_ws/install/bumperbot_cpp_examples/lib/bumperbot_cpp_examples/simple_tf_kinematics
[0.238s] -- Up-to-date: /home/ilhan/bumperbot_ws/install/bumperbot_cpp_examples/lib/bumperbot_cpp_examples/simple_lifecycle_node
[0.238s] -- Up-to-date: /home/ilhan/bumperbot_ws/install/bumperbot_cpp_examples/share/ament_index/resource_index/package_run_dependencies/bumperbot_cpp_examples
[0.238s] -- Up-to-date: /home/ilhan/bumperbot_ws/install/bumperbot_cpp_examples/share/ament_index/resource_index/parent_prefix_path/bumperbot_cpp_examples
[0.238s] -- Up-to-date: /home/ilhan/bumperbot_ws/install/bumperbot_cpp_examples/share/bumperbot_cpp_examples/environment/ament_prefix_path.sh
[0.238s] -- Up-to-date: /home/ilhan/bumperbot_ws/install/bumperbot_cpp_examples/share/bumperbot_cpp_examples/environment/ament_prefix_path.dsv
[0.238s] -- Up-to-date: /home/ilhan/bumperbot_ws/install/bumperbot_cpp_examples/share/bumperbot_cpp_examples/environment/path.sh
[0.239s] -- Up-to-date: /home/ilhan/bumperbot_ws/install/bumperbot_cpp_examples/share/bumperbot_cpp_examples/environment/path.dsv
[0.239s] -- Up-to-date: /home/ilhan/bumperbot_ws/install/bumperbot_cpp_examples/share/bumperbot_cpp_examples/local_setup.bash
[0.239s] -- Up-to-date: /home/ilhan/bumperbot_ws/install/bumperbot_cpp_examples/share/bumperbot_cpp_examples/local_setup.sh
[0.239s] -- Up-to-date: /home/ilhan/bumperbot_ws/install/bumperbot_cpp_examples/share/bumperbot_cpp_examples/local_setup.zsh
[0.239s] -- Up-to-date: /home/ilhan/bumperbot_ws/install/bumperbot_cpp_examples/share/bumperbot_cpp_examples/local_setup.dsv
[0.239s] -- Installing: /home/ilhan/bumperbot_ws/install/bumperbot_cpp_examples/share/bumperbot_cpp_examples/package.dsv
[0.239s] -- Up-to-date: /home/ilhan/bumperbot_ws/install/bumperbot_cpp_examples/share/ament_index/resource_index/packages/bumperbot_cpp_examples
[0.239s] -- Up-to-date: /home/ilhan/bumperbot_ws/install/bumperbot_cpp_examples/share/bumperbot_cpp_examples/cmake/bumperbot_cpp_examplesConfig.cmake
[0.239s] -- Up-to-date: /home/ilhan/bumperbot_ws/install/bumperbot_cpp_examples/share/bumperbot_cpp_examples/cmake/bumperbot_cpp_examplesConfig-version.cmake
[0.239s] -- Up-to-date: /home/ilhan/bumperbot_ws/install/bumperbot_cpp_examples/share/bumperbot_cpp_examples/package.xml
[0.240s] Invoked command in '/home/ilhan/bumperbot_ws/build/bumperbot_cpp_examples' returned '0': CMAKE_PREFIX_PATH=/home/ilhan/bumperbot_ws/install/bumperbot_msgs:/home/ilhan/bumperbot_ws/install/bumperbot_cpp_examples:/home/ilhan/bumperbot_ws/install/bumperbot_localization:/home/ilhan/bumperbot_ws/install/bumperbot_firmware:/home/ilhan/bumperbot_ws/install/bumperbot_description:/home/ilhan/bumperbot_ws/install/bumperbot_controller:/home/ilhan/bumperbot_ws/install/bumperbot_bringup:/home/ilhan/bumperbot_ws/install/bumperbot_py_examples:/opt/ros/humble /usr/bin/cmake --install /home/ilhan/bumperbot_ws/build/bumperbot_cpp_examples
