[0.077s] DEBUG:colcon:Command line arguments: ['/usr/bin/colcon', 'build']
[0.077s] DEBUG:colcon:Parsed command line arguments: Namespace(log_base=None, log_level=None, verb_name='build', build_base='build', install_base='install', merge_install=False, symlink_install=False, test_result_base=None, continue_on_error=False, executor='parallel', parallel_workers=16, event_handlers=None, ignore_user_meta=False, metas=['./colcon.meta'], base_paths=['.'], packages_ignore=None, packages_ignore_regex=None, paths=None, packages_up_to=None, packages_up_to_regex=None, packages_above=None, packages_above_and_dependencies=None, packages_above_depth=None, packages_select_by_dep=None, packages_skip_by_dep=None, packages_skip_up_to=None, packages_select_build_failed=False, packages_skip_build_finished=False, packages_select_test_failures=False, packages_skip_test_passed=False, packages_select=None, packages_skip=None, packages_select_regex=None, packages_skip_regex=None, packages_start=None, packages_end=None, allow_overriding=[], cmake_args=None, cmake_target=None, cmake_target_skip_unavailable=False, cmake_clean_cache=False, cmake_clean_first=False, cmake_force_configure=False, ament_cmake_args=None, catkin_cmake_args=None, catkin_skip_building_tests=False, mixin_files=None, mixin=None, verb_parser=<colcon_mixin.mixin.mixin_argument.MixinArgumentDecorator object at 0x78b9a516b4f0>, verb_extension=<colcon_core.verb.build.BuildVerb object at 0x78b9a5272cb0>, main=<bound method BuildVerb.main of <colcon_core.verb.build.BuildVerb object at 0x78b9a5272cb0>>, mixin_verb=('build',))
[0.197s] Level 1:colcon.colcon_core.package_discovery:discover_packages(colcon_meta) check parameters
[0.197s] Level 1:colcon.colcon_core.package_discovery:discover_packages(recursive) check parameters
[0.198s] Level 1:colcon.colcon_core.package_discovery:discover_packages(ignore) check parameters
[0.198s] Level 1:colcon.colcon_core.package_discovery:discover_packages(path) check parameters
[0.198s] Level 1:colcon.colcon_core.package_discovery:discover_packages(colcon_meta) discover
[0.198s] Level 1:colcon.colcon_core.package_discovery:discover_packages(recursive) discover
[0.198s] INFO:colcon.colcon_core.package_discovery:Crawling recursively for packages in '/home/ilhan/bumperbot_ws'
[0.198s] Level 1:colcon.colcon_core.package_identification:_identify(.) by extensions ['ignore', 'ignore_ament_install']
[0.198s] Level 1:colcon.colcon_core.package_identification:_identify(.) by extension 'ignore'
[0.198s] Level 1:colcon.colcon_core.package_identification:_identify(.) by extension 'ignore_ament_install'
[0.198s] Level 1:colcon.colcon_core.package_identification:_identify(.) by extensions ['colcon_pkg']
[0.198s] Level 1:colcon.colcon_core.package_identification:_identify(.) by extension 'colcon_pkg'
[0.198s] Level 1:colcon.colcon_core.package_identification:_identify(.) by extensions ['colcon_meta']
[0.198s] Level 1:colcon.colcon_core.package_identification:_identify(.) by extension 'colcon_meta'
[0.198s] Level 1:colcon.colcon_core.package_identification:_identify(.) by extensions ['ros']
[0.198s] Level 1:colcon.colcon_core.package_identification:_identify(.) by extension 'ros'
[0.205s] Level 1:colcon.colcon_core.package_identification:_identify(.) by extensions ['cmake', 'python']
[0.205s] Level 1:colcon.colcon_core.package_identification:_identify(.) by extension 'cmake'
[0.205s] Level 1:colcon.colcon_core.package_identification:_identify(.) by extension 'python'
[0.205s] Level 1:colcon.colcon_core.package_identification:_identify(.) by extensions ['python_setup_py']
[0.205s] Level 1:colcon.colcon_core.package_identification:_identify(.) by extension 'python_setup_py'
[0.205s] Level 1:colcon.colcon_core.package_identification:_identify(build) by extensions ['ignore', 'ignore_ament_install']
[0.206s] Level 1:colcon.colcon_core.package_identification:_identify(build) by extension 'ignore'
[0.206s] Level 1:colcon.colcon_core.package_identification:_identify(build) ignored
[0.206s] Level 1:colcon.colcon_core.package_identification:_identify(install) by extensions ['ignore', 'ignore_ament_install']
[0.206s] Level 1:colcon.colcon_core.package_identification:_identify(install) by extension 'ignore'
[0.206s] Level 1:colcon.colcon_core.package_identification:_identify(install) ignored
[0.206s] Level 1:colcon.colcon_core.package_identification:_identify(log) by extensions ['ignore', 'ignore_ament_install']
[0.206s] Level 1:colcon.colcon_core.package_identification:_identify(log) by extension 'ignore'
[0.206s] Level 1:colcon.colcon_core.package_identification:_identify(log) ignored
[0.206s] Level 1:colcon.colcon_core.package_identification:_identify(src) by extensions ['ignore', 'ignore_ament_install']
[0.206s] Level 1:colcon.colcon_core.package_identification:_identify(src) by extension 'ignore'
[0.206s] Level 1:colcon.colcon_core.package_identification:_identify(src) by extension 'ignore_ament_install'
[0.206s] Level 1:colcon.colcon_core.package_identification:_identify(src) by extensions ['colcon_pkg']
[0.206s] Level 1:colcon.colcon_core.package_identification:_identify(src) by extension 'colcon_pkg'
[0.206s] Level 1:colcon.colcon_core.package_identification:_identify(src) by extensions ['colcon_meta']
[0.206s] Level 1:colcon.colcon_core.package_identification:_identify(src) by extension 'colcon_meta'
[0.206s] Level 1:colcon.colcon_core.package_identification:_identify(src) by extensions ['ros']
[0.206s] Level 1:colcon.colcon_core.package_identification:_identify(src) by extension 'ros'
[0.206s] Level 1:colcon.colcon_core.package_identification:_identify(src) by extensions ['cmake', 'python']
[0.206s] Level 1:colcon.colcon_core.package_identification:_identify(src) by extension 'cmake'
[0.206s] Level 1:colcon.colcon_core.package_identification:_identify(src) by extension 'python'
[0.206s] Level 1:colcon.colcon_core.package_identification:_identify(src) by extensions ['python_setup_py']
[0.206s] Level 1:colcon.colcon_core.package_identification:_identify(src) by extension 'python_setup_py'
[0.206s] Level 1:colcon.colcon_core.package_identification:_identify(src/bumperbot_bringup) by extensions ['ignore', 'ignore_ament_install']
[0.206s] Level 1:colcon.colcon_core.package_identification:_identify(src/bumperbot_bringup) by extension 'ignore'
[0.206s] Level 1:colcon.colcon_core.package_identification:_identify(src/bumperbot_bringup) by extension 'ignore_ament_install'
[0.206s] Level 1:colcon.colcon_core.package_identification:_identify(src/bumperbot_bringup) by extensions ['colcon_pkg']
[0.206s] Level 1:colcon.colcon_core.package_identification:_identify(src/bumperbot_bringup) by extension 'colcon_pkg'
[0.206s] Level 1:colcon.colcon_core.package_identification:_identify(src/bumperbot_bringup) by extensions ['colcon_meta']
[0.206s] Level 1:colcon.colcon_core.package_identification:_identify(src/bumperbot_bringup) by extension 'colcon_meta'
[0.206s] Level 1:colcon.colcon_core.package_identification:_identify(src/bumperbot_bringup) by extensions ['ros']
[0.206s] Level 1:colcon.colcon_core.package_identification:_identify(src/bumperbot_bringup) by extension 'ros'
[0.208s] DEBUG:colcon.colcon_core.package_identification:Package 'src/bumperbot_bringup' with type 'ros.ament_cmake' and name 'bumperbot_bringup'
[0.208s] Level 1:colcon.colcon_core.package_identification:_identify(src/bumperbot_controller) by extensions ['ignore', 'ignore_ament_install']
[0.208s] Level 1:colcon.colcon_core.package_identification:_identify(src/bumperbot_controller) by extension 'ignore'
[0.208s] Level 1:colcon.colcon_core.package_identification:_identify(src/bumperbot_controller) by extension 'ignore_ament_install'
[0.208s] Level 1:colcon.colcon_core.package_identification:_identify(src/bumperbot_controller) by extensions ['colcon_pkg']
[0.208s] Level 1:colcon.colcon_core.package_identification:_identify(src/bumperbot_controller) by extension 'colcon_pkg'
[0.208s] Level 1:colcon.colcon_core.package_identification:_identify(src/bumperbot_controller) by extensions ['colcon_meta']
[0.208s] Level 1:colcon.colcon_core.package_identification:_identify(src/bumperbot_controller) by extension 'colcon_meta'
[0.208s] Level 1:colcon.colcon_core.package_identification:_identify(src/bumperbot_controller) by extensions ['ros']
[0.208s] Level 1:colcon.colcon_core.package_identification:_identify(src/bumperbot_controller) by extension 'ros'
[0.209s] DEBUG:colcon.colcon_core.package_identification:Package 'src/bumperbot_controller' with type 'ros.ament_cmake' and name 'bumperbot_controller'
[0.209s] Level 1:colcon.colcon_core.package_identification:_identify(src/bumperbot_cpp_examples) by extensions ['ignore', 'ignore_ament_install']
[0.209s] Level 1:colcon.colcon_core.package_identification:_identify(src/bumperbot_cpp_examples) by extension 'ignore'
[0.209s] Level 1:colcon.colcon_core.package_identification:_identify(src/bumperbot_cpp_examples) by extension 'ignore_ament_install'
[0.209s] Level 1:colcon.colcon_core.package_identification:_identify(src/bumperbot_cpp_examples) by extensions ['colcon_pkg']
[0.209s] Level 1:colcon.colcon_core.package_identification:_identify(src/bumperbot_cpp_examples) by extension 'colcon_pkg'
[0.209s] Level 1:colcon.colcon_core.package_identification:_identify(src/bumperbot_cpp_examples) by extensions ['colcon_meta']
[0.209s] Level 1:colcon.colcon_core.package_identification:_identify(src/bumperbot_cpp_examples) by extension 'colcon_meta'
[0.209s] Level 1:colcon.colcon_core.package_identification:_identify(src/bumperbot_cpp_examples) by extensions ['ros']
[0.209s] Level 1:colcon.colcon_core.package_identification:_identify(src/bumperbot_cpp_examples) by extension 'ros'
[0.210s] DEBUG:colcon.colcon_core.package_identification:Package 'src/bumperbot_cpp_examples' with type 'ros.ament_cmake' and name 'bumperbot_cpp_examples'
[0.210s] Level 1:colcon.colcon_core.package_identification:_identify(src/bumperbot_description) by extensions ['ignore', 'ignore_ament_install']
[0.210s] Level 1:colcon.colcon_core.package_identification:_identify(src/bumperbot_description) by extension 'ignore'
[0.210s] Level 1:colcon.colcon_core.package_identification:_identify(src/bumperbot_description) by extension 'ignore_ament_install'
[0.210s] Level 1:colcon.colcon_core.package_identification:_identify(src/bumperbot_description) by extensions ['colcon_pkg']
[0.210s] Level 1:colcon.colcon_core.package_identification:_identify(src/bumperbot_description) by extension 'colcon_pkg'
[0.210s] Level 1:colcon.colcon_core.package_identification:_identify(src/bumperbot_description) by extensions ['colcon_meta']
[0.210s] Level 1:colcon.colcon_core.package_identification:_identify(src/bumperbot_description) by extension 'colcon_meta'
[0.210s] Level 1:colcon.colcon_core.package_identification:_identify(src/bumperbot_description) by extensions ['ros']
[0.210s] Level 1:colcon.colcon_core.package_identification:_identify(src/bumperbot_description) by extension 'ros'
[0.211s] DEBUG:colcon.colcon_core.package_identification:Package 'src/bumperbot_description' with type 'ros.ament_cmake' and name 'bumperbot_description'
[0.211s] Level 1:colcon.colcon_core.package_identification:_identify(src/bumperbot_firmware) by extensions ['ignore', 'ignore_ament_install']
[0.211s] Level 1:colcon.colcon_core.package_identification:_identify(src/bumperbot_firmware) by extension 'ignore'
[0.211s] Level 1:colcon.colcon_core.package_identification:_identify(src/bumperbot_firmware) by extension 'ignore_ament_install'
[0.212s] Level 1:colcon.colcon_core.package_identification:_identify(src/bumperbot_firmware) by extensions ['colcon_pkg']
[0.212s] Level 1:colcon.colcon_core.package_identification:_identify(src/bumperbot_firmware) by extension 'colcon_pkg'
[0.212s] Level 1:colcon.colcon_core.package_identification:_identify(src/bumperbot_firmware) by extensions ['colcon_meta']
[0.212s] Level 1:colcon.colcon_core.package_identification:_identify(src/bumperbot_firmware) by extension 'colcon_meta'
[0.212s] Level 1:colcon.colcon_core.package_identification:_identify(src/bumperbot_firmware) by extensions ['ros']
[0.212s] Level 1:colcon.colcon_core.package_identification:_identify(src/bumperbot_firmware) by extension 'ros'
[0.212s] DEBUG:colcon.colcon_core.package_identification:Package 'src/bumperbot_firmware' with type 'ros.ament_cmake' and name 'bumperbot_firmware'
[0.212s] Level 1:colcon.colcon_core.package_identification:_identify(src/bumperbot_localization) by extensions ['ignore', 'ignore_ament_install']
[0.213s] Level 1:colcon.colcon_core.package_identification:_identify(src/bumperbot_localization) by extension 'ignore'
[0.213s] Level 1:colcon.colcon_core.package_identification:_identify(src/bumperbot_localization) by extension 'ignore_ament_install'
[0.213s] Level 1:colcon.colcon_core.package_identification:_identify(src/bumperbot_localization) by extensions ['colcon_pkg']
[0.213s] Level 1:colcon.colcon_core.package_identification:_identify(src/bumperbot_localization) by extension 'colcon_pkg'
[0.213s] Level 1:colcon.colcon_core.package_identification:_identify(src/bumperbot_localization) by extensions ['colcon_meta']
[0.213s] Level 1:colcon.colcon_core.package_identification:_identify(src/bumperbot_localization) by extension 'colcon_meta'
[0.213s] Level 1:colcon.colcon_core.package_identification:_identify(src/bumperbot_localization) by extensions ['ros']
[0.213s] Level 1:colcon.colcon_core.package_identification:_identify(src/bumperbot_localization) by extension 'ros'
[0.215s] DEBUG:colcon.colcon_core.package_identification:Package 'src/bumperbot_localization' with type 'ros.ament_cmake' and name 'bumperbot_localization'
[0.215s] Level 1:colcon.colcon_core.package_identification:_identify(src/bumperbot_msgs) by extensions ['ignore', 'ignore_ament_install']
[0.215s] Level 1:colcon.colcon_core.package_identification:_identify(src/bumperbot_msgs) by extension 'ignore'
[0.215s] Level 1:colcon.colcon_core.package_identification:_identify(src/bumperbot_msgs) by extension 'ignore_ament_install'
[0.215s] Level 1:colcon.colcon_core.package_identification:_identify(src/bumperbot_msgs) by extensions ['colcon_pkg']
[0.215s] Level 1:colcon.colcon_core.package_identification:_identify(src/bumperbot_msgs) by extension 'colcon_pkg'
[0.215s] Level 1:colcon.colcon_core.package_identification:_identify(src/bumperbot_msgs) by extensions ['colcon_meta']
[0.215s] Level 1:colcon.colcon_core.package_identification:_identify(src/bumperbot_msgs) by extension 'colcon_meta'
[0.215s] Level 1:colcon.colcon_core.package_identification:_identify(src/bumperbot_msgs) by extensions ['ros']
[0.215s] Level 1:colcon.colcon_core.package_identification:_identify(src/bumperbot_msgs) by extension 'ros'
[0.216s] DEBUG:colcon.colcon_core.package_identification:Package 'src/bumperbot_msgs' with type 'ros.ament_cmake' and name 'bumperbot_msgs'
[0.216s] Level 1:colcon.colcon_core.package_identification:_identify(src/bumperbot_py_examples) by extensions ['ignore', 'ignore_ament_install']
[0.216s] Level 1:colcon.colcon_core.package_identification:_identify(src/bumperbot_py_examples) by extension 'ignore'
[0.216s] Level 1:colcon.colcon_core.package_identification:_identify(src/bumperbot_py_examples) by extension 'ignore_ament_install'
[0.216s] Level 1:colcon.colcon_core.package_identification:_identify(src/bumperbot_py_examples) by extensions ['colcon_pkg']
[0.216s] Level 1:colcon.colcon_core.package_identification:_identify(src/bumperbot_py_examples) by extension 'colcon_pkg'
[0.216s] Level 1:colcon.colcon_core.package_identification:_identify(src/bumperbot_py_examples) by extensions ['colcon_meta']
[0.216s] Level 1:colcon.colcon_core.package_identification:_identify(src/bumperbot_py_examples) by extension 'colcon_meta'
[0.216s] Level 1:colcon.colcon_core.package_identification:_identify(src/bumperbot_py_examples) by extensions ['ros']
[0.216s] Level 1:colcon.colcon_core.package_identification:_identify(src/bumperbot_py_examples) by extension 'ros'
[0.217s] DEBUG:colcon.colcon_core.package_identification:Package 'src/bumperbot_py_examples' with type 'ros.ament_python' and name 'bumperbot_py_examples'
[0.217s] Level 1:colcon.colcon_core.package_discovery:discover_packages(recursive) using defaults
[0.217s] Level 1:colcon.colcon_core.package_discovery:discover_packages(ignore) discover
[0.217s] Level 1:colcon.colcon_core.package_discovery:discover_packages(ignore) using defaults
[0.217s] Level 1:colcon.colcon_core.package_discovery:discover_packages(path) discover
[0.217s] Level 1:colcon.colcon_core.package_discovery:discover_packages(path) using defaults
[0.239s] Level 1:colcon.colcon_core.package_discovery:discover_packages(prefix_path) check parameters
[0.239s] Level 1:colcon.colcon_core.package_discovery:discover_packages(prefix_path) discover
[0.241s] DEBUG:colcon.colcon_installed_package_information.package_discovery:Found 8 installed packages in /home/ilhan/bumperbot_ws/install
[0.241s] DEBUG:colcon.colcon_installed_package_information.package_discovery:Found 328 installed packages in /opt/ros/humble
[0.242s] Level 1:colcon.colcon_core.package_discovery:discover_packages(prefix_path) using defaults
[0.273s] Level 5:colcon.colcon_core.verb:set package 'bumperbot_bringup' build argument 'cmake_args' from command line to 'None'
[0.273s] Level 5:colcon.colcon_core.verb:set package 'bumperbot_bringup' build argument 'cmake_target' from command line to 'None'
[0.273s] Level 5:colcon.colcon_core.verb:set package 'bumperbot_bringup' build argument 'cmake_target_skip_unavailable' from command line to 'False'
[0.273s] Level 5:colcon.colcon_core.verb:set package 'bumperbot_bringup' build argument 'cmake_clean_cache' from command line to 'False'
[0.273s] Level 5:colcon.colcon_core.verb:set package 'bumperbot_bringup' build argument 'cmake_clean_first' from command line to 'False'
[0.273s] Level 5:colcon.colcon_core.verb:set package 'bumperbot_bringup' build argument 'cmake_force_configure' from command line to 'False'
[0.273s] Level 5:colcon.colcon_core.verb:set package 'bumperbot_bringup' build argument 'ament_cmake_args' from command line to 'None'
[0.273s] Level 5:colcon.colcon_core.verb:set package 'bumperbot_bringup' build argument 'catkin_cmake_args' from command line to 'None'
[0.273s] Level 5:colcon.colcon_core.verb:set package 'bumperbot_bringup' build argument 'catkin_skip_building_tests' from command line to 'False'
[0.273s] DEBUG:colcon.colcon_core.verb:Building package 'bumperbot_bringup' with the following arguments: {'ament_cmake_args': None, 'build_base': '/home/ilhan/bumperbot_ws/build/bumperbot_bringup', 'catkin_cmake_args': None, 'catkin_skip_building_tests': False, 'cmake_args': None, 'cmake_clean_cache': False, 'cmake_clean_first': False, 'cmake_force_configure': False, 'cmake_target': None, 'cmake_target_skip_unavailable': False, 'install_base': '/home/ilhan/bumperbot_ws/install/bumperbot_bringup', 'merge_install': False, 'path': '/home/ilhan/bumperbot_ws/src/bumperbot_bringup', 'symlink_install': False, 'test_result_base': None}
[0.273s] Level 5:colcon.colcon_core.verb:set package 'bumperbot_controller' build argument 'cmake_args' from command line to 'None'
[0.273s] Level 5:colcon.colcon_core.verb:set package 'bumperbot_controller' build argument 'cmake_target' from command line to 'None'
[0.273s] Level 5:colcon.colcon_core.verb:set package 'bumperbot_controller' build argument 'cmake_target_skip_unavailable' from command line to 'False'
[0.273s] Level 5:colcon.colcon_core.verb:set package 'bumperbot_controller' build argument 'cmake_clean_cache' from command line to 'False'
[0.273s] Level 5:colcon.colcon_core.verb:set package 'bumperbot_controller' build argument 'cmake_clean_first' from command line to 'False'
[0.273s] Level 5:colcon.colcon_core.verb:set package 'bumperbot_controller' build argument 'cmake_force_configure' from command line to 'False'
[0.273s] Level 5:colcon.colcon_core.verb:set package 'bumperbot_controller' build argument 'ament_cmake_args' from command line to 'None'
[0.273s] Level 5:colcon.colcon_core.verb:set package 'bumperbot_controller' build argument 'catkin_cmake_args' from command line to 'None'
[0.273s] Level 5:colcon.colcon_core.verb:set package 'bumperbot_controller' build argument 'catkin_skip_building_tests' from command line to 'False'
[0.273s] DEBUG:colcon.colcon_core.verb:Building package 'bumperbot_controller' with the following arguments: {'ament_cmake_args': None, 'build_base': '/home/ilhan/bumperbot_ws/build/bumperbot_controller', 'catkin_cmake_args': None, 'catkin_skip_building_tests': False, 'cmake_args': None, 'cmake_clean_cache': False, 'cmake_clean_first': False, 'cmake_force_configure': False, 'cmake_target': None, 'cmake_target_skip_unavailable': False, 'install_base': '/home/ilhan/bumperbot_ws/install/bumperbot_controller', 'merge_install': False, 'path': '/home/ilhan/bumperbot_ws/src/bumperbot_controller', 'symlink_install': False, 'test_result_base': None}
[0.273s] Level 5:colcon.colcon_core.verb:set package 'bumperbot_description' build argument 'cmake_args' from command line to 'None'
[0.273s] Level 5:colcon.colcon_core.verb:set package 'bumperbot_description' build argument 'cmake_target' from command line to 'None'
[0.273s] Level 5:colcon.colcon_core.verb:set package 'bumperbot_description' build argument 'cmake_target_skip_unavailable' from command line to 'False'
[0.273s] Level 5:colcon.colcon_core.verb:set package 'bumperbot_description' build argument 'cmake_clean_cache' from command line to 'False'
[0.273s] Level 5:colcon.colcon_core.verb:set package 'bumperbot_description' build argument 'cmake_clean_first' from command line to 'False'
[0.274s] Level 5:colcon.colcon_core.verb:set package 'bumperbot_description' build argument 'cmake_force_configure' from command line to 'False'
[0.274s] Level 5:colcon.colcon_core.verb:set package 'bumperbot_description' build argument 'ament_cmake_args' from command line to 'None'
[0.274s] Level 5:colcon.colcon_core.verb:set package 'bumperbot_description' build argument 'catkin_cmake_args' from command line to 'None'
[0.274s] Level 5:colcon.colcon_core.verb:set package 'bumperbot_description' build argument 'catkin_skip_building_tests' from command line to 'False'
[0.274s] DEBUG:colcon.colcon_core.verb:Building package 'bumperbot_description' with the following arguments: {'ament_cmake_args': None, 'build_base': '/home/ilhan/bumperbot_ws/build/bumperbot_description', 'catkin_cmake_args': None, 'catkin_skip_building_tests': False, 'cmake_args': None, 'cmake_clean_cache': False, 'cmake_clean_first': False, 'cmake_force_configure': False, 'cmake_target': None, 'cmake_target_skip_unavailable': False, 'install_base': '/home/ilhan/bumperbot_ws/install/bumperbot_description', 'merge_install': False, 'path': '/home/ilhan/bumperbot_ws/src/bumperbot_description', 'symlink_install': False, 'test_result_base': None}
[0.274s] Level 5:colcon.colcon_core.verb:set package 'bumperbot_firmware' build argument 'cmake_args' from command line to 'None'
[0.274s] Level 5:colcon.colcon_core.verb:set package 'bumperbot_firmware' build argument 'cmake_target' from command line to 'None'
[0.274s] Level 5:colcon.colcon_core.verb:set package 'bumperbot_firmware' build argument 'cmake_target_skip_unavailable' from command line to 'False'
[0.274s] Level 5:colcon.colcon_core.verb:set package 'bumperbot_firmware' build argument 'cmake_clean_cache' from command line to 'False'
[0.274s] Level 5:colcon.colcon_core.verb:set package 'bumperbot_firmware' build argument 'cmake_clean_first' from command line to 'False'
[0.274s] Level 5:colcon.colcon_core.verb:set package 'bumperbot_firmware' build argument 'cmake_force_configure' from command line to 'False'
[0.274s] Level 5:colcon.colcon_core.verb:set package 'bumperbot_firmware' build argument 'ament_cmake_args' from command line to 'None'
[0.274s] Level 5:colcon.colcon_core.verb:set package 'bumperbot_firmware' build argument 'catkin_cmake_args' from command line to 'None'
[0.274s] Level 5:colcon.colcon_core.verb:set package 'bumperbot_firmware' build argument 'catkin_skip_building_tests' from command line to 'False'
[0.274s] DEBUG:colcon.colcon_core.verb:Building package 'bumperbot_firmware' with the following arguments: {'ament_cmake_args': None, 'build_base': '/home/ilhan/bumperbot_ws/build/bumperbot_firmware', 'catkin_cmake_args': None, 'catkin_skip_building_tests': False, 'cmake_args': None, 'cmake_clean_cache': False, 'cmake_clean_first': False, 'cmake_force_configure': False, 'cmake_target': None, 'cmake_target_skip_unavailable': False, 'install_base': '/home/ilhan/bumperbot_ws/install/bumperbot_firmware', 'merge_install': False, 'path': '/home/ilhan/bumperbot_ws/src/bumperbot_firmware', 'symlink_install': False, 'test_result_base': None}
[0.274s] Level 5:colcon.colcon_core.verb:set package 'bumperbot_localization' build argument 'cmake_args' from command line to 'None'
[0.274s] Level 5:colcon.colcon_core.verb:set package 'bumperbot_localization' build argument 'cmake_target' from command line to 'None'
[0.274s] Level 5:colcon.colcon_core.verb:set package 'bumperbot_localization' build argument 'cmake_target_skip_unavailable' from command line to 'False'
[0.274s] Level 5:colcon.colcon_core.verb:set package 'bumperbot_localization' build argument 'cmake_clean_cache' from command line to 'False'
[0.274s] Level 5:colcon.colcon_core.verb:set package 'bumperbot_localization' build argument 'cmake_clean_first' from command line to 'False'
[0.274s] Level 5:colcon.colcon_core.verb:set package 'bumperbot_localization' build argument 'cmake_force_configure' from command line to 'False'
[0.274s] Level 5:colcon.colcon_core.verb:set package 'bumperbot_localization' build argument 'ament_cmake_args' from command line to 'None'
[0.274s] Level 5:colcon.colcon_core.verb:set package 'bumperbot_localization' build argument 'catkin_cmake_args' from command line to 'None'
[0.274s] Level 5:colcon.colcon_core.verb:set package 'bumperbot_localization' build argument 'catkin_skip_building_tests' from command line to 'False'
[0.274s] DEBUG:colcon.colcon_core.verb:Building package 'bumperbot_localization' with the following arguments: {'ament_cmake_args': None, 'build_base': '/home/ilhan/bumperbot_ws/build/bumperbot_localization', 'catkin_cmake_args': None, 'catkin_skip_building_tests': False, 'cmake_args': None, 'cmake_clean_cache': False, 'cmake_clean_first': False, 'cmake_force_configure': False, 'cmake_target': None, 'cmake_target_skip_unavailable': False, 'install_base': '/home/ilhan/bumperbot_ws/install/bumperbot_localization', 'merge_install': False, 'path': '/home/ilhan/bumperbot_ws/src/bumperbot_localization', 'symlink_install': False, 'test_result_base': None}
[0.274s] Level 5:colcon.colcon_core.verb:set package 'bumperbot_msgs' build argument 'cmake_args' from command line to 'None'
[0.274s] Level 5:colcon.colcon_core.verb:set package 'bumperbot_msgs' build argument 'cmake_target' from command line to 'None'
[0.274s] Level 5:colcon.colcon_core.verb:set package 'bumperbot_msgs' build argument 'cmake_target_skip_unavailable' from command line to 'False'
[0.274s] Level 5:colcon.colcon_core.verb:set package 'bumperbot_msgs' build argument 'cmake_clean_cache' from command line to 'False'
[0.274s] Level 5:colcon.colcon_core.verb:set package 'bumperbot_msgs' build argument 'cmake_clean_first' from command line to 'False'
[0.274s] Level 5:colcon.colcon_core.verb:set package 'bumperbot_msgs' build argument 'cmake_force_configure' from command line to 'False'
[0.274s] Level 5:colcon.colcon_core.verb:set package 'bumperbot_msgs' build argument 'ament_cmake_args' from command line to 'None'
[0.274s] Level 5:colcon.colcon_core.verb:set package 'bumperbot_msgs' build argument 'catkin_cmake_args' from command line to 'None'
[0.274s] Level 5:colcon.colcon_core.verb:set package 'bumperbot_msgs' build argument 'catkin_skip_building_tests' from command line to 'False'
[0.275s] DEBUG:colcon.colcon_core.verb:Building package 'bumperbot_msgs' with the following arguments: {'ament_cmake_args': None, 'build_base': '/home/ilhan/bumperbot_ws/build/bumperbot_msgs', 'catkin_cmake_args': None, 'catkin_skip_building_tests': False, 'cmake_args': None, 'cmake_clean_cache': False, 'cmake_clean_first': False, 'cmake_force_configure': False, 'cmake_target': None, 'cmake_target_skip_unavailable': False, 'install_base': '/home/ilhan/bumperbot_ws/install/bumperbot_msgs', 'merge_install': False, 'path': '/home/ilhan/bumperbot_ws/src/bumperbot_msgs', 'symlink_install': False, 'test_result_base': None}
[0.275s] Level 5:colcon.colcon_core.verb:set package 'bumperbot_cpp_examples' build argument 'cmake_args' from command line to 'None'
[0.275s] Level 5:colcon.colcon_core.verb:set package 'bumperbot_cpp_examples' build argument 'cmake_target' from command line to 'None'
[0.275s] Level 5:colcon.colcon_core.verb:set package 'bumperbot_cpp_examples' build argument 'cmake_target_skip_unavailable' from command line to 'False'
[0.275s] Level 5:colcon.colcon_core.verb:set package 'bumperbot_cpp_examples' build argument 'cmake_clean_cache' from command line to 'False'
[0.275s] Level 5:colcon.colcon_core.verb:set package 'bumperbot_cpp_examples' build argument 'cmake_clean_first' from command line to 'False'
[0.275s] Level 5:colcon.colcon_core.verb:set package 'bumperbot_cpp_examples' build argument 'cmake_force_configure' from command line to 'False'
[0.275s] Level 5:colcon.colcon_core.verb:set package 'bumperbot_cpp_examples' build argument 'ament_cmake_args' from command line to 'None'
[0.275s] Level 5:colcon.colcon_core.verb:set package 'bumperbot_cpp_examples' build argument 'catkin_cmake_args' from command line to 'None'
[0.275s] Level 5:colcon.colcon_core.verb:set package 'bumperbot_cpp_examples' build argument 'catkin_skip_building_tests' from command line to 'False'
[0.275s] DEBUG:colcon.colcon_core.verb:Building package 'bumperbot_cpp_examples' with the following arguments: {'ament_cmake_args': None, 'build_base': '/home/ilhan/bumperbot_ws/build/bumperbot_cpp_examples', 'catkin_cmake_args': None, 'catkin_skip_building_tests': False, 'cmake_args': None, 'cmake_clean_cache': False, 'cmake_clean_first': False, 'cmake_force_configure': False, 'cmake_target': None, 'cmake_target_skip_unavailable': False, 'install_base': '/home/ilhan/bumperbot_ws/install/bumperbot_cpp_examples', 'merge_install': False, 'path': '/home/ilhan/bumperbot_ws/src/bumperbot_cpp_examples', 'symlink_install': False, 'test_result_base': None}
[0.275s] Level 5:colcon.colcon_core.verb:set package 'bumperbot_py_examples' build argument 'cmake_args' from command line to 'None'
[0.275s] Level 5:colcon.colcon_core.verb:set package 'bumperbot_py_examples' build argument 'cmake_target' from command line to 'None'
[0.275s] Level 5:colcon.colcon_core.verb:set package 'bumperbot_py_examples' build argument 'cmake_target_skip_unavailable' from command line to 'False'
[0.275s] Level 5:colcon.colcon_core.verb:set package 'bumperbot_py_examples' build argument 'cmake_clean_cache' from command line to 'False'
[0.275s] Level 5:colcon.colcon_core.verb:set package 'bumperbot_py_examples' build argument 'cmake_clean_first' from command line to 'False'
[0.275s] Level 5:colcon.colcon_core.verb:set package 'bumperbot_py_examples' build argument 'cmake_force_configure' from command line to 'False'
[0.275s] Level 5:colcon.colcon_core.verb:set package 'bumperbot_py_examples' build argument 'ament_cmake_args' from command line to 'None'
[0.275s] Level 5:colcon.colcon_core.verb:set package 'bumperbot_py_examples' build argument 'catkin_cmake_args' from command line to 'None'
[0.275s] Level 5:colcon.colcon_core.verb:set package 'bumperbot_py_examples' build argument 'catkin_skip_building_tests' from command line to 'False'
[0.275s] DEBUG:colcon.colcon_core.verb:Building package 'bumperbot_py_examples' with the following arguments: {'ament_cmake_args': None, 'build_base': '/home/ilhan/bumperbot_ws/build/bumperbot_py_examples', 'catkin_cmake_args': None, 'catkin_skip_building_tests': False, 'cmake_args': None, 'cmake_clean_cache': False, 'cmake_clean_first': False, 'cmake_force_configure': False, 'cmake_target': None, 'cmake_target_skip_unavailable': False, 'install_base': '/home/ilhan/bumperbot_ws/install/bumperbot_py_examples', 'merge_install': False, 'path': '/home/ilhan/bumperbot_ws/src/bumperbot_py_examples', 'symlink_install': False, 'test_result_base': None}
[0.275s] INFO:colcon.colcon_core.executor:Executing jobs using 'parallel' executor
[0.276s] DEBUG:colcon.colcon_parallel_executor.executor.parallel:run_until_complete
[0.276s] INFO:colcon.colcon_ros.task.ament_cmake.build:Building ROS package in '/home/ilhan/bumperbot_ws/src/bumperbot_msgs' with build type 'ament_cmake'
[0.276s] INFO:colcon.colcon_cmake.task.cmake.build:Building CMake package in '/home/ilhan/bumperbot_ws/src/bumperbot_msgs'
[0.278s] INFO:colcon.colcon_core.plugin_system:Skipping extension 'colcon_core.shell.bat': Not used on non-Windows systems
[0.278s] INFO:colcon.colcon_core.shell:Skip shell extension 'powershell' for command environment: Not usable outside of PowerShell
[0.278s] DEBUG:colcon.colcon_core.shell:Skip shell extension 'dsv' for command environment
[0.280s] INFO:colcon.colcon_ros.task.ament_cmake.build:Building ROS package in '/home/ilhan/bumperbot_ws/src/bumperbot_bringup' with build type 'ament_cmake'
[0.280s] INFO:colcon.colcon_cmake.task.cmake.build:Building CMake package in '/home/ilhan/bumperbot_ws/src/bumperbot_bringup'
[0.281s] INFO:colcon.colcon_core.shell:Skip shell extension 'powershell' for command environment: Not usable outside of PowerShell
[0.281s] DEBUG:colcon.colcon_core.shell:Skip shell extension 'dsv' for command environment
[0.286s] INFO:colcon.colcon_ros.task.ament_cmake.build:Building ROS package in '/home/ilhan/bumperbot_ws/src/bumperbot_controller' with build type 'ament_cmake'
[0.286s] INFO:colcon.colcon_cmake.task.cmake.build:Building CMake package in '/home/ilhan/bumperbot_ws/src/bumperbot_controller'
[0.287s] INFO:colcon.colcon_core.shell:Skip shell extension 'powershell' for command environment: Not usable outside of PowerShell
[0.287s] DEBUG:colcon.colcon_core.shell:Skip shell extension 'dsv' for command environment
[0.290s] INFO:colcon.colcon_ros.task.ament_cmake.build:Building ROS package in '/home/ilhan/bumperbot_ws/src/bumperbot_description' with build type 'ament_cmake'
[0.291s] INFO:colcon.colcon_cmake.task.cmake.build:Building CMake package in '/home/ilhan/bumperbot_ws/src/bumperbot_description'
[0.291s] INFO:colcon.colcon_core.shell:Skip shell extension 'powershell' for command environment: Not usable outside of PowerShell
[0.291s] DEBUG:colcon.colcon_core.shell:Skip shell extension 'dsv' for command environment
[0.293s] INFO:colcon.colcon_ros.task.ament_cmake.build:Building ROS package in '/home/ilhan/bumperbot_ws/src/bumperbot_firmware' with build type 'ament_cmake'
[0.294s] INFO:colcon.colcon_cmake.task.cmake.build:Building CMake package in '/home/ilhan/bumperbot_ws/src/bumperbot_firmware'
[0.294s] INFO:colcon.colcon_core.shell:Skip shell extension 'powershell' for command environment: Not usable outside of PowerShell
[0.294s] DEBUG:colcon.colcon_core.shell:Skip shell extension 'dsv' for command environment
[0.296s] INFO:colcon.colcon_ros.task.ament_cmake.build:Building ROS package in '/home/ilhan/bumperbot_ws/src/bumperbot_localization' with build type 'ament_cmake'
[0.296s] INFO:colcon.colcon_cmake.task.cmake.build:Building CMake package in '/home/ilhan/bumperbot_ws/src/bumperbot_localization'
[0.296s] INFO:colcon.colcon_core.shell:Skip shell extension 'powershell' for command environment: Not usable outside of PowerShell
[0.296s] DEBUG:colcon.colcon_core.shell:Skip shell extension 'dsv' for command environment
[0.306s] DEBUG:colcon.colcon_core.event_handler.log_command:Invoking command in '/home/ilhan/bumperbot_ws/build/bumperbot_msgs': CMAKE_PREFIX_PATH=${CMAKE_PREFIX_PATH}:/home/ilhan/bumperbot_ws/install/bumperbot_py_examples:/opt/ros/humble /usr/bin/cmake --build /home/ilhan/bumperbot_ws/build/bumperbot_msgs -- -j16 -l16
[0.308s] DEBUG:colcon.colcon_core.event_handler.log_command:Invoking command in '/home/ilhan/bumperbot_ws/build/bumperbot_bringup': CMAKE_PREFIX_PATH=${CMAKE_PREFIX_PATH}:/home/ilhan/bumperbot_ws/install/bumperbot_py_examples:/opt/ros/humble /usr/bin/cmake --build /home/ilhan/bumperbot_ws/build/bumperbot_bringup -- -j16 -l16
[0.310s] DEBUG:colcon.colcon_core.event_handler.log_command:Invoking command in '/home/ilhan/bumperbot_ws/build/bumperbot_controller': CMAKE_PREFIX_PATH=${CMAKE_PREFIX_PATH}:/home/ilhan/bumperbot_ws/install/bumperbot_py_examples:/opt/ros/humble /usr/bin/cmake --build /home/ilhan/bumperbot_ws/build/bumperbot_controller -- -j16 -l16
[0.316s] DEBUG:colcon.colcon_core.event_handler.log_command:Invoking command in '/home/ilhan/bumperbot_ws/build/bumperbot_description': CMAKE_PREFIX_PATH=${CMAKE_PREFIX_PATH}:/home/ilhan/bumperbot_ws/install/bumperbot_py_examples:/opt/ros/humble /usr/bin/cmake --build /home/ilhan/bumperbot_ws/build/bumperbot_description -- -j16 -l16
[0.324s] DEBUG:colcon.colcon_core.event_handler.log_command:Invoking command in '/home/ilhan/bumperbot_ws/build/bumperbot_firmware': CMAKE_PREFIX_PATH=${CMAKE_PREFIX_PATH}:/home/ilhan/bumperbot_ws/install/bumperbot_py_examples:/opt/ros/humble /usr/bin/cmake --build /home/ilhan/bumperbot_ws/build/bumperbot_firmware -- -j16 -l16
[0.334s] DEBUG:colcon.colcon_core.event_handler.log_command:Invoking command in '/home/ilhan/bumperbot_ws/build/bumperbot_localization': CMAKE_PREFIX_PATH=${CMAKE_PREFIX_PATH}:/home/ilhan/bumperbot_ws/install/bumperbot_py_examples:/opt/ros/humble /usr/bin/cmake --build /home/ilhan/bumperbot_ws/build/bumperbot_localization -- -j16 -l16
[0.360s] DEBUG:colcon.colcon_core.event_handler.log_command:Invoked command in '/home/ilhan/bumperbot_ws/build/bumperbot_description' returned '0': CMAKE_PREFIX_PATH=${CMAKE_PREFIX_PATH}:/home/ilhan/bumperbot_ws/install/bumperbot_py_examples:/opt/ros/humble /usr/bin/cmake --build /home/ilhan/bumperbot_ws/build/bumperbot_description -- -j16 -l16
[0.373s] DEBUG:colcon.colcon_core.event_handler.log_command:Invoking command in '/home/ilhan/bumperbot_ws/build/bumperbot_description': CMAKE_PREFIX_PATH=${CMAKE_PREFIX_PATH}:/home/ilhan/bumperbot_ws/install/bumperbot_py_examples:/opt/ros/humble /usr/bin/cmake --install /home/ilhan/bumperbot_ws/build/bumperbot_description
[0.378s] DEBUG:colcon.colcon_core.event_handler.log_command:Invoked command in '/home/ilhan/bumperbot_ws/build/bumperbot_bringup' returned '0': CMAKE_PREFIX_PATH=${CMAKE_PREFIX_PATH}:/home/ilhan/bumperbot_ws/install/bumperbot_py_examples:/opt/ros/humble /usr/bin/cmake --build /home/ilhan/bumperbot_ws/build/bumperbot_bringup -- -j16 -l16
[0.379s] DEBUG:colcon.colcon_core.event_handler.log_command:Invoking command in '/home/ilhan/bumperbot_ws/build/bumperbot_bringup': CMAKE_PREFIX_PATH=${CMAKE_PREFIX_PATH}:/home/ilhan/bumperbot_ws/install/bumperbot_py_examples:/opt/ros/humble /usr/bin/cmake --install /home/ilhan/bumperbot_ws/build/bumperbot_bringup
[0.390s] Level 1:colcon.colcon_core.environment:create_environment_scripts_only(bumperbot_description)
[0.392s] DEBUG:colcon.colcon_core.event_handler.log_command:Invoked command in '/home/ilhan/bumperbot_ws/build/bumperbot_description' returned '0': CMAKE_PREFIX_PATH=${CMAKE_PREFIX_PATH}:/home/ilhan/bumperbot_ws/install/bumperbot_py_examples:/opt/ros/humble /usr/bin/cmake --install /home/ilhan/bumperbot_ws/build/bumperbot_description
[0.398s] Level 1:colcon.colcon_core.environment:checking '/home/ilhan/bumperbot_ws/install/bumperbot_description' for CMake module files
[0.398s] Level 1:colcon.colcon_core.environment:checking '/home/ilhan/bumperbot_ws/install/bumperbot_description' for CMake config files
[0.399s] Level 1:colcon.colcon_core.shell:create_environment_hook('bumperbot_description', 'cmake_prefix_path')
[0.399s] INFO:colcon.colcon_core.shell:Creating environment hook '/home/ilhan/bumperbot_ws/install/bumperbot_description/share/bumperbot_description/hook/cmake_prefix_path.ps1'
[0.401s] INFO:colcon.colcon_core.shell:Creating environment descriptor '/home/ilhan/bumperbot_ws/install/bumperbot_description/share/bumperbot_description/hook/cmake_prefix_path.dsv'
[0.403s] INFO:colcon.colcon_core.shell:Creating environment hook '/home/ilhan/bumperbot_ws/install/bumperbot_description/share/bumperbot_description/hook/cmake_prefix_path.sh'
[0.406s] Level 1:colcon.colcon_core.environment:checking '/home/ilhan/bumperbot_ws/install/bumperbot_description/bin'
[0.406s] Level 1:colcon.colcon_core.environment:checking '/home/ilhan/bumperbot_ws/install/bumperbot_description/lib/pkgconfig/bumperbot_description.pc'
[0.406s] Level 1:colcon.colcon_core.environment:checking '/home/ilhan/bumperbot_ws/install/bumperbot_description/lib/python3.10/site-packages'
[0.407s] Level 1:colcon.colcon_core.environment:checking '/home/ilhan/bumperbot_ws/install/bumperbot_description/bin'
[0.407s] INFO:colcon.colcon_core.shell:Creating package script '/home/ilhan/bumperbot_ws/install/bumperbot_description/share/bumperbot_description/package.ps1'
[0.409s] INFO:colcon.colcon_core.shell:Creating package descriptor '/home/ilhan/bumperbot_ws/install/bumperbot_description/share/bumperbot_description/package.dsv'
[0.411s] INFO:colcon.colcon_core.shell:Creating package script '/home/ilhan/bumperbot_ws/install/bumperbot_description/share/bumperbot_description/package.sh'
[0.413s] INFO:colcon.colcon_core.shell:Creating package script '/home/ilhan/bumperbot_ws/install/bumperbot_description/share/bumperbot_description/package.bash'
[0.414s] INFO:colcon.colcon_core.shell:Creating package script '/home/ilhan/bumperbot_ws/install/bumperbot_description/share/bumperbot_description/package.zsh'
[0.417s] Level 1:colcon.colcon_core.environment:create_file_with_runtime_dependencies(/home/ilhan/bumperbot_ws/install/bumperbot_description/share/colcon-core/packages/bumperbot_description)
[0.418s] Level 1:colcon.colcon_core.environment:create_environment_scripts_only(bumperbot_description)
[0.418s] Level 1:colcon.colcon_core.environment:checking '/home/ilhan/bumperbot_ws/install/bumperbot_description' for CMake module files
[0.419s] Level 1:colcon.colcon_core.environment:checking '/home/ilhan/bumperbot_ws/install/bumperbot_description' for CMake config files
[0.419s] Level 1:colcon.colcon_core.shell:create_environment_hook('bumperbot_description', 'cmake_prefix_path')
[0.419s] INFO:colcon.colcon_core.shell:Creating environment hook '/home/ilhan/bumperbot_ws/install/bumperbot_description/share/bumperbot_description/hook/cmake_prefix_path.ps1'
[0.420s] INFO:colcon.colcon_core.shell:Creating environment descriptor '/home/ilhan/bumperbot_ws/install/bumperbot_description/share/bumperbot_description/hook/cmake_prefix_path.dsv'
[0.420s] INFO:colcon.colcon_core.shell:Creating environment hook '/home/ilhan/bumperbot_ws/install/bumperbot_description/share/bumperbot_description/hook/cmake_prefix_path.sh'
[0.421s] Level 1:colcon.colcon_core.environment:checking '/home/ilhan/bumperbot_ws/install/bumperbot_description/bin'
[0.421s] Level 1:colcon.colcon_core.environment:checking '/home/ilhan/bumperbot_ws/install/bumperbot_description/lib/pkgconfig/bumperbot_description.pc'
[0.421s] Level 1:colcon.colcon_core.environment:checking '/home/ilhan/bumperbot_ws/install/bumperbot_description/lib/python3.10/site-packages'
[0.421s] Level 1:colcon.colcon_core.environment:checking '/home/ilhan/bumperbot_ws/install/bumperbot_description/bin'
[0.421s] INFO:colcon.colcon_core.shell:Creating package script '/home/ilhan/bumperbot_ws/install/bumperbot_description/share/bumperbot_description/package.ps1'
[0.422s] INFO:colcon.colcon_core.shell:Creating package descriptor '/home/ilhan/bumperbot_ws/install/bumperbot_description/share/bumperbot_description/package.dsv'
[0.422s] INFO:colcon.colcon_core.shell:Creating package script '/home/ilhan/bumperbot_ws/install/bumperbot_description/share/bumperbot_description/package.sh'
[0.422s] INFO:colcon.colcon_core.shell:Creating package script '/home/ilhan/bumperbot_ws/install/bumperbot_description/share/bumperbot_description/package.bash'
[0.423s] INFO:colcon.colcon_core.shell:Creating package script '/home/ilhan/bumperbot_ws/install/bumperbot_description/share/bumperbot_description/package.zsh'
[0.423s] Level 1:colcon.colcon_core.environment:create_file_with_runtime_dependencies(/home/ilhan/bumperbot_ws/install/bumperbot_description/share/colcon-core/packages/bumperbot_description)
[0.424s] Level 1:colcon.colcon_core.environment:create_environment_scripts_only(bumperbot_bringup)
[0.424s] Level 1:colcon.colcon_core.environment:checking '/home/ilhan/bumperbot_ws/install/bumperbot_bringup' for CMake module files
[0.425s] DEBUG:colcon.colcon_core.event_handler.log_command:Invoked command in '/home/ilhan/bumperbot_ws/build/bumperbot_bringup' returned '0': CMAKE_PREFIX_PATH=${CMAKE_PREFIX_PATH}:/home/ilhan/bumperbot_ws/install/bumperbot_py_examples:/opt/ros/humble /usr/bin/cmake --install /home/ilhan/bumperbot_ws/build/bumperbot_bringup
[0.425s] Level 1:colcon.colcon_core.environment:checking '/home/ilhan/bumperbot_ws/install/bumperbot_bringup' for CMake config files
[0.426s] Level 1:colcon.colcon_core.shell:create_environment_hook('bumperbot_bringup', 'cmake_prefix_path')
[0.426s] INFO:colcon.colcon_core.shell:Creating environment hook '/home/ilhan/bumperbot_ws/install/bumperbot_bringup/share/bumperbot_bringup/hook/cmake_prefix_path.ps1'
[0.427s] INFO:colcon.colcon_core.shell:Creating environment descriptor '/home/ilhan/bumperbot_ws/install/bumperbot_bringup/share/bumperbot_bringup/hook/cmake_prefix_path.dsv'
[0.427s] INFO:colcon.colcon_core.shell:Creating environment hook '/home/ilhan/bumperbot_ws/install/bumperbot_bringup/share/bumperbot_bringup/hook/cmake_prefix_path.sh'
[0.428s] Level 1:colcon.colcon_core.environment:checking '/home/ilhan/bumperbot_ws/install/bumperbot_bringup/bin'
[0.428s] Level 1:colcon.colcon_core.environment:checking '/home/ilhan/bumperbot_ws/install/bumperbot_bringup/lib/pkgconfig/bumperbot_bringup.pc'
[0.429s] Level 1:colcon.colcon_core.environment:checking '/home/ilhan/bumperbot_ws/install/bumperbot_bringup/lib/python3.10/site-packages'
[0.429s] Level 1:colcon.colcon_core.environment:checking '/home/ilhan/bumperbot_ws/install/bumperbot_bringup/bin'
[0.430s] INFO:colcon.colcon_core.shell:Creating package script '/home/ilhan/bumperbot_ws/install/bumperbot_bringup/share/bumperbot_bringup/package.ps1'
[0.431s] INFO:colcon.colcon_core.shell:Creating package descriptor '/home/ilhan/bumperbot_ws/install/bumperbot_bringup/share/bumperbot_bringup/package.dsv'
[0.431s] INFO:colcon.colcon_core.shell:Creating package script '/home/ilhan/bumperbot_ws/install/bumperbot_bringup/share/bumperbot_bringup/package.sh'
[0.432s] INFO:colcon.colcon_core.shell:Creating package script '/home/ilhan/bumperbot_ws/install/bumperbot_bringup/share/bumperbot_bringup/package.bash'
[0.433s] INFO:colcon.colcon_core.shell:Creating package script '/home/ilhan/bumperbot_ws/install/bumperbot_bringup/share/bumperbot_bringup/package.zsh'
[0.433s] Level 1:colcon.colcon_core.environment:create_file_with_runtime_dependencies(/home/ilhan/bumperbot_ws/install/bumperbot_bringup/share/colcon-core/packages/bumperbot_bringup)
[0.434s] Level 1:colcon.colcon_core.environment:create_environment_scripts_only(bumperbot_bringup)
[0.435s] Level 1:colcon.colcon_core.environment:checking '/home/ilhan/bumperbot_ws/install/bumperbot_bringup' for CMake module files
[0.435s] Level 1:colcon.colcon_core.environment:checking '/home/ilhan/bumperbot_ws/install/bumperbot_bringup' for CMake config files
[0.435s] Level 1:colcon.colcon_core.shell:create_environment_hook('bumperbot_bringup', 'cmake_prefix_path')
[0.436s] INFO:colcon.colcon_core.shell:Creating environment hook '/home/ilhan/bumperbot_ws/install/bumperbot_bringup/share/bumperbot_bringup/hook/cmake_prefix_path.ps1'
[0.436s] INFO:colcon.colcon_core.shell:Creating environment descriptor '/home/ilhan/bumperbot_ws/install/bumperbot_bringup/share/bumperbot_bringup/hook/cmake_prefix_path.dsv'
[0.437s] INFO:colcon.colcon_core.shell:Creating environment hook '/home/ilhan/bumperbot_ws/install/bumperbot_bringup/share/bumperbot_bringup/hook/cmake_prefix_path.sh'
[0.438s] Level 1:colcon.colcon_core.environment:checking '/home/ilhan/bumperbot_ws/install/bumperbot_bringup/bin'
[0.438s] Level 1:colcon.colcon_core.environment:checking '/home/ilhan/bumperbot_ws/install/bumperbot_bringup/lib/pkgconfig/bumperbot_bringup.pc'
[0.438s] Level 1:colcon.colcon_core.environment:checking '/home/ilhan/bumperbot_ws/install/bumperbot_bringup/lib/python3.10/site-packages'
[0.438s] Level 1:colcon.colcon_core.environment:checking '/home/ilhan/bumperbot_ws/install/bumperbot_bringup/bin'
[0.439s] INFO:colcon.colcon_core.shell:Creating package script '/home/ilhan/bumperbot_ws/install/bumperbot_bringup/share/bumperbot_bringup/package.ps1'
[0.440s] INFO:colcon.colcon_core.shell:Creating package descriptor '/home/ilhan/bumperbot_ws/install/bumperbot_bringup/share/bumperbot_bringup/package.dsv'
[0.440s] INFO:colcon.colcon_core.shell:Creating package script '/home/ilhan/bumperbot_ws/install/bumperbot_bringup/share/bumperbot_bringup/package.sh'
[0.441s] INFO:colcon.colcon_core.shell:Creating package script '/home/ilhan/bumperbot_ws/install/bumperbot_bringup/share/bumperbot_bringup/package.bash'
[0.442s] INFO:colcon.colcon_core.shell:Creating package script '/home/ilhan/bumperbot_ws/install/bumperbot_bringup/share/bumperbot_bringup/package.zsh'
[0.443s] Level 1:colcon.colcon_core.environment:create_file_with_runtime_dependencies(/home/ilhan/bumperbot_ws/install/bumperbot_bringup/share/colcon-core/packages/bumperbot_bringup)
[0.662s] DEBUG:colcon.colcon_core.event_handler.log_command:Invoked command in '/home/ilhan/bumperbot_ws/build/bumperbot_msgs' returned '0': CMAKE_PREFIX_PATH=${CMAKE_PREFIX_PATH}:/home/ilhan/bumperbot_ws/install/bumperbot_py_examples:/opt/ros/humble /usr/bin/cmake --build /home/ilhan/bumperbot_ws/build/bumperbot_msgs -- -j16 -l16
[0.665s] DEBUG:colcon.colcon_core.event_handler.log_command:Invoking command in '/home/ilhan/bumperbot_ws/build/bumperbot_msgs': CMAKE_PREFIX_PATH=${CMAKE_PREFIX_PATH}:/home/ilhan/bumperbot_ws/install/bumperbot_py_examples:/opt/ros/humble /usr/bin/cmake --install /home/ilhan/bumperbot_ws/build/bumperbot_msgs
[0.680s] DEBUG:colcon.colcon_core.event_handler.log_command:Invoked command in '/home/ilhan/bumperbot_ws/build/bumperbot_firmware' returned '0': CMAKE_PREFIX_PATH=${CMAKE_PREFIX_PATH}:/home/ilhan/bumperbot_ws/install/bumperbot_py_examples:/opt/ros/humble /usr/bin/cmake --build /home/ilhan/bumperbot_ws/build/bumperbot_firmware -- -j16 -l16
[0.682s] DEBUG:colcon.colcon_core.event_handler.log_command:Invoking command in '/home/ilhan/bumperbot_ws/build/bumperbot_firmware': CMAKE_PREFIX_PATH=${CMAKE_PREFIX_PATH}:/home/ilhan/bumperbot_ws/install/bumperbot_py_examples:/opt/ros/humble /usr/bin/cmake --install /home/ilhan/bumperbot_ws/build/bumperbot_firmware
[0.695s] DEBUG:colcon.colcon_core.event_handler.log_command:Invoked command in '/home/ilhan/bumperbot_ws/build/bumperbot_controller' returned '0': CMAKE_PREFIX_PATH=${CMAKE_PREFIX_PATH}:/home/ilhan/bumperbot_ws/install/bumperbot_py_examples:/opt/ros/humble /usr/bin/cmake --build /home/ilhan/bumperbot_ws/build/bumperbot_controller -- -j16 -l16
[0.698s] DEBUG:colcon.colcon_core.event_handler.log_command:Invoking command in '/home/ilhan/bumperbot_ws/build/bumperbot_controller': CMAKE_PREFIX_PATH=${CMAKE_PREFIX_PATH}:/home/ilhan/bumperbot_ws/install/bumperbot_py_examples:/opt/ros/humble /usr/bin/cmake --install /home/ilhan/bumperbot_ws/build/bumperbot_controller
[0.721s] Level 1:colcon.colcon_core.environment:create_environment_scripts_only(bumperbot_msgs)
[0.721s] DEBUG:colcon.colcon_core.event_handler.log_command:Invoked command in '/home/ilhan/bumperbot_ws/build/bumperbot_msgs' returned '0': CMAKE_PREFIX_PATH=${CMAKE_PREFIX_PATH}:/home/ilhan/bumperbot_ws/install/bumperbot_py_examples:/opt/ros/humble /usr/bin/cmake --install /home/ilhan/bumperbot_ws/build/bumperbot_msgs
[0.722s] Level 1:colcon.colcon_core.environment:checking '/home/ilhan/bumperbot_ws/install/bumperbot_msgs' for CMake module files
[0.723s] Level 1:colcon.colcon_core.environment:checking '/home/ilhan/bumperbot_ws/install/bumperbot_msgs' for CMake config files
[0.723s] Level 1:colcon.colcon_core.shell:create_environment_hook('bumperbot_msgs', 'cmake_prefix_path')
[0.723s] INFO:colcon.colcon_core.shell:Creating environment hook '/home/ilhan/bumperbot_ws/install/bumperbot_msgs/share/bumperbot_msgs/hook/cmake_prefix_path.ps1'
[0.724s] INFO:colcon.colcon_core.shell:Creating environment descriptor '/home/ilhan/bumperbot_ws/install/bumperbot_msgs/share/bumperbot_msgs/hook/cmake_prefix_path.dsv'
[0.724s] INFO:colcon.colcon_core.shell:Creating environment hook '/home/ilhan/bumperbot_ws/install/bumperbot_msgs/share/bumperbot_msgs/hook/cmake_prefix_path.sh'
[0.725s] Level 1:colcon.colcon_core.environment:checking '/home/ilhan/bumperbot_ws/install/bumperbot_msgs/lib'
[0.726s] Level 1:colcon.colcon_core.shell:create_environment_hook('bumperbot_msgs', 'ld_library_path_lib')
[0.726s] INFO:colcon.colcon_core.shell:Creating environment hook '/home/ilhan/bumperbot_ws/install/bumperbot_msgs/share/bumperbot_msgs/hook/ld_library_path_lib.ps1'
[0.727s] INFO:colcon.colcon_core.shell:Creating environment descriptor '/home/ilhan/bumperbot_ws/install/bumperbot_msgs/share/bumperbot_msgs/hook/ld_library_path_lib.dsv'
[0.727s] INFO:colcon.colcon_core.shell:Creating environment hook '/home/ilhan/bumperbot_ws/install/bumperbot_msgs/share/bumperbot_msgs/hook/ld_library_path_lib.sh'
[0.728s] Level 1:colcon.colcon_core.environment:checking '/home/ilhan/bumperbot_ws/install/bumperbot_msgs/bin'
[0.729s] Level 1:colcon.colcon_core.environment:checking '/home/ilhan/bumperbot_ws/install/bumperbot_msgs/lib/pkgconfig/bumperbot_msgs.pc'
[0.729s] Level 1:colcon.colcon_core.environment:checking '/home/ilhan/bumperbot_ws/install/bumperbot_msgs/lib/python3.10/site-packages'
[0.730s] Level 1:colcon.colcon_core.environment:checking '/home/ilhan/bumperbot_ws/install/bumperbot_msgs/bin'
[0.730s] INFO:colcon.colcon_core.shell:Creating package script '/home/ilhan/bumperbot_ws/install/bumperbot_msgs/share/bumperbot_msgs/package.ps1'
[0.732s] INFO:colcon.colcon_core.shell:Creating package descriptor '/home/ilhan/bumperbot_ws/install/bumperbot_msgs/share/bumperbot_msgs/package.dsv'
[0.733s] INFO:colcon.colcon_core.shell:Creating package script '/home/ilhan/bumperbot_ws/install/bumperbot_msgs/share/bumperbot_msgs/package.sh'
[0.734s] INFO:colcon.colcon_core.shell:Creating package script '/home/ilhan/bumperbot_ws/install/bumperbot_msgs/share/bumperbot_msgs/package.bash'
[0.734s] INFO:colcon.colcon_core.shell:Creating package script '/home/ilhan/bumperbot_ws/install/bumperbot_msgs/share/bumperbot_msgs/package.zsh'
[0.735s] Level 1:colcon.colcon_core.environment:create_file_with_runtime_dependencies(/home/ilhan/bumperbot_ws/install/bumperbot_msgs/share/colcon-core/packages/bumperbot_msgs)
[0.736s] Level 1:colcon.colcon_core.environment:create_environment_scripts_only(bumperbot_msgs)
[0.736s] Level 1:colcon.colcon_core.environment:checking '/home/ilhan/bumperbot_ws/install/bumperbot_msgs' for CMake module files
[0.738s] Level 1:colcon.colcon_core.environment:checking '/home/ilhan/bumperbot_ws/install/bumperbot_msgs' for CMake config files
[0.739s] Level 1:colcon.colcon_core.shell:create_environment_hook('bumperbot_msgs', 'cmake_prefix_path')
[0.739s] INFO:colcon.colcon_core.shell:Creating environment hook '/home/ilhan/bumperbot_ws/install/bumperbot_msgs/share/bumperbot_msgs/hook/cmake_prefix_path.ps1'
[0.739s] INFO:colcon.colcon_core.shell:Creating environment descriptor '/home/ilhan/bumperbot_ws/install/bumperbot_msgs/share/bumperbot_msgs/hook/cmake_prefix_path.dsv'
[0.739s] INFO:colcon.colcon_core.shell:Creating environment hook '/home/ilhan/bumperbot_ws/install/bumperbot_msgs/share/bumperbot_msgs/hook/cmake_prefix_path.sh'
[0.740s] Level 1:colcon.colcon_core.environment:checking '/home/ilhan/bumperbot_ws/install/bumperbot_msgs/lib'
[0.740s] Level 1:colcon.colcon_core.shell:create_environment_hook('bumperbot_msgs', 'ld_library_path_lib')
[0.740s] INFO:colcon.colcon_core.shell:Creating environment hook '/home/ilhan/bumperbot_ws/install/bumperbot_msgs/share/bumperbot_msgs/hook/ld_library_path_lib.ps1'
[0.740s] INFO:colcon.colcon_core.shell:Creating environment descriptor '/home/ilhan/bumperbot_ws/install/bumperbot_msgs/share/bumperbot_msgs/hook/ld_library_path_lib.dsv'
[0.740s] INFO:colcon.colcon_core.shell:Creating environment hook '/home/ilhan/bumperbot_ws/install/bumperbot_msgs/share/bumperbot_msgs/hook/ld_library_path_lib.sh'
[0.741s] Level 1:colcon.colcon_core.environment:checking '/home/ilhan/bumperbot_ws/install/bumperbot_msgs/bin'
[0.741s] Level 1:colcon.colcon_core.environment:checking '/home/ilhan/bumperbot_ws/install/bumperbot_msgs/lib/pkgconfig/bumperbot_msgs.pc'
[0.741s] Level 1:colcon.colcon_core.environment:checking '/home/ilhan/bumperbot_ws/install/bumperbot_msgs/lib/python3.10/site-packages'
[0.741s] Level 1:colcon.colcon_core.environment:checking '/home/ilhan/bumperbot_ws/install/bumperbot_msgs/bin'
[0.741s] INFO:colcon.colcon_core.shell:Creating package script '/home/ilhan/bumperbot_ws/install/bumperbot_msgs/share/bumperbot_msgs/package.ps1'
[0.741s] INFO:colcon.colcon_core.shell:Creating package descriptor '/home/ilhan/bumperbot_ws/install/bumperbot_msgs/share/bumperbot_msgs/package.dsv'
[0.742s] INFO:colcon.colcon_core.shell:Creating package script '/home/ilhan/bumperbot_ws/install/bumperbot_msgs/share/bumperbot_msgs/package.sh'
[0.742s] INFO:colcon.colcon_core.shell:Creating package script '/home/ilhan/bumperbot_ws/install/bumperbot_msgs/share/bumperbot_msgs/package.bash'
[0.742s] INFO:colcon.colcon_core.shell:Creating package script '/home/ilhan/bumperbot_ws/install/bumperbot_msgs/share/bumperbot_msgs/package.zsh'
[0.743s] Level 1:colcon.colcon_core.environment:create_file_with_runtime_dependencies(/home/ilhan/bumperbot_ws/install/bumperbot_msgs/share/colcon-core/packages/bumperbot_msgs)
[0.743s] INFO:colcon.colcon_ros.task.ament_cmake.build:Building ROS package in '/home/ilhan/bumperbot_ws/src/bumperbot_cpp_examples' with build type 'ament_cmake'
[0.743s] INFO:colcon.colcon_cmake.task.cmake.build:Building CMake package in '/home/ilhan/bumperbot_ws/src/bumperbot_cpp_examples'
[0.743s] INFO:colcon.colcon_core.shell:Skip shell extension 'powershell' for command environment: Not usable outside of PowerShell
[0.743s] DEBUG:colcon.colcon_core.shell:Skip shell extension 'dsv' for command environment
[0.745s] INFO:colcon.colcon_ros.task.ament_python.build:Building ROS package in '/home/ilhan/bumperbot_ws/src/bumperbot_py_examples' with build type 'ament_python'
[0.746s] Level 1:colcon.colcon_core.shell:create_environment_hook('bumperbot_py_examples', 'ament_prefix_path')
[0.746s] INFO:colcon.colcon_core.shell:Creating environment hook '/home/ilhan/bumperbot_ws/install/bumperbot_py_examples/share/bumperbot_py_examples/hook/ament_prefix_path.ps1'
[0.746s] INFO:colcon.colcon_core.shell:Creating environment descriptor '/home/ilhan/bumperbot_ws/install/bumperbot_py_examples/share/bumperbot_py_examples/hook/ament_prefix_path.dsv'
[0.746s] INFO:colcon.colcon_core.shell:Creating environment hook '/home/ilhan/bumperbot_ws/install/bumperbot_py_examples/share/bumperbot_py_examples/hook/ament_prefix_path.sh'
[0.747s] INFO:colcon.colcon_core.shell:Skip shell extension 'powershell' for command environment: Not usable outside of PowerShell
[0.747s] DEBUG:colcon.colcon_core.shell:Skip shell extension 'dsv' for command environment
[0.750s] Level 1:colcon.colcon_core.environment:create_environment_scripts_only(bumperbot_firmware)
[0.751s] Level 1:colcon.colcon_core.environment:checking '/home/ilhan/bumperbot_ws/install/bumperbot_firmware' for CMake module files
[0.751s] DEBUG:colcon.colcon_core.event_handler.log_command:Invoked command in '/home/ilhan/bumperbot_ws/build/bumperbot_firmware' returned '0': CMAKE_PREFIX_PATH=${CMAKE_PREFIX_PATH}:/home/ilhan/bumperbot_ws/install/bumperbot_py_examples:/opt/ros/humble /usr/bin/cmake --install /home/ilhan/bumperbot_ws/build/bumperbot_firmware
[0.752s] Level 1:colcon.colcon_core.environment:checking '/home/ilhan/bumperbot_ws/install/bumperbot_firmware' for CMake config files
[0.752s] Level 1:colcon.colcon_core.shell:create_environment_hook('bumperbot_firmware', 'cmake_prefix_path')
[0.752s] INFO:colcon.colcon_core.shell:Creating environment hook '/home/ilhan/bumperbot_ws/install/bumperbot_firmware/share/bumperbot_firmware/hook/cmake_prefix_path.ps1'
[0.752s] INFO:colcon.colcon_core.shell:Creating environment descriptor '/home/ilhan/bumperbot_ws/install/bumperbot_firmware/share/bumperbot_firmware/hook/cmake_prefix_path.dsv'
[0.753s] INFO:colcon.colcon_core.shell:Creating environment hook '/home/ilhan/bumperbot_ws/install/bumperbot_firmware/share/bumperbot_firmware/hook/cmake_prefix_path.sh'
[0.753s] Level 1:colcon.colcon_core.environment:checking '/home/ilhan/bumperbot_ws/install/bumperbot_firmware/lib'
[0.753s] Level 1:colcon.colcon_core.shell:create_environment_hook('bumperbot_firmware', 'ld_library_path_lib')
[0.753s] INFO:colcon.colcon_core.shell:Creating environment hook '/home/ilhan/bumperbot_ws/install/bumperbot_firmware/share/bumperbot_firmware/hook/ld_library_path_lib.ps1'
[0.753s] INFO:colcon.colcon_core.shell:Creating environment descriptor '/home/ilhan/bumperbot_ws/install/bumperbot_firmware/share/bumperbot_firmware/hook/ld_library_path_lib.dsv'
[0.754s] INFO:colcon.colcon_core.shell:Creating environment hook '/home/ilhan/bumperbot_ws/install/bumperbot_firmware/share/bumperbot_firmware/hook/ld_library_path_lib.sh'
[0.754s] Level 1:colcon.colcon_core.environment:checking '/home/ilhan/bumperbot_ws/install/bumperbot_firmware/bin'
[0.754s] Level 1:colcon.colcon_core.environment:checking '/home/ilhan/bumperbot_ws/install/bumperbot_firmware/lib/pkgconfig/bumperbot_firmware.pc'
[0.754s] Level 1:colcon.colcon_core.environment:checking '/home/ilhan/bumperbot_ws/install/bumperbot_firmware/lib/python3.10/site-packages'
[0.754s] Level 1:colcon.colcon_core.environment:checking '/home/ilhan/bumperbot_ws/install/bumperbot_firmware/bin'
[0.754s] INFO:colcon.colcon_core.shell:Creating package script '/home/ilhan/bumperbot_ws/install/bumperbot_firmware/share/bumperbot_firmware/package.ps1'
[0.755s] INFO:colcon.colcon_core.shell:Creating package descriptor '/home/ilhan/bumperbot_ws/install/bumperbot_firmware/share/bumperbot_firmware/package.dsv'
[0.755s] INFO:colcon.colcon_core.shell:Creating package script '/home/ilhan/bumperbot_ws/install/bumperbot_firmware/share/bumperbot_firmware/package.sh'
[0.755s] INFO:colcon.colcon_core.shell:Creating package script '/home/ilhan/bumperbot_ws/install/bumperbot_firmware/share/bumperbot_firmware/package.bash'
[0.755s] INFO:colcon.colcon_core.shell:Creating package script '/home/ilhan/bumperbot_ws/install/bumperbot_firmware/share/bumperbot_firmware/package.zsh'
[0.755s] Level 1:colcon.colcon_core.environment:create_file_with_runtime_dependencies(/home/ilhan/bumperbot_ws/install/bumperbot_firmware/share/colcon-core/packages/bumperbot_firmware)
[0.756s] Level 1:colcon.colcon_core.environment:create_environment_scripts_only(bumperbot_firmware)
[0.756s] Level 1:colcon.colcon_core.environment:checking '/home/ilhan/bumperbot_ws/install/bumperbot_firmware' for CMake module files
[0.756s] Level 1:colcon.colcon_core.environment:checking '/home/ilhan/bumperbot_ws/install/bumperbot_firmware' for CMake config files
[0.756s] Level 1:colcon.colcon_core.shell:create_environment_hook('bumperbot_firmware', 'cmake_prefix_path')
[0.756s] INFO:colcon.colcon_core.shell:Creating environment hook '/home/ilhan/bumperbot_ws/install/bumperbot_firmware/share/bumperbot_firmware/hook/cmake_prefix_path.ps1'
[0.757s] INFO:colcon.colcon_core.shell:Creating environment descriptor '/home/ilhan/bumperbot_ws/install/bumperbot_firmware/share/bumperbot_firmware/hook/cmake_prefix_path.dsv'
[0.757s] INFO:colcon.colcon_core.shell:Creating environment hook '/home/ilhan/bumperbot_ws/install/bumperbot_firmware/share/bumperbot_firmware/hook/cmake_prefix_path.sh'
[0.757s] Level 1:colcon.colcon_core.environment:checking '/home/ilhan/bumperbot_ws/install/bumperbot_firmware/lib'
[0.757s] Level 1:colcon.colcon_core.shell:create_environment_hook('bumperbot_firmware', 'ld_library_path_lib')
[0.757s] INFO:colcon.colcon_core.shell:Creating environment hook '/home/ilhan/bumperbot_ws/install/bumperbot_firmware/share/bumperbot_firmware/hook/ld_library_path_lib.ps1'
[0.757s] INFO:colcon.colcon_core.shell:Creating environment descriptor '/home/ilhan/bumperbot_ws/install/bumperbot_firmware/share/bumperbot_firmware/hook/ld_library_path_lib.dsv'
[0.758s] INFO:colcon.colcon_core.shell:Creating environment hook '/home/ilhan/bumperbot_ws/install/bumperbot_firmware/share/bumperbot_firmware/hook/ld_library_path_lib.sh'
[0.758s] Level 1:colcon.colcon_core.environment:checking '/home/ilhan/bumperbot_ws/install/bumperbot_firmware/bin'
[0.758s] Level 1:colcon.colcon_core.environment:checking '/home/ilhan/bumperbot_ws/install/bumperbot_firmware/lib/pkgconfig/bumperbot_firmware.pc'
[0.758s] Level 1:colcon.colcon_core.environment:checking '/home/ilhan/bumperbot_ws/install/bumperbot_firmware/lib/python3.10/site-packages'
[0.758s] Level 1:colcon.colcon_core.environment:checking '/home/ilhan/bumperbot_ws/install/bumperbot_firmware/bin'
[0.758s] INFO:colcon.colcon_core.shell:Creating package script '/home/ilhan/bumperbot_ws/install/bumperbot_firmware/share/bumperbot_firmware/package.ps1'
[0.759s] INFO:colcon.colcon_core.shell:Creating package descriptor '/home/ilhan/bumperbot_ws/install/bumperbot_firmware/share/bumperbot_firmware/package.dsv'
[0.759s] INFO:colcon.colcon_core.shell:Creating package script '/home/ilhan/bumperbot_ws/install/bumperbot_firmware/share/bumperbot_firmware/package.sh'
[0.760s] INFO:colcon.colcon_core.shell:Creating package script '/home/ilhan/bumperbot_ws/install/bumperbot_firmware/share/bumperbot_firmware/package.bash'
[0.760s] INFO:colcon.colcon_core.shell:Creating package script '/home/ilhan/bumperbot_ws/install/bumperbot_firmware/share/bumperbot_firmware/package.zsh'
[0.760s] Level 1:colcon.colcon_core.environment:create_file_with_runtime_dependencies(/home/ilhan/bumperbot_ws/install/bumperbot_firmware/share/colcon-core/packages/bumperbot_firmware)
[0.760s] Level 1:colcon.colcon_core.environment:create_environment_scripts_only(bumperbot_controller)
[0.761s] Level 1:colcon.colcon_core.environment:checking '/home/ilhan/bumperbot_ws/install/bumperbot_controller' for CMake module files
[0.761s] Level 1:colcon.colcon_core.environment:checking '/home/ilhan/bumperbot_ws/install/bumperbot_controller' for CMake config files
[0.761s] DEBUG:colcon.colcon_core.event_handler.log_command:Invoked command in '/home/ilhan/bumperbot_ws/build/bumperbot_controller' returned '0': CMAKE_PREFIX_PATH=${CMAKE_PREFIX_PATH}:/home/ilhan/bumperbot_ws/install/bumperbot_py_examples:/opt/ros/humble /usr/bin/cmake --install /home/ilhan/bumperbot_ws/build/bumperbot_controller
[0.762s] Level 1:colcon.colcon_core.shell:create_environment_hook('bumperbot_controller', 'cmake_prefix_path')
[0.762s] INFO:colcon.colcon_core.shell:Creating environment hook '/home/ilhan/bumperbot_ws/install/bumperbot_controller/share/bumperbot_controller/hook/cmake_prefix_path.ps1'
[0.762s] INFO:colcon.colcon_core.shell:Creating environment descriptor '/home/ilhan/bumperbot_ws/install/bumperbot_controller/share/bumperbot_controller/hook/cmake_prefix_path.dsv'
[0.762s] INFO:colcon.colcon_core.shell:Creating environment hook '/home/ilhan/bumperbot_ws/install/bumperbot_controller/share/bumperbot_controller/hook/cmake_prefix_path.sh'
[0.762s] Level 1:colcon.colcon_core.environment:checking '/home/ilhan/bumperbot_ws/install/bumperbot_controller/lib'
[0.763s] Level 1:colcon.colcon_core.environment:checking '/home/ilhan/bumperbot_ws/install/bumperbot_controller/bin'
[0.763s] Level 1:colcon.colcon_core.environment:checking '/home/ilhan/bumperbot_ws/install/bumperbot_controller/lib/pkgconfig/bumperbot_controller.pc'
[0.763s] Level 1:colcon.colcon_core.environment:checking '/home/ilhan/bumperbot_ws/install/bumperbot_controller/lib/python3.10/site-packages'
[0.763s] Level 1:colcon.colcon_core.environment:checking '/home/ilhan/bumperbot_ws/install/bumperbot_controller/bin'
[0.763s] INFO:colcon.colcon_core.shell:Creating package script '/home/ilhan/bumperbot_ws/install/bumperbot_controller/share/bumperbot_controller/package.ps1'
[0.763s] INFO:colcon.colcon_core.shell:Creating package descriptor '/home/ilhan/bumperbot_ws/install/bumperbot_controller/share/bumperbot_controller/package.dsv'
[0.764s] INFO:colcon.colcon_core.shell:Creating package script '/home/ilhan/bumperbot_ws/install/bumperbot_controller/share/bumperbot_controller/package.sh'
[0.764s] INFO:colcon.colcon_core.shell:Creating package script '/home/ilhan/bumperbot_ws/install/bumperbot_controller/share/bumperbot_controller/package.bash'
[0.764s] INFO:colcon.colcon_core.shell:Creating package script '/home/ilhan/bumperbot_ws/install/bumperbot_controller/share/bumperbot_controller/package.zsh'
[0.765s] Level 1:colcon.colcon_core.environment:create_file_with_runtime_dependencies(/home/ilhan/bumperbot_ws/install/bumperbot_controller/share/colcon-core/packages/bumperbot_controller)
[0.765s] Level 1:colcon.colcon_core.environment:create_environment_scripts_only(bumperbot_controller)
[0.765s] Level 1:colcon.colcon_core.environment:checking '/home/ilhan/bumperbot_ws/install/bumperbot_controller' for CMake module files
[0.766s] Level 1:colcon.colcon_core.environment:checking '/home/ilhan/bumperbot_ws/install/bumperbot_controller' for CMake config files
[0.766s] Level 1:colcon.colcon_core.shell:create_environment_hook('bumperbot_controller', 'cmake_prefix_path')
[0.766s] INFO:colcon.colcon_core.shell:Creating environment hook '/home/ilhan/bumperbot_ws/install/bumperbot_controller/share/bumperbot_controller/hook/cmake_prefix_path.ps1'
[0.766s] INFO:colcon.colcon_core.shell:Creating environment descriptor '/home/ilhan/bumperbot_ws/install/bumperbot_controller/share/bumperbot_controller/hook/cmake_prefix_path.dsv'
[0.767s] INFO:colcon.colcon_core.shell:Creating environment hook '/home/ilhan/bumperbot_ws/install/bumperbot_controller/share/bumperbot_controller/hook/cmake_prefix_path.sh'
[0.767s] Level 1:colcon.colcon_core.environment:checking '/home/ilhan/bumperbot_ws/install/bumperbot_controller/lib'
[0.767s] Level 1:colcon.colcon_core.environment:checking '/home/ilhan/bumperbot_ws/install/bumperbot_controller/bin'
[0.767s] Level 1:colcon.colcon_core.environment:checking '/home/ilhan/bumperbot_ws/install/bumperbot_controller/lib/pkgconfig/bumperbot_controller.pc'
[0.767s] Level 1:colcon.colcon_core.environment:checking '/home/ilhan/bumperbot_ws/install/bumperbot_controller/lib/python3.10/site-packages'
[0.767s] Level 1:colcon.colcon_core.environment:checking '/home/ilhan/bumperbot_ws/install/bumperbot_controller/bin'
[0.768s] INFO:colcon.colcon_core.shell:Creating package script '/home/ilhan/bumperbot_ws/install/bumperbot_controller/share/bumperbot_controller/package.ps1'
[0.768s] INFO:colcon.colcon_core.shell:Creating package descriptor '/home/ilhan/bumperbot_ws/install/bumperbot_controller/share/bumperbot_controller/package.dsv'
[0.768s] INFO:colcon.colcon_core.shell:Creating package script '/home/ilhan/bumperbot_ws/install/bumperbot_controller/share/bumperbot_controller/package.sh'
[0.769s] INFO:colcon.colcon_core.shell:Creating package script '/home/ilhan/bumperbot_ws/install/bumperbot_controller/share/bumperbot_controller/package.bash'
[0.769s] INFO:colcon.colcon_core.shell:Creating package script '/home/ilhan/bumperbot_ws/install/bumperbot_controller/share/bumperbot_controller/package.zsh'
[0.769s] Level 1:colcon.colcon_core.environment:create_file_with_runtime_dependencies(/home/ilhan/bumperbot_ws/install/bumperbot_controller/share/colcon-core/packages/bumperbot_controller)
[0.771s] DEBUG:colcon.colcon_core.event_handler.log_command:Invoked command in '/home/ilhan/bumperbot_ws/build/bumperbot_localization' returned '0': CMAKE_PREFIX_PATH=${CMAKE_PREFIX_PATH}:/home/ilhan/bumperbot_ws/install/bumperbot_py_examples:/opt/ros/humble /usr/bin/cmake --build /home/ilhan/bumperbot_ws/build/bumperbot_localization -- -j16 -l16
[0.772s] DEBUG:colcon.colcon_core.event_handler.log_command:Invoking command in '/home/ilhan/bumperbot_ws/build/bumperbot_localization': CMAKE_PREFIX_PATH=${CMAKE_PREFIX_PATH}:/home/ilhan/bumperbot_ws/install/bumperbot_py_examples:/opt/ros/humble /usr/bin/cmake --install /home/ilhan/bumperbot_ws/build/bumperbot_localization
[0.773s] DEBUG:colcon.colcon_core.event_handler.log_command:Invoking command in '/home/ilhan/bumperbot_ws/build/bumperbot_cpp_examples': CMAKE_PREFIX_PATH=/home/ilhan/bumperbot_ws/install/bumperbot_msgs:/home/ilhan/bumperbot_ws/install/bumperbot_cpp_examples:/home/ilhan/bumperbot_ws/install/bumperbot_localization:/home/ilhan/bumperbot_ws/install/bumperbot_firmware:/home/ilhan/bumperbot_ws/install/bumperbot_description:/home/ilhan/bumperbot_ws/install/bumperbot_controller:/home/ilhan/bumperbot_ws/install/bumperbot_bringup:/home/ilhan/bumperbot_ws/install/bumperbot_py_examples:/opt/ros/humble /usr/bin/cmake --build /home/ilhan/bumperbot_ws/build/bumperbot_cpp_examples -- -j16 -l16
[0.977s] INFO:colcon.colcon_core.task.python.build:Building Python package in '/home/ilhan/bumperbot_ws/src/bumperbot_py_examples'
[0.977s] INFO:colcon.colcon_core.shell:Skip shell extension 'powershell' for command environment: Not usable outside of PowerShell
[0.977s] DEBUG:colcon.colcon_core.shell:Skip shell extension 'dsv' for command environment
[0.981s] Level 1:colcon.colcon_core.environment:create_environment_scripts_only(bumperbot_localization)
[0.981s] Level 1:colcon.colcon_core.environment:checking '/home/ilhan/bumperbot_ws/install/bumperbot_localization' for CMake module files
[0.982s] DEBUG:colcon.colcon_core.event_handler.log_command:Invoked command in '/home/ilhan/bumperbot_ws/build/bumperbot_localization' returned '0': CMAKE_PREFIX_PATH=${CMAKE_PREFIX_PATH}:/home/ilhan/bumperbot_ws/install/bumperbot_py_examples:/opt/ros/humble /usr/bin/cmake --install /home/ilhan/bumperbot_ws/build/bumperbot_localization
[0.982s] Level 1:colcon.colcon_core.environment:checking '/home/ilhan/bumperbot_ws/install/bumperbot_localization' for CMake config files
[0.982s] Level 1:colcon.colcon_core.shell:create_environment_hook('bumperbot_localization', 'cmake_prefix_path')
[0.982s] INFO:colcon.colcon_core.shell:Creating environment hook '/home/ilhan/bumperbot_ws/install/bumperbot_localization/share/bumperbot_localization/hook/cmake_prefix_path.ps1'
[0.983s] INFO:colcon.colcon_core.shell:Creating environment descriptor '/home/ilhan/bumperbot_ws/install/bumperbot_localization/share/bumperbot_localization/hook/cmake_prefix_path.dsv'
[0.983s] INFO:colcon.colcon_core.shell:Creating environment hook '/home/ilhan/bumperbot_ws/install/bumperbot_localization/share/bumperbot_localization/hook/cmake_prefix_path.sh'
[0.984s] Level 1:colcon.colcon_core.environment:checking '/home/ilhan/bumperbot_ws/install/bumperbot_localization/lib'
[0.984s] Level 1:colcon.colcon_core.environment:checking '/home/ilhan/bumperbot_ws/install/bumperbot_localization/bin'
[0.984s] Level 1:colcon.colcon_core.environment:checking '/home/ilhan/bumperbot_ws/install/bumperbot_localization/lib/pkgconfig/bumperbot_localization.pc'
[0.984s] Level 1:colcon.colcon_core.environment:checking '/home/ilhan/bumperbot_ws/install/bumperbot_localization/lib/python3.10/site-packages'
[0.984s] Level 1:colcon.colcon_core.environment:checking '/home/ilhan/bumperbot_ws/install/bumperbot_localization/bin'
[0.984s] INFO:colcon.colcon_core.shell:Creating package script '/home/ilhan/bumperbot_ws/install/bumperbot_localization/share/bumperbot_localization/package.ps1'
[0.984s] INFO:colcon.colcon_core.shell:Creating package descriptor '/home/ilhan/bumperbot_ws/install/bumperbot_localization/share/bumperbot_localization/package.dsv'
[0.985s] INFO:colcon.colcon_core.shell:Creating package script '/home/ilhan/bumperbot_ws/install/bumperbot_localization/share/bumperbot_localization/package.sh'
[0.985s] INFO:colcon.colcon_core.shell:Creating package script '/home/ilhan/bumperbot_ws/install/bumperbot_localization/share/bumperbot_localization/package.bash'
[0.985s] INFO:colcon.colcon_core.shell:Creating package script '/home/ilhan/bumperbot_ws/install/bumperbot_localization/share/bumperbot_localization/package.zsh'
[0.985s] Level 1:colcon.colcon_core.environment:create_file_with_runtime_dependencies(/home/ilhan/bumperbot_ws/install/bumperbot_localization/share/colcon-core/packages/bumperbot_localization)
[0.986s] Level 1:colcon.colcon_core.environment:create_environment_scripts_only(bumperbot_localization)
[0.986s] Level 1:colcon.colcon_core.environment:checking '/home/ilhan/bumperbot_ws/install/bumperbot_localization' for CMake module files
[0.986s] Level 1:colcon.colcon_core.environment:checking '/home/ilhan/bumperbot_ws/install/bumperbot_localization' for CMake config files
[0.986s] Level 1:colcon.colcon_core.shell:create_environment_hook('bumperbot_localization', 'cmake_prefix_path')
[0.986s] INFO:colcon.colcon_core.shell:Creating environment hook '/home/ilhan/bumperbot_ws/install/bumperbot_localization/share/bumperbot_localization/hook/cmake_prefix_path.ps1'
[0.986s] INFO:colcon.colcon_core.shell:Creating environment descriptor '/home/ilhan/bumperbot_ws/install/bumperbot_localization/share/bumperbot_localization/hook/cmake_prefix_path.dsv'
[0.987s] INFO:colcon.colcon_core.shell:Creating environment hook '/home/ilhan/bumperbot_ws/install/bumperbot_localization/share/bumperbot_localization/hook/cmake_prefix_path.sh'
[0.987s] Level 1:colcon.colcon_core.environment:checking '/home/ilhan/bumperbot_ws/install/bumperbot_localization/lib'
[0.987s] Level 1:colcon.colcon_core.environment:checking '/home/ilhan/bumperbot_ws/install/bumperbot_localization/bin'
[0.987s] Level 1:colcon.colcon_core.environment:checking '/home/ilhan/bumperbot_ws/install/bumperbot_localization/lib/pkgconfig/bumperbot_localization.pc'
[0.987s] Level 1:colcon.colcon_core.environment:checking '/home/ilhan/bumperbot_ws/install/bumperbot_localization/lib/python3.10/site-packages'
[0.987s] Level 1:colcon.colcon_core.environment:checking '/home/ilhan/bumperbot_ws/install/bumperbot_localization/bin'
[0.987s] INFO:colcon.colcon_core.shell:Creating package script '/home/ilhan/bumperbot_ws/install/bumperbot_localization/share/bumperbot_localization/package.ps1'
[0.988s] INFO:colcon.colcon_core.shell:Creating package descriptor '/home/ilhan/bumperbot_ws/install/bumperbot_localization/share/bumperbot_localization/package.dsv'
[0.988s] INFO:colcon.colcon_core.shell:Creating package script '/home/ilhan/bumperbot_ws/install/bumperbot_localization/share/bumperbot_localization/package.sh'
[0.988s] INFO:colcon.colcon_core.shell:Creating package script '/home/ilhan/bumperbot_ws/install/bumperbot_localization/share/bumperbot_localization/package.bash'
[0.989s] INFO:colcon.colcon_core.shell:Creating package script '/home/ilhan/bumperbot_ws/install/bumperbot_localization/share/bumperbot_localization/package.zsh'
[0.989s] Level 1:colcon.colcon_core.environment:create_file_with_runtime_dependencies(/home/ilhan/bumperbot_ws/install/bumperbot_localization/share/colcon-core/packages/bumperbot_localization)
[0.989s] DEBUG:colcon.colcon_core.event_handler.log_command:Invoked command in '/home/ilhan/bumperbot_ws/build/bumperbot_cpp_examples' returned '0': CMAKE_PREFIX_PATH=/home/ilhan/bumperbot_ws/install/bumperbot_msgs:/home/ilhan/bumperbot_ws/install/bumperbot_cpp_examples:/home/ilhan/bumperbot_ws/install/bumperbot_localization:/home/ilhan/bumperbot_ws/install/bumperbot_firmware:/home/ilhan/bumperbot_ws/install/bumperbot_description:/home/ilhan/bumperbot_ws/install/bumperbot_controller:/home/ilhan/bumperbot_ws/install/bumperbot_bringup:/home/ilhan/bumperbot_ws/install/bumperbot_py_examples:/opt/ros/humble /usr/bin/cmake --build /home/ilhan/bumperbot_ws/build/bumperbot_cpp_examples -- -j16 -l16
[0.990s] DEBUG:colcon.colcon_core.event_handler.log_command:Invoking command in '/home/ilhan/bumperbot_ws/build/bumperbot_cpp_examples': CMAKE_PREFIX_PATH=/home/ilhan/bumperbot_ws/install/bumperbot_msgs:/home/ilhan/bumperbot_ws/install/bumperbot_cpp_examples:/home/ilhan/bumperbot_ws/install/bumperbot_localization:/home/ilhan/bumperbot_ws/install/bumperbot_firmware:/home/ilhan/bumperbot_ws/install/bumperbot_description:/home/ilhan/bumperbot_ws/install/bumperbot_controller:/home/ilhan/bumperbot_ws/install/bumperbot_bringup:/home/ilhan/bumperbot_ws/install/bumperbot_py_examples:/opt/ros/humble /usr/bin/cmake --install /home/ilhan/bumperbot_ws/build/bumperbot_cpp_examples
[1.002s] Level 1:colcon.colcon_core.environment:create_environment_scripts_only(bumperbot_cpp_examples)
[1.002s] Level 1:colcon.colcon_core.environment:checking '/home/ilhan/bumperbot_ws/install/bumperbot_cpp_examples' for CMake module files
[1.003s] DEBUG:colcon.colcon_core.event_handler.log_command:Invoked command in '/home/ilhan/bumperbot_ws/build/bumperbot_cpp_examples' returned '0': CMAKE_PREFIX_PATH=/home/ilhan/bumperbot_ws/install/bumperbot_msgs:/home/ilhan/bumperbot_ws/install/bumperbot_cpp_examples:/home/ilhan/bumperbot_ws/install/bumperbot_localization:/home/ilhan/bumperbot_ws/install/bumperbot_firmware:/home/ilhan/bumperbot_ws/install/bumperbot_description:/home/ilhan/bumperbot_ws/install/bumperbot_controller:/home/ilhan/bumperbot_ws/install/bumperbot_bringup:/home/ilhan/bumperbot_ws/install/bumperbot_py_examples:/opt/ros/humble /usr/bin/cmake --install /home/ilhan/bumperbot_ws/build/bumperbot_cpp_examples
[1.003s] Level 1:colcon.colcon_core.environment:checking '/home/ilhan/bumperbot_ws/install/bumperbot_cpp_examples' for CMake config files
[1.003s] Level 1:colcon.colcon_core.shell:create_environment_hook('bumperbot_cpp_examples', 'cmake_prefix_path')
[1.003s] INFO:colcon.colcon_core.shell:Creating environment hook '/home/ilhan/bumperbot_ws/install/bumperbot_cpp_examples/share/bumperbot_cpp_examples/hook/cmake_prefix_path.ps1'
[1.003s] INFO:colcon.colcon_core.shell:Creating environment descriptor '/home/ilhan/bumperbot_ws/install/bumperbot_cpp_examples/share/bumperbot_cpp_examples/hook/cmake_prefix_path.dsv'
[1.004s] INFO:colcon.colcon_core.shell:Creating environment hook '/home/ilhan/bumperbot_ws/install/bumperbot_cpp_examples/share/bumperbot_cpp_examples/hook/cmake_prefix_path.sh'
[1.004s] Level 1:colcon.colcon_core.environment:checking '/home/ilhan/bumperbot_ws/install/bumperbot_cpp_examples/lib'
[1.004s] Level 1:colcon.colcon_core.environment:checking '/home/ilhan/bumperbot_ws/install/bumperbot_cpp_examples/bin'
[1.004s] Level 1:colcon.colcon_core.environment:checking '/home/ilhan/bumperbot_ws/install/bumperbot_cpp_examples/lib/pkgconfig/bumperbot_cpp_examples.pc'
[1.004s] Level 1:colcon.colcon_core.environment:checking '/home/ilhan/bumperbot_ws/install/bumperbot_cpp_examples/lib/python3.10/site-packages'
[1.004s] Level 1:colcon.colcon_core.environment:checking '/home/ilhan/bumperbot_ws/install/bumperbot_cpp_examples/bin'
[1.005s] INFO:colcon.colcon_core.shell:Creating package script '/home/ilhan/bumperbot_ws/install/bumperbot_cpp_examples/share/bumperbot_cpp_examples/package.ps1'
[1.005s] INFO:colcon.colcon_core.shell:Creating package descriptor '/home/ilhan/bumperbot_ws/install/bumperbot_cpp_examples/share/bumperbot_cpp_examples/package.dsv'
[1.005s] INFO:colcon.colcon_core.shell:Creating package script '/home/ilhan/bumperbot_ws/install/bumperbot_cpp_examples/share/bumperbot_cpp_examples/package.sh'
[1.005s] INFO:colcon.colcon_core.shell:Creating package script '/home/ilhan/bumperbot_ws/install/bumperbot_cpp_examples/share/bumperbot_cpp_examples/package.bash'
[1.006s] INFO:colcon.colcon_core.shell:Creating package script '/home/ilhan/bumperbot_ws/install/bumperbot_cpp_examples/share/bumperbot_cpp_examples/package.zsh'
[1.006s] Level 1:colcon.colcon_core.environment:create_file_with_runtime_dependencies(/home/ilhan/bumperbot_ws/install/bumperbot_cpp_examples/share/colcon-core/packages/bumperbot_cpp_examples)
[1.006s] Level 1:colcon.colcon_core.environment:create_environment_scripts_only(bumperbot_cpp_examples)
[1.006s] Level 1:colcon.colcon_core.environment:checking '/home/ilhan/bumperbot_ws/install/bumperbot_cpp_examples' for CMake module files
[1.006s] Level 1:colcon.colcon_core.environment:checking '/home/ilhan/bumperbot_ws/install/bumperbot_cpp_examples' for CMake config files
[1.007s] Level 1:colcon.colcon_core.shell:create_environment_hook('bumperbot_cpp_examples', 'cmake_prefix_path')
[1.007s] INFO:colcon.colcon_core.shell:Creating environment hook '/home/ilhan/bumperbot_ws/install/bumperbot_cpp_examples/share/bumperbot_cpp_examples/hook/cmake_prefix_path.ps1'
[1.007s] INFO:colcon.colcon_core.shell:Creating environment descriptor '/home/ilhan/bumperbot_ws/install/bumperbot_cpp_examples/share/bumperbot_cpp_examples/hook/cmake_prefix_path.dsv'
[1.007s] INFO:colcon.colcon_core.shell:Creating environment hook '/home/ilhan/bumperbot_ws/install/bumperbot_cpp_examples/share/bumperbot_cpp_examples/hook/cmake_prefix_path.sh'
[1.007s] Level 1:colcon.colcon_core.environment:checking '/home/ilhan/bumperbot_ws/install/bumperbot_cpp_examples/lib'
[1.007s] Level 1:colcon.colcon_core.environment:checking '/home/ilhan/bumperbot_ws/install/bumperbot_cpp_examples/bin'
[1.007s] Level 1:colcon.colcon_core.environment:checking '/home/ilhan/bumperbot_ws/install/bumperbot_cpp_examples/lib/pkgconfig/bumperbot_cpp_examples.pc'
[1.008s] Level 1:colcon.colcon_core.environment:checking '/home/ilhan/bumperbot_ws/install/bumperbot_cpp_examples/lib/python3.10/site-packages'
[1.008s] Level 1:colcon.colcon_core.environment:checking '/home/ilhan/bumperbot_ws/install/bumperbot_cpp_examples/bin'
[1.008s] INFO:colcon.colcon_core.shell:Creating package script '/home/ilhan/bumperbot_ws/install/bumperbot_cpp_examples/share/bumperbot_cpp_examples/package.ps1'
[1.008s] INFO:colcon.colcon_core.shell:Creating package descriptor '/home/ilhan/bumperbot_ws/install/bumperbot_cpp_examples/share/bumperbot_cpp_examples/package.dsv'
[1.009s] INFO:colcon.colcon_core.shell:Creating package script '/home/ilhan/bumperbot_ws/install/bumperbot_cpp_examples/share/bumperbot_cpp_examples/package.sh'
[1.009s] INFO:colcon.colcon_core.shell:Creating package script '/home/ilhan/bumperbot_ws/install/bumperbot_cpp_examples/share/bumperbot_cpp_examples/package.bash'
[1.010s] INFO:colcon.colcon_core.shell:Creating package script '/home/ilhan/bumperbot_ws/install/bumperbot_cpp_examples/share/bumperbot_cpp_examples/package.zsh'
[1.010s] Level 1:colcon.colcon_core.environment:create_file_with_runtime_dependencies(/home/ilhan/bumperbot_ws/install/bumperbot_cpp_examples/share/colcon-core/packages/bumperbot_cpp_examples)
[1.260s] DEBUG:colcon.colcon_core.event_handler.log_command:Invoking command in '/home/ilhan/bumperbot_ws/src/bumperbot_py_examples': CMAKE_PREFIX_PATH=/home/ilhan/bumperbot_ws/install/bumperbot_msgs:/home/ilhan/bumperbot_ws/install/bumperbot_cpp_examples:/home/ilhan/bumperbot_ws/install/bumperbot_localization:/home/ilhan/bumperbot_ws/install/bumperbot_firmware:/home/ilhan/bumperbot_ws/install/bumperbot_description:/home/ilhan/bumperbot_ws/install/bumperbot_controller:/home/ilhan/bumperbot_ws/install/bumperbot_bringup PYTHONPATH=/home/ilhan/bumperbot_ws/build/bumperbot_py_examples/prefix_override:/usr/lib/python3/dist-packages/colcon_core/task/python/colcon_distutils_commands:/home/ilhan/bumperbot_ws/install/bumperbot_py_examples/lib/python3.10/site-packages:${PYTHONPATH} /usr/bin/python3 -W ignore:setup.py install is deprecated -W ignore:easy_install command is deprecated setup.py egg_info --egg-base ../../build/bumperbot_py_examples build --build-base /home/ilhan/bumperbot_ws/build/bumperbot_py_examples/build install --record /home/ilhan/bumperbot_ws/build/bumperbot_py_examples/install.log --single-version-externally-managed install_data
[1.468s] Level 1:colcon.colcon_core.environment:checking '/home/ilhan/bumperbot_ws/install/bumperbot_py_examples' for CMake module files
[1.468s] DEBUG:colcon.colcon_core.event_handler.log_command:Invoked command in '/home/ilhan/bumperbot_ws/src/bumperbot_py_examples' returned '0': CMAKE_PREFIX_PATH=/home/ilhan/bumperbot_ws/install/bumperbot_msgs:/home/ilhan/bumperbot_ws/install/bumperbot_cpp_examples:/home/ilhan/bumperbot_ws/install/bumperbot_localization:/home/ilhan/bumperbot_ws/install/bumperbot_firmware:/home/ilhan/bumperbot_ws/install/bumperbot_description:/home/ilhan/bumperbot_ws/install/bumperbot_controller:/home/ilhan/bumperbot_ws/install/bumperbot_bringup PYTHONPATH=/home/ilhan/bumperbot_ws/build/bumperbot_py_examples/prefix_override:/usr/lib/python3/dist-packages/colcon_core/task/python/colcon_distutils_commands:/home/ilhan/bumperbot_ws/install/bumperbot_py_examples/lib/python3.10/site-packages:${PYTHONPATH} /usr/bin/python3 -W ignore:setup.py install is deprecated -W ignore:easy_install command is deprecated setup.py egg_info --egg-base ../../build/bumperbot_py_examples build --build-base /home/ilhan/bumperbot_ws/build/bumperbot_py_examples/build install --record /home/ilhan/bumperbot_ws/build/bumperbot_py_examples/install.log --single-version-externally-managed install_data
[1.469s] Level 1:colcon.colcon_core.environment:checking '/home/ilhan/bumperbot_ws/install/bumperbot_py_examples' for CMake config files
[1.469s] Level 1:colcon.colcon_core.environment:checking '/home/ilhan/bumperbot_ws/install/bumperbot_py_examples/lib'
[1.469s] Level 1:colcon.colcon_core.environment:checking '/home/ilhan/bumperbot_ws/install/bumperbot_py_examples/bin'
[1.469s] Level 1:colcon.colcon_core.environment:checking '/home/ilhan/bumperbot_ws/install/bumperbot_py_examples/lib/pkgconfig/bumperbot_py_examples.pc'
[1.470s] Level 1:colcon.colcon_core.environment:checking '/home/ilhan/bumperbot_ws/install/bumperbot_py_examples/lib/python3.10/site-packages'
[1.470s] Level 1:colcon.colcon_core.shell:create_environment_hook('bumperbot_py_examples', 'pythonpath')
[1.470s] INFO:colcon.colcon_core.shell:Creating environment hook '/home/ilhan/bumperbot_ws/install/bumperbot_py_examples/share/bumperbot_py_examples/hook/pythonpath.ps1'
[1.471s] INFO:colcon.colcon_core.shell:Creating environment descriptor '/home/ilhan/bumperbot_ws/install/bumperbot_py_examples/share/bumperbot_py_examples/hook/pythonpath.dsv'
[1.471s] INFO:colcon.colcon_core.shell:Creating environment hook '/home/ilhan/bumperbot_ws/install/bumperbot_py_examples/share/bumperbot_py_examples/hook/pythonpath.sh'
[1.472s] Level 1:colcon.colcon_core.environment:checking '/home/ilhan/bumperbot_ws/install/bumperbot_py_examples/bin'
[1.472s] Level 1:colcon.colcon_core.environment:create_environment_scripts_only(bumperbot_py_examples)
[1.472s] INFO:colcon.colcon_core.shell:Creating package script '/home/ilhan/bumperbot_ws/install/bumperbot_py_examples/share/bumperbot_py_examples/package.ps1'
[1.473s] INFO:colcon.colcon_core.shell:Creating package descriptor '/home/ilhan/bumperbot_ws/install/bumperbot_py_examples/share/bumperbot_py_examples/package.dsv'
[1.473s] INFO:colcon.colcon_core.shell:Creating package script '/home/ilhan/bumperbot_ws/install/bumperbot_py_examples/share/bumperbot_py_examples/package.sh'
[1.474s] INFO:colcon.colcon_core.shell:Creating package script '/home/ilhan/bumperbot_ws/install/bumperbot_py_examples/share/bumperbot_py_examples/package.bash'
[1.474s] INFO:colcon.colcon_core.shell:Creating package script '/home/ilhan/bumperbot_ws/install/bumperbot_py_examples/share/bumperbot_py_examples/package.zsh'
[1.474s] Level 1:colcon.colcon_core.environment:create_file_with_runtime_dependencies(/home/ilhan/bumperbot_ws/install/bumperbot_py_examples/share/colcon-core/packages/bumperbot_py_examples)
[1.475s] DEBUG:colcon.colcon_parallel_executor.executor.parallel:closing loop
[1.475s] DEBUG:colcon.colcon_parallel_executor.executor.parallel:loop closed
[1.475s] DEBUG:colcon.colcon_parallel_executor.executor.parallel:run_until_complete finished with '0'
[1.475s] DEBUG:colcon.colcon_core.event_reactor:joining thread
[1.481s] INFO:colcon.colcon_core.plugin_system:Skipping extension 'colcon_notification.desktop_notification.terminal_notifier': Not used on non-Darwin systems
[1.481s] INFO:colcon.colcon_core.plugin_system:Skipping extension 'colcon_notification.desktop_notification.win32': Not used on non-Windows systems
[1.481s] INFO:colcon.colcon_notification.desktop_notification:Sending desktop notification using 'notify2'
[1.489s] DEBUG:colcon.colcon_core.event_reactor:joined thread
[1.489s] INFO:colcon.colcon_core.shell:Creating prefix script '/home/ilhan/bumperbot_ws/install/local_setup.ps1'
[1.490s] INFO:colcon.colcon_core.shell:Creating prefix util module '/home/ilhan/bumperbot_ws/install/_local_setup_util_ps1.py'
[1.491s] INFO:colcon.colcon_core.shell:Creating prefix chain script '/home/ilhan/bumperbot_ws/install/setup.ps1'
[1.491s] INFO:colcon.colcon_core.shell:Creating prefix script '/home/ilhan/bumperbot_ws/install/local_setup.sh'
[1.492s] INFO:colcon.colcon_core.shell:Creating prefix util module '/home/ilhan/bumperbot_ws/install/_local_setup_util_sh.py'
[1.492s] INFO:colcon.colcon_core.shell:Creating prefix chain script '/home/ilhan/bumperbot_ws/install/setup.sh'
[1.493s] INFO:colcon.colcon_core.shell:Creating prefix script '/home/ilhan/bumperbot_ws/install/local_setup.bash'
[1.493s] INFO:colcon.colcon_core.shell:Creating prefix chain script '/home/ilhan/bumperbot_ws/install/setup.bash'
[1.494s] INFO:colcon.colcon_core.shell:Creating prefix script '/home/ilhan/bumperbot_ws/install/local_setup.zsh'
[1.494s] INFO:colcon.colcon_core.shell:Creating prefix chain script '/home/ilhan/bumperbot_ws/install/setup.zsh'
