[0.039s] Invoking command in '/home/ilhan/bumperbot_ws/build/bumperbot_mapping': CMAKE_PREFIX_PATH=${CMAKE_PREFIX_PATH}:/home/ilhan/bumperbot_ws/install/bumperbot_py_examples:/opt/ros/humble /usr/bin/cmake --build /home/ilhan/bumperbot_ws/build/bumperbot_mapping -- -j16 -l16
[0.078s] Invoked command in '/home/ilhan/bumperbot_ws/build/bumperbot_mapping' returned '0': CMAKE_PREFIX_PATH=${CMAKE_PREFIX_PATH}:/home/ilhan/bumperbot_ws/install/bumperbot_py_examples:/opt/ros/humble /usr/bin/cmake --build /home/ilhan/bumperbot_ws/build/bumperbot_mapping -- -j16 -l16
[0.086s] Invoking command in '/home/ilhan/bumperbot_ws/build/bumperbot_mapping': CMAKE_PREFIX_PATH=${CMAKE_PREFIX_PATH}:/home/ilhan/bumperbot_ws/install/bumperbot_py_examples:/opt/ros/humble /usr/bin/cmake --install /home/ilhan/bumperbot_ws/build/bumperbot_mapping
[0.092s] -- Install configuration: ""
[0.092s] -- Execute custom install script
[0.095s] -- Up-to-date symlink: /home/ilhan/bumperbot_ws/install/bumperbot_mapping/share/bumperbot_mapping/maps/small_house/map.pgm
[0.095s] -- Up-to-date symlink: /home/ilhan/bumperbot_ws/install/bumperbot_mapping/share/bumperbot_mapping/maps/small_house/map.yaml
[0.095s] -- Up-to-date symlink: /home/ilhan/bumperbot_ws/install/bumperbot_mapping/share/ament_index/resource_index/package_run_dependencies/bumperbot_mapping
[0.095s] -- Up-to-date symlink: /home/ilhan/bumperbot_ws/install/bumperbot_mapping/share/ament_index/resource_index/parent_prefix_path/bumperbot_mapping
[0.095s] -- Up-to-date symlink: /home/ilhan/bumperbot_ws/install/bumperbot_mapping/share/bumperbot_mapping/environment/ament_prefix_path.sh
[0.095s] -- Up-to-date symlink: /home/ilhan/bumperbot_ws/install/bumperbot_mapping/share/bumperbot_mapping/environment/ament_prefix_path.dsv
[0.095s] -- Up-to-date symlink: /home/ilhan/bumperbot_ws/install/bumperbot_mapping/share/bumperbot_mapping/environment/path.sh
[0.095s] -- Up-to-date symlink: /home/ilhan/bumperbot_ws/install/bumperbot_mapping/share/bumperbot_mapping/environment/path.dsv
[0.095s] -- Up-to-date symlink: /home/ilhan/bumperbot_ws/install/bumperbot_mapping/share/bumperbot_mapping/local_setup.bash
[0.095s] -- Up-to-date symlink: /home/ilhan/bumperbot_ws/install/bumperbot_mapping/share/bumperbot_mapping/local_setup.sh
[0.095s] -- Up-to-date symlink: /home/ilhan/bumperbot_ws/install/bumperbot_mapping/share/bumperbot_mapping/local_setup.zsh
[0.095s] -- Up-to-date symlink: /home/ilhan/bumperbot_ws/install/bumperbot_mapping/share/bumperbot_mapping/local_setup.dsv
[0.096s] -- Symlinking: /home/ilhan/bumperbot_ws/install/bumperbot_mapping/share/bumperbot_mapping/package.dsv
[0.104s] -- Up-to-date symlink: /home/ilhan/bumperbot_ws/install/bumperbot_mapping/share/ament_index/resource_index/packages/bumperbot_mapping
[0.104s] -- Up-to-date symlink: /home/ilhan/bumperbot_ws/install/bumperbot_mapping/share/bumperbot_mapping/cmake/bumperbot_mappingConfig.cmake
[0.105s] -- Up-to-date symlink: /home/ilhan/bumperbot_ws/install/bumperbot_mapping/share/bumperbot_mapping/cmake/bumperbot_mappingConfig-version.cmake
[0.105s] -- Up-to-date symlink: /home/ilhan/bumperbot_ws/install/bumperbot_mapping/share/bumperbot_mapping/package.xml
[0.166s] Invoked command in '/home/ilhan/bumperbot_ws/build/bumperbot_mapping' returned '0': CMAKE_PREFIX_PATH=${CMAKE_PREFIX_PATH}:/home/ilhan/bumperbot_ws/install/bumperbot_py_examples:/opt/ros/humble /usr/bin/cmake --install /home/ilhan/bumperbot_ws/build/bumperbot_mapping
