[0.386s] Invoking command in '/home/ilhan/bumperbot_ws/src/bumperbot_py_examples': CMAKE_PREFIX_PATH=/home/ilhan/bumperbot_ws/install/bumperbot_msgs:/home/ilhan/bumperbot_ws/install/bumperbot_cpp_examples:/home/ilhan/bumperbot_ws/install/bumperbot_localization:/home/ilhan/bumperbot_ws/install/bumperbot_firmware:/home/ilhan/bumperbot_ws/install/bumperbot_description:/home/ilhan/bumperbot_ws/install/bumperbot_controller:/home/ilhan/bumperbot_ws/install/bumperbot_bringup PYTHONPATH=/home/ilhan/bumperbot_ws/build/bumperbot_py_examples/prefix_override:/usr/lib/python3/dist-packages/colcon_core/task/python/colcon_distutils_commands:/home/ilhan/bumperbot_ws/install/bumperbot_py_examples/lib/python3.10/site-packages:${PYTHONPATH} /usr/bin/python3 -W ignore:setup.py install is deprecated -W ignore:easy_install command is deprecated setup.py egg_info --egg-base ../../build/bumperbot_py_examples build --build-base /home/ilhan/bumperbot_ws/build/bumperbot_py_examples/build install --record /home/ilhan/bumperbot_ws/build/bumperbot_py_examples/install.log --single-version-externally-managed install_data
[0.518s] running egg_info
[0.519s] writing ../../build/bumperbot_py_examples/bumperbot_py_examples.egg-info/PKG-INFO
[0.519s] writing dependency_links to ../../build/bumperbot_py_examples/bumperbot_py_examples.egg-info/dependency_links.txt
[0.519s] writing entry points to ../../build/bumperbot_py_examples/bumperbot_py_examples.egg-info/entry_points.txt
[0.519s] writing requirements to ../../build/bumperbot_py_examples/bumperbot_py_examples.egg-info/requires.txt
[0.520s] writing top-level names to ../../build/bumperbot_py_examples/bumperbot_py_examples.egg-info/top_level.txt
[0.521s] reading manifest file '../../build/bumperbot_py_examples/bumperbot_py_examples.egg-info/SOURCES.txt'
[0.521s] writing manifest file '../../build/bumperbot_py_examples/bumperbot_py_examples.egg-info/SOURCES.txt'
[0.521s] running build
[0.521s] running build_py
[0.521s] running install
[0.522s] running install_lib
[0.522s] running install_data
[0.522s] running install_egg_info
[0.523s] removing '/home/ilhan/bumperbot_ws/install/bumperbot_py_examples/lib/python3.10/site-packages/bumperbot_py_examples-0.0.0-py3.10.egg-info' (and everything under it)
[0.523s] Copying ../../build/bumperbot_py_examples/bumperbot_py_examples.egg-info to /home/ilhan/bumperbot_ws/install/bumperbot_py_examples/lib/python3.10/site-packages/bumperbot_py_examples-0.0.0-py3.10.egg-info
[0.524s] running install_scripts
[0.536s] Installing simple_lifecycle_node script to /home/ilhan/bumperbot_ws/install/bumperbot_py_examples/lib/bumperbot_py_examples
[0.536s] Installing simple_parameter script to /home/ilhan/bumperbot_ws/install/bumperbot_py_examples/lib/bumperbot_py_examples
[0.536s] Installing simple_publisher script to /home/ilhan/bumperbot_ws/install/bumperbot_py_examples/lib/bumperbot_py_examples
[0.536s] Installing simple_service_client script to /home/ilhan/bumperbot_ws/install/bumperbot_py_examples/lib/bumperbot_py_examples
[0.536s] Installing simple_service_server script to /home/ilhan/bumperbot_ws/install/bumperbot_py_examples/lib/bumperbot_py_examples
[0.536s] Installing simple_subscriber script to /home/ilhan/bumperbot_ws/install/bumperbot_py_examples/lib/bumperbot_py_examples
[0.536s] Installing simple_tf_kinematics script to /home/ilhan/bumperbot_ws/install/bumperbot_py_examples/lib/bumperbot_py_examples
[0.536s] Installing simple_turtlesim_kinematics script to /home/ilhan/bumperbot_ws/install/bumperbot_py_examples/lib/bumperbot_py_examples
[0.536s] writing list of installed files to '/home/ilhan/bumperbot_ws/build/bumperbot_py_examples/install.log'
[0.551s] Invoked command in '/home/ilhan/bumperbot_ws/src/bumperbot_py_examples' returned '0': CMAKE_PREFIX_PATH=/home/ilhan/bumperbot_ws/install/bumperbot_msgs:/home/ilhan/bumperbot_ws/install/bumperbot_cpp_examples:/home/ilhan/bumperbot_ws/install/bumperbot_localization:/home/ilhan/bumperbot_ws/install/bumperbot_firmware:/home/ilhan/bumperbot_ws/install/bumperbot_description:/home/ilhan/bumperbot_ws/install/bumperbot_controller:/home/ilhan/bumperbot_ws/install/bumperbot_bringup PYTHONPATH=/home/ilhan/bumperbot_ws/build/bumperbot_py_examples/prefix_override:/usr/lib/python3/dist-packages/colcon_core/task/python/colcon_distutils_commands:/home/ilhan/bumperbot_ws/install/bumperbot_py_examples/lib/python3.10/site-packages:${PYTHONPATH} /usr/bin/python3 -W ignore:setup.py install is deprecated -W ignore:easy_install command is deprecated setup.py egg_info --egg-base ../../build/bumperbot_py_examples build --build-base /home/ilhan/bumperbot_ws/build/bumperbot_py_examples/build install --record /home/ilhan/bumperbot_ws/build/bumperbot_py_examples/install.log --single-version-externally-managed install_data
