[0.025s] Invoking command in '/home/ilhan/bumperbot_ws/build/bumperbot_bringup': CMAKE_PREFIX_PATH=/opt/ros/humble /usr/bin/cmake --build /home/ilhan/bumperbot_ws/build/bumperbot_bringup -- -j16 -l16
[0.058s] Invoked command in '/home/ilhan/bumperbot_ws/build/bumperbot_bringup' returned '0': CMAKE_PREFIX_PATH=/opt/ros/humble /usr/bin/cmake --build /home/ilhan/bumperbot_ws/build/bumperbot_bringup -- -j16 -l16
[0.068s] Invoking command in '/home/ilhan/bumperbot_ws/build/bumperbot_bringup': CMAKE_PREFIX_PATH=/opt/ros/humble /usr/bin/cmake --install /home/ilhan/bumperbot_ws/build/bumperbot_bringup
[0.075s] -- Install configuration: ""
[0.077s] -- Execute custom install script
[0.078s] -- Up-to-date symlink: /home/ilhan/bumperbot_ws/install/bumperbot_bringup/share/bumperbot_bringup/launch/real_robot.launch.py
[0.078s] -- Up-to-date symlink: /home/ilhan/bumperbot_ws/install/bumperbot_bringup/share/bumperbot_bringup/launch/simulated_robot.launch.py
[0.078s] -- Up-to-date symlink: /home/ilhan/bumperbot_ws/install/bumperbot_bringup/share/bumperbot_bringup/worlds/empty_test.world
[0.081s] -- Up-to-date symlink: /home/ilhan/bumperbot_ws/install/bumperbot_bringup/share/bumperbot_bringup/worlds/test_world.sdf
[0.081s] -- Up-to-date symlink: /home/ilhan/bumperbot_ws/install/bumperbot_bringup/share/ament_index/resource_index/package_run_dependencies/bumperbot_bringup
[0.086s] -- Up-to-date symlink: /home/ilhan/bumperbot_ws/install/bumperbot_bringup/share/ament_index/resource_index/parent_prefix_path/bumperbot_bringup
[0.088s] -- Up-to-date symlink: /home/ilhan/bumperbot_ws/install/bumperbot_bringup/share/bumperbot_bringup/environment/ament_prefix_path.sh
[0.088s] -- Up-to-date symlink: /home/ilhan/bumperbot_ws/install/bumperbot_bringup/share/bumperbot_bringup/environment/ament_prefix_path.dsv
[0.088s] -- Up-to-date symlink: /home/ilhan/bumperbot_ws/install/bumperbot_bringup/share/bumperbot_bringup/environment/path.sh
[0.088s] -- Up-to-date symlink: /home/ilhan/bumperbot_ws/install/bumperbot_bringup/share/bumperbot_bringup/environment/path.dsv
[0.088s] -- Up-to-date symlink: /home/ilhan/bumperbot_ws/install/bumperbot_bringup/share/bumperbot_bringup/local_setup.bash
[0.088s] -- Up-to-date symlink: /home/ilhan/bumperbot_ws/install/bumperbot_bringup/share/bumperbot_bringup/local_setup.sh
[0.089s] -- Up-to-date symlink: /home/ilhan/bumperbot_ws/install/bumperbot_bringup/share/bumperbot_bringup/local_setup.zsh
[0.089s] -- Up-to-date symlink: /home/ilhan/bumperbot_ws/install/bumperbot_bringup/share/bumperbot_bringup/local_setup.dsv
[0.089s] -- Symlinking: /home/ilhan/bumperbot_ws/install/bumperbot_bringup/share/bumperbot_bringup/package.dsv
[0.097s] -- Up-to-date symlink: /home/ilhan/bumperbot_ws/install/bumperbot_bringup/share/ament_index/resource_index/packages/bumperbot_bringup
[0.097s] -- Up-to-date symlink: /home/ilhan/bumperbot_ws/install/bumperbot_bringup/share/bumperbot_bringup/cmake/bumperbot_bringupConfig.cmake
[0.102s] -- Up-to-date symlink: /home/ilhan/bumperbot_ws/install/bumperbot_bringup/share/bumperbot_bringup/cmake/bumperbot_bringupConfig-version.cmake
[0.103s] -- Up-to-date symlink: /home/ilhan/bumperbot_ws/install/bumperbot_bringup/share/bumperbot_bringup/package.xml
[0.103s] Invoked command in '/home/ilhan/bumperbot_ws/build/bumperbot_bringup' returned '0': CMAKE_PREFIX_PATH=/opt/ros/humble /usr/bin/cmake --install /home/ilhan/bumperbot_ws/build/bumperbot_bringup
